TpTrace Verbose: 0 : 10992, 1, 2024/04/24, 16:28:12.504, 13901077892529, vstest.console.dll, Version: 17.9.0-release-24072-02 Current process architecture: X64
TpTrace Verbose: 0 : 10992, 1, 2024/04/24, 16:28:12.509, 13901077940728, vstest.console.dll, Runtime location: C:\Program Files\dotnet\shared\Microsoft.NETCore.App\8.0.3
TpTrace Verbose: 0 : 10992, 1, 2024/04/24, 16:28:12.512, 13901077976230, vstest.console.dll, ArtifactProcessingPostProcessModeProcessorExecutor.Initialize: ArtifactProcessingMode.Collect
TpTrace Verbose: 0 : 10992, 1, 2024/04/24, 16:28:12.513, 13901077978919, vstest.console.dll, TestSessionCorrelationIdProcessorModeProcessorExecutor.Initialize: TestSessionCorrelationId '15968_e83a6220-edbb-4a66-9258-6601a0584c1d'
TpTrace Information: 0 : 10992, 1, 2024/04/24, 16:28:12.546, 13901078312855, vstest.console.dll, FilePatternParser: The given file C:\Users\VC\Desktop\training\day11\ShoppingSolution\ShoppingTest\bin\Debug\net8.0\fine-code-coverage\build-output\ShoppingTest.dll is a full path.
TpTrace Verbose: 0 : 10992, 1, 2024/04/24, 16:28:12.553, 13901078387323, vstest.console.dll, TestPluginCache.DiscoverTestExtensions: finding test extensions in assemblies ends with: RuntimeProvider.dll TPluginInfo: Microsoft.VisualStudio.TestPlatform.Common.ExtensionFramework.Utilities.TestRuntimePluginInformation TExtension: Microsoft.VisualStudio.TestPlatform.ObjectModel.Host.ITestRuntimeProvider
TpTrace Verbose: 0 : 10992, 1, 2024/04/24, 16:28:12.554, 13901078392963, vstest.console.dll, TestPluginCache.GetExtensionPaths: Filtered extension paths: 
TpTrace Verbose: 0 : 10992, 1, 2024/04/24, 16:28:12.554, 13901078394552, vstest.console.dll, TestPluginCache.GetExtensionPaths: Added default extension paths: C:\Program Files\dotnet\sdk\8.0.202\Extensions\Microsoft.Diagnostics.NETCore.Client.dll
C:\Program Files\dotnet\sdk\8.0.202\Extensions\Microsoft.TestPlatform.Extensions.BlameDataCollector.dll
C:\Program Files\dotnet\sdk\8.0.202\Extensions\Microsoft.TestPlatform.Extensions.EventLogCollector.dll
C:\Program Files\dotnet\sdk\8.0.202\Extensions\Microsoft.TestPlatform.TestHostRuntimeProvider.dll
C:\Program Files\dotnet\sdk\8.0.202\Extensions\Microsoft.VisualStudio.TestPlatform.Extensions.Html.TestLogger.dll
C:\Program Files\dotnet\sdk\8.0.202\Extensions\Microsoft.VisualStudio.TestPlatform.Extensions.Trx.TestLogger.dll
TpTrace Verbose: 0 : 10992, 1, 2024/04/24, 16:28:12.554, 13901078395108, vstest.console.dll, TestPluginCache.GetExtensionPaths: Added unfilterableExtensionPaths: 
TpTrace Information: 0 : 10992, 1, 2024/04/24, 16:28:12.555, 13901078402259, vstest.console.dll, AssemblyResolver.ctor: Creating AssemblyResolver with searchDirectories C:\Program Files\dotnet\sdk\8.0.202\Extensions,C:\Program Files\dotnet\sdk\8.0.202
TpTrace Verbose: 0 : 10992, 1, 2024/04/24, 16:28:12.557, 13901078425819, vstest.console.dll, TestPluginCache.DiscoverTestExtensions: Discovering the extensions using extension path.
TpTrace Verbose: 0 : 10992, 1, 2024/04/24, 16:28:12.558, 13901078428634, vstest.console.dll, TestPluginCache.GetExtensionPaths: Filtered extension paths: 
TpTrace Verbose: 0 : 10992, 1, 2024/04/24, 16:28:12.558, 13901078429503, vstest.console.dll, TestPluginCache.GetExtensionPaths: Added default extension paths: C:\Program Files\dotnet\sdk\8.0.202\Extensions\Microsoft.Diagnostics.NETCore.Client.dll
C:\Program Files\dotnet\sdk\8.0.202\Extensions\Microsoft.TestPlatform.Extensions.BlameDataCollector.dll
C:\Program Files\dotnet\sdk\8.0.202\Extensions\Microsoft.TestPlatform.Extensions.EventLogCollector.dll
C:\Program Files\dotnet\sdk\8.0.202\Extensions\Microsoft.TestPlatform.TestHostRuntimeProvider.dll
C:\Program Files\dotnet\sdk\8.0.202\Extensions\Microsoft.VisualStudio.TestPlatform.Extensions.Html.TestLogger.dll
C:\Program Files\dotnet\sdk\8.0.202\Extensions\Microsoft.VisualStudio.TestPlatform.Extensions.Trx.TestLogger.dll
TpTrace Verbose: 0 : 10992, 1, 2024/04/24, 16:28:12.558, 13901078429997, vstest.console.dll, TestPluginCache.GetExtensionPaths: Added unfilterableExtensionPaths: 
TpTrace Verbose: 0 : 10992, 1, 2024/04/24, 16:28:12.558, 13901078431003, vstest.console.dll, TestPluginCache.DiscoverTestExtensions: Discovering the extensions using allExtensionPaths: C:\Program Files\dotnet\sdk\8.0.202\Extensions\Microsoft.Diagnostics.NETCore.Client.dll
C:\Program Files\dotnet\sdk\8.0.202\Extensions\Microsoft.TestPlatform.Extensions.BlameDataCollector.dll
C:\Program Files\dotnet\sdk\8.0.202\Extensions\Microsoft.TestPlatform.Extensions.EventLogCollector.dll
C:\Program Files\dotnet\sdk\8.0.202\Extensions\Microsoft.TestPlatform.TestHostRuntimeProvider.dll
C:\Program Files\dotnet\sdk\8.0.202\Extensions\Microsoft.VisualStudio.TestPlatform.Extensions.Html.TestLogger.dll
C:\Program Files\dotnet\sdk\8.0.202\Extensions\Microsoft.VisualStudio.TestPlatform.Extensions.Trx.TestLogger.dll
TpTrace Information: 0 : 10992, 1, 2024/04/24, 16:28:12.558, 13901078433247, vstest.console.dll, AssemblyResolver.AddSearchDirectories: Adding more searchDirectories C:\Program Files\dotnet\sdk\8.0.202\Extensions,C:\Program Files\dotnet\sdk\8.0.202
TpTrace Information: 0 : 10992, 1, 2024/04/24, 16:28:12.558, 13901078433892, vstest.console.dll, AssemblyResolver.AddSearchDirectories: Adding more searchDirectories C:\Program Files\dotnet\sdk\8.0.202\Extensions,C:\Program Files\dotnet\sdk\8.0.202
TpTrace Information: 0 : 10992, 1, 2024/04/24, 16:28:12.558, 13901078434345, vstest.console.dll, AssemblyResolver.AddSearchDirectories: Adding more searchDirectories C:\Program Files\dotnet\sdk\8.0.202\Extensions,C:\Program Files\dotnet\sdk\8.0.202
TpTrace Information: 0 : 10992, 1, 2024/04/24, 16:28:12.558, 13901078434650, vstest.console.dll, AssemblyResolver.AddSearchDirectories: Adding more searchDirectories C:\Program Files\dotnet\sdk\8.0.202\Extensions,C:\Program Files\dotnet\sdk\8.0.202
TpTrace Information: 0 : 10992, 1, 2024/04/24, 16:28:12.558, 13901078434934, vstest.console.dll, AssemblyResolver.AddSearchDirectories: Adding more searchDirectories C:\Program Files\dotnet\sdk\8.0.202\Extensions,C:\Program Files\dotnet\sdk\8.0.202
TpTrace Information: 0 : 10992, 1, 2024/04/24, 16:28:12.558, 13901078435220, vstest.console.dll, AssemblyResolver.AddSearchDirectories: Adding more searchDirectories C:\Program Files\dotnet\sdk\8.0.202\Extensions,C:\Program Files\dotnet\sdk\8.0.202
TpTrace Information: 0 : 10992, 1, 2024/04/24, 16:28:12.559, 13901078442861, vstest.console.dll, AssemblyResolver.OnResolve: Microsoft.Diagnostics.NETCore.Client: Resolving assembly.
TpTrace Information: 0 : 10992, 1, 2024/04/24, 16:28:12.559, 13901078444197, vstest.console.dll, AssemblyResolver.OnResolve: Microsoft.Diagnostics.NETCore.Client: Searching in: 'C:\Program Files\dotnet\sdk\8.0.202\Extensions'.
TpTrace Information: 0 : 10992, 1, 2024/04/24, 16:28:12.573, 13901078580477, vstest.console.dll, AssemblyResolver.OnResolve: Microsoft.Diagnostics.NETCore.Client: Loading assembly 'C:\Program Files\dotnet\sdk\8.0.202\Extensions\Microsoft.Diagnostics.NETCore.Client.dll'.
TpTrace Information: 0 : 10992, 1, 2024/04/24, 16:28:12.574, 13901078593329, vstest.console.dll, AssemblyResolver.OnResolve: Resolved assembly: Microsoft.Diagnostics.NETCore.Client, from path: C:\Program Files\dotnet\sdk\8.0.202\Extensions\Microsoft.Diagnostics.NETCore.Client.dll
TpTrace Verbose: 0 : 10992, 1, 2024/04/24, 16:28:12.582, 13901078671516, vstest.console.dll, MetadataReaderExtensionsHelper: Discovering extensions inside assembly 'Microsoft.Diagnostics.NETCore.Client, Version=0.2.9.2401, Culture=neutral, PublicKeyToken=31bf3856ad364e35' file path 'C:\Program Files\dotnet\sdk\8.0.202\Extensions\Microsoft.Diagnostics.NETCore.Client.dll'
TpTrace Information: 0 : 10992, 1, 2024/04/24, 16:28:12.588, 13901078735660, vstest.console.dll, AssemblyResolver.OnResolve: Microsoft.Bcl.AsyncInterfaces: Resolving assembly.
TpTrace Information: 0 : 10992, 1, 2024/04/24, 16:28:12.588, 13901078737094, vstest.console.dll, AssemblyResolver.OnResolve: Microsoft.Bcl.AsyncInterfaces: Searching in: 'C:\Program Files\dotnet\sdk\8.0.202\Extensions'.
TpTrace Information: 0 : 10992, 1, 2024/04/24, 16:28:12.589, 13901078738224, vstest.console.dll, AssemblyResolver.OnResolve: Microsoft.Bcl.AsyncInterfaces: Assembly path does not exist: 'C:\Program Files\dotnet\sdk\8.0.202\Extensions\Microsoft.Bcl.AsyncInterfaces.dll', returning.
TpTrace Information: 0 : 10992, 1, 2024/04/24, 16:28:12.589, 13901078740208, vstest.console.dll, AssemblyResolver.OnResolve: Microsoft.Bcl.AsyncInterfaces: Assembly path does not exist: 'C:\Program Files\dotnet\sdk\8.0.202\Extensions\Microsoft.Bcl.AsyncInterfaces.exe', returning.
TpTrace Information: 0 : 10992, 1, 2024/04/24, 16:28:12.589, 13901078740778, vstest.console.dll, AssemblyResolver.OnResolve: Microsoft.Bcl.AsyncInterfaces: Searching in: 'C:\Program Files\dotnet\sdk\8.0.202'.
TpTrace Information: 0 : 10992, 1, 2024/04/24, 16:28:12.589, 13901078741363, vstest.console.dll, AssemblyResolver.OnResolve: Microsoft.Bcl.AsyncInterfaces: Assembly path does not exist: 'C:\Program Files\dotnet\sdk\8.0.202\Microsoft.Bcl.AsyncInterfaces.dll', returning.
TpTrace Information: 0 : 10992, 1, 2024/04/24, 16:28:12.589, 13901078742104, vstest.console.dll, AssemblyResolver.OnResolve: Microsoft.Bcl.AsyncInterfaces: Assembly path does not exist: 'C:\Program Files\dotnet\sdk\8.0.202\Microsoft.Bcl.AsyncInterfaces.exe', returning.
TpTrace Information: 0 : 10992, 1, 2024/04/24, 16:28:12.589, 13901078742486, vstest.console.dll, AssemblyResolver.OnResolve: Microsoft.Bcl.AsyncInterfaces: Failed to load assembly.
TpTrace Verbose: 0 : 10992, 1, 2024/04/24, 16:28:12.589, 13901078743013, vstest.console.dll, CurrentDomainAssemblyResolve: Resolving assembly 'Microsoft.Bcl.AsyncInterfaces'.
TpTrace Information: 0 : 10992, 1, 2024/04/24, 16:28:12.589, 13901078744117, vstest.console.dll, AssemblyResolver.OnResolve: Microsoft.Bcl.AsyncInterfaces: Resolving assembly.
TpTrace Information: 0 : 10992, 1, 2024/04/24, 16:28:12.589, 13901078744725, vstest.console.dll, AssemblyResolver.OnResolve: Microsoft.Bcl.AsyncInterfaces: Resolved from cache.
TpTrace Verbose: 0 : 10992, 1, 2024/04/24, 16:28:12.589, 13901078745129, vstest.console.dll, CurrentDomainAssemblyResolve: Resolving assembly 'Microsoft.Bcl.AsyncInterfaces'.
TpTrace Verbose: 0 : 10992, 1, 2024/04/24, 16:28:12.589, 13901078745621, vstest.console.dll, CurrentDomainAssemblyResolve: Failed to resolve assembly 'Microsoft.Bcl.AsyncInterfaces'.
TpTrace Verbose: 0 : 10992, 1, 2024/04/24, 16:28:12.591, 13901078758415, vstest.console.dll, CurrentDomainAssemblyResolve: Failed to resolve assembly 'Microsoft.Bcl.AsyncInterfaces'.
TpTrace Warning: 0 : 10992, 1, 2024/04/24, 16:28:12.606, 13901078910398, vstest.console.dll, TestPluginDiscoverer: Failed to get types from assembly 'Microsoft.Diagnostics.NETCore.Client, Version=0.2.9.2401, Culture=neutral, PublicKeyToken=31bf3856ad364e35'. Error: System.Reflection.ReflectionTypeLoadException: Unable to load one or more of the requested types.
Could not load file or assembly 'Microsoft.Bcl.AsyncInterfaces, Version=6.0.0.0, Culture=neutral, PublicKeyToken=cc7b13ffcd2ddd51'. The system cannot find the file specified.
   at System.Reflection.RuntimeModule.GetTypes(RuntimeModule module)
   at System.Reflection.RuntimeModule.GetTypes()
   at Microsoft.VisualStudio.TestPlatform.Common.ExtensionFramework.TestPluginDiscoverer.GetTestExtensionsFromAssembly[TPluginInfo,TExtension](Assembly assembly, Dictionary`2 pluginInfos, String filePath) in /_/src/Microsoft.TestPlatform.Common/ExtensionFramework/TestPluginDiscoverer.cs:line 158
System.IO.FileNotFoundException: Could not load file or assembly 'Microsoft.Bcl.AsyncInterfaces, Version=6.0.0.0, Culture=neutral, PublicKeyToken=cc7b13ffcd2ddd51'. The system cannot find the file specified.
File name: 'Microsoft.Bcl.AsyncInterfaces, Version=6.0.0.0, Culture=neutral, PublicKeyToken=cc7b13ffcd2ddd51'
 ---> System.IO.FileNotFoundException: Could not load file or assembly 'Microsoft.Bcl.AsyncInterfaces, Culture=neutral, PublicKeyToken=null'. The system cannot find the file specified.
File name: 'Microsoft.Bcl.AsyncInterfaces, Culture=neutral, PublicKeyToken=null'
   at System.Reflection.RuntimeAssembly.InternalLoad(AssemblyName assemblyName, StackCrawlMark& stackMark, AssemblyLoadContext assemblyLoadContext, RuntimeAssembly requestingAssembly, Boolean throwOnFileNotFound)
   at System.Reflection.Assembly.Load(AssemblyName assemblyRef)
   at Microsoft.VisualStudio.TestPlatform.Common.ExtensionFramework.TestPluginCache.CurrentDomainAssemblyResolve(Object sender, AssemblyResolveEventArgs args) in /_/src/Microsoft.TestPlatform.Common/ExtensionFramework/TestPluginCache.cs:line 513
   at System.Runtime.Loader.AssemblyLoadContext.GetFirstResolvedAssemblyFromResolvingEvent(AssemblyName assemblyName)
   at System.Runtime.Loader.AssemblyLoadContext.ResolveUsingEvent(AssemblyName assemblyName)
   at System.Runtime.Loader.AssemblyLoadContext.ResolveUsingResolvingEvent(IntPtr gchManagedAssemblyLoadContext, AssemblyName assemblyName)
TpTrace Warning: 0 : 10992, 1, 2024/04/24, 16:28:12.606, 13901078916618, vstest.console.dll, LoaderExceptions: System.IO.FileNotFoundException: Could not load file or assembly 'Microsoft.Bcl.AsyncInterfaces, Version=6.0.0.0, Culture=neutral, PublicKeyToken=cc7b13ffcd2ddd51'. The system cannot find the file specified.
File name: 'Microsoft.Bcl.AsyncInterfaces, Version=6.0.0.0, Culture=neutral, PublicKeyToken=cc7b13ffcd2ddd51'
 ---> System.IO.FileNotFoundException: Could not load file or assembly 'Microsoft.Bcl.AsyncInterfaces, Culture=neutral, PublicKeyToken=null'. The system cannot find the file specified.
File name: 'Microsoft.Bcl.AsyncInterfaces, Culture=neutral, PublicKeyToken=null'
   at System.Reflection.RuntimeAssembly.InternalLoad(AssemblyName assemblyName, StackCrawlMark& stackMark, AssemblyLoadContext assemblyLoadContext, RuntimeAssembly requestingAssembly, Boolean throwOnFileNotFound)
   at System.Reflection.Assembly.Load(AssemblyName assemblyRef)
   at Microsoft.VisualStudio.TestPlatform.Common.ExtensionFramework.TestPluginCache.CurrentDomainAssemblyResolve(Object sender, AssemblyResolveEventArgs args) in /_/src/Microsoft.TestPlatform.Common/ExtensionFramework/TestPluginCache.cs:line 513
   at System.Runtime.Loader.AssemblyLoadContext.GetFirstResolvedAssemblyFromResolvingEvent(AssemblyName assemblyName)
   at System.Runtime.Loader.AssemblyLoadContext.ResolveUsingEvent(AssemblyName assemblyName)
   at System.Runtime.Loader.AssemblyLoadContext.ResolveUsingResolvingEvent(IntPtr gchManagedAssemblyLoadContext, AssemblyName assemblyName)
TpTrace Information: 0 : 10992, 1, 2024/04/24, 16:28:12.607, 13901078919115, vstest.console.dll, AssemblyResolver.OnResolve: Microsoft.TestPlatform.Extensions.BlameDataCollector: Resolving assembly.
TpTrace Information: 0 : 10992, 1, 2024/04/24, 16:28:12.607, 13901078919786, vstest.console.dll, AssemblyResolver.OnResolve: Microsoft.TestPlatform.Extensions.BlameDataCollector: Searching in: 'C:\Program Files\dotnet\sdk\8.0.202\Extensions'.
TpTrace Information: 0 : 10992, 1, 2024/04/24, 16:28:12.607, 13901078925620, vstest.console.dll, AssemblyResolver.OnResolve: Microsoft.TestPlatform.Extensions.BlameDataCollector: Loading assembly 'C:\Program Files\dotnet\sdk\8.0.202\Extensions\Microsoft.TestPlatform.Extensions.BlameDataCollector.dll'.
TpTrace Information: 0 : 10992, 1, 2024/04/24, 16:28:12.608, 13901078936203, vstest.console.dll, AssemblyResolver.OnResolve: Resolved assembly: Microsoft.TestPlatform.Extensions.BlameDataCollector, from path: C:\Program Files\dotnet\sdk\8.0.202\Extensions\Microsoft.TestPlatform.Extensions.BlameDataCollector.dll
TpTrace Verbose: 0 : 10992, 1, 2024/04/24, 16:28:12.609, 13901078937535, vstest.console.dll, MetadataReaderExtensionsHelper: Discovering extensions inside assembly 'Microsoft.TestPlatform.Extensions.BlameDataCollector, Version=15.0.0.0, Culture=neutral, PublicKeyToken=b03f5f7f11d50a3a' file path 'C:\Program Files\dotnet\sdk\8.0.202\Extensions\Microsoft.TestPlatform.Extensions.BlameDataCollector.dll'
TpTrace Information: 0 : 10992, 1, 2024/04/24, 16:28:12.610, 13901078956598, vstest.console.dll, AssemblyResolver.OnResolve: Microsoft.TestPlatform.Extensions.EventLogCollector: Resolving assembly.
TpTrace Information: 0 : 10992, 1, 2024/04/24, 16:28:12.611, 13901078957607, vstest.console.dll, AssemblyResolver.OnResolve: Microsoft.TestPlatform.Extensions.EventLogCollector: Searching in: 'C:\Program Files\dotnet\sdk\8.0.202\Extensions'.
TpTrace Information: 0 : 10992, 1, 2024/04/24, 16:28:12.611, 13901078963203, vstest.console.dll, AssemblyResolver.OnResolve: Microsoft.TestPlatform.Extensions.EventLogCollector: Loading assembly 'C:\Program Files\dotnet\sdk\8.0.202\Extensions\Microsoft.TestPlatform.Extensions.EventLogCollector.dll'.
TpTrace Information: 0 : 10992, 1, 2024/04/24, 16:28:12.612, 13901078972716, vstest.console.dll, AssemblyResolver.OnResolve: Resolved assembly: Microsoft.TestPlatform.Extensions.EventLogCollector, from path: C:\Program Files\dotnet\sdk\8.0.202\Extensions\Microsoft.TestPlatform.Extensions.EventLogCollector.dll
TpTrace Verbose: 0 : 10992, 1, 2024/04/24, 16:28:12.612, 13901078973938, vstest.console.dll, MetadataReaderExtensionsHelper: Discovering extensions inside assembly 'Microsoft.TestPlatform.Extensions.EventLogCollector, Version=15.0.0.0, Culture=neutral, PublicKeyToken=b03f5f7f11d50a3a' file path 'C:\Program Files\dotnet\sdk\8.0.202\Extensions\Microsoft.TestPlatform.Extensions.EventLogCollector.dll'
TpTrace Information: 0 : 10992, 1, 2024/04/24, 16:28:12.615, 13901079003158, vstest.console.dll, AssemblyResolver.OnResolve: Microsoft.TestPlatform.TestHostRuntimeProvider: Resolving assembly.
TpTrace Information: 0 : 10992, 1, 2024/04/24, 16:28:12.615, 13901079004378, vstest.console.dll, AssemblyResolver.OnResolve: Microsoft.TestPlatform.TestHostRuntimeProvider: Searching in: 'C:\Program Files\dotnet\sdk\8.0.202\Extensions'.
TpTrace Information: 0 : 10992, 1, 2024/04/24, 16:28:12.616, 13901079008298, vstest.console.dll, AssemblyResolver.OnResolve: Microsoft.TestPlatform.TestHostRuntimeProvider: Loading assembly 'C:\Program Files\dotnet\sdk\8.0.202\Extensions\Microsoft.TestPlatform.TestHostRuntimeProvider.dll'.
TpTrace Information: 0 : 10992, 1, 2024/04/24, 16:28:12.617, 13901079018442, vstest.console.dll, AssemblyResolver.OnResolve: Resolved assembly: Microsoft.TestPlatform.TestHostRuntimeProvider, from path: C:\Program Files\dotnet\sdk\8.0.202\Extensions\Microsoft.TestPlatform.TestHostRuntimeProvider.dll
TpTrace Verbose: 0 : 10992, 1, 2024/04/24, 16:28:12.617, 13901079019383, vstest.console.dll, MetadataReaderExtensionsHelper: Discovering extensions inside assembly 'Microsoft.TestPlatform.TestHostRuntimeProvider, Version=15.0.0.0, Culture=neutral, PublicKeyToken=b03f5f7f11d50a3a' file path 'C:\Program Files\dotnet\sdk\8.0.202\Extensions\Microsoft.TestPlatform.TestHostRuntimeProvider.dll'
TpTrace Information: 0 : 10992, 1, 2024/04/24, 16:28:12.619, 13901079038709, vstest.console.dll, GetTestExtensionFromType: Register extension with identifier data 'HostProvider://DefaultTestHost' and type 'Microsoft.VisualStudio.TestPlatform.CrossPlatEngine.Hosting.DefaultTestHostManager, Microsoft.TestPlatform.TestHostRuntimeProvider, Version=15.0.0.0, Culture=neutral, PublicKeyToken=b03f5f7f11d50a3a' inside file 'C:\Program Files\dotnet\sdk\8.0.202\Extensions\Microsoft.TestPlatform.TestHostRuntimeProvider.dll'
TpTrace Information: 0 : 10992, 1, 2024/04/24, 16:28:12.619, 13901079041765, vstest.console.dll, GetTestExtensionFromType: Register extension with identifier data 'HostProvider://DotnetTestHost' and type 'Microsoft.VisualStudio.TestPlatform.CrossPlatEngine.Hosting.DotnetTestHostManager, Microsoft.TestPlatform.TestHostRuntimeProvider, Version=15.0.0.0, Culture=neutral, PublicKeyToken=b03f5f7f11d50a3a' inside file 'C:\Program Files\dotnet\sdk\8.0.202\Extensions\Microsoft.TestPlatform.TestHostRuntimeProvider.dll'
TpTrace Information: 0 : 10992, 1, 2024/04/24, 16:28:12.619, 13901079042961, vstest.console.dll, AssemblyResolver.OnResolve: Microsoft.VisualStudio.TestPlatform.Extensions.Html.TestLogger: Resolving assembly.
TpTrace Information: 0 : 10992, 1, 2024/04/24, 16:28:12.619, 13901079043388, vstest.console.dll, AssemblyResolver.OnResolve: Microsoft.VisualStudio.TestPlatform.Extensions.Html.TestLogger: Searching in: 'C:\Program Files\dotnet\sdk\8.0.202\Extensions'.
TpTrace Information: 0 : 10992, 1, 2024/04/24, 16:28:12.619, 13901079046752, vstest.console.dll, AssemblyResolver.OnResolve: Microsoft.VisualStudio.TestPlatform.Extensions.Html.TestLogger: Loading assembly 'C:\Program Files\dotnet\sdk\8.0.202\Extensions\Microsoft.VisualStudio.TestPlatform.Extensions.Html.TestLogger.dll'.
TpTrace Information: 0 : 10992, 1, 2024/04/24, 16:28:12.620, 13901079052549, vstest.console.dll, AssemblyResolver.OnResolve: Resolved assembly: Microsoft.VisualStudio.TestPlatform.Extensions.Html.TestLogger, from path: C:\Program Files\dotnet\sdk\8.0.202\Extensions\Microsoft.VisualStudio.TestPlatform.Extensions.Html.TestLogger.dll
TpTrace Verbose: 0 : 10992, 1, 2024/04/24, 16:28:12.620, 13901079053422, vstest.console.dll, MetadataReaderExtensionsHelper: Discovering extensions inside assembly 'Microsoft.VisualStudio.TestPlatform.Extensions.Html.TestLogger, Version=15.0.0.0, Culture=neutral, PublicKeyToken=b03f5f7f11d50a3a' file path 'C:\Program Files\dotnet\sdk\8.0.202\Extensions\Microsoft.VisualStudio.TestPlatform.Extensions.Html.TestLogger.dll'
TpTrace Information: 0 : 10992, 1, 2024/04/24, 16:28:12.621, 13901079060509, vstest.console.dll, AssemblyResolver.OnResolve: Microsoft.VisualStudio.TestPlatform.Extensions.Trx.TestLogger: Resolving assembly.
TpTrace Information: 0 : 10992, 1, 2024/04/24, 16:28:12.621, 13901079061274, vstest.console.dll, AssemblyResolver.OnResolve: Microsoft.VisualStudio.TestPlatform.Extensions.Trx.TestLogger: Searching in: 'C:\Program Files\dotnet\sdk\8.0.202\Extensions'.
TpTrace Information: 0 : 10992, 1, 2024/04/24, 16:28:12.621, 13901079064316, vstest.console.dll, AssemblyResolver.OnResolve: Microsoft.VisualStudio.TestPlatform.Extensions.Trx.TestLogger: Loading assembly 'C:\Program Files\dotnet\sdk\8.0.202\Extensions\Microsoft.VisualStudio.TestPlatform.Extensions.Trx.TestLogger.dll'.
TpTrace Information: 0 : 10992, 1, 2024/04/24, 16:28:12.622, 13901079075122, vstest.console.dll, AssemblyResolver.OnResolve: Resolved assembly: Microsoft.VisualStudio.TestPlatform.Extensions.Trx.TestLogger, from path: C:\Program Files\dotnet\sdk\8.0.202\Extensions\Microsoft.VisualStudio.TestPlatform.Extensions.Trx.TestLogger.dll
TpTrace Verbose: 0 : 10992, 1, 2024/04/24, 16:28:12.622, 13901079077123, vstest.console.dll, MetadataReaderExtensionsHelper: Discovering extensions inside assembly 'Microsoft.VisualStudio.TestPlatform.Extensions.Trx.TestLogger, Version=15.0.0.0, Culture=neutral, PublicKeyToken=b03f5f7f11d50a3a' file path 'C:\Program Files\dotnet\sdk\8.0.202\Extensions\Microsoft.VisualStudio.TestPlatform.Extensions.Trx.TestLogger.dll'
TpTrace Verbose: 0 : 10992, 1, 2024/04/24, 16:28:12.624, 13901079093585, vstest.console.dll, TestPluginCache: Discovered the extensions using extension path ''.
TpTrace Verbose: 0 : 10992, 1, 2024/04/24, 16:28:12.624, 13901079095291, vstest.console.dll, TestPluginCache: Discoverers are ''.
TpTrace Verbose: 0 : 10992, 1, 2024/04/24, 16:28:12.624, 13901079095813, vstest.console.dll, TestPluginCache: Executors are ''.
TpTrace Verbose: 0 : 10992, 1, 2024/04/24, 16:28:12.624, 13901079096240, vstest.console.dll, TestPluginCache: Executors2 are ''.
TpTrace Verbose: 0 : 10992, 1, 2024/04/24, 16:28:12.624, 13901079096797, vstest.console.dll, TestPluginCache: Setting providers are ''.
TpTrace Verbose: 0 : 10992, 1, 2024/04/24, 16:28:12.624, 13901079097176, vstest.console.dll, TestPluginCache: Loggers are ''.
TpTrace Verbose: 0 : 10992, 1, 2024/04/24, 16:28:12.625, 13901079100265, vstest.console.dll, TestPluginCache: TestHosts are 'HostProvider://DefaultTestHost,HostProvider://DotnetTestHost'.
TpTrace Verbose: 0 : 10992, 1, 2024/04/24, 16:28:12.625, 13901079100839, vstest.console.dll, TestPluginCache: DataCollectors are ''.
TpTrace Information: 0 : 10992, 1, 2024/04/24, 16:28:12.641, 13901079257368, vstest.console.dll, RunTestsArgumentProcessor:Execute: Test run is starting.
TpTrace Verbose: 0 : 10992, 1, 2024/04/24, 16:28:12.641, 13901079258640, vstest.console.dll, RunTestsArgumentProcessor:Execute: Queuing Test run.
TpTrace Information: 0 : 10992, 1, 2024/04/24, 16:28:12.641, 13901079262278, vstest.console.dll, TestRequestManager.RunTests: run tests started.
TpTrace Information: 0 : 10992, 1, 2024/04/24, 16:28:12.643, 13901079280101, vstest.console.dll, AssemblyMetadataProvider.GetFrameworkName: Determined framework:'.NETCoreApp,Version=v8.0' for source: 'C:\Users\VC\Desktop\training\day11\ShoppingSolution\ShoppingTest\bin\Debug\net8.0\fine-code-coverage\build-output\ShoppingTest.dll'
TpTrace Information: 0 : 10992, 1, 2024/04/24, 16:28:12.643, 13901079282138, vstest.console.dll, Determined framework for all sources: .NETCoreApp,Version=v8.0
TpTrace Verbose: 0 : 10992, 1, 2024/04/24, 16:28:12.643, 13901079285768, vstest.console.dll, TestRequestManager.UpdateRunSettingsIfRequired: Default architecture: X64 IsDefaultTargetArchitecture: True, Current process architecture: X64 OperatingSystem: Windows.
TpTrace Information: 0 : 10992, 1, 2024/04/24, 16:28:12.646, 13901079312467, vstest.console.dll, AssemblyMetadataProvider.GetArchitecture: Determined architecture:AnyCPU info for assembly: C:\Users\VC\Desktop\training\day11\ShoppingSolution\ShoppingTest\bin\Debug\net8.0\fine-code-coverage\build-output\ShoppingTest.dll
TpTrace Information: 0 : 10992, 1, 2024/04/24, 16:28:12.646, 13901079313531, vstest.console.dll, Determined platform for source 'C:\Users\VC\Desktop\training\day11\ShoppingSolution\ShoppingTest\bin\Debug\net8.0\fine-code-coverage\build-output\ShoppingTest.dll' was AnyCPU and it will use the default plaform X64.
TpTrace Information: 0 : 10992, 1, 2024/04/24, 16:28:12.646, 13901079313839, vstest.console.dll, None of the sources provided any runnable platform, using the default platform: X64
TpTrace Information: 0 : 10992, 1, 2024/04/24, 16:28:12.646, 13901079315003, vstest.console.dll, Platform was updated to 'X64'.
TpTrace Information: 0 : 10992, 1, 2024/04/24, 16:28:12.650, 13901079349538, vstest.console.dll, InferRunSettingsHelper.IsTestSettingsEnabled: Unable to navigate to RunSettings/MSTest. Current node: RunSettings
TpTrace Information: 0 : 10992, 1, 2024/04/24, 16:28:12.650, 13901079357112, vstest.console.dll, AssemblyResolver.OnResolve: Microsoft.VisualStudio.TestPlatform.Fakes: Resolving assembly.
TpTrace Information: 0 : 10992, 1, 2024/04/24, 16:28:12.651, 13901079357980, vstest.console.dll, AssemblyResolver.OnResolve: Microsoft.VisualStudio.TestPlatform.Fakes: Searching in: 'C:\Program Files\dotnet\sdk\8.0.202\Extensions'.
TpTrace Information: 0 : 10992, 1, 2024/04/24, 16:28:12.651, 13901079359139, vstest.console.dll, AssemblyResolver.OnResolve: Microsoft.VisualStudio.TestPlatform.Fakes: Assembly path does not exist: 'C:\Program Files\dotnet\sdk\8.0.202\Extensions\Microsoft.VisualStudio.TestPlatform.Fakes.dll', returning.
TpTrace Information: 0 : 10992, 1, 2024/04/24, 16:28:12.651, 13901079359716, vstest.console.dll, AssemblyResolver.OnResolve: Microsoft.VisualStudio.TestPlatform.Fakes: Assembly path does not exist: 'C:\Program Files\dotnet\sdk\8.0.202\Extensions\Microsoft.VisualStudio.TestPlatform.Fakes.exe', returning.
TpTrace Information: 0 : 10992, 1, 2024/04/24, 16:28:12.651, 13901079360034, vstest.console.dll, AssemblyResolver.OnResolve: Microsoft.VisualStudio.TestPlatform.Fakes: Searching in: 'C:\Program Files\dotnet\sdk\8.0.202'.
TpTrace Information: 0 : 10992, 1, 2024/04/24, 16:28:12.651, 13901079360802, vstest.console.dll, AssemblyResolver.OnResolve: Microsoft.VisualStudio.TestPlatform.Fakes: Assembly path does not exist: 'C:\Program Files\dotnet\sdk\8.0.202\Microsoft.VisualStudio.TestPlatform.Fakes.dll', returning.
TpTrace Information: 0 : 10992, 1, 2024/04/24, 16:28:12.651, 13901079361327, vstest.console.dll, AssemblyResolver.OnResolve: Microsoft.VisualStudio.TestPlatform.Fakes: Assembly path does not exist: 'C:\Program Files\dotnet\sdk\8.0.202\Microsoft.VisualStudio.TestPlatform.Fakes.exe', returning.
TpTrace Information: 0 : 10992, 1, 2024/04/24, 16:28:12.651, 13901079361630, vstest.console.dll, AssemblyResolver.OnResolve: Microsoft.VisualStudio.TestPlatform.Fakes: Failed to load assembly.
TpTrace Information: 0 : 10992, 1, 2024/04/24, 16:28:12.651, 13901079365640, vstest.console.dll, Failed to load assembly Microsoft.VisualStudio.TestPlatform.Fakes, Version=17.0.0.0, Culture=neutral. Reason:System.IO.FileNotFoundException: Could not load file or assembly 'Microsoft.VisualStudio.TestPlatform.Fakes, Version=17.0.0.0, Culture=neutral, PublicKeyToken=null'. The system cannot find the file specified.
File name: 'Microsoft.VisualStudio.TestPlatform.Fakes, Version=17.0.0.0, Culture=neutral, PublicKeyToken=null'
   at System.Reflection.RuntimeAssembly.InternalLoad(AssemblyName assemblyName, StackCrawlMark& stackMark, AssemblyLoadContext assemblyLoadContext, RuntimeAssembly requestingAssembly, Boolean throwOnFileNotFound)
   at System.Reflection.Assembly.Load(AssemblyName assemblyRef)
   at Microsoft.VisualStudio.TestPlatform.Common.Utilities.FakesUtilities.LoadTestPlatformAssembly() in /_/src/Microsoft.TestPlatform.Common/Utilities/FakesUtilities.cs:line 272
TpTrace Verbose: 0 : 10992, 1, 2024/04/24, 16:28:12.656, 13901079409189, vstest.console.dll, TestPluginCache.DiscoverTestExtensions: finding test extensions in assemblies ends with: TestLogger.dll TPluginInfo: Microsoft.VisualStudio.TestPlatform.Common.ExtensionFramework.Utilities.TestLoggerPluginInformation TExtension: Microsoft.VisualStudio.TestPlatform.ObjectModel.Client.ITestLogger
TpTrace Verbose: 0 : 10992, 1, 2024/04/24, 16:28:12.656, 13901079411609, vstest.console.dll, TestPluginCache.GetExtensionPaths: Filtered extension paths: 
TpTrace Verbose: 0 : 10992, 1, 2024/04/24, 16:28:12.656, 13901079412173, vstest.console.dll, TestPluginCache.GetExtensionPaths: Added default extension paths: C:\Program Files\dotnet\sdk\8.0.202\Extensions\Microsoft.Diagnostics.NETCore.Client.dll
C:\Program Files\dotnet\sdk\8.0.202\Extensions\Microsoft.TestPlatform.Extensions.BlameDataCollector.dll
C:\Program Files\dotnet\sdk\8.0.202\Extensions\Microsoft.TestPlatform.Extensions.EventLogCollector.dll
C:\Program Files\dotnet\sdk\8.0.202\Extensions\Microsoft.TestPlatform.TestHostRuntimeProvider.dll
C:\Program Files\dotnet\sdk\8.0.202\Extensions\Microsoft.VisualStudio.TestPlatform.Extensions.Html.TestLogger.dll
C:\Program Files\dotnet\sdk\8.0.202\Extensions\Microsoft.VisualStudio.TestPlatform.Extensions.Trx.TestLogger.dll
TpTrace Verbose: 0 : 10992, 1, 2024/04/24, 16:28:12.656, 13901079412666, vstest.console.dll, TestPluginCache.GetExtensionPaths: Added unfilterableExtensionPaths: 
TpTrace Information: 0 : 10992, 1, 2024/04/24, 16:28:12.656, 13901079415022, vstest.console.dll, AssemblyResolver.AddSearchDirectories: Adding more searchDirectories C:\Program Files\dotnet\sdk\8.0.202\Extensions,C:\Program Files\dotnet\sdk\8.0.202
TpTrace Verbose: 0 : 10992, 1, 2024/04/24, 16:28:12.656, 13901079415831, vstest.console.dll, TestPluginCache.DiscoverTestExtensions: Discovering the extensions using extension path.
TpTrace Verbose: 0 : 10992, 1, 2024/04/24, 16:28:12.656, 13901079416468, vstest.console.dll, TestPluginCache.GetExtensionPaths: Filtered extension paths: 
TpTrace Verbose: 0 : 10992, 1, 2024/04/24, 16:28:12.656, 13901079417033, vstest.console.dll, TestPluginCache.GetExtensionPaths: Added default extension paths: C:\Program Files\dotnet\sdk\8.0.202\Extensions\Microsoft.Diagnostics.NETCore.Client.dll
C:\Program Files\dotnet\sdk\8.0.202\Extensions\Microsoft.TestPlatform.Extensions.BlameDataCollector.dll
C:\Program Files\dotnet\sdk\8.0.202\Extensions\Microsoft.TestPlatform.Extensions.EventLogCollector.dll
C:\Program Files\dotnet\sdk\8.0.202\Extensions\Microsoft.TestPlatform.TestHostRuntimeProvider.dll
C:\Program Files\dotnet\sdk\8.0.202\Extensions\Microsoft.VisualStudio.TestPlatform.Extensions.Html.TestLogger.dll
C:\Program Files\dotnet\sdk\8.0.202\Extensions\Microsoft.VisualStudio.TestPlatform.Extensions.Trx.TestLogger.dll
TpTrace Verbose: 0 : 10992, 1, 2024/04/24, 16:28:12.657, 13901079417361, vstest.console.dll, TestPluginCache.GetExtensionPaths: Added unfilterableExtensionPaths: 
TpTrace Verbose: 0 : 10992, 1, 2024/04/24, 16:28:12.657, 13901079417729, vstest.console.dll, TestPluginCache.DiscoverTestExtensions: Discovering the extensions using allExtensionPaths: C:\Program Files\dotnet\sdk\8.0.202\Extensions\Microsoft.Diagnostics.NETCore.Client.dll
C:\Program Files\dotnet\sdk\8.0.202\Extensions\Microsoft.TestPlatform.Extensions.BlameDataCollector.dll
C:\Program Files\dotnet\sdk\8.0.202\Extensions\Microsoft.TestPlatform.Extensions.EventLogCollector.dll
C:\Program Files\dotnet\sdk\8.0.202\Extensions\Microsoft.TestPlatform.TestHostRuntimeProvider.dll
C:\Program Files\dotnet\sdk\8.0.202\Extensions\Microsoft.VisualStudio.TestPlatform.Extensions.Html.TestLogger.dll
C:\Program Files\dotnet\sdk\8.0.202\Extensions\Microsoft.VisualStudio.TestPlatform.Extensions.Trx.TestLogger.dll
TpTrace Information: 0 : 10992, 1, 2024/04/24, 16:28:12.657, 13901079418832, vstest.console.dll, AssemblyResolver.AddSearchDirectories: Adding more searchDirectories C:\Program Files\dotnet\sdk\8.0.202\Extensions,C:\Program Files\dotnet\sdk\8.0.202
TpTrace Information: 0 : 10992, 1, 2024/04/24, 16:28:12.657, 13901079419292, vstest.console.dll, AssemblyResolver.AddSearchDirectories: Adding more searchDirectories C:\Program Files\dotnet\sdk\8.0.202\Extensions,C:\Program Files\dotnet\sdk\8.0.202
TpTrace Information: 0 : 10992, 1, 2024/04/24, 16:28:12.657, 13901079419602, vstest.console.dll, AssemblyResolver.AddSearchDirectories: Adding more searchDirectories C:\Program Files\dotnet\sdk\8.0.202\Extensions,C:\Program Files\dotnet\sdk\8.0.202
TpTrace Information: 0 : 10992, 1, 2024/04/24, 16:28:12.657, 13901079419969, vstest.console.dll, AssemblyResolver.AddSearchDirectories: Adding more searchDirectories C:\Program Files\dotnet\sdk\8.0.202\Extensions,C:\Program Files\dotnet\sdk\8.0.202
TpTrace Information: 0 : 10992, 1, 2024/04/24, 16:28:12.657, 13901079420285, vstest.console.dll, AssemblyResolver.AddSearchDirectories: Adding more searchDirectories C:\Program Files\dotnet\sdk\8.0.202\Extensions,C:\Program Files\dotnet\sdk\8.0.202
TpTrace Information: 0 : 10992, 1, 2024/04/24, 16:28:12.657, 13901079420630, vstest.console.dll, AssemblyResolver.AddSearchDirectories: Adding more searchDirectories C:\Program Files\dotnet\sdk\8.0.202\Extensions,C:\Program Files\dotnet\sdk\8.0.202
TpTrace Verbose: 0 : 10992, 1, 2024/04/24, 16:28:12.657, 13901079421975, vstest.console.dll, MetadataReaderExtensionsHelper: Discovering extensions inside assembly 'Microsoft.Diagnostics.NETCore.Client, Version=0.2.9.2401, Culture=neutral, PublicKeyToken=31bf3856ad364e35' file path 'C:\Program Files\dotnet\sdk\8.0.202\Extensions\Microsoft.Diagnostics.NETCore.Client.dll'
TpTrace Information: 0 : 10992, 1, 2024/04/24, 16:28:12.658, 13901079435063, vstest.console.dll, AssemblyResolver.OnResolve: Microsoft.Bcl.AsyncInterfaces: Resolving assembly.
TpTrace Information: 0 : 10992, 1, 2024/04/24, 16:28:12.658, 13901079436135, vstest.console.dll, AssemblyResolver.OnResolve: Microsoft.Bcl.AsyncInterfaces: Resolved from cache.
TpTrace Verbose: 0 : 10992, 1, 2024/04/24, 16:28:12.658, 13901079436543, vstest.console.dll, CurrentDomainAssemblyResolve: Resolving assembly 'Microsoft.Bcl.AsyncInterfaces'.
TpTrace Information: 0 : 10992, 1, 2024/04/24, 16:28:12.658, 13901079437070, vstest.console.dll, AssemblyResolver.OnResolve: Microsoft.Bcl.AsyncInterfaces: Resolving assembly.
TpTrace Information: 0 : 10992, 1, 2024/04/24, 16:28:12.659, 13901079437401, vstest.console.dll, AssemblyResolver.OnResolve: Microsoft.Bcl.AsyncInterfaces: Resolved from cache.
TpTrace Verbose: 0 : 10992, 1, 2024/04/24, 16:28:12.659, 13901079437693, vstest.console.dll, CurrentDomainAssemblyResolve: Resolving assembly 'Microsoft.Bcl.AsyncInterfaces'.
TpTrace Verbose: 0 : 10992, 1, 2024/04/24, 16:28:12.659, 13901079438000, vstest.console.dll, CurrentDomainAssemblyResolve: Failed to resolve assembly 'Microsoft.Bcl.AsyncInterfaces'.
TpTrace Verbose: 0 : 10992, 1, 2024/04/24, 16:28:12.659, 13901079439520, vstest.console.dll, CurrentDomainAssemblyResolve: Failed to resolve assembly 'Microsoft.Bcl.AsyncInterfaces'.
TpTrace Warning: 0 : 10992, 1, 2024/04/24, 16:28:12.659, 13901079443242, vstest.console.dll, TestPluginDiscoverer: Failed to get types from assembly 'Microsoft.Diagnostics.NETCore.Client, Version=0.2.9.2401, Culture=neutral, PublicKeyToken=31bf3856ad364e35'. Error: System.Reflection.ReflectionTypeLoadException: Unable to load one or more of the requested types.
Could not load file or assembly 'Microsoft.Bcl.AsyncInterfaces, Version=6.0.0.0, Culture=neutral, PublicKeyToken=cc7b13ffcd2ddd51'. The system cannot find the file specified.
   at System.Reflection.RuntimeModule.GetTypes(RuntimeModule module)
   at System.Reflection.RuntimeModule.GetTypes()
   at Microsoft.VisualStudio.TestPlatform.Common.ExtensionFramework.TestPluginDiscoverer.GetTestExtensionsFromAssembly[TPluginInfo,TExtension](Assembly assembly, Dictionary`2 pluginInfos, String filePath) in /_/src/Microsoft.TestPlatform.Common/ExtensionFramework/TestPluginDiscoverer.cs:line 158
System.IO.FileNotFoundException: Could not load file or assembly 'Microsoft.Bcl.AsyncInterfaces, Version=6.0.0.0, Culture=neutral, PublicKeyToken=cc7b13ffcd2ddd51'. The system cannot find the file specified.
File name: 'Microsoft.Bcl.AsyncInterfaces, Version=6.0.0.0, Culture=neutral, PublicKeyToken=cc7b13ffcd2ddd51'
 ---> System.IO.FileNotFoundException: Could not load file or assembly 'Microsoft.Bcl.AsyncInterfaces, Culture=neutral, PublicKeyToken=null'. The system cannot find the file specified.
File name: 'Microsoft.Bcl.AsyncInterfaces, Culture=neutral, PublicKeyToken=null'
   at System.Reflection.RuntimeAssembly.InternalLoad(AssemblyName assemblyName, StackCrawlMark& stackMark, AssemblyLoadContext assemblyLoadContext, RuntimeAssembly requestingAssembly, Boolean throwOnFileNotFound)
   at System.Reflection.Assembly.Load(AssemblyName assemblyRef)
   at Microsoft.VisualStudio.TestPlatform.Common.ExtensionFramework.TestPluginCache.CurrentDomainAssemblyResolve(Object sender, AssemblyResolveEventArgs args) in /_/src/Microsoft.TestPlatform.Common/ExtensionFramework/TestPluginCache.cs:line 513
   at System.Runtime.Loader.AssemblyLoadContext.GetFirstResolvedAssemblyFromResolvingEvent(AssemblyName assemblyName)
   at System.Runtime.Loader.AssemblyLoadContext.ResolveUsingEvent(AssemblyName assemblyName)
   at System.Runtime.Loader.AssemblyLoadContext.ResolveUsingResolvingEvent(IntPtr gchManagedAssemblyLoadContext, AssemblyName assemblyName)
TpTrace Warning: 0 : 10992, 1, 2024/04/24, 16:28:12.659, 13901079445520, vstest.console.dll, LoaderExceptions: System.IO.FileNotFoundException: Could not load file or assembly 'Microsoft.Bcl.AsyncInterfaces, Version=6.0.0.0, Culture=neutral, PublicKeyToken=cc7b13ffcd2ddd51'. The system cannot find the file specified.
File name: 'Microsoft.Bcl.AsyncInterfaces, Version=6.0.0.0, Culture=neutral, PublicKeyToken=cc7b13ffcd2ddd51'
 ---> System.IO.FileNotFoundException: Could not load file or assembly 'Microsoft.Bcl.AsyncInterfaces, Culture=neutral, PublicKeyToken=null'. The system cannot find the file specified.
File name: 'Microsoft.Bcl.AsyncInterfaces, Culture=neutral, PublicKeyToken=null'
   at System.Reflection.RuntimeAssembly.InternalLoad(AssemblyName assemblyName, StackCrawlMark& stackMark, AssemblyLoadContext assemblyLoadContext, RuntimeAssembly requestingAssembly, Boolean throwOnFileNotFound)
   at System.Reflection.Assembly.Load(AssemblyName assemblyRef)
   at Microsoft.VisualStudio.TestPlatform.Common.ExtensionFramework.TestPluginCache.CurrentDomainAssemblyResolve(Object sender, AssemblyResolveEventArgs args) in /_/src/Microsoft.TestPlatform.Common/ExtensionFramework/TestPluginCache.cs:line 513
   at System.Runtime.Loader.AssemblyLoadContext.GetFirstResolvedAssemblyFromResolvingEvent(AssemblyName assemblyName)
   at System.Runtime.Loader.AssemblyLoadContext.ResolveUsingEvent(AssemblyName assemblyName)
   at System.Runtime.Loader.AssemblyLoadContext.ResolveUsingResolvingEvent(IntPtr gchManagedAssemblyLoadContext, AssemblyName assemblyName)
TpTrace Verbose: 0 : 10992, 1, 2024/04/24, 16:28:12.659, 13901079446746, vstest.console.dll, MetadataReaderExtensionsHelper: Discovering extensions inside assembly 'Microsoft.TestPlatform.Extensions.BlameDataCollector, Version=15.0.0.0, Culture=neutral, PublicKeyToken=b03f5f7f11d50a3a' file path 'C:\Program Files\dotnet\sdk\8.0.202\Extensions\Microsoft.TestPlatform.Extensions.BlameDataCollector.dll'
TpTrace Information: 0 : 10992, 1, 2024/04/24, 16:28:12.660, 13901079451848, vstest.console.dll, GetTestExtensionFromType: Register extension with identifier data 'logger://Microsoft/TestPlatform/Extensions/Blame/v1' and type 'Microsoft.TestPlatform.Extensions.BlameDataCollector.BlameLogger, Microsoft.TestPlatform.Extensions.BlameDataCollector, Version=15.0.0.0, Culture=neutral, PublicKeyToken=b03f5f7f11d50a3a' inside file 'C:\Program Files\dotnet\sdk\8.0.202\Extensions\Microsoft.TestPlatform.Extensions.BlameDataCollector.dll'
TpTrace Verbose: 0 : 10992, 1, 2024/04/24, 16:28:12.660, 13901079452592, vstest.console.dll, MetadataReaderExtensionsHelper: Discovering extensions inside assembly 'Microsoft.TestPlatform.Extensions.EventLogCollector, Version=15.0.0.0, Culture=neutral, PublicKeyToken=b03f5f7f11d50a3a' file path 'C:\Program Files\dotnet\sdk\8.0.202\Extensions\Microsoft.TestPlatform.Extensions.EventLogCollector.dll'
TpTrace Verbose: 0 : 10992, 1, 2024/04/24, 16:28:12.660, 13901079455313, vstest.console.dll, MetadataReaderExtensionsHelper: Discovering extensions inside assembly 'Microsoft.TestPlatform.TestHostRuntimeProvider, Version=15.0.0.0, Culture=neutral, PublicKeyToken=b03f5f7f11d50a3a' file path 'C:\Program Files\dotnet\sdk\8.0.202\Extensions\Microsoft.TestPlatform.TestHostRuntimeProvider.dll'
TpTrace Verbose: 0 : 10992, 1, 2024/04/24, 16:28:12.661, 13901079457890, vstest.console.dll, MetadataReaderExtensionsHelper: Discovering extensions inside assembly 'Microsoft.VisualStudio.TestPlatform.Extensions.Html.TestLogger, Version=15.0.0.0, Culture=neutral, PublicKeyToken=b03f5f7f11d50a3a' file path 'C:\Program Files\dotnet\sdk\8.0.202\Extensions\Microsoft.VisualStudio.TestPlatform.Extensions.Html.TestLogger.dll'
TpTrace Information: 0 : 10992, 1, 2024/04/24, 16:28:12.661, 13901079462361, vstest.console.dll, GetTestExtensionFromType: Register extension with identifier data 'logger://Microsoft/TestPlatform/HtmlLogger/v1' and type 'Microsoft.VisualStudio.TestPlatform.Extensions.HtmlLogger.HtmlLogger, Microsoft.VisualStudio.TestPlatform.Extensions.Html.TestLogger, Version=15.0.0.0, Culture=neutral, PublicKeyToken=b03f5f7f11d50a3a' inside file 'C:\Program Files\dotnet\sdk\8.0.202\Extensions\Microsoft.VisualStudio.TestPlatform.Extensions.Html.TestLogger.dll'
TpTrace Verbose: 0 : 10992, 1, 2024/04/24, 16:28:12.661, 13901079462998, vstest.console.dll, MetadataReaderExtensionsHelper: Discovering extensions inside assembly 'Microsoft.VisualStudio.TestPlatform.Extensions.Trx.TestLogger, Version=15.0.0.0, Culture=neutral, PublicKeyToken=b03f5f7f11d50a3a' file path 'C:\Program Files\dotnet\sdk\8.0.202\Extensions\Microsoft.VisualStudio.TestPlatform.Extensions.Trx.TestLogger.dll'
TpTrace Information: 0 : 10992, 1, 2024/04/24, 16:28:12.661, 13901079465858, vstest.console.dll, GetTestExtensionFromType: Register extension with identifier data 'logger://Microsoft/TestPlatform/TrxLogger/v1' and type 'Microsoft.VisualStudio.TestPlatform.Extensions.TrxLogger.TrxLogger, Microsoft.VisualStudio.TestPlatform.Extensions.Trx.TestLogger, Version=15.0.0.0, Culture=neutral, PublicKeyToken=b03f5f7f11d50a3a' inside file 'C:\Program Files\dotnet\sdk\8.0.202\Extensions\Microsoft.VisualStudio.TestPlatform.Extensions.Trx.TestLogger.dll'
TpTrace Verbose: 0 : 10992, 1, 2024/04/24, 16:28:12.661, 13901079466488, vstest.console.dll, TestPluginCache: Discovered the extensions using extension path ''.
TpTrace Verbose: 0 : 10992, 1, 2024/04/24, 16:28:12.661, 13901079466831, vstest.console.dll, TestPluginCache: Discoverers are ''.
TpTrace Verbose: 0 : 10992, 1, 2024/04/24, 16:28:12.661, 13901079467086, vstest.console.dll, TestPluginCache: Executors are ''.
TpTrace Verbose: 0 : 10992, 1, 2024/04/24, 16:28:12.662, 13901079467360, vstest.console.dll, TestPluginCache: Executors2 are ''.
TpTrace Verbose: 0 : 10992, 1, 2024/04/24, 16:28:12.662, 13901079468027, vstest.console.dll, TestPluginCache: Setting providers are ''.
TpTrace Verbose: 0 : 10992, 1, 2024/04/24, 16:28:12.662, 13901079468846, vstest.console.dll, TestPluginCache: Loggers are 'logger://Microsoft/TestPlatform/Extensions/Blame/v1,logger://Microsoft/TestPlatform/HtmlLogger/v1,logger://Microsoft/TestPlatform/TrxLogger/v1'.
TpTrace Verbose: 0 : 10992, 1, 2024/04/24, 16:28:12.662, 13901079469237, vstest.console.dll, TestPluginCache: TestHosts are 'HostProvider://DefaultTestHost,HostProvider://DotnetTestHost'.
TpTrace Verbose: 0 : 10992, 1, 2024/04/24, 16:28:12.662, 13901079469554, vstest.console.dll, TestPluginCache: DataCollectors are ''.
TpTrace Information: 0 : 10992, 1, 2024/04/24, 16:28:12.662, 13901079477253, vstest.console.dll, TestPluginManager.CreateTestExtension: Attempting to load test extension: Microsoft.TestPlatform.Extensions.BlameDataCollector.BlameLogger
TpTrace Verbose: 0 : 10992, 1, 2024/04/24, 16:28:12.670, 13901079552678, vstest.console.dll, TestEngine: Initializing Parallel Execution as MaxCpuCount is set to: 1
TpTrace Information: 0 : 10992, 1, 2024/04/24, 16:28:12.672, 13901079573998, vstest.console.dll, TestPluginManager.CreateTestExtension: Attempting to load test extension: Microsoft.VisualStudio.TestPlatform.CrossPlatEngine.Hosting.DefaultTestHostManager
TpTrace Information: 0 : 10992, 1, 2024/04/24, 16:28:12.674, 13901079589775, vstest.console.dll, TestPluginManager.CreateTestExtension: Attempting to load test extension: Microsoft.VisualStudio.TestPlatform.CrossPlatEngine.Hosting.DotnetTestHostManager
TpTrace Information: 0 : 10992, 1, 2024/04/24, 16:28:12.675, 13901079599468, vstest.console.dll, InferRunSettingsHelper.IsTestSettingsEnabled: Unable to navigate to RunSettings/MSTest. Current node: RunSettings
TpTrace Verbose: 0 : 10992, 1, 2024/04/24, 16:28:12.676, 13901079613669, vstest.console.dll, ParallelOperationManager.ClearSlots: Clearing all slots. Slots should accept more work: True
TpTrace Verbose: 0 : 10992, 1, 2024/04/24, 16:28:12.677, 13901079623359, vstest.console.dll, ParallelOperationManager.SetOccupiedSlotCount: Setting slot counts AvailableSlotCount = 1, OccupiedSlotCount = 0.
TpTrace Verbose: 0 : 10992, 1, 2024/04/24, 16:28:12.678, 13901079627674, vstest.console.dll, Occupied slots:

TpTrace Verbose: 0 : 10992, 1, 2024/04/24, 16:28:12.682, 13901079676558, vstest.console.dll, TestEngine.GetExecutionManager: Chosen execution manager 'Microsoft.VisualStudio.TestPlatform.CrossPlatEngine.Client.Parallel.ParallelProxyExecutionManager, Microsoft.TestPlatform.CrossPlatEngine, Version=15.0.0.0, Culture=neutral, PublicKeyToken=b03f5f7f11d50a3a' ParallelLevel '1'.
TpTrace Verbose: 0 : 10992, 1, 2024/04/24, 16:28:12.683, 13901079678680, vstest.console.dll, TestRunRequest.ExecuteAsync: Creating test run request.
TpTrace Verbose: 0 : 10992, 1, 2024/04/24, 16:28:12.683, 13901079680977, vstest.console.dll, TestRunRequest.ExecuteAsync: Starting.
TpTrace Information: 0 : 10992, 1, 2024/04/24, 16:28:12.684, 13901079694204, vstest.console.dll, TestRunRequest.ExecuteAsync: Starting run with settings:TestRunCriteria:
   KeepAlive=False,FrequencyOfRunStatsChangeEvent=10,RunStatsChangeEventTimeout=00:00:01.5000000,TestCaseFilter=,TestExecutorLauncher=
   Settingsxml=<RunSettings>
  <RunConfiguration>
    <ResultsDirectory>C:\Users\VC\Desktop\training\day11\ShoppingSolution\ShoppingTest\bin\Debug\net8.0\fine-code-coverage\coverage-tool-output</ResultsDirectory>
    <TargetPlatform>X64</TargetPlatform>
    <TargetFrameworkVersion>.NETCoreApp,Version=v8.0</TargetFrameworkVersion>
    <DesignMode>False</DesignMode>
    <CollectSourceInformation>False</CollectSourceInformation>
  </RunConfiguration>
  <LoggerRunSettings>
    <Loggers>
      <Logger friendlyName="blame" enabled="True" />
      <Logger friendlyName="Console" uri="logger://microsoft/TestPlatform/ConsoleLogger/v1" assemblyQualifiedName="Microsoft.VisualStudio.TestPlatform.CommandLine.Internal.ConsoleLogger, vstest.console, Version=15.0.0.0, Culture=neutral, PublicKeyToken=b03f5f7f11d50a3a" codeBase="C:\Program Files\dotnet\sdk\8.0.202\vstest.console.dll" enabled="True" />
    </Loggers>
  </LoggerRunSettings>
  <DataCollectionRunSettings>
    <DataCollectors>
      <DataCollector friendlyName="blame" enabled="True">
        <Configuration>
          <ResultsDirectory>C:\Users\VC\Desktop\training\day11\ShoppingSolution\ShoppingTest\bin\Debug\net8.0\fine-code-coverage\coverage-tool-output</ResultsDirectory>
        </Configuration>
      </DataCollector>
    </DataCollectors>
  </DataCollectionRunSettings>
</RunSettings>

TpTrace Verbose: 0 : 10992, 1, 2024/04/24, 16:28:12.684, 13901079695312, vstest.console.dll, TestRunRequest.ExecuteAsync: Wait for the first run request is over.
TpTrace Verbose: 0 : 10992, 1, 2024/04/24, 16:28:12.685, 13901079700312, vstest.console.dll, MulticastDelegateUtilities.SafeInvoke: TestRun.TestRunStart: Invoking callbacks was skipped because there are no subscribers.
TpTrace Verbose: 0 : 10992, 4, 2024/04/24, 16:28:12.685, 13901079703680, vstest.console.dll, MulticastDelegateUtilities.SafeInvoke: InternalTestLoggerEvents.SendTestRunStart: Invoking callback 1/1 for Microsoft.VisualStudio.TestPlatform.CommandLine.Internal.ConsoleLogger., took 0 ms.
TpTrace Verbose: 0 : 10992, 1, 2024/04/24, 16:28:12.686, 13901079714211, vstest.console.dll, ParallelProxyExecutionManager: Start execution. Total sources: 1
TpTrace Verbose: 0 : 10992, 1, 2024/04/24, 16:28:12.687, 13901079718617, vstest.console.dll, ParallelOperationManager.StartWork: Starting adding 1 workloads.
TpTrace Verbose: 0 : 10992, 1, 2024/04/24, 16:28:12.687, 13901079720057, vstest.console.dll, ParallelOperationManager.ClearSlots: Clearing all slots. Slots should accept more work: True
TpTrace Verbose: 0 : 10992, 1, 2024/04/24, 16:28:12.687, 13901079721599, vstest.console.dll, ParallelOperationManager.SetOccupiedSlotCount: Setting slot counts AvailableSlotCount = 1, OccupiedSlotCount = 0.
TpTrace Verbose: 0 : 10992, 1, 2024/04/24, 16:28:12.687, 13901079722363, vstest.console.dll, Occupied slots:

TpTrace Verbose: 0 : 10992, 1, 2024/04/24, 16:28:12.689, 13901079744963, vstest.console.dll, TestRequestSender is acting as server.
TpTrace Verbose: 0 : 10992, 1, 2024/04/24, 16:28:12.692, 13901079772014, vstest.console.dll, ParallelOperationManager.RunWorkInParallel: Adding 1 workload to slot, remaining workloads 0.
TpTrace Verbose: 0 : 10992, 1, 2024/04/24, 16:28:12.692, 13901079773384, vstest.console.dll, ParallelOperationManager.SetOccupiedSlotCount: Setting slot counts AvailableSlotCount = 0, OccupiedSlotCount = 1.
TpTrace Verbose: 0 : 10992, 1, 2024/04/24, 16:28:12.692, 13901079774687, vstest.console.dll, Occupied slots:
0: C:\Users\VC\Desktop\training\day11\ShoppingSolution\ShoppingTest\bin\Debug\net8.0\fine-code-coverage\build-output\ShoppingTest.dll
TpTrace Verbose: 0 : 10992, 1, 2024/04/24, 16:28:12.694, 13901079793953, vstest.console.dll, ParallelOperationManager.RunWorkInParallel: Started host in slot number 0 for work (source): C:\Users\VC\Desktop\training\day11\ShoppingSolution\ShoppingTest\bin\Debug\net8.0\fine-code-coverage\build-output\ShoppingTest.dll.
TpTrace Verbose: 0 : 10992, 1, 2024/04/24, 16:28:12.695, 13901079807332, vstest.console.dll, ParallelOperationManager.RunWorkInParallel: We started 1 work items, which is the max parallel level. Won't start more work.
TpTrace Verbose: 0 : 10992, 1, 2024/04/24, 16:28:12.696, 13901079808825, vstest.console.dll, ParallelOperationManager.RunWorkInParallel: We started 1 work items in here, returning True.
TpTrace Verbose: 0 : 10992, 5, 2024/04/24, 16:28:12.696, 13901079809212, vstest.console.dll, ParallelProxyExecutionManager.StartTestRunOnConcurrentManager: Initializing uninitialized client. Started clients: 0
TpTrace Information: 0 : 10992, 1, 2024/04/24, 16:28:12.696, 13901079809431, vstest.console.dll, TestRunRequest.ExecuteAsync: Started.
TpTrace Verbose: 0 : 10992, 5, 2024/04/24, 16:28:12.696, 13901079811671, vstest.console.dll, DataCollectionRequestSender.InitializeCommunication : Initialize communication. 
TpTrace Verbose: 0 : 10992, 1, 2024/04/24, 16:28:12.697, 13901079819452, vstest.console.dll, TestRunRequest.WaitForCompletion: Waiting with timeout -1.
TpTrace Information: 0 : 10992, 5, 2024/04/24, 16:28:12.705, 13901079907144, vstest.console.dll, Listening on Endpoint : 127.0.0.1:60442
TpTrace Verbose: 0 : 10992, 5, 2024/04/24, 16:28:12.714, 13901079989199, vstest.console.dll, DotnetDataCollectionLauncher: Adding  --runtimeconfig "C:\Program Files\dotnet\sdk\8.0.202\datacollector.runtimeconfig.json" in args
TpTrace Verbose: 0 : 10992, 5, 2024/04/24, 16:28:12.714, 13901079990816, vstest.console.dll, DotnetDataCollectionLauncher: Adding  --depsfile "C:\Program Files\dotnet\sdk\8.0.202\datacollector.deps.json" in args
TpTrace Verbose: 0 : 10992, 5, 2024/04/24, 16:28:12.715, 13901079998209, vstest.console.dll, DotnetDataCollectionLauncher: Full path of dotnet.exe is C:\Program Files\dotnet\dotnet.exe
TpTrace Information: 0 : 10992, 5, 2024/04/24, 16:28:12.723, 13901080077651, vstest.console.dll, ProxyDataCollectionManager.Initialize: Launched datacollector processId: 11252 port: 60442
TpTrace Information: 0 : 10992, 5, 2024/04/24, 16:28:12.723, 13901080079919, vstest.console.dll, ProxyDataCollectionManager.Initialize: waiting for connection with timeout: 90 seconds
TpTrace Verbose: 0 : 10992, 5, 2024/04/24, 16:28:12.723, 13901080080721, vstest.console.dll, DataCollectionRequestSender.WaitForRequestHandlerConnection : Waiting for connection with timeout: 90000
TpTrace Verbose: 0 : 10992, 5, 2024/04/24, 16:28:13.000, 13901082850188, vstest.console.dll, SocketCommunicationManager.WaitForClientConnection took: 276 ms, with 90000 ms timeout, and finished with True.
TpTrace Information: 0 : 10992, 7, 2024/04/24, 16:28:13.000, 13901082850086, vstest.console.dll, Using the buffer size of 16384 bytes
TpTrace Verbose: 0 : 10992, 5, 2024/04/24, 16:28:13.000, 13901082852830, vstest.console.dll, ProxyDataCollectionManager.InvokeDataCollectionServiceAction: Starting.
TpTrace Information: 0 : 10992, 7, 2024/04/24, 16:28:13.000, 13901082853300, vstest.console.dll, Accepted Client request and set the flag
TpTrace Information: 0 : 10992, 5, 2024/04/24, 16:28:13.000, 13901082854779, vstest.console.dll, ProxyDataCollectionManager.BeforeTestRunStart: Get environment variable and port for datacollector processId: 11252 port: 60442
TpTrace Verbose: 0 : 10992, 5, 2024/04/24, 16:28:13.000, 13901082856466, vstest.console.dll, DataCollectionRequestSender.SendBeforeTestRunStartAndGetResult: Send BeforeTestRunStart message with settingsXml <RunSettings><RunConfiguration><ResultsDirectory>C:\Users\VC\Desktop\training\day11\ShoppingSolution\ShoppingTest\bin\Debug\net8.0\fine-code-coverage\coverage-tool-output</ResultsDirectory><TargetPlatform>X64</TargetPlatform><TargetFrameworkVersion>.NETCoreApp,Version=v8.0</TargetFrameworkVersion><DesignMode>False</DesignMode><CollectSourceInformation>False</CollectSourceInformation><TestAdaptersPaths>C:\Program Files\dotnet\sdk\8.0.202\Extensions</TestAdaptersPaths></RunConfiguration><LoggerRunSettings><Loggers><Logger friendlyName="blame" enabled="True" /><Logger friendlyName="Console" uri="logger://microsoft/TestPlatform/ConsoleLogger/v1" assemblyQualifiedName="Microsoft.VisualStudio.TestPlatform.CommandLine.Internal.ConsoleLogger, vstest.console, Version=15.0.0.0, Culture=neutral, PublicKeyToken=b03f5f7f11d50a3a" codeBase="C:\Program Files\dotnet\sdk\8.0.202\vstest.console.dll" enabled="True" /></Loggers></LoggerRunSettings><DataCollectionRunSettings><DataCollectors><DataCollector friendlyName="blame" enabled="True"><Configuration><ResultsDirectory>C:\Users\VC\Desktop\training\day11\ShoppingSolution\ShoppingTest\bin\Debug\net8.0\fine-code-coverage\coverage-tool-output</ResultsDirectory></Configuration></DataCollector></DataCollectors></DataCollectionRunSettings></RunSettings> and sources System.Collections.Generic.List`1[System.String]: 
TpTrace Verbose: 0 : 10992, 5, 2024/04/24, 16:28:13.080, 13901083651647, vstest.console.dll, DataCollectionRequestSender.SendBeforeTestRunStartAndGetResult: Received message: (DataCollection.SendMessage) -> {"MessageType":"DataCollection.SendMessage","Payload":{"FriendlyName":null,"Uri":null,"TestCaseId":"00000000-0000-0000-0000-000000000000","Message":"Logging DataCollector Diagnostics in file: C:\\Users\\VC\\Desktop\\training\\day11\\ShoppingSolution\\ShoppingTest\\bin\\Debug\\net8.0\\fine-code-coverage\\coverage-tool-output\\diagnostics.datacollector.24-04-24_16-28-12_71390_5.log","Level":0}}
TpTrace Verbose: 0 : 10992, 5, 2024/04/24, 16:28:13.184, 13901084690995, vstest.console.dll, DataCollectionRequestSender.SendBeforeTestRunStartAndGetResult: Received message: (DataCollection.BeforeTestRunStartResult) -> {"MessageType":"DataCollection.BeforeTestRunStartResult","Payload":{"EnvironmentVariables":{},"DataCollectionEventsPort":60444}}
TpTrace Information: 0 : 10992, 5, 2024/04/24, 16:28:13.190, 13901084753106, vstest.console.dll, ProxyDataCollectionManager.BeforeTestRunStart: SendBeforeTestRunStartAndGetResult successful, env variable from datacollector:   and testhost port: 60444
TpTrace Information: 0 : 10992, 5, 2024/04/24, 16:28:13.190, 13901084755786, vstest.console.dll, ProxyDataCollectionManager.InvokeDataCollectionServiceAction: Completed.
TpTrace Verbose: 0 : 10992, 5, 2024/04/24, 16:28:13.190, 13901084756247, vstest.console.dll, ParallelProxyExecutionManager.StartTestRunOnConcurrentManager: Initializing test run. Started clients: 0
TpTrace Verbose: 0 : 10992, 5, 2024/04/24, 16:28:13.191, 13901084757481, vstest.console.dll, ProxyExecutionManager: Test host is always Lazy initialize.
TpTrace Verbose: 0 : 10992, 5, 2024/04/24, 16:28:13.191, 13901084760643, vstest.console.dll, TestRequestSender.InitializeCommunication: initialize communication. 
TpTrace Information: 0 : 10992, 5, 2024/04/24, 16:28:13.192, 13901084772992, vstest.console.dll, SocketServer.Start: Listening on endpoint : 127.0.0.1:60445
TpTrace Verbose: 0 : 10992, 5, 2024/04/24, 16:28:13.194, 13901084790513, vstest.console.dll, DotnetTestHostmanager.GetTestHostProcessStartInfo: Platform environment 'X64' target architecture 'X64' framework '.NETCoreApp,Version=v8.0' OS 'Windows'
TpTrace Verbose: 0 : 10992, 5, 2024/04/24, 16:28:13.194, 13901084794170, vstest.console.dll, DotnetTestHostmanager: Adding  --runtimeconfig "C:\Users\VC\Desktop\training\day11\ShoppingSolution\ShoppingTest\bin\Debug\net8.0\fine-code-coverage\build-output\ShoppingTest.runtimeconfig.json" in args
TpTrace Verbose: 0 : 10992, 5, 2024/04/24, 16:28:13.194, 13901084795819, vstest.console.dll, DotnetTestHostmanager: Adding  --depsfile "C:\Users\VC\Desktop\training\day11\ShoppingSolution\ShoppingTest\bin\Debug\net8.0\fine-code-coverage\build-output\ShoppingTest.deps.json" in args
TpTrace Verbose: 0 : 10992, 5, 2024/04/24, 16:28:13.195, 13901084800003, vstest.console.dll, DotnetTestHostmanager.IsWinOnArm: Current PROCESSOR_ARCHITECTURE from environment variable 'AMD64'
TpTrace Verbose: 0 : 10992, 5, 2024/04/24, 16:28:13.195, 13901084800938, vstest.console.dll, DotnetTestHostmanager.IsWinOnArm: Is Windows on ARM 'False'
TpTrace Verbose: 0 : 10992, 5, 2024/04/24, 16:28:13.195, 13901084802306, vstest.console.dll, DotnetTestHostManager: testhost.exe found at path: C:\Users\VC\Desktop\training\day11\ShoppingSolution\ShoppingTest\bin\Debug\net8.0\fine-code-coverage\build-output\testhost.exe
TpTrace Verbose: 0 : 10992, 5, 2024/04/24, 16:28:13.195, 13901084802897, vstest.console.dll, DotnetTestHostmanager: Full path of host exe is C:\Users\VC\Desktop\training\day11\ShoppingSolution\ShoppingTest\bin\Debug\net8.0\fine-code-coverage\build-output\testhost.exe
TpTrace Verbose: 0 : 10992, 5, 2024/04/24, 16:28:13.195, 13901084804754, vstest.console.dll, DotnetTestHostmanager.LaunchTestHostAsync: Found 'VSTEST_WINAPPHOST_DOTNET_ROOT' in env variables, value 'C:\Program Files\dotnet', forwarding to 'DOTNET_ROOT'
TpTrace Verbose: 0 : 10992, 5, 2024/04/24, 16:28:13.195, 13901084806856, vstest.console.dll, DotnetTestHostManager: Starting process 'C:\Users\VC\Desktop\training\day11\ShoppingSolution\ShoppingTest\bin\Debug\net8.0\fine-code-coverage\build-output\testhost.exe' with command line ' --runtimeconfig "C:\Users\VC\Desktop\training\day11\ShoppingSolution\ShoppingTest\bin\Debug\net8.0\fine-code-coverage\build-output\ShoppingTest.runtimeconfig.json" --depsfile "C:\Users\VC\Desktop\training\day11\ShoppingSolution\ShoppingTest\bin\Debug\net8.0\fine-code-coverage\build-output\ShoppingTest.deps.json" --port 60445 --endpoint 127.0.0.1:060445 --role client --parentprocessid 10992 --diag "C:\Users\VC\Desktop\training\day11\ShoppingSolution\ShoppingTest\bin\Debug\net8.0\fine-code-coverage\coverage-tool-output\diagnostics.host.24-04-24_16-28-13_19366_5.log" --tracelevel 4 --datacollectionport 60444 --telemetryoptedin false'
TpTrace Verbose: 0 : 10992, 5, 2024/04/24, 16:28:13.204, 13901084890538, vstest.console.dll, MulticastDelegateUtilities.SafeInvoke: HostProviderEvents.OnHostLaunched: Invoking callback 1/2 for Microsoft.VisualStudio.TestPlatform.CrossPlatEngine.Client.ProxyExecutionManagerWithDataCollection., took 1 ms.
TpTrace Verbose: 0 : 10992, 5, 2024/04/24, 16:28:13.204, 13901084895058, vstest.console.dll, Test Runtime launched
TpTrace Verbose: 0 : 10992, 5, 2024/04/24, 16:28:13.204, 13901084896249, vstest.console.dll, MulticastDelegateUtilities.SafeInvoke: HostProviderEvents.OnHostLaunched: Invoking callback 2/2 for Microsoft.VisualStudio.TestPlatform.CrossPlatEngine.Client.ProxyOperationManager., took 0 ms.
TpTrace Verbose: 0 : 10992, 5, 2024/04/24, 16:28:13.205, 13901084898499, vstest.console.dll, TestRequestSender.WaitForRequestHandlerConnection: waiting for connection with timeout: 90000.
TpTrace Verbose: 0 : 10992, 5, 2024/04/24, 16:28:13.512, 13901087971848, vstest.console.dll, TestRequestSender.WaitForRequestHandlerConnection: waiting took 307 ms, with timeout 90000 ms, and result 0, which is success.
TpTrace Verbose: 0 : 10992, 11, 2024/04/24, 16:28:13.512, 13901087971849, vstest.console.dll, MulticastDelegateUtilities.SafeInvoke: SocketServer: ClientConnected: Invoking callback 1/1 for Microsoft.VisualStudio.TestPlatform.CommunicationUtilities.TestRequestSender., took 0 ms.
TpTrace Verbose: 0 : 10992, 11, 2024/04/24, 16:28:13.512, 13901087976064, vstest.console.dll, SocketServer.OnClientConnected: Client connected for endPoint: 127.0.0.1:60445, starting MessageLoopAsync:
TpTrace Verbose: 0 : 10992, 11, 2024/04/24, 16:28:13.513, 13901087984558, vstest.console.dll, TcpClientExtensions.MessageLoopAsync: Polling on remoteEndPoint: 127.0.0.1:60446 localEndPoint: 127.0.0.1:60445 after 0 ms
TpTrace Verbose: 0 : 10992, 5, 2024/04/24, 16:28:13.514, 13901087989931, vstest.console.dll, TestRequestSender.CheckVersionWithTestHost: Sending check version message: {"MessageType":"ProtocolVersion","Payload":7}
TpTrace Verbose: 0 : 10992, 11, 2024/04/24, 16:28:13.665, 13901089504179, vstest.console.dll, TcpClientExtensions.MessageLoopAsync: NotifyDataAvailable remoteEndPoint: 127.0.0.1:60446 localEndPoint: 127.0.0.1:60445
TpTrace Verbose: 0 : 10992, 11, 2024/04/24, 16:28:13.666, 13901089508425, vstest.console.dll, TestRequestSender.CheckVersionWithTestHost: onMessageReceived received message: (ProtocolVersion) -> {"MessageType":"ProtocolVersion","Payload":7}
TpTrace Verbose: 0 : 10992, 11, 2024/04/24, 16:28:13.666, 13901089517116, vstest.console.dll, MulticastDelegateUtilities.SafeInvoke: LengthPrefixCommunicationChannel: MessageReceived: Invoking callback 1/1 for Microsoft.VisualStudio.TestPlatform.CommunicationUtilities.TestRequestSender+<>c__DisplayClass29_0., took 0 ms.
TpTrace Verbose: 0 : 10992, 11, 2024/04/24, 16:28:13.667, 13901089518272, vstest.console.dll, TcpClientExtensions.MessageLoopAsync: Polling on remoteEndPoint: 127.0.0.1:60446 localEndPoint: 127.0.0.1:60445 after 153 ms
TpTrace Verbose: 0 : 10992, 5, 2024/04/24, 16:28:13.667, 13901089518380, vstest.console.dll, TestPluginCache.GetExtensionPaths: Filtered extension paths: 
TpTrace Verbose: 0 : 10992, 5, 2024/04/24, 16:28:13.667, 13901089519480, vstest.console.dll, TestPluginCache.GetExtensionPaths: Added default extension paths: C:\Program Files\dotnet\sdk\8.0.202\Extensions\Microsoft.Diagnostics.NETCore.Client.dll
C:\Program Files\dotnet\sdk\8.0.202\Extensions\Microsoft.TestPlatform.Extensions.BlameDataCollector.dll
C:\Program Files\dotnet\sdk\8.0.202\Extensions\Microsoft.TestPlatform.Extensions.EventLogCollector.dll
C:\Program Files\dotnet\sdk\8.0.202\Extensions\Microsoft.TestPlatform.TestHostRuntimeProvider.dll
C:\Program Files\dotnet\sdk\8.0.202\Extensions\Microsoft.VisualStudio.TestPlatform.Extensions.Html.TestLogger.dll
C:\Program Files\dotnet\sdk\8.0.202\Extensions\Microsoft.VisualStudio.TestPlatform.Extensions.Trx.TestLogger.dll
TpTrace Verbose: 0 : 10992, 5, 2024/04/24, 16:28:13.667, 13901089520200, vstest.console.dll, TestPluginCache.GetExtensionPaths: Added unfilterableExtensionPaths: 
TpTrace Verbose: 0 : 10992, 5, 2024/04/24, 16:28:13.671, 13901089559346, vstest.console.dll, TestRequestSender.InitializeExecution: Sending initialize execution with message: {"Version":7,"MessageType":"TestExecution.Initialize","Payload":["C:\\Users\\VC\\Desktop\\training\\day11\\ShoppingSolution\\ShoppingTest\\bin\\Debug\\net8.0\\fine-code-coverage\\build-output\\NUnit3.TestAdapter.dll"]}
TpTrace Verbose: 0 : 10992, 5, 2024/04/24, 16:28:13.671, 13901089561809, vstest.console.dll, ParallelProxyExecutionManager.StartTestRunOnConcurrentManager: Execution starting. Started clients: 1
TpTrace Verbose: 0 : 10992, 5, 2024/04/24, 16:28:13.671, 13901089565013, vstest.console.dll, TestRunRequest:SendTestRunMessage: Starting.
TpTrace Verbose: 0 : 10992, 5, 2024/04/24, 16:28:13.672, 13901089567755, vstest.console.dll, MulticastDelegateUtilities.SafeInvoke: TestRun.LogMessages: Invoking callback 1/1 for Microsoft.VisualStudio.TestPlatform.CommandLine.TestRunResultAggregator., took 0 ms.
TpTrace Information: 0 : 10992, 5, 2024/04/24, 16:28:13.672, 13901089568487, vstest.console.dll, TestRunRequest:SendTestRunMessage: Completed.
TpTrace Verbose: 0 : 10992, 4, 2024/04/24, 16:28:13.672, 13901089570164, vstest.console.dll, MulticastDelegateUtilities.SafeInvoke: InternalTestLoggerEvents.SendTestRunMessage: Invoking callback 1/1 for Microsoft.VisualStudio.TestPlatform.CommandLine.Internal.ConsoleLogger., took 0 ms.
TpTrace Warning: 0 : 10992, 5, 2024/04/24, 16:28:13.672, 13901089576360, vstest.console.dll, InferRunSettingsHelper.MakeRunsettingsCompatible: Removing the following settings: TargetPlatform from RunSettings file. To use those settings please move to latest version of Microsoft.NET.Test.Sdk
TpTrace Verbose: 0 : 10992, 11, 2024/04/24, 16:28:13.674, 13901089591177, vstest.console.dll, TcpClientExtensions.MessageLoopAsync: NotifyDataAvailable remoteEndPoint: 127.0.0.1:60446 localEndPoint: 127.0.0.1:60445
TpTrace Verbose: 0 : 10992, 11, 2024/04/24, 16:28:13.674, 13901089596476, vstest.console.dll, TestRequestSender.OnExecutionMessageReceived: Received message: {"Version":7,"MessageType":"TestSession.Message","Payload":{"MessageLevel":0,"Message":"Logging TestHost Diagnostics in file: C:\\Users\\VC\\Desktop\\training\\day11\\ShoppingSolution\\ShoppingTest\\bin\\Debug\\net8.0\\fine-code-coverage\\coverage-tool-output\\diagnostics.host.24-04-24_16-28-13_19366_5.log"}}
TpTrace Verbose: 0 : 10992, 11, 2024/04/24, 16:28:13.678, 13901089631104, vstest.console.dll, TestRunRequest:SendTestRunMessage: Starting.
TpTrace Verbose: 0 : 10992, 11, 2024/04/24, 16:28:13.678, 13901089633585, vstest.console.dll, MulticastDelegateUtilities.SafeInvoke: TestRun.LogMessages: Invoking callback 1/1 for Microsoft.VisualStudio.TestPlatform.CommandLine.TestRunResultAggregator., took 0 ms.
TpTrace Verbose: 0 : 10992, 4, 2024/04/24, 16:28:13.678, 13901089633666, vstest.console.dll, MulticastDelegateUtilities.SafeInvoke: InternalTestLoggerEvents.SendTestRunMessage: Invoking callback 1/1 for Microsoft.VisualStudio.TestPlatform.CommandLine.Internal.ConsoleLogger., took 0 ms.
TpTrace Information: 0 : 10992, 11, 2024/04/24, 16:28:13.678, 13901089634266, vstest.console.dll, TestRunRequest:SendTestRunMessage: Completed.
TpTrace Verbose: 0 : 10992, 11, 2024/04/24, 16:28:13.678, 13901089636846, vstest.console.dll, MulticastDelegateUtilities.SafeInvoke: LengthPrefixCommunicationChannel: MessageReceived: Invoking callback 1/1 for Microsoft.VisualStudio.TestPlatform.CommunicationUtilities.TestRequestSender+<>c__DisplayClass34_0., took 4 ms.
TpTrace Verbose: 0 : 10992, 11, 2024/04/24, 16:28:13.679, 13901089638001, vstest.console.dll, TcpClientExtensions.MessageLoopAsync: Polling on remoteEndPoint: 127.0.0.1:60446 localEndPoint: 127.0.0.1:60445 after 11 ms
TpTrace Verbose: 0 : 10992, 5, 2024/04/24, 16:28:13.687, 13901089724076, vstest.console.dll, TestRequestSender.StartTestRun: Sending test run with message: {"Version":7,"MessageType":"TestExecution.StartWithSources","Payload":{"AdapterSourceMap":{"_none_":["C:\\Users\\VC\\Desktop\\training\\day11\\ShoppingSolution\\ShoppingTest\\bin\\Debug\\net8.0\\fine-code-coverage\\build-output\\ShoppingTest.dll"]},"RunSettings":"<RunSettings>\r\n  <RunConfiguration>\r\n    <ResultsDirectory>C:\\Users\\VC\\Desktop\\training\\day11\\ShoppingSolution\\ShoppingTest\\bin\\Debug\\net8.0\\fine-code-coverage\\coverage-tool-output</ResultsDirectory>\r\n    <TargetFrameworkVersion>.NETCoreApp,Version=v8.0</TargetFrameworkVersion>\r\n    <DesignMode>False</DesignMode>\r\n    <CollectSourceInformation>False</CollectSourceInformation>\r\n  </RunConfiguration>\r\n  <LoggerRunSettings>\r\n    <Loggers>\r\n      <Logger friendlyName=\"blame\" enabled=\"True\" />\r\n      <Logger friendlyName=\"Console\" uri=\"logger://microsoft/TestPlatform/ConsoleLogger/v1\" assemblyQualifiedName=\"Microsoft.VisualStudio.TestPlatform.CommandLine.Internal.ConsoleLogger, vstest.console, Version=15.0.0.0, Culture=neutral, PublicKeyToken=b03f5f7f11d50a3a\" codeBase=\"C:\\Program Files\\dotnet\\sdk\\8.0.202\\vstest.console.dll\" enabled=\"True\" />\r\n    </Loggers>\r\n  </LoggerRunSettings>\r\n  <DataCollectionRunSettings>\r\n    <DataCollectors>\r\n      <DataCollector friendlyName=\"blame\" enabled=\"True\">\r\n        <Configuration>\r\n          <ResultsDirectory>C:\\Users\\VC\\Desktop\\training\\day11\\ShoppingSolution\\ShoppingTest\\bin\\Debug\\net8.0\\fine-code-coverage\\coverage-tool-output</ResultsDirectory>\r\n        </Configuration>\r\n      </DataCollector>\r\n    </DataCollectors>\r\n  </DataCollectionRunSettings>\r\n</RunSettings>","TestExecutionContext":{"FrequencyOfRunStatsChangeEvent":10,"RunStatsChangeEventTimeout":"00:00:01.5000000","InIsolation":false,"KeepAlive":false,"AreTestCaseLevelEventsRequired":false,"IsDebug":false,"TestCaseFilter":null,"FilterOptions":null},"Package":null}}
TpTrace Verbose: 0 : 10992, 5, 2024/04/24, 16:28:13.688, 13901089727622, vstest.console.dll, ParallelProxyExecutionManager.StartTestRunOnConcurrentManager: Execution started. Started clients: 1
TpTrace Verbose: 0 : 10992, 11, 2024/04/24, 16:28:13.897, 13901091818607, vstest.console.dll, TcpClientExtensions.MessageLoopAsync: NotifyDataAvailable remoteEndPoint: 127.0.0.1:60446 localEndPoint: 127.0.0.1:60445
TpTrace Verbose: 0 : 10992, 11, 2024/04/24, 16:28:13.897, 13901091820450, vstest.console.dll, TestRequestSender.OnExecutionMessageReceived: Received message: {"Version":7,"MessageType":"TestSession.Message","Payload":{"MessageLevel":0,"Message":"NUnit Adapter 4.5.0.0: Test execution started"}}
TpTrace Verbose: 0 : 10992, 11, 2024/04/24, 16:28:13.897, 13901091822686, vstest.console.dll, TestRunRequest:SendTestRunMessage: Starting.
TpTrace Verbose: 0 : 10992, 11, 2024/04/24, 16:28:13.897, 13901091823566, vstest.console.dll, MulticastDelegateUtilities.SafeInvoke: TestRun.LogMessages: Invoking callback 1/1 for Microsoft.VisualStudio.TestPlatform.CommandLine.TestRunResultAggregator., took 0 ms.
TpTrace Information: 0 : 10992, 11, 2024/04/24, 16:28:13.897, 13901091823954, vstest.console.dll, TestRunRequest:SendTestRunMessage: Completed.
TpTrace Verbose: 0 : 10992, 4, 2024/04/24, 16:28:13.897, 13901091824196, vstest.console.dll, MulticastDelegateUtilities.SafeInvoke: InternalTestLoggerEvents.SendTestRunMessage: Invoking callback 1/1 for Microsoft.VisualStudio.TestPlatform.CommandLine.Internal.ConsoleLogger., took 0 ms.
TpTrace Verbose: 0 : 10992, 11, 2024/04/24, 16:28:13.897, 13901091824425, vstest.console.dll, MulticastDelegateUtilities.SafeInvoke: LengthPrefixCommunicationChannel: MessageReceived: Invoking callback 1/1 for Microsoft.VisualStudio.TestPlatform.CommunicationUtilities.TestRequestSender+<>c__DisplayClass34_0., took 0 ms.
TpTrace Verbose: 0 : 10992, 11, 2024/04/24, 16:28:13.897, 13901091826399, vstest.console.dll, TcpClientExtensions.MessageLoopAsync: Polling on remoteEndPoint: 127.0.0.1:60446 localEndPoint: 127.0.0.1:60445 after 218 ms
TpTrace Verbose: 0 : 10992, 11, 2024/04/24, 16:28:13.918, 13901092030342, vstest.console.dll, TcpClientExtensions.MessageLoopAsync: NotifyDataAvailable remoteEndPoint: 127.0.0.1:60446 localEndPoint: 127.0.0.1:60445
TpTrace Verbose: 0 : 10992, 11, 2024/04/24, 16:28:13.918, 13901092032577, vstest.console.dll, TestRequestSender.OnExecutionMessageReceived: Received message: {"Version":7,"MessageType":"TestSession.Message","Payload":{"MessageLevel":0,"Message":"Running all tests in C:\\Users\\VC\\Desktop\\training\\day11\\ShoppingSolution\\ShoppingTest\\bin\\Debug\\net8.0\\fine-code-coverage\\build-output\\ShoppingTest.dll"}}
TpTrace Verbose: 0 : 10992, 11, 2024/04/24, 16:28:13.918, 13901092034214, vstest.console.dll, TestRunRequest:SendTestRunMessage: Starting.
TpTrace Verbose: 0 : 10992, 11, 2024/04/24, 16:28:13.918, 13901092035013, vstest.console.dll, MulticastDelegateUtilities.SafeInvoke: TestRun.LogMessages: Invoking callback 1/1 for Microsoft.VisualStudio.TestPlatform.CommandLine.TestRunResultAggregator., took 0 ms.
TpTrace Verbose: 0 : 10992, 4, 2024/04/24, 16:28:13.918, 13901092035209, vstest.console.dll, MulticastDelegateUtilities.SafeInvoke: InternalTestLoggerEvents.SendTestRunMessage: Invoking callback 1/1 for Microsoft.VisualStudio.TestPlatform.CommandLine.Internal.ConsoleLogger., took 0 ms.
TpTrace Information: 0 : 10992, 11, 2024/04/24, 16:28:13.918, 13901092035574, vstest.console.dll, TestRunRequest:SendTestRunMessage: Completed.
TpTrace Verbose: 0 : 10992, 11, 2024/04/24, 16:28:13.918, 13901092037255, vstest.console.dll, MulticastDelegateUtilities.SafeInvoke: LengthPrefixCommunicationChannel: MessageReceived: Invoking callback 1/1 for Microsoft.VisualStudio.TestPlatform.CommunicationUtilities.TestRequestSender+<>c__DisplayClass34_0., took 0 ms.
TpTrace Verbose: 0 : 10992, 11, 2024/04/24, 16:28:13.919, 13901092037956, vstest.console.dll, TcpClientExtensions.MessageLoopAsync: Polling on remoteEndPoint: 127.0.0.1:60446 localEndPoint: 127.0.0.1:60445 after 21 ms
TpTrace Verbose: 0 : 10992, 11, 2024/04/24, 16:28:14.034, 13901093195141, vstest.console.dll, TcpClientExtensions.MessageLoopAsync: NotifyDataAvailable remoteEndPoint: 127.0.0.1:60446 localEndPoint: 127.0.0.1:60445
TpTrace Verbose: 0 : 10992, 11, 2024/04/24, 16:28:14.035, 13901093198087, vstest.console.dll, TestRequestSender.OnExecutionMessageReceived: Received message: {"Version":7,"MessageType":"TestSession.Message","Payload":{"MessageLevel":0,"Message":"   NUnit3TestExecutor discovered 40 of 40 NUnit test cases using Current Discovery mode, Non-Explicit run"}}
TpTrace Verbose: 0 : 10992, 11, 2024/04/24, 16:28:14.035, 13901093199910, vstest.console.dll, TestRunRequest:SendTestRunMessage: Starting.
TpTrace Verbose: 0 : 10992, 11, 2024/04/24, 16:28:14.035, 13901093200736, vstest.console.dll, MulticastDelegateUtilities.SafeInvoke: TestRun.LogMessages: Invoking callback 1/1 for Microsoft.VisualStudio.TestPlatform.CommandLine.TestRunResultAggregator., took 0 ms.
TpTrace Information: 0 : 10992, 11, 2024/04/24, 16:28:14.035, 13901093201166, vstest.console.dll, TestRunRequest:SendTestRunMessage: Completed.
TpTrace Verbose: 0 : 10992, 4, 2024/04/24, 16:28:14.035, 13901093201127, vstest.console.dll, MulticastDelegateUtilities.SafeInvoke: InternalTestLoggerEvents.SendTestRunMessage: Invoking callback 1/1 for Microsoft.VisualStudio.TestPlatform.CommandLine.Internal.ConsoleLogger., took 0 ms.
TpTrace Verbose: 0 : 10992, 11, 2024/04/24, 16:28:14.035, 13901093201654, vstest.console.dll, MulticastDelegateUtilities.SafeInvoke: LengthPrefixCommunicationChannel: MessageReceived: Invoking callback 1/1 for Microsoft.VisualStudio.TestPlatform.CommunicationUtilities.TestRequestSender+<>c__DisplayClass34_0., took 0 ms.
TpTrace Verbose: 0 : 10992, 11, 2024/04/24, 16:28:14.035, 13901093202940, vstest.console.dll, TcpClientExtensions.MessageLoopAsync: Polling on remoteEndPoint: 127.0.0.1:60446 localEndPoint: 127.0.0.1:60445 after 116 ms
TpTrace Verbose: 0 : 10992, 11, 2024/04/24, 16:28:14.233, 13901095179579, vstest.console.dll, TcpClientExtensions.MessageLoopAsync: NotifyDataAvailable remoteEndPoint: 127.0.0.1:60446 localEndPoint: 127.0.0.1:60445
TpTrace Verbose: 0 : 10992, 11, 2024/04/24, 16:28:14.233, 13901095184040, vstest.console.dll, TestRequestSender.OnExecutionMessageReceived: Received message: {"Version":7,"MessageType":"TestExecution.StatsChange","Payload":{"NewTestResults":[{"TestCase":{"Id":"66e5df6c-d95b-f564-40be-098ccd34e66c","FullyQualifiedName":"ShoppingTest.CartItemRepoTest.AddFailTest","DisplayName":"AddFailTest","ExecutorUri":"executor://NUnit3TestExecutor","Source":"C:\\Users\\VC\\Desktop\\training\\day11\\ShoppingSolution\\ShoppingTest\\bin\\Debug\\net8.0\\fine-code-coverage\\build-output\\ShoppingTest.dll","CodeFilePath":null,"LineNumber":0,"Properties":[{"Key":{"Id":"NUnit.Seed","Label":"Seed","Category":"","Description":"","Attributes":0,"ValueType":"System.String"},"Value":"1395340503"}]},"Attachments":[],"Outcome":1,"ErrorMessage":null,"ErrorStackTrace":null,"DisplayName":"AddFailTest","Messages":[],"ComputerName":"DESKTOP-RVR2IQF","Duration":"00:00:00.0286010","StartTime":"2024-04-24T10:58:14.062174+00:00","EndTime":"2024-04-24T10:58:14.0906361+00:00","Properties":[{"Key":{"Id":"NUnit.Seed","Label":"Seed","Category":"","Description":"","Attributes":0,"ValueType":"System.String"},"Value":"1395340503"}]},{"TestCase":{"Id":"33bc1ffd-280a-d3e0-434a-46d1dfe4595a","FullyQualifiedName":"ShoppingTest.CartItemRepoTest.AddSuccessTest","DisplayName":"AddSuccessTest","ExecutorUri":"executor://NUnit3TestExecutor","Source":"C:\\Users\\VC\\Desktop\\training\\day11\\ShoppingSolution\\ShoppingTest\\bin\\Debug\\net8.0\\fine-code-coverage\\build-output\\ShoppingTest.dll","CodeFilePath":null,"LineNumber":0,"Properties":[{"Key":{"Id":"NUnit.Seed","Label":"Seed","Category":"","Description":"","Attributes":0,"ValueType":"System.String"},"Value":"590648513"}]},"Attachments":[],"Outcome":1,"ErrorMessage":null,"ErrorStackTrace":null,"DisplayName":"AddSuccessTest","Messages":[],"ComputerName":"DESKTOP-RVR2IQF","Duration":"00:00:00.0036640","StartTime":"2024-04-24T10:58:14.0929676+00:00","EndTime":"2024-04-24T10:58:14.0966313+00:00","Properties":[{"Key":{"Id":"NUnit.Seed","Label":"Seed","Category":"","Description":"","Attributes":0,"ValueType":"System.String"},"Value":"590648513"}]},{"TestCase":{"Id":"bd6c5b41-1ff7-aadc-5d87-1069e4bdcba6","FullyQualifiedName":"ShoppingTest.CartItemRepoTest.DeleteFailTest","DisplayName":"DeleteFailTest","ExecutorUri":"executor://NUnit3TestExecutor","Source":"C:\\Users\\VC\\Desktop\\training\\day11\\ShoppingSolution\\ShoppingTest\\bin\\Debug\\net8.0\\fine-code-coverage\\build-output\\ShoppingTest.dll","CodeFilePath":null,"LineNumber":0,"Properties":[{"Key":{"Id":"NUnit.Seed","Label":"Seed","Category":"","Description":"","Attributes":0,"ValueType":"System.String"},"Value":"2064851105"}]},"Attachments":[],"Outcome":1,"ErrorMessage":null,"ErrorStackTrace":null,"DisplayName":"DeleteFailTest","Messages":[],"ComputerName":"DESKTOP-RVR2IQF","Duration":"00:00:00.0011770","StartTime":"2024-04-24T10:58:14.0967123+00:00","EndTime":"2024-04-24T10:58:14.0978893+00:00","Properties":[{"Key":{"Id":"NUnit.Seed","Label":"Seed","Category":"","Description":"","Attributes":0,"ValueType":"System.String"},"Value":"2064851105"}]},{"TestCase":{"Id":"7ca1fa27-ee62-14f0-c014-d4685e3ee056","FullyQualifiedName":"ShoppingTest.CartItemRepoTest.DeleteSuccessTest","DisplayName":"DeleteSuccessTest","ExecutorUri":"executor://NUnit3TestExecutor","Source":"C:\\Users\\VC\\Desktop\\training\\day11\\ShoppingSolution\\ShoppingTest\\bin\\Debug\\net8.0\\fine-code-coverage\\build-output\\ShoppingTest.dll","CodeFilePath":null,"LineNumber":0,"Properties":[{"Key":{"Id":"NUnit.Seed","Label":"Seed","Category":"","Description":"","Attributes":0,"ValueType":"System.String"},"Value":"617755969"}]},"Attachments":[],"Outcome":1,"ErrorMessage":null,"ErrorStackTrace":null,"DisplayName":"DeleteSuccessTest","Messages":[],"ComputerName":"DESKTOP-RVR2IQF","Duration":"00:00:00.0003120","StartTime":"2024-04-24T10:58:14.0979139+00:00","EndTime":"2024-04-24T10:58:14.0982257+00:00","Properties":[{"Key":{"Id":"NUnit.Seed","Label":"Seed","Category":"","Description":"","Attributes":0,"ValueType":"System.String"},"Value":"617755969"}]},{"TestCase":{"Id":"359c1a4a-5ac3-5aa6-175c-ac8e7a0e8a4c","FullyQualifiedName":"ShoppingTest.CartItemRepoTest.GetAllFailTest","DisplayName":"GetAllFailTest","ExecutorUri":"executor://NUnit3TestExecutor","Source":"C:\\Users\\VC\\Desktop\\training\\day11\\ShoppingSolution\\ShoppingTest\\bin\\Debug\\net8.0\\fine-code-coverage\\build-output\\ShoppingTest.dll","CodeFilePath":null,"LineNumber":0,"Properties":[{"Key":{"Id":"NUnit.Seed","Label":"Seed","Category":"","Description":"","Attributes":0,"ValueType":"System.String"},"Value":"310594816"}]},"Attachments":[],"Outcome":1,"ErrorMessage":null,"ErrorStackTrace":null,"DisplayName":"GetAllFailTest","Messages":[],"ComputerName":"DESKTOP-RVR2IQF","Duration":"00:00:00.0007739","StartTime":"2024-04-24T10:58:14.0982418+00:00","EndTime":"2024-04-24T10:58:14.0990158+00:00","Properties":[{"Key":{"Id":"NUnit.Seed","Label":"Seed","Category":"","Description":"","Attributes":0,"ValueType":"System.String"},"Value":"310594816"}]},{"TestCase":{"Id":"2d37262f-6f19-adac-5c9f-c0f4c5f03d96","FullyQualifiedName":"ShoppingTest.CartItemRepoTest.GetAllSuccessTest","DisplayName":"GetAllSuccessTest","ExecutorUri":"executor://NUnit3TestExecutor","Source":"C:\\Users\\VC\\Desktop\\training\\day11\\ShoppingSolution\\ShoppingTest\\bin\\Debug\\net8.0\\fine-code-coverage\\build-output\\ShoppingTest.dll","CodeFilePath":null,"LineNumber":0,"Properties":[{"Key":{"Id":"NUnit.Seed","Label":"Seed","Category":"","Description":"","Attributes":0,"ValueType":"System.String"},"Value":"683795246"}]},"Attachments":[],"Outcome":1,"ErrorMessage":null,"ErrorStackTrace":null,"DisplayName":"GetAllSuccessTest","Messages":[],"ComputerName":"DESKTOP-RVR2IQF","Duration":"00:00:00.0043680","StartTime":"2024-04-24T10:58:14.0990364+00:00","EndTime":"2024-04-24T10:58:14.1034037+00:00","Properties":[{"Key":{"Id":"NUnit.Seed","Label":"Seed","Category":"","Description":"","Attributes":0,"ValueType":"System.String"},"Value":"683795246"}]},{"TestCase":{"Id":"d1e44f01-c398-96d0-831f-c39b252f4544","FullyQualifiedName":"ShoppingTest.CartItemRepoTest.GetIdFailTest","DisplayName":"GetIdFailTest","ExecutorUri":"executor://NUnit3TestExecutor","Source":"C:\\Users\\VC\\Desktop\\training\\day11\\ShoppingSolution\\ShoppingTest\\bin\\Debug\\net8.0\\fine-code-coverage\\build-output\\ShoppingTest.dll","CodeFilePath":null,"LineNumber":0,"Properties":[{"Key":{"Id":"NUnit.Seed","Label":"Seed","Category":"","Description":"","Attributes":0,"ValueType":"System.String"},"Value":"904244029"}]},"Attachments":[],"Outcome":1,"ErrorMessage":null,"ErrorStackTrace":null,"DisplayName":"GetIdFailTest","Messages":[],"ComputerName":"DESKTOP-RVR2IQF","Duration":"00:00:00.0005450","StartTime":"2024-04-24T10:58:14.1034422+00:00","EndTime":"2024-04-24T10:58:14.1039864+00:00","Properties":[{"Key":{"Id":"NUnit.Seed","Label":"Seed","Category":"","Description":"","Attributes":0,"ValueType":"System.String"},"Value":"904244029"}]},{"TestCase":{"Id":"3696f506-56d7-a77a-0a64-57b90deb0ab2","FullyQualifiedName":"ShoppingTest.CartItemRepoTest.GetIdSuccessTest","DisplayName":"GetIdSuccessTest","ExecutorUri":"executor://NUnit3TestExecutor","Source":"C:\\Users\\VC\\Desktop\\training\\day11\\ShoppingSolution\\ShoppingTest\\bin\\Debug\\net8.0\\fine-code-coverage\\build-output\\ShoppingTest.dll","CodeFilePath":null,"LineNumber":0,"Properties":[{"Key":{"Id":"NUnit.Seed","Label":"Seed","Category":"","Description":"","Attributes":0,"ValueType":"System.String"},"Value":"184165806"}]},"Attachments":[],"Outcome":1,"ErrorMessage":null,"ErrorStackTrace":null,"DisplayName":"GetIdSuccessTest","Messages":[],"ComputerName":"DESKTOP-RVR2IQF","Duration":"00:00:00.0002630","StartTime":"2024-04-24T10:58:14.1040102+00:00","EndTime":"2024-04-24T10:58:14.1042729+00:00","Properties":[{"Key":{"Id":"NUnit.Seed","Label":"Seed","Category":"","Description":"","Attributes":0,"ValueType":"System.String"},"Value":"184165806"}]},{"TestCase":{"Id":"6900fb8d-f0be-f535-004e-15cfc2877e30","FullyQualifiedName":"ShoppingTest.CartItemRepoTest.UpdateFailTest","DisplayName":"UpdateFailTest","ExecutorUri":"executor://NUnit3TestExecutor","Source":"C:\\Users\\VC\\Desktop\\training\\day11\\ShoppingSolution\\ShoppingTest\\bin\\Debug\\net8.0\\fine-code-coverage\\build-output\\ShoppingTest.dll","CodeFilePath":null,"LineNumber":0,"Properties":[{"Key":{"Id":"NUnit.Seed","Label":"Seed","Category":"","Description":"","Attributes":0,"ValueType":"System.String"},"Value":"845944084"}]},"Attachments":[],"Outcome":1,"ErrorMessage":null,"ErrorStackTrace":null,"DisplayName":"UpdateFailTest","Messages":[],"ComputerName":"DESKTOP-RVR2IQF","Duration":"00:00:00.0005270","StartTime":"2024-04-24T10:58:14.104285+00:00","EndTime":"2024-04-24T10:58:14.1048119+00:00","Properties":[{"Key":{"Id":"NUnit.Seed","Label":"Seed","Category":"","Description":"","Attributes":0,"ValueType":"System.String"},"Value":"845944084"}]}],"TestRunStatistics":{"ExecutedTests":9,"Stats":{"Passed":9}},"ActiveTests":[{"Id":"bc99c508-feac-f60a-52da-8486f1ae91b7","FullyQualifiedName":"ShoppingTest.CartItemRepoTest.UpdateSuccessTest","DisplayName":"UpdateSuccessTest","ExecutorUri":"executor://NUnit3TestExecutor","Source":"C:\\Users\\VC\\Desktop\\training\\day11\\ShoppingSolution\\ShoppingTest\\bin\\Debug\\net8.0\\fine-code-coverage\\build-output\\ShoppingTest.dll","CodeFilePath":null,"LineNumber":0,"Properties":[{"Key":{"Id":"NUnit.Seed","Label":"Seed","Category":"","Description":"","Attributes":0,"ValueType":"System.String"},"Value":"1440446692"}]}]}}
TpTrace Verbose: 0 : 10992, 11, 2024/04/24, 16:28:14.269, 13901095541552, vstest.console.dll, TestRunRequest:SendTestRunStatsChange: Starting.
TpTrace Verbose: 0 : 10992, 11, 2024/04/24, 16:28:14.269, 13901095544154, vstest.console.dll, InProgress is UpdateSuccessTest
TpTrace Verbose: 0 : 10992, 11, 2024/04/24, 16:28:14.270, 13901095547567, vstest.console.dll, MulticastDelegateUtilities.SafeInvoke: TestRun.RunStatsChanged: Invoking callbacks was skipped because there are no subscribers.
TpTrace Information: 0 : 10992, 11, 2024/04/24, 16:28:14.270, 13901095548140, vstest.console.dll, TestRunRequest:SendTestRunStatsChange: Completed.
TpTrace Verbose: 0 : 10992, 11, 2024/04/24, 16:28:14.270, 13901095548624, vstest.console.dll, MulticastDelegateUtilities.SafeInvoke: LengthPrefixCommunicationChannel: MessageReceived: Invoking callback 1/1 for Microsoft.VisualStudio.TestPlatform.CommunicationUtilities.TestRequestSender+<>c__DisplayClass34_0., took 36 ms.
TpTrace Verbose: 0 : 10992, 11, 2024/04/24, 16:28:14.270, 13901095549214, vstest.console.dll, TcpClientExtensions.MessageLoopAsync: Polling on remoteEndPoint: 127.0.0.1:60446 localEndPoint: 127.0.0.1:60445 after 234 ms
TpTrace Verbose: 0 : 10992, 4, 2024/04/24, 16:28:14.274, 13901095590736, vstest.console.dll, MulticastDelegateUtilities.SafeInvoke: InternalTestLoggerEvents.SendTestResult: Invoking callback 1/1 for Microsoft.VisualStudio.TestPlatform.CommandLine.Internal.ConsoleLogger., took 4 ms.
TpTrace Verbose: 0 : 10992, 4, 2024/04/24, 16:28:14.275, 13901095598721, vstest.console.dll, MulticastDelegateUtilities.SafeInvoke: InternalTestLoggerEvents.SendTestResult: Invoking callback 1/1 for Microsoft.VisualStudio.TestPlatform.CommandLine.Internal.ConsoleLogger., took 0 ms.
TpTrace Verbose: 0 : 10992, 4, 2024/04/24, 16:28:14.275, 13901095600557, vstest.console.dll, MulticastDelegateUtilities.SafeInvoke: InternalTestLoggerEvents.SendTestResult: Invoking callback 1/1 for Microsoft.VisualStudio.TestPlatform.CommandLine.Internal.ConsoleLogger., took 0 ms.
TpTrace Verbose: 0 : 10992, 4, 2024/04/24, 16:28:14.275, 13901095601220, vstest.console.dll, MulticastDelegateUtilities.SafeInvoke: InternalTestLoggerEvents.SendTestResult: Invoking callback 1/1 for Microsoft.VisualStudio.TestPlatform.CommandLine.Internal.ConsoleLogger., took 0 ms.
TpTrace Verbose: 0 : 10992, 4, 2024/04/24, 16:28:14.275, 13901095601851, vstest.console.dll, MulticastDelegateUtilities.SafeInvoke: InternalTestLoggerEvents.SendTestResult: Invoking callback 1/1 for Microsoft.VisualStudio.TestPlatform.CommandLine.Internal.ConsoleLogger., took 0 ms.
TpTrace Verbose: 0 : 10992, 4, 2024/04/24, 16:28:14.275, 13901095602364, vstest.console.dll, MulticastDelegateUtilities.SafeInvoke: InternalTestLoggerEvents.SendTestResult: Invoking callback 1/1 for Microsoft.VisualStudio.TestPlatform.CommandLine.Internal.ConsoleLogger., took 0 ms.
TpTrace Verbose: 0 : 10992, 4, 2024/04/24, 16:28:14.275, 13901095602804, vstest.console.dll, MulticastDelegateUtilities.SafeInvoke: InternalTestLoggerEvents.SendTestResult: Invoking callback 1/1 for Microsoft.VisualStudio.TestPlatform.CommandLine.Internal.ConsoleLogger., took 0 ms.
TpTrace Verbose: 0 : 10992, 4, 2024/04/24, 16:28:14.275, 13901095603285, vstest.console.dll, MulticastDelegateUtilities.SafeInvoke: InternalTestLoggerEvents.SendTestResult: Invoking callback 1/1 for Microsoft.VisualStudio.TestPlatform.CommandLine.Internal.ConsoleLogger., took 0 ms.
TpTrace Verbose: 0 : 10992, 4, 2024/04/24, 16:28:14.275, 13901095603712, vstest.console.dll, MulticastDelegateUtilities.SafeInvoke: InternalTestLoggerEvents.SendTestResult: Invoking callback 1/1 for Microsoft.VisualStudio.TestPlatform.CommandLine.Internal.ConsoleLogger., took 0 ms.
TpTrace Verbose: 0 : 10992, 11, 2024/04/24, 16:28:14.282, 13901095672598, vstest.console.dll, TcpClientExtensions.MessageLoopAsync: NotifyDataAvailable remoteEndPoint: 127.0.0.1:60446 localEndPoint: 127.0.0.1:60445
TpTrace Verbose: 0 : 10992, 11, 2024/04/24, 16:28:14.282, 13901095677123, vstest.console.dll, TestRequestSender.OnExecutionMessageReceived: Received message: {"Version":7,"MessageType":"TestExecution.StatsChange","Payload":{"NewTestResults":[{"TestCase":{"Id":"bc99c508-feac-f60a-52da-8486f1ae91b7","FullyQualifiedName":"ShoppingTest.CartItemRepoTest.UpdateSuccessTest","DisplayName":"UpdateSuccessTest","ExecutorUri":"executor://NUnit3TestExecutor","Source":"C:\\Users\\VC\\Desktop\\training\\day11\\ShoppingSolution\\ShoppingTest\\bin\\Debug\\net8.0\\fine-code-coverage\\build-output\\ShoppingTest.dll","CodeFilePath":null,"LineNumber":0,"Properties":[{"Key":{"Id":"NUnit.Seed","Label":"Seed","Category":"","Description":"","Attributes":0,"ValueType":"System.String"},"Value":"1440446692"}]},"Attachments":[],"Outcome":1,"ErrorMessage":null,"ErrorStackTrace":null,"DisplayName":"UpdateSuccessTest","Messages":[],"ComputerName":"DESKTOP-RVR2IQF","Duration":"00:00:00.0014160","StartTime":"2024-04-24T10:58:14.1048343+00:00","EndTime":"2024-04-24T10:58:14.1062492+00:00","Properties":[{"Key":{"Id":"NUnit.Seed","Label":"Seed","Category":"","Description":"","Attributes":0,"ValueType":"System.String"},"Value":"1440446692"}]},{"TestCase":{"Id":"44fe8d37-300f-9f0f-fef8-cb16f2d737b7","FullyQualifiedName":"ShoppingTest.CartRepoTest.AddFailTest","DisplayName":"AddFailTest","ExecutorUri":"executor://NUnit3TestExecutor","Source":"C:\\Users\\VC\\Desktop\\training\\day11\\ShoppingSolution\\ShoppingTest\\bin\\Debug\\net8.0\\fine-code-coverage\\build-output\\ShoppingTest.dll","CodeFilePath":null,"LineNumber":0,"Properties":[{"Key":{"Id":"NUnit.Seed","Label":"Seed","Category":"","Description":"","Attributes":0,"ValueType":"System.String"},"Value":"1192094647"}]},"Attachments":[],"Outcome":1,"ErrorMessage":null,"ErrorStackTrace":null,"DisplayName":"AddFailTest","Messages":[],"ComputerName":"DESKTOP-RVR2IQF","Duration":"00:00:00.0015310","StartTime":"2024-04-24T10:58:14.1098265+00:00","EndTime":"2024-04-24T10:58:14.1113566+00:00","Properties":[{"Key":{"Id":"NUnit.Seed","Label":"Seed","Category":"","Description":"","Attributes":0,"ValueType":"System.String"},"Value":"1192094647"}]},{"TestCase":{"Id":"604d5d1d-0364-2f4a-1357-9ad718fc5d90","FullyQualifiedName":"ShoppingTest.CartRepoTest.AddSuccessTest","DisplayName":"AddSuccessTest","ExecutorUri":"executor://NUnit3TestExecutor","Source":"C:\\Users\\VC\\Desktop\\training\\day11\\ShoppingSolution\\ShoppingTest\\bin\\Debug\\net8.0\\fine-code-coverage\\build-output\\ShoppingTest.dll","CodeFilePath":null,"LineNumber":0,"Properties":[{"Key":{"Id":"NUnit.Seed","Label":"Seed","Category":"","Description":"","Attributes":0,"ValueType":"System.String"},"Value":"1765551895"}]},"Attachments":[],"Outcome":1,"ErrorMessage":null,"ErrorStackTrace":null,"DisplayName":"AddSuccessTest","Messages":[],"ComputerName":"DESKTOP-RVR2IQF","Duration":"00:00:00.0004030","StartTime":"2024-04-24T10:58:14.1113762+00:00","EndTime":"2024-04-24T10:58:14.1117793+00:00","Properties":[{"Key":{"Id":"NUnit.Seed","Label":"Seed","Category":"","Description":"","Attributes":0,"ValueType":"System.String"},"Value":"1765551895"}]},{"TestCase":{"Id":"2e18f264-8393-2074-689e-46a9cc70a693","FullyQualifiedName":"ShoppingTest.CartRepoTest.DeleteFailTest","DisplayName":"DeleteFailTest","ExecutorUri":"executor://NUnit3TestExecutor","Source":"C:\\Users\\VC\\Desktop\\training\\day11\\ShoppingSolution\\ShoppingTest\\bin\\Debug\\net8.0\\fine-code-coverage\\build-output\\ShoppingTest.dll","CodeFilePath":null,"LineNumber":0,"Properties":[{"Key":{"Id":"NUnit.Seed","Label":"Seed","Category":"","Description":"","Attributes":0,"ValueType":"System.String"},"Value":"61914537"}]},"Attachments":[],"Outcome":1,"ErrorMessage":null,"ErrorStackTrace":null,"DisplayName":"DeleteFailTest","Messages":[],"ComputerName":"DESKTOP-RVR2IQF","Duration":"00:00:00.0008840","StartTime":"2024-04-24T10:58:14.1118024+00:00","EndTime":"2024-04-24T10:58:14.1126858+00:00","Properties":[{"Key":{"Id":"NUnit.Seed","Label":"Seed","Category":"","Description":"","Attributes":0,"ValueType":"System.String"},"Value":"61914537"}]},{"TestCase":{"Id":"bc79eebb-3047-528d-ab45-bf8643cfdf10","FullyQualifiedName":"ShoppingTest.CartRepoTest.DeleteSuccessTest","DisplayName":"DeleteSuccessTest","ExecutorUri":"executor://NUnit3TestExecutor","Source":"C:\\Users\\VC\\Desktop\\training\\day11\\ShoppingSolution\\ShoppingTest\\bin\\Debug\\net8.0\\fine-code-coverage\\build-output\\ShoppingTest.dll","CodeFilePath":null,"LineNumber":0,"Properties":[{"Key":{"Id":"NUnit.Seed","Label":"Seed","Category":"","Description":"","Attributes":0,"ValueType":"System.String"},"Value":"366908922"}]},"Attachments":[],"Outcome":1,"ErrorMessage":null,"ErrorStackTrace":null,"DisplayName":"DeleteSuccessTest","Messages":[],"ComputerName":"DESKTOP-RVR2IQF","Duration":"00:00:00.0003600","StartTime":"2024-04-24T10:58:14.1127235+00:00","EndTime":"2024-04-24T10:58:14.1130834+00:00","Properties":[{"Key":{"Id":"NUnit.Seed","Label":"Seed","Category":"","Description":"","Attributes":0,"ValueType":"System.String"},"Value":"366908922"}]},{"TestCase":{"Id":"4c265aa7-40de-4f4c-58e2-b3aea75584c4","FullyQualifiedName":"ShoppingTest.CartRepoTest.GetAllFailTest","DisplayName":"GetAllFailTest","ExecutorUri":"executor://NUnit3TestExecutor","Source":"C:\\Users\\VC\\Desktop\\training\\day11\\ShoppingSolution\\ShoppingTest\\bin\\Debug\\net8.0\\fine-code-coverage\\build-output\\ShoppingTest.dll","CodeFilePath":null,"LineNumber":0,"Properties":[{"Key":{"Id":"NUnit.Seed","Label":"Seed","Category":"","Description":"","Attributes":0,"ValueType":"System.String"},"Value":"596238199"}]},"Attachments":[],"Outcome":1,"ErrorMessage":null,"ErrorStackTrace":null,"DisplayName":"GetAllFailTest","Messages":[],"ComputerName":"DESKTOP-RVR2IQF","Duration":"00:00:00.0001780","StartTime":"2024-04-24T10:58:14.1130977+00:00","EndTime":"2024-04-24T10:58:14.1132752+00:00","Properties":[{"Key":{"Id":"NUnit.Seed","Label":"Seed","Category":"","Description":"","Attributes":0,"ValueType":"System.String"},"Value":"596238199"}]},{"TestCase":{"Id":"c2303801-0a5c-c6d6-336a-928f44408661","FullyQualifiedName":"ShoppingTest.CartRepoTest.GetAllSuccessTest","DisplayName":"GetAllSuccessTest","ExecutorUri":"executor://NUnit3TestExecutor","Source":"C:\\Users\\VC\\Desktop\\training\\day11\\ShoppingSolution\\ShoppingTest\\bin\\Debug\\net8.0\\fine-code-coverage\\build-output\\ShoppingTest.dll","CodeFilePath":null,"LineNumber":0,"Properties":[{"Key":{"Id":"NUnit.Seed","Label":"Seed","Category":"","Description":"","Attributes":0,"ValueType":"System.String"},"Value":"1603494473"}]},"Attachments":[],"Outcome":1,"ErrorMessage":null,"ErrorStackTrace":null,"DisplayName":"GetAllSuccessTest","Messages":[],"ComputerName":"DESKTOP-RVR2IQF","Duration":"00:00:00.0004020","StartTime":"2024-04-24T10:58:14.1132872+00:00","EndTime":"2024-04-24T10:58:14.1136887+00:00","Properties":[{"Key":{"Id":"NUnit.Seed","Label":"Seed","Category":"","Description":"","Attributes":0,"ValueType":"System.String"},"Value":"1603494473"}]},{"TestCase":{"Id":"5d3fea9a-8b7c-8f33-cfee-96309b0e251f","FullyQualifiedName":"ShoppingTest.CartRepoTest.GetIdFailTest","DisplayName":"GetIdFailTest","ExecutorUri":"executor://NUnit3TestExecutor","Source":"C:\\Users\\VC\\Desktop\\training\\day11\\ShoppingSolution\\ShoppingTest\\bin\\Debug\\net8.0\\fine-code-coverage\\build-output\\ShoppingTest.dll","CodeFilePath":null,"LineNumber":0,"Properties":[{"Key":{"Id":"NUnit.Seed","Label":"Seed","Category":"","Description":"","Attributes":0,"ValueType":"System.String"},"Value":"147133443"}]},"Attachments":[],"Outcome":1,"ErrorMessage":null,"ErrorStackTrace":null,"DisplayName":"GetIdFailTest","Messages":[],"ComputerName":"DESKTOP-RVR2IQF","Duration":"00:00:00.0002390","StartTime":"2024-04-24T10:58:14.11371+00:00","EndTime":"2024-04-24T10:58:14.113949+00:00","Properties":[{"Key":{"Id":"NUnit.Seed","Label":"Seed","Category":"","Description":"","Attributes":0,"ValueType":"System.String"},"Value":"147133443"}]},{"TestCase":{"Id":"6c844e96-b785-f5fe-6c16-0f0242236a91","FullyQualifiedName":"ShoppingTest.CartRepoTest.GetIdSuccessTest","DisplayName":"GetIdSuccessTest","ExecutorUri":"executor://NUnit3TestExecutor","Source":"C:\\Users\\VC\\Desktop\\training\\day11\\ShoppingSolution\\ShoppingTest\\bin\\Debug\\net8.0\\fine-code-coverage\\build-output\\ShoppingTest.dll","CodeFilePath":null,"LineNumber":0,"Properties":[{"Key":{"Id":"NUnit.Seed","Label":"Seed","Category":"","Description":"","Attributes":0,"ValueType":"System.String"},"Value":"992459416"}]},"Attachments":[],"Outcome":1,"ErrorMessage":null,"ErrorStackTrace":null,"DisplayName":"GetIdSuccessTest","Messages":[],"ComputerName":"DESKTOP-RVR2IQF","Duration":"00:00:00.0002850","StartTime":"2024-04-24T10:58:14.1139599+00:00","EndTime":"2024-04-24T10:58:14.1142447+00:00","Properties":[{"Key":{"Id":"NUnit.Seed","Label":"Seed","Category":"","Description":"","Attributes":0,"ValueType":"System.String"},"Value":"992459416"}]}],"TestRunStatistics":{"ExecutedTests":18,"Stats":{"Passed":18}},"ActiveTests":[{"Id":"eb3c3033-04d6-da78-b405-47b187a9933c","FullyQualifiedName":"ShoppingTest.CartRepoTest.UpdateFailTest","DisplayName":"UpdateFailTest","ExecutorUri":"executor://NUnit3TestExecutor","Source":"C:\\Users\\VC\\Desktop\\training\\day11\\ShoppingSolution\\ShoppingTest\\bin\\Debug\\net8.0\\fine-code-coverage\\build-output\\ShoppingTest.dll","CodeFilePath":null,"LineNumber":0,"Properties":[{"Key":{"Id":"NUnit.Seed","Label":"Seed","Category":"","Description":"","Attributes":0,"ValueType":"System.String"},"Value":"1102296046"}]}]}}
TpTrace Verbose: 0 : 10992, 11, 2024/04/24, 16:28:14.286, 13901095708286, vstest.console.dll, TestRunRequest:SendTestRunStatsChange: Starting.
TpTrace Verbose: 0 : 10992, 11, 2024/04/24, 16:28:14.286, 13901095709678, vstest.console.dll, InProgress is UpdateFailTest
TpTrace Verbose: 0 : 10992, 11, 2024/04/24, 16:28:14.286, 13901095711345, vstest.console.dll, MulticastDelegateUtilities.SafeInvoke: TestRun.RunStatsChanged: Invoking callbacks was skipped because there are no subscribers.
TpTrace Information: 0 : 10992, 11, 2024/04/24, 16:28:14.286, 13901095712165, vstest.console.dll, TestRunRequest:SendTestRunStatsChange: Completed.
TpTrace Verbose: 0 : 10992, 11, 2024/04/24, 16:28:14.286, 13901095713595, vstest.console.dll, MulticastDelegateUtilities.SafeInvoke: LengthPrefixCommunicationChannel: MessageReceived: Invoking callback 1/1 for Microsoft.VisualStudio.TestPlatform.CommunicationUtilities.TestRequestSender+<>c__DisplayClass34_0., took 3 ms.
TpTrace Verbose: 0 : 10992, 11, 2024/04/24, 16:28:14.286, 13901095714756, vstest.console.dll, TcpClientExtensions.MessageLoopAsync: Polling on remoteEndPoint: 127.0.0.1:60446 localEndPoint: 127.0.0.1:60445 after 16 ms
TpTrace Verbose: 0 : 10992, 4, 2024/04/24, 16:28:14.286, 13901095712521, vstest.console.dll, MulticastDelegateUtilities.SafeInvoke: InternalTestLoggerEvents.SendTestResult: Invoking callback 1/1 for Microsoft.VisualStudio.TestPlatform.CommandLine.Internal.ConsoleLogger., took 0 ms.
TpTrace Verbose: 0 : 10992, 4, 2024/04/24, 16:28:14.286, 13901095716602, vstest.console.dll, MulticastDelegateUtilities.SafeInvoke: InternalTestLoggerEvents.SendTestResult: Invoking callback 1/1 for Microsoft.VisualStudio.TestPlatform.CommandLine.Internal.ConsoleLogger., took 0 ms.
TpTrace Verbose: 0 : 10992, 4, 2024/04/24, 16:28:14.288, 13901095729023, vstest.console.dll, MulticastDelegateUtilities.SafeInvoke: InternalTestLoggerEvents.SendTestResult: Invoking callback 1/1 for Microsoft.VisualStudio.TestPlatform.CommandLine.Internal.ConsoleLogger., took 1 ms.
TpTrace Verbose: 0 : 10992, 4, 2024/04/24, 16:28:14.288, 13901095729883, vstest.console.dll, MulticastDelegateUtilities.SafeInvoke: InternalTestLoggerEvents.SendTestResult: Invoking callback 1/1 for Microsoft.VisualStudio.TestPlatform.CommandLine.Internal.ConsoleLogger., took 0 ms.
TpTrace Verbose: 0 : 10992, 4, 2024/04/24, 16:28:14.288, 13901095730442, vstest.console.dll, MulticastDelegateUtilities.SafeInvoke: InternalTestLoggerEvents.SendTestResult: Invoking callback 1/1 for Microsoft.VisualStudio.TestPlatform.CommandLine.Internal.ConsoleLogger., took 0 ms.
TpTrace Verbose: 0 : 10992, 4, 2024/04/24, 16:28:14.288, 13901095730882, vstest.console.dll, MulticastDelegateUtilities.SafeInvoke: InternalTestLoggerEvents.SendTestResult: Invoking callback 1/1 for Microsoft.VisualStudio.TestPlatform.CommandLine.Internal.ConsoleLogger., took 0 ms.
TpTrace Verbose: 0 : 10992, 4, 2024/04/24, 16:28:14.288, 13901095731266, vstest.console.dll, MulticastDelegateUtilities.SafeInvoke: InternalTestLoggerEvents.SendTestResult: Invoking callback 1/1 for Microsoft.VisualStudio.TestPlatform.CommandLine.Internal.ConsoleLogger., took 0 ms.
TpTrace Verbose: 0 : 10992, 4, 2024/04/24, 16:28:14.288, 13901095731615, vstest.console.dll, MulticastDelegateUtilities.SafeInvoke: InternalTestLoggerEvents.SendTestResult: Invoking callback 1/1 for Microsoft.VisualStudio.TestPlatform.CommandLine.Internal.ConsoleLogger., took 0 ms.
TpTrace Verbose: 0 : 10992, 4, 2024/04/24, 16:28:14.288, 13901095732005, vstest.console.dll, MulticastDelegateUtilities.SafeInvoke: InternalTestLoggerEvents.SendTestResult: Invoking callback 1/1 for Microsoft.VisualStudio.TestPlatform.CommandLine.Internal.ConsoleLogger., took 0 ms.
TpTrace Verbose: 0 : 10992, 11, 2024/04/24, 16:28:14.330, 13901096148440, vstest.console.dll, TcpClientExtensions.MessageLoopAsync: NotifyDataAvailable remoteEndPoint: 127.0.0.1:60446 localEndPoint: 127.0.0.1:60445
TpTrace Verbose: 0 : 10992, 11, 2024/04/24, 16:28:14.330, 13901096153784, vstest.console.dll, TestRequestSender.OnExecutionMessageReceived: Received message: {"Version":7,"MessageType":"TestExecution.StatsChange","Payload":{"NewTestResults":[{"TestCase":{"Id":"eb3c3033-04d6-da78-b405-47b187a9933c","FullyQualifiedName":"ShoppingTest.CartRepoTest.UpdateFailTest","DisplayName":"UpdateFailTest","ExecutorUri":"executor://NUnit3TestExecutor","Source":"C:\\Users\\VC\\Desktop\\training\\day11\\ShoppingSolution\\ShoppingTest\\bin\\Debug\\net8.0\\fine-code-coverage\\build-output\\ShoppingTest.dll","CodeFilePath":null,"LineNumber":0,"Properties":[{"Key":{"Id":"NUnit.Seed","Label":"Seed","Category":"","Description":"","Attributes":0,"ValueType":"System.String"},"Value":"1102296046"}]},"Attachments":[],"Outcome":1,"ErrorMessage":null,"ErrorStackTrace":null,"DisplayName":"UpdateFailTest","Messages":[],"ComputerName":"DESKTOP-RVR2IQF","Duration":"00:00:00.0013240","StartTime":"2024-04-24T10:58:14.119058+00:00","EndTime":"2024-04-24T10:58:14.1203818+00:00","Properties":[{"Key":{"Id":"NUnit.Seed","Label":"Seed","Category":"","Description":"","Attributes":0,"ValueType":"System.String"},"Value":"1102296046"}]},{"TestCase":{"Id":"2e4db6ae-53ad-9d89-cfc4-61b363083937","FullyQualifiedName":"ShoppingTest.CartRepoTest.UpdateSuccessTest","DisplayName":"UpdateSuccessTest","ExecutorUri":"executor://NUnit3TestExecutor","Source":"C:\\Users\\VC\\Desktop\\training\\day11\\ShoppingSolution\\ShoppingTest\\bin\\Debug\\net8.0\\fine-code-coverage\\build-output\\ShoppingTest.dll","CodeFilePath":null,"LineNumber":0,"Properties":[{"Key":{"Id":"NUnit.Seed","Label":"Seed","Category":"","Description":"","Attributes":0,"ValueType":"System.String"},"Value":"944128505"}]},"Attachments":[],"Outcome":1,"ErrorMessage":null,"ErrorStackTrace":null,"DisplayName":"UpdateSuccessTest","Messages":[],"ComputerName":"DESKTOP-RVR2IQF","Duration":"00:00:00.0006320","StartTime":"2024-04-24T10:58:14.1204118+00:00","EndTime":"2024-04-24T10:58:14.1210441+00:00","Properties":[{"Key":{"Id":"NUnit.Seed","Label":"Seed","Category":"","Description":"","Attributes":0,"ValueType":"System.String"},"Value":"944128505"}]},{"TestCase":{"Id":"e127cdd1-bfa7-7635-c304-8bfa8b2a1777","FullyQualifiedName":"ShoppingTest.CustomerRepoTest.AddFailTest","DisplayName":"AddFailTest","ExecutorUri":"executor://NUnit3TestExecutor","Source":"C:\\Users\\VC\\Desktop\\training\\day11\\ShoppingSolution\\ShoppingTest\\bin\\Debug\\net8.0\\fine-code-coverage\\build-output\\ShoppingTest.dll","CodeFilePath":null,"LineNumber":0,"Properties":[{"Key":{"Id":"NUnit.Seed","Label":"Seed","Category":"","Description":"","Attributes":0,"ValueType":"System.String"},"Value":"49565453"}]},"Attachments":[],"Outcome":1,"ErrorMessage":null,"ErrorStackTrace":null,"DisplayName":"AddFailTest","Messages":[],"ComputerName":"DESKTOP-RVR2IQF","Duration":"00:00:00.0011130","StartTime":"2024-04-24T10:58:14.1212623+00:00","EndTime":"2024-04-24T10:58:14.1223751+00:00","Properties":[{"Key":{"Id":"NUnit.Seed","Label":"Seed","Category":"","Description":"","Attributes":0,"ValueType":"System.String"},"Value":"49565453"}]},{"TestCase":{"Id":"744bfb2b-6709-d530-c2c6-f96fc0efc51b","FullyQualifiedName":"ShoppingTest.CustomerRepoTest.AddSuccessTest","DisplayName":"AddSuccessTest","ExecutorUri":"executor://NUnit3TestExecutor","Source":"C:\\Users\\VC\\Desktop\\training\\day11\\ShoppingSolution\\ShoppingTest\\bin\\Debug\\net8.0\\fine-code-coverage\\build-output\\ShoppingTest.dll","CodeFilePath":null,"LineNumber":0,"Properties":[{"Key":{"Id":"NUnit.Seed","Label":"Seed","Category":"","Description":"","Attributes":0,"ValueType":"System.String"},"Value":"2079870041"}]},"Attachments":[],"Outcome":1,"ErrorMessage":null,"ErrorStackTrace":null,"DisplayName":"AddSuccessTest","Messages":[],"ComputerName":"DESKTOP-RVR2IQF","Duration":"00:00:00.0002520","StartTime":"2024-04-24T10:58:14.1223952+00:00","EndTime":"2024-04-24T10:58:14.1226468+00:00","Properties":[{"Key":{"Id":"NUnit.Seed","Label":"Seed","Category":"","Description":"","Attributes":0,"ValueType":"System.String"},"Value":"2079870041"}]},{"TestCase":{"Id":"34fa4399-5b9b-4810-5601-6b0e2efd9c66","FullyQualifiedName":"ShoppingTest.CustomerRepoTest.DeleteFailTest","DisplayName":"DeleteFailTest","ExecutorUri":"executor://NUnit3TestExecutor","Source":"C:\\Users\\VC\\Desktop\\training\\day11\\ShoppingSolution\\ShoppingTest\\bin\\Debug\\net8.0\\fine-code-coverage\\build-output\\ShoppingTest.dll","CodeFilePath":null,"LineNumber":0,"Properties":[{"Key":{"Id":"NUnit.Seed","Label":"Seed","Category":"","Description":"","Attributes":0,"ValueType":"System.String"},"Value":"811472612"}]},"Attachments":[],"Outcome":1,"ErrorMessage":null,"ErrorStackTrace":null,"DisplayName":"DeleteFailTest","Messages":[],"ComputerName":"DESKTOP-RVR2IQF","Duration":"00:00:00.0011180","StartTime":"2024-04-24T10:58:14.1226633+00:00","EndTime":"2024-04-24T10:58:14.1237809+00:00","Properties":[{"Key":{"Id":"NUnit.Seed","Label":"Seed","Category":"","Description":"","Attributes":0,"ValueType":"System.String"},"Value":"811472612"}]},{"TestCase":{"Id":"97fa7334-2bca-8250-639a-1665effd38cd","FullyQualifiedName":"ShoppingTest.CustomerRepoTest.DeleteSuccessTest","DisplayName":"DeleteSuccessTest","ExecutorUri":"executor://NUnit3TestExecutor","Source":"C:\\Users\\VC\\Desktop\\training\\day11\\ShoppingSolution\\ShoppingTest\\bin\\Debug\\net8.0\\fine-code-coverage\\build-output\\ShoppingTest.dll","CodeFilePath":null,"LineNumber":0,"Properties":[{"Key":{"Id":"NUnit.Seed","Label":"Seed","Category":"","Description":"","Attributes":0,"ValueType":"System.String"},"Value":"515980503"}]},"Attachments":[],"Outcome":1,"ErrorMessage":null,"ErrorStackTrace":null,"DisplayName":"DeleteSuccessTest","Messages":[],"ComputerName":"DESKTOP-RVR2IQF","Duration":"00:00:00.0001860","StartTime":"2024-04-24T10:58:14.1237975+00:00","EndTime":"2024-04-24T10:58:14.123983+00:00","Properties":[{"Key":{"Id":"NUnit.Seed","Label":"Seed","Category":"","Description":"","Attributes":0,"ValueType":"System.String"},"Value":"515980503"}]},{"TestCase":{"Id":"00573be2-70df-021f-a576-bbc94eedc7e9","FullyQualifiedName":"ShoppingTest.CustomerRepoTest.GetAllFailTest","DisplayName":"GetAllFailTest","ExecutorUri":"executor://NUnit3TestExecutor","Source":"C:\\Users\\VC\\Desktop\\training\\day11\\ShoppingSolution\\ShoppingTest\\bin\\Debug\\net8.0\\fine-code-coverage\\build-output\\ShoppingTest.dll","CodeFilePath":null,"LineNumber":0,"Properties":[{"Key":{"Id":"NUnit.Seed","Label":"Seed","Category":"","Description":"","Attributes":0,"ValueType":"System.String"},"Value":"1571816577"}]},"Attachments":[],"Outcome":1,"ErrorMessage":null,"ErrorStackTrace":null,"DisplayName":"GetAllFailTest","Messages":[],"ComputerName":"DESKTOP-RVR2IQF","Duration":"00:00:00.0001830","StartTime":"2024-04-24T10:58:14.1239979+00:00","EndTime":"2024-04-24T10:58:14.1241807+00:00","Properties":[{"Key":{"Id":"NUnit.Seed","Label":"Seed","Category":"","Description":"","Attributes":0,"ValueType":"System.String"},"Value":"1571816577"}]},{"TestCase":{"Id":"12d23291-8f6a-48bb-47ea-f833030af5a4","FullyQualifiedName":"ShoppingTest.CustomerRepoTest.GetAllSuccessTest","DisplayName":"GetAllSuccessTest","ExecutorUri":"executor://NUnit3TestExecutor","Source":"C:\\Users\\VC\\Desktop\\training\\day11\\ShoppingSolution\\ShoppingTest\\bin\\Debug\\net8.0\\fine-code-coverage\\build-output\\ShoppingTest.dll","CodeFilePath":null,"LineNumber":0,"Properties":[{"Key":{"Id":"NUnit.Seed","Label":"Seed","Category":"","Description":"","Attributes":0,"ValueType":"System.String"},"Value":"611395054"}]},"Attachments":[],"Outcome":1,"ErrorMessage":null,"ErrorStackTrace":null,"DisplayName":"GetAllSuccessTest","Messages":[],"ComputerName":"DESKTOP-RVR2IQF","Duration":"00:00:00.0003690","StartTime":"2024-04-24T10:58:14.1241958+00:00","EndTime":"2024-04-24T10:58:14.1245643+00:00","Properties":[{"Key":{"Id":"NUnit.Seed","Label":"Seed","Category":"","Description":"","Attributes":0,"ValueType":"System.String"},"Value":"611395054"}]},{"TestCase":{"Id":"9a570a9e-82ae-c716-582e-4cedf3d37bee","FullyQualifiedName":"ShoppingTest.CustomerRepoTest.GetIdFailTest","DisplayName":"GetIdFailTest","ExecutorUri":"executor://NUnit3TestExecutor","Source":"C:\\Users\\VC\\Desktop\\training\\day11\\ShoppingSolution\\ShoppingTest\\bin\\Debug\\net8.0\\fine-code-coverage\\build-output\\ShoppingTest.dll","CodeFilePath":null,"LineNumber":0,"Properties":[{"Key":{"Id":"NUnit.Seed","Label":"Seed","Category":"","Description":"","Attributes":0,"ValueType":"System.String"},"Value":"41083901"}]},"Attachments":[],"Outcome":1,"ErrorMessage":null,"ErrorStackTrace":null,"DisplayName":"GetIdFailTest","Messages":[],"ComputerName":"DESKTOP-RVR2IQF","Duration":"00:00:00.0004080","StartTime":"2024-04-24T10:58:14.1245798+00:00","EndTime":"2024-04-24T10:58:14.1249875+00:00","Properties":[{"Key":{"Id":"NUnit.Seed","Label":"Seed","Category":"","Description":"","Attributes":0,"ValueType":"System.String"},"Value":"41083901"}]}],"TestRunStatistics":{"ExecutedTests":27,"Stats":{"Passed":27}},"ActiveTests":[{"Id":"04d2037a-10dc-7c5e-17d1-71403c9b5da3","FullyQualifiedName":"ShoppingTest.CustomerRepoTest.GetIdSuccessTest","DisplayName":"GetIdSuccessTest","ExecutorUri":"executor://NUnit3TestExecutor","Source":"C:\\Users\\VC\\Desktop\\training\\day11\\ShoppingSolution\\ShoppingTest\\bin\\Debug\\net8.0\\fine-code-coverage\\build-output\\ShoppingTest.dll","CodeFilePath":null,"LineNumber":0,"Properties":[{"Key":{"Id":"NUnit.Seed","Label":"Seed","Category":"","Description":"","Attributes":0,"ValueType":"System.String"},"Value":"2030512717"}]}]}}
TpTrace Verbose: 0 : 10992, 11, 2024/04/24, 16:28:14.331, 13901096166367, vstest.console.dll, TestRunRequest:SendTestRunStatsChange: Starting.
TpTrace Verbose: 0 : 10992, 11, 2024/04/24, 16:28:14.331, 13901096167070, vstest.console.dll, InProgress is GetIdSuccessTest
TpTrace Verbose: 0 : 10992, 11, 2024/04/24, 16:28:14.332, 13901096167862, vstest.console.dll, MulticastDelegateUtilities.SafeInvoke: TestRun.RunStatsChanged: Invoking callbacks was skipped because there are no subscribers.
TpTrace Information: 0 : 10992, 11, 2024/04/24, 16:28:14.332, 13901096168165, vstest.console.dll, TestRunRequest:SendTestRunStatsChange: Completed.
TpTrace Verbose: 0 : 10992, 11, 2024/04/24, 16:28:14.332, 13901096168486, vstest.console.dll, MulticastDelegateUtilities.SafeInvoke: LengthPrefixCommunicationChannel: MessageReceived: Invoking callback 1/1 for Microsoft.VisualStudio.TestPlatform.CommunicationUtilities.TestRequestSender+<>c__DisplayClass34_0., took 1 ms.
TpTrace Verbose: 0 : 10992, 4, 2024/04/24, 16:28:14.332, 13901096168523, vstest.console.dll, MulticastDelegateUtilities.SafeInvoke: InternalTestLoggerEvents.SendTestResult: Invoking callback 1/1 for Microsoft.VisualStudio.TestPlatform.CommandLine.Internal.ConsoleLogger., took 0 ms.
TpTrace Verbose: 0 : 10992, 11, 2024/04/24, 16:28:14.332, 13901096168866, vstest.console.dll, TcpClientExtensions.MessageLoopAsync: Polling on remoteEndPoint: 127.0.0.1:60446 localEndPoint: 127.0.0.1:60445 after 45 ms
TpTrace Verbose: 0 : 10992, 4, 2024/04/24, 16:28:14.332, 13901096170787, vstest.console.dll, MulticastDelegateUtilities.SafeInvoke: InternalTestLoggerEvents.SendTestResult: Invoking callback 1/1 for Microsoft.VisualStudio.TestPlatform.CommandLine.Internal.ConsoleLogger., took 0 ms.
TpTrace Verbose: 0 : 10992, 4, 2024/04/24, 16:28:14.332, 13901096172015, vstest.console.dll, MulticastDelegateUtilities.SafeInvoke: InternalTestLoggerEvents.SendTestResult: Invoking callback 1/1 for Microsoft.VisualStudio.TestPlatform.CommandLine.Internal.ConsoleLogger., took 0 ms.
TpTrace Verbose: 0 : 10992, 4, 2024/04/24, 16:28:14.332, 13901096172649, vstest.console.dll, MulticastDelegateUtilities.SafeInvoke: InternalTestLoggerEvents.SendTestResult: Invoking callback 1/1 for Microsoft.VisualStudio.TestPlatform.CommandLine.Internal.ConsoleLogger., took 0 ms.
TpTrace Verbose: 0 : 10992, 4, 2024/04/24, 16:28:14.332, 13901096173782, vstest.console.dll, MulticastDelegateUtilities.SafeInvoke: InternalTestLoggerEvents.SendTestResult: Invoking callback 1/1 for Microsoft.VisualStudio.TestPlatform.CommandLine.Internal.ConsoleLogger., took 0 ms.
TpTrace Verbose: 0 : 10992, 4, 2024/04/24, 16:28:14.332, 13901096174501, vstest.console.dll, MulticastDelegateUtilities.SafeInvoke: InternalTestLoggerEvents.SendTestResult: Invoking callback 1/1 for Microsoft.VisualStudio.TestPlatform.CommandLine.Internal.ConsoleLogger., took 0 ms.
TpTrace Verbose: 0 : 10992, 4, 2024/04/24, 16:28:14.332, 13901096175076, vstest.console.dll, MulticastDelegateUtilities.SafeInvoke: InternalTestLoggerEvents.SendTestResult: Invoking callback 1/1 for Microsoft.VisualStudio.TestPlatform.CommandLine.Internal.ConsoleLogger., took 0 ms.
TpTrace Verbose: 0 : 10992, 4, 2024/04/24, 16:28:14.332, 13901096175514, vstest.console.dll, MulticastDelegateUtilities.SafeInvoke: InternalTestLoggerEvents.SendTestResult: Invoking callback 1/1 for Microsoft.VisualStudio.TestPlatform.CommandLine.Internal.ConsoleLogger., took 0 ms.
TpTrace Verbose: 0 : 10992, 4, 2024/04/24, 16:28:14.332, 13901096176023, vstest.console.dll, MulticastDelegateUtilities.SafeInvoke: InternalTestLoggerEvents.SendTestResult: Invoking callback 1/1 for Microsoft.VisualStudio.TestPlatform.CommandLine.Internal.ConsoleLogger., took 0 ms.
TpTrace Verbose: 0 : 10992, 11, 2024/04/24, 16:28:14.360, 13901096452574, vstest.console.dll, TcpClientExtensions.MessageLoopAsync: NotifyDataAvailable remoteEndPoint: 127.0.0.1:60446 localEndPoint: 127.0.0.1:60445
TpTrace Verbose: 0 : 10992, 11, 2024/04/24, 16:28:14.360, 13901096456741, vstest.console.dll, TestRequestSender.OnExecutionMessageReceived: Received message: {"Version":7,"MessageType":"TestExecution.StatsChange","Payload":{"NewTestResults":[{"TestCase":{"Id":"04d2037a-10dc-7c5e-17d1-71403c9b5da3","FullyQualifiedName":"ShoppingTest.CustomerRepoTest.GetIdSuccessTest","DisplayName":"GetIdSuccessTest","ExecutorUri":"executor://NUnit3TestExecutor","Source":"C:\\Users\\VC\\Desktop\\training\\day11\\ShoppingSolution\\ShoppingTest\\bin\\Debug\\net8.0\\fine-code-coverage\\build-output\\ShoppingTest.dll","CodeFilePath":null,"LineNumber":0,"Properties":[{"Key":{"Id":"NUnit.Seed","Label":"Seed","Category":"","Description":"","Attributes":0,"ValueType":"System.String"},"Value":"2030512717"}]},"Attachments":[],"Outcome":1,"ErrorMessage":null,"ErrorStackTrace":null,"DisplayName":"GetIdSuccessTest","Messages":[],"ComputerName":"DESKTOP-RVR2IQF","Duration":"00:00:00.0002290","StartTime":"2024-04-24T10:58:14.1250084+00:00","EndTime":"2024-04-24T10:58:14.1252368+00:00","Properties":[{"Key":{"Id":"NUnit.Seed","Label":"Seed","Category":"","Description":"","Attributes":0,"ValueType":"System.String"},"Value":"2030512717"}]},{"TestCase":{"Id":"241dbbff-2873-8295-b8ee-4e14e5ec8cf5","FullyQualifiedName":"ShoppingTest.CustomerRepoTest.UpdateFailTest","DisplayName":"UpdateFailTest","ExecutorUri":"executor://NUnit3TestExecutor","Source":"C:\\Users\\VC\\Desktop\\training\\day11\\ShoppingSolution\\ShoppingTest\\bin\\Debug\\net8.0\\fine-code-coverage\\build-output\\ShoppingTest.dll","CodeFilePath":null,"LineNumber":0,"Properties":[{"Key":{"Id":"NUnit.Seed","Label":"Seed","Category":"","Description":"","Attributes":0,"ValueType":"System.String"},"Value":"399599165"}]},"Attachments":[],"Outcome":1,"ErrorMessage":null,"ErrorStackTrace":null,"DisplayName":"UpdateFailTest","Messages":[],"ComputerName":"DESKTOP-RVR2IQF","Duration":"00:00:00.0006830","StartTime":"2024-04-24T10:58:14.125253+00:00","EndTime":"2024-04-24T10:58:14.1259358+00:00","Properties":[{"Key":{"Id":"NUnit.Seed","Label":"Seed","Category":"","Description":"","Attributes":0,"ValueType":"System.String"},"Value":"399599165"}]},{"TestCase":{"Id":"fbd534ff-8fc5-c3d7-f463-4d7c8b264082","FullyQualifiedName":"ShoppingTest.CustomerRepoTest.UpdateSuccessTest","DisplayName":"UpdateSuccessTest","ExecutorUri":"executor://NUnit3TestExecutor","Source":"C:\\Users\\VC\\Desktop\\training\\day11\\ShoppingSolution\\ShoppingTest\\bin\\Debug\\net8.0\\fine-code-coverage\\build-output\\ShoppingTest.dll","CodeFilePath":null,"LineNumber":0,"Properties":[{"Key":{"Id":"NUnit.Seed","Label":"Seed","Category":"","Description":"","Attributes":0,"ValueType":"System.String"},"Value":"1773695672"}]},"Attachments":[],"Outcome":1,"ErrorMessage":null,"ErrorStackTrace":null,"DisplayName":"UpdateSuccessTest","Messages":[],"ComputerName":"DESKTOP-RVR2IQF","Duration":"00:00:00.0002650","StartTime":"2024-04-24T10:58:14.1259551+00:00","EndTime":"2024-04-24T10:58:14.1262198+00:00","Properties":[{"Key":{"Id":"NUnit.Seed","Label":"Seed","Category":"","Description":"","Attributes":0,"ValueType":"System.String"},"Value":"1773695672"}]},{"TestCase":{"Id":"64ff5afb-2a56-b1cd-2261-b838aaf3c053","FullyQualifiedName":"ShoppingTest.ProductRepoTest.AddFailTest","DisplayName":"AddFailTest","ExecutorUri":"executor://NUnit3TestExecutor","Source":"C:\\Users\\VC\\Desktop\\training\\day11\\ShoppingSolution\\ShoppingTest\\bin\\Debug\\net8.0\\fine-code-coverage\\build-output\\ShoppingTest.dll","CodeFilePath":null,"LineNumber":0,"Properties":[{"Key":{"Id":"NUnit.Seed","Label":"Seed","Category":"","Description":"","Attributes":0,"ValueType":"System.String"},"Value":"1209175778"}]},"Attachments":[],"Outcome":1,"ErrorMessage":null,"ErrorStackTrace":null,"DisplayName":"AddFailTest","Messages":[],"ComputerName":"DESKTOP-RVR2IQF","Duration":"00:00:00.0011329","StartTime":"2024-04-24T10:58:14.1264168+00:00","EndTime":"2024-04-24T10:58:14.1275492+00:00","Properties":[{"Key":{"Id":"NUnit.Seed","Label":"Seed","Category":"","Description":"","Attributes":0,"ValueType":"System.String"},"Value":"1209175778"}]},{"TestCase":{"Id":"b54b0dca-6488-0bd9-3c30-aef7179a3135","FullyQualifiedName":"ShoppingTest.ProductRepoTest.AddSuccessTest","DisplayName":"AddSuccessTest","ExecutorUri":"executor://NUnit3TestExecutor","Source":"C:\\Users\\VC\\Desktop\\training\\day11\\ShoppingSolution\\ShoppingTest\\bin\\Debug\\net8.0\\fine-code-coverage\\build-output\\ShoppingTest.dll","CodeFilePath":null,"LineNumber":0,"Properties":[{"Key":{"Id":"NUnit.Seed","Label":"Seed","Category":"","Description":"","Attributes":0,"ValueType":"System.String"},"Value":"1248816594"}]},"Attachments":[],"Outcome":1,"ErrorMessage":null,"ErrorStackTrace":null,"DisplayName":"AddSuccessTest","Messages":[],"ComputerName":"DESKTOP-RVR2IQF","Duration":"00:00:00.0003210","StartTime":"2024-04-24T10:58:14.1275735+00:00","EndTime":"2024-04-24T10:58:14.1278947+00:00","Properties":[{"Key":{"Id":"NUnit.Seed","Label":"Seed","Category":"","Description":"","Attributes":0,"ValueType":"System.String"},"Value":"1248816594"}]},{"TestCase":{"Id":"38627c80-00fd-76a1-f58a-b046ccd0fbba","FullyQualifiedName":"ShoppingTest.ProductRepoTest.DeleteFailTest","DisplayName":"DeleteFailTest","ExecutorUri":"executor://NUnit3TestExecutor","Source":"C:\\Users\\VC\\Desktop\\training\\day11\\ShoppingSolution\\ShoppingTest\\bin\\Debug\\net8.0\\fine-code-coverage\\build-output\\ShoppingTest.dll","CodeFilePath":null,"LineNumber":0,"Properties":[{"Key":{"Id":"NUnit.Seed","Label":"Seed","Category":"","Description":"","Attributes":0,"ValueType":"System.String"},"Value":"305921814"}]},"Attachments":[],"Outcome":1,"ErrorMessage":null,"ErrorStackTrace":null,"DisplayName":"DeleteFailTest","Messages":[],"ComputerName":"DESKTOP-RVR2IQF","Duration":"00:00:00.0007610","StartTime":"2024-04-24T10:58:14.1279189+00:00","EndTime":"2024-04-24T10:58:14.12868+00:00","Properties":[{"Key":{"Id":"NUnit.Seed","Label":"Seed","Category":"","Description":"","Attributes":0,"ValueType":"System.String"},"Value":"305921814"}]},{"TestCase":{"Id":"43c695d9-fd2f-fd0e-7713-34ec77b857b3","FullyQualifiedName":"ShoppingTest.ProductRepoTest.DeleteSuccessTest","DisplayName":"DeleteSuccessTest","ExecutorUri":"executor://NUnit3TestExecutor","Source":"C:\\Users\\VC\\Desktop\\training\\day11\\ShoppingSolution\\ShoppingTest\\bin\\Debug\\net8.0\\fine-code-coverage\\build-output\\ShoppingTest.dll","CodeFilePath":null,"LineNumber":0,"Properties":[{"Key":{"Id":"NUnit.Seed","Label":"Seed","Category":"","Description":"","Attributes":0,"ValueType":"System.String"},"Value":"2053754087"}]},"Attachments":[],"Outcome":1,"ErrorMessage":null,"ErrorStackTrace":null,"DisplayName":"DeleteSuccessTest","Messages":[],"ComputerName":"DESKTOP-RVR2IQF","Duration":"00:00:00.0002140","StartTime":"2024-04-24T10:58:14.1286977+00:00","EndTime":"2024-04-24T10:58:14.1289114+00:00","Properties":[{"Key":{"Id":"NUnit.Seed","Label":"Seed","Category":"","Description":"","Attributes":0,"ValueType":"System.String"},"Value":"2053754087"}]},{"TestCase":{"Id":"9e462e1d-e3ca-1f66-d6d1-df2bf0e3ee14","FullyQualifiedName":"ShoppingTest.ProductRepoTest.GetAllFailTest","DisplayName":"GetAllFailTest","ExecutorUri":"executor://NUnit3TestExecutor","Source":"C:\\Users\\VC\\Desktop\\training\\day11\\ShoppingSolution\\ShoppingTest\\bin\\Debug\\net8.0\\fine-code-coverage\\build-output\\ShoppingTest.dll","CodeFilePath":null,"LineNumber":0,"Properties":[{"Key":{"Id":"NUnit.Seed","Label":"Seed","Category":"","Description":"","Attributes":0,"ValueType":"System.String"},"Value":"934748387"}]},"Attachments":[],"Outcome":1,"ErrorMessage":null,"ErrorStackTrace":null,"DisplayName":"GetAllFailTest","Messages":[],"ComputerName":"DESKTOP-RVR2IQF","Duration":"00:00:00.0001560","StartTime":"2024-04-24T10:58:14.1289256+00:00","EndTime":"2024-04-24T10:58:14.129081+00:00","Properties":[{"Key":{"Id":"NUnit.Seed","Label":"Seed","Category":"","Description":"","Attributes":0,"ValueType":"System.String"},"Value":"934748387"}]},{"TestCase":{"Id":"71ecd91b-4cc3-a7ba-1286-2f2a761e7a31","FullyQualifiedName":"ShoppingTest.ProductRepoTest.GetAllSuccessTest","DisplayName":"GetAllSuccessTest","ExecutorUri":"executor://NUnit3TestExecutor","Source":"C:\\Users\\VC\\Desktop\\training\\day11\\ShoppingSolution\\ShoppingTest\\bin\\Debug\\net8.0\\fine-code-coverage\\build-output\\ShoppingTest.dll","CodeFilePath":null,"LineNumber":0,"Properties":[{"Key":{"Id":"NUnit.Seed","Label":"Seed","Category":"","Description":"","Attributes":0,"ValueType":"System.String"},"Value":"188411507"}]},"Attachments":[],"Outcome":1,"ErrorMessage":null,"ErrorStackTrace":null,"DisplayName":"GetAllSuccessTest","Messages":[],"ComputerName":"DESKTOP-RVR2IQF","Duration":"00:00:00.0002670","StartTime":"2024-04-24T10:58:14.1290913+00:00","EndTime":"2024-04-24T10:58:14.1293584+00:00","Properties":[{"Key":{"Id":"NUnit.Seed","Label":"Seed","Category":"","Description":"","Attributes":0,"ValueType":"System.String"},"Value":"188411507"}]}],"TestRunStatistics":{"ExecutedTests":36,"Stats":{"Passed":36}},"ActiveTests":[{"Id":"ebd08de0-8f29-8cb0-3f02-996802cec9c5","FullyQualifiedName":"ShoppingTest.ProductRepoTest.GetIdFailTest","DisplayName":"GetIdFailTest","ExecutorUri":"executor://NUnit3TestExecutor","Source":"C:\\Users\\VC\\Desktop\\training\\day11\\ShoppingSolution\\ShoppingTest\\bin\\Debug\\net8.0\\fine-code-coverage\\build-output\\ShoppingTest.dll","CodeFilePath":null,"LineNumber":0,"Properties":[{"Key":{"Id":"NUnit.Seed","Label":"Seed","Category":"","Description":"","Attributes":0,"ValueType":"System.String"},"Value":"657454827"}]}]}}
TpTrace Verbose: 0 : 10992, 11, 2024/04/24, 16:28:14.362, 13901096475653, vstest.console.dll, TestRunRequest:SendTestRunStatsChange: Starting.
TpTrace Verbose: 0 : 10992, 11, 2024/04/24, 16:28:14.362, 13901096476399, vstest.console.dll, InProgress is GetIdFailTest
TpTrace Verbose: 0 : 10992, 11, 2024/04/24, 16:28:14.362, 13901096477308, vstest.console.dll, MulticastDelegateUtilities.SafeInvoke: TestRun.RunStatsChanged: Invoking callbacks was skipped because there are no subscribers.
TpTrace Information: 0 : 10992, 11, 2024/04/24, 16:28:14.363, 13901096477695, vstest.console.dll, TestRunRequest:SendTestRunStatsChange: Completed.
TpTrace Verbose: 0 : 10992, 4, 2024/04/24, 16:28:14.363, 13901096477910, vstest.console.dll, MulticastDelegateUtilities.SafeInvoke: InternalTestLoggerEvents.SendTestResult: Invoking callback 1/1 for Microsoft.VisualStudio.TestPlatform.CommandLine.Internal.ConsoleLogger., took 0 ms.
TpTrace Verbose: 0 : 10992, 11, 2024/04/24, 16:28:14.363, 13901096478162, vstest.console.dll, MulticastDelegateUtilities.SafeInvoke: LengthPrefixCommunicationChannel: MessageReceived: Invoking callback 1/1 for Microsoft.VisualStudio.TestPlatform.CommunicationUtilities.TestRequestSender+<>c__DisplayClass34_0., took 2 ms.
TpTrace Verbose: 0 : 10992, 4, 2024/04/24, 16:28:14.363, 13901096478862, vstest.console.dll, MulticastDelegateUtilities.SafeInvoke: InternalTestLoggerEvents.SendTestResult: Invoking callback 1/1 for Microsoft.VisualStudio.TestPlatform.CommandLine.Internal.ConsoleLogger., took 0 ms.
TpTrace Verbose: 0 : 10992, 11, 2024/04/24, 16:28:14.363, 13901096479184, vstest.console.dll, TcpClientExtensions.MessageLoopAsync: Polling on remoteEndPoint: 127.0.0.1:60446 localEndPoint: 127.0.0.1:60445 after 30 ms
TpTrace Verbose: 0 : 10992, 4, 2024/04/24, 16:28:14.363, 13901096479769, vstest.console.dll, MulticastDelegateUtilities.SafeInvoke: InternalTestLoggerEvents.SendTestResult: Invoking callback 1/1 for Microsoft.VisualStudio.TestPlatform.CommandLine.Internal.ConsoleLogger., took 0 ms.
TpTrace Verbose: 0 : 10992, 4, 2024/04/24, 16:28:14.363, 13901096480633, vstest.console.dll, MulticastDelegateUtilities.SafeInvoke: InternalTestLoggerEvents.SendTestResult: Invoking callback 1/1 for Microsoft.VisualStudio.TestPlatform.CommandLine.Internal.ConsoleLogger., took 0 ms.
TpTrace Verbose: 0 : 10992, 4, 2024/04/24, 16:28:14.363, 13901096481628, vstest.console.dll, MulticastDelegateUtilities.SafeInvoke: InternalTestLoggerEvents.SendTestResult: Invoking callback 1/1 for Microsoft.VisualStudio.TestPlatform.CommandLine.Internal.ConsoleLogger., took 0 ms.
TpTrace Verbose: 0 : 10992, 4, 2024/04/24, 16:28:14.363, 13901096482307, vstest.console.dll, MulticastDelegateUtilities.SafeInvoke: InternalTestLoggerEvents.SendTestResult: Invoking callback 1/1 for Microsoft.VisualStudio.TestPlatform.CommandLine.Internal.ConsoleLogger., took 0 ms.
TpTrace Verbose: 0 : 10992, 4, 2024/04/24, 16:28:14.363, 13901096482786, vstest.console.dll, MulticastDelegateUtilities.SafeInvoke: InternalTestLoggerEvents.SendTestResult: Invoking callback 1/1 for Microsoft.VisualStudio.TestPlatform.CommandLine.Internal.ConsoleLogger., took 0 ms.
TpTrace Verbose: 0 : 10992, 4, 2024/04/24, 16:28:14.363, 13901096483186, vstest.console.dll, MulticastDelegateUtilities.SafeInvoke: InternalTestLoggerEvents.SendTestResult: Invoking callback 1/1 for Microsoft.VisualStudio.TestPlatform.CommandLine.Internal.ConsoleLogger., took 0 ms.
TpTrace Verbose: 0 : 10992, 4, 2024/04/24, 16:28:14.363, 13901096483668, vstest.console.dll, MulticastDelegateUtilities.SafeInvoke: InternalTestLoggerEvents.SendTestResult: Invoking callback 1/1 for Microsoft.VisualStudio.TestPlatform.CommandLine.Internal.ConsoleLogger., took 0 ms.
TpTrace Verbose: 0 : 10992, 11, 2024/04/24, 16:28:14.385, 13901096699417, vstest.console.dll, TcpClientExtensions.MessageLoopAsync: NotifyDataAvailable remoteEndPoint: 127.0.0.1:60446 localEndPoint: 127.0.0.1:60445
TpTrace Verbose: 0 : 10992, 11, 2024/04/24, 16:28:14.385, 13901096703695, vstest.console.dll, TestRequestSender.OnExecutionMessageReceived: Received message: {"Version":7,"MessageType":"TestSession.Message","Payload":{"MessageLevel":0,"Message":"NUnit Adapter 4.5.0.0: Test execution complete"}}
TpTrace Verbose: 0 : 10992, 11, 2024/04/24, 16:28:14.385, 13901096705565, vstest.console.dll, TestRunRequest:SendTestRunMessage: Starting.
TpTrace Verbose: 0 : 10992, 11, 2024/04/24, 16:28:14.385, 13901096706405, vstest.console.dll, MulticastDelegateUtilities.SafeInvoke: TestRun.LogMessages: Invoking callback 1/1 for Microsoft.VisualStudio.TestPlatform.CommandLine.TestRunResultAggregator., took 0 ms.
TpTrace Verbose: 0 : 10992, 4, 2024/04/24, 16:28:14.385, 13901096706626, vstest.console.dll, MulticastDelegateUtilities.SafeInvoke: InternalTestLoggerEvents.SendTestRunMessage: Invoking callback 1/1 for Microsoft.VisualStudio.TestPlatform.CommandLine.Internal.ConsoleLogger., took 0 ms.
TpTrace Information: 0 : 10992, 11, 2024/04/24, 16:28:14.386, 13901096707463, vstest.console.dll, TestRunRequest:SendTestRunMessage: Completed.
TpTrace Verbose: 0 : 10992, 11, 2024/04/24, 16:28:14.386, 13901096708832, vstest.console.dll, MulticastDelegateUtilities.SafeInvoke: LengthPrefixCommunicationChannel: MessageReceived: Invoking callback 1/1 for Microsoft.VisualStudio.TestPlatform.CommunicationUtilities.TestRequestSender+<>c__DisplayClass34_0., took 0 ms.
TpTrace Verbose: 0 : 10992, 11, 2024/04/24, 16:28:14.386, 13901096709263, vstest.console.dll, TcpClientExtensions.MessageLoopAsync: Polling on remoteEndPoint: 127.0.0.1:60446 localEndPoint: 127.0.0.1:60445 after 22 ms
TpTrace Verbose: 0 : 10992, 11, 2024/04/24, 16:28:14.407, 13901096924897, vstest.console.dll, TcpClientExtensions.MessageLoopAsync: NotifyDataAvailable remoteEndPoint: 127.0.0.1:60446 localEndPoint: 127.0.0.1:60445
TpTrace Verbose: 0 : 10992, 11, 2024/04/24, 16:28:14.408, 13901096928338, vstest.console.dll, TestRequestSender.OnExecutionMessageReceived: Received message: {"Version":7,"MessageType":"TestExecution.Completed","Payload":{"TestRunCompleteArgs":{"TestRunStatistics":{"ExecutedTests":40,"Stats":{"Passed":40}},"IsCanceled":false,"IsAborted":false,"Error":null,"AttachmentSets":[],"InvokedDataCollectors":[],"ElapsedTimeInRunningTests":"00:00:00.5238531","Metrics":{},"DiscoveredExtensions":{"TestDiscoverers":["NUnit.VisualStudio.TestAdapter.NUnit3TestDiscoverer, NUnit3.TestAdapter, Version=4.5.0.0, Culture=neutral, PublicKeyToken=4cb40d35494691ac"],"TestExecutors":["executor://NUnit3TestExecutor"],"TestExecutors2":[],"TestSettingsProviders":[]}},"LastRunTests":{"NewTestResults":[{"TestCase":{"Id":"ebd08de0-8f29-8cb0-3f02-996802cec9c5","FullyQualifiedName":"ShoppingTest.ProductRepoTest.GetIdFailTest","DisplayName":"GetIdFailTest","ExecutorUri":"executor://NUnit3TestExecutor","Source":"C:\\Users\\VC\\Desktop\\training\\day11\\ShoppingSolution\\ShoppingTest\\bin\\Debug\\net8.0\\fine-code-coverage\\build-output\\ShoppingTest.dll","CodeFilePath":null,"LineNumber":0,"Properties":[{"Key":{"Id":"NUnit.Seed","Label":"Seed","Category":"","Description":"","Attributes":0,"ValueType":"System.String"},"Value":"657454827"}]},"Attachments":[],"Outcome":1,"ErrorMessage":null,"ErrorStackTrace":null,"DisplayName":"GetIdFailTest","Messages":[],"ComputerName":"DESKTOP-RVR2IQF","Duration":"00:00:00.0001590","StartTime":"2024-04-24T10:58:14.1293694+00:00","EndTime":"2024-04-24T10:58:14.1295282+00:00","Properties":[{"Key":{"Id":"NUnit.Seed","Label":"Seed","Category":"","Description":"","Attributes":0,"ValueType":"System.String"},"Value":"657454827"}]},{"TestCase":{"Id":"c4c409d8-02cb-ebfd-8543-3855710d608a","FullyQualifiedName":"ShoppingTest.ProductRepoTest.GetIdSuccessTest","DisplayName":"GetIdSuccessTest","ExecutorUri":"executor://NUnit3TestExecutor","Source":"C:\\Users\\VC\\Desktop\\training\\day11\\ShoppingSolution\\ShoppingTest\\bin\\Debug\\net8.0\\fine-code-coverage\\build-output\\ShoppingTest.dll","CodeFilePath":null,"LineNumber":0,"Properties":[{"Key":{"Id":"NUnit.Seed","Label":"Seed","Category":"","Description":"","Attributes":0,"ValueType":"System.String"},"Value":"964258044"}]},"Attachments":[],"Outcome":1,"ErrorMessage":null,"ErrorStackTrace":null,"DisplayName":"GetIdSuccessTest","Messages":[],"ComputerName":"DESKTOP-RVR2IQF","Duration":"00:00:00.0001240","StartTime":"2024-04-24T10:58:14.1295385+00:00","EndTime":"2024-04-24T10:58:14.129662+00:00","Properties":[{"Key":{"Id":"NUnit.Seed","Label":"Seed","Category":"","Description":"","Attributes":0,"ValueType":"System.String"},"Value":"964258044"}]},{"TestCase":{"Id":"dcdd8a38-fc09-0b68-9bf4-f729153e9f63","FullyQualifiedName":"ShoppingTest.ProductRepoTest.UpdateFailTest","DisplayName":"UpdateFailTest","ExecutorUri":"executor://NUnit3TestExecutor","Source":"C:\\Users\\VC\\Desktop\\training\\day11\\ShoppingSolution\\ShoppingTest\\bin\\Debug\\net8.0\\fine-code-coverage\\build-output\\ShoppingTest.dll","CodeFilePath":null,"LineNumber":0,"Properties":[{"Key":{"Id":"NUnit.Seed","Label":"Seed","Category":"","Description":"","Attributes":0,"ValueType":"System.String"},"Value":"1816968654"}]},"Attachments":[],"Outcome":1,"ErrorMessage":null,"ErrorStackTrace":null,"DisplayName":"UpdateFailTest","Messages":[],"ComputerName":"DESKTOP-RVR2IQF","Duration":"00:00:00.0002650","StartTime":"2024-04-24T10:58:14.1296731+00:00","EndTime":"2024-04-24T10:58:14.1299377+00:00","Properties":[{"Key":{"Id":"NUnit.Seed","Label":"Seed","Category":"","Description":"","Attributes":0,"ValueType":"System.String"},"Value":"1816968654"}]},{"TestCase":{"Id":"9f1d75b4-c579-bbc7-dc65-1d7d5c2fca44","FullyQualifiedName":"ShoppingTest.ProductRepoTest.UpdateSuccessTest","DisplayName":"UpdateSuccessTest","ExecutorUri":"executor://NUnit3TestExecutor","Source":"C:\\Users\\VC\\Desktop\\training\\day11\\ShoppingSolution\\ShoppingTest\\bin\\Debug\\net8.0\\fine-code-coverage\\build-output\\ShoppingTest.dll","CodeFilePath":null,"LineNumber":0,"Properties":[{"Key":{"Id":"NUnit.Seed","Label":"Seed","Category":"","Description":"","Attributes":0,"ValueType":"System.String"},"Value":"1148053087"}]},"Attachments":[],"Outcome":1,"ErrorMessage":null,"ErrorStackTrace":null,"DisplayName":"UpdateSuccessTest","Messages":[],"ComputerName":"DESKTOP-RVR2IQF","Duration":"00:00:00.0002410","StartTime":"2024-04-24T10:58:14.1299484+00:00","EndTime":"2024-04-24T10:58:14.1301889+00:00","Properties":[{"Key":{"Id":"NUnit.Seed","Label":"Seed","Category":"","Description":"","Attributes":0,"ValueType":"System.String"},"Value":"1148053087"}]}],"TestRunStatistics":{"ExecutedTests":40,"Stats":{"Passed":40}},"ActiveTests":[]},"RunAttachments":[],"ExecutorUris":["executor://nunit3testexecutor/"]}}
TpTrace Verbose: 0 : 10992, 11, 2024/04/24, 16:28:14.408, 13901096930974, vstest.console.dll, TestRequestSender.EndSession: Sending end session.
TpTrace Verbose: 0 : 10992, 11, 2024/04/24, 16:28:14.408, 13901096936495, vstest.console.dll, ProxyOperationManager.Close: waiting for test host to exit for 100 ms
TpTrace Verbose: 0 : 10992, 7, 2024/04/24, 16:28:14.448, 13901097327447, vstest.console.dll, TestHostManagerCallbacks.ctor: Experimental forwarding output is disabled.
TpTrace Warning: 0 : 10992, 7, 2024/04/24, 16:28:14.448, 13901097330747, vstest.console.dll, TestHostManagerCallbacks.ErrorReceivedCallback Test host standard error line: 
TpTrace Verbose: 0 : 10992, 7, 2024/04/24, 16:28:14.459, 13901097439596, vstest.console.dll, TestHostProvider.ExitCallBack: Host exited starting callback.
TpTrace Information: 0 : 10992, 7, 2024/04/24, 16:28:14.459, 13901097442015, vstest.console.dll, TestHostManagerCallbacks.ExitCallBack: Testhost processId: 2432 exited with exitcode: 0 error: ''
TpTrace Verbose: 0 : 10992, 7, 2024/04/24, 16:28:14.459, 13901097442661, vstest.console.dll, DotnetTestHostManager.OnHostExited: invoking OnHostExited callback
TpTrace Verbose: 0 : 10992, 7, 2024/04/24, 16:28:14.459, 13901097443326, vstest.console.dll, CrossPlatEngine.TestHostManagerHostExited: calling on client process exit callback.
TpTrace Information: 0 : 10992, 7, 2024/04/24, 16:28:14.459, 13901097443908, vstest.console.dll, TestRequestSender.OnClientProcessExit: Test host process exited. Standard error: 
TpTrace Information: 0 : 10992, 11, 2024/04/24, 16:28:14.459, 13901097444161, vstest.console.dll, SocketServer.Stop: Stop server endPoint: 127.0.0.1:60445
TpTrace Information: 0 : 10992, 7, 2024/04/24, 16:28:14.459, 13901097444514, vstest.console.dll, SocketServer.Stop: Stop server endPoint: 127.0.0.1:60445
TpTrace Information: 0 : 10992, 11, 2024/04/24, 16:28:14.459, 13901097444945, vstest.console.dll, SocketServer.Stop: Cancellation requested. Stopping message loop.
TpTrace Information: 0 : 10992, 7, 2024/04/24, 16:28:14.459, 13901097445402, vstest.console.dll, SocketServer.Stop: Cancellation requested. Stopping message loop.
TpTrace Verbose: 0 : 10992, 7, 2024/04/24, 16:28:14.459, 13901097446429, vstest.console.dll, MulticastDelegateUtilities.SafeInvoke: HostProviderEvents.OnHostExited: Invoking callback 1/1 for Microsoft.VisualStudio.TestPlatform.CrossPlatEngine.Client.ProxyOperationManager., took 0 ms.
TpTrace Information: 0 : 10992, 11, 2024/04/24, 16:28:14.459, 13901097446848, vstest.console.dll, Closing the connection
TpTrace Verbose: 0 : 10992, 11, 2024/04/24, 16:28:14.460, 13901097449472, vstest.console.dll, ProxyDataCollectionManager.InvokeDataCollectionServiceAction: Starting.
TpTrace Information: 0 : 10992, 11, 2024/04/24, 16:28:14.460, 13901097449986, vstest.console.dll, ProxyDataCollectionManager.AfterTestRunEnd: Get attachment set and invoked data collectors processId: 11252 port: 60442
TpTrace Verbose: 0 : 10992, 11, 2024/04/24, 16:28:14.460, 13901097450525, vstest.console.dll, DataCollectionRequestSender.SendAfterTestRunStartAndGetResult: Send AfterTestRunEnd message with isCancelled: False
TpTrace Verbose: 0 : 10992, 11, 2024/04/24, 16:28:14.468, 13901097528273, vstest.console.dll, DataCollectionRequestSender.SendAfterTestRunStartAndGetResult: Received message: (DataCollection.AfterTestRunEndResult) -> {"MessageType":"DataCollection.AfterTestRunEndResult","Payload":{"AttachmentSets":[],"InvokedDataCollectors":[{"Uri":"datacollector://Microsoft/TestPlatform/Extensions/Blame/v1","FriendlyName":"Blame","AssemblyQualifiedName":"Microsoft.TestPlatform.Extensions.BlameDataCollector.BlameCollector, Microsoft.TestPlatform.Extensions.BlameDataCollector, Version=15.0.0.0, Culture=neutral, PublicKeyToken=b03f5f7f11d50a3a","FilePath":"C:\\Program Files\\dotnet\\sdk\\8.0.202\\Extensions\\Microsoft.TestPlatform.Extensions.BlameDataCollector.dll","HasAttachmentProcessor":false}],"Metrics":{}}}
TpTrace Information: 0 : 10992, 11, 2024/04/24, 16:28:14.474, 13901097594543, vstest.console.dll, ProxyDataCollectionManager.InvokeDataCollectionServiceAction: Completed.
TpTrace Warning: 0 : 10992, 10, 2024/04/24, 16:28:14.493, 13901097777420, vstest.console.dll, DataCollectionLauncher.ErrorReceivedCallback datacollector standard error line: 
TpTrace Information: 0 : 10992, 10, 2024/04/24, 16:28:14.501, 13901097859185, vstest.console.dll, DataCollectionLauncher.ExitCallBack: Data collector exited with exitcode: 0 error: ''
TpTrace Verbose: 0 : 10992, 11, 2024/04/24, 16:28:14.521, 13901098063429, vstest.console.dll, TestRunRequest:SendTestRunStatsChange: Starting.
TpTrace Verbose: 0 : 10992, 11, 2024/04/24, 16:28:14.521, 13901098064880, vstest.console.dll, MulticastDelegateUtilities.SafeInvoke: TestRun.RunStatsChanged: Invoking callbacks was skipped because there are no subscribers.
TpTrace Information: 0 : 10992, 11, 2024/04/24, 16:28:14.521, 13901098065296, vstest.console.dll, TestRunRequest:SendTestRunStatsChange: Completed.
TpTrace Verbose: 0 : 10992, 4, 2024/04/24, 16:28:14.521, 13901098065657, vstest.console.dll, MulticastDelegateUtilities.SafeInvoke: InternalTestLoggerEvents.SendTestResult: Invoking callback 1/1 for Microsoft.VisualStudio.TestPlatform.CommandLine.Internal.ConsoleLogger., took 0 ms.
TpTrace Verbose: 0 : 10992, 4, 2024/04/24, 16:28:14.521, 13901098066768, vstest.console.dll, MulticastDelegateUtilities.SafeInvoke: InternalTestLoggerEvents.SendTestResult: Invoking callback 1/1 for Microsoft.VisualStudio.TestPlatform.CommandLine.Internal.ConsoleLogger., took 0 ms.
TpTrace Verbose: 0 : 10992, 4, 2024/04/24, 16:28:14.522, 13901098067432, vstest.console.dll, MulticastDelegateUtilities.SafeInvoke: InternalTestLoggerEvents.SendTestResult: Invoking callback 1/1 for Microsoft.VisualStudio.TestPlatform.CommandLine.Internal.ConsoleLogger., took 0 ms.
TpTrace Verbose: 0 : 10992, 4, 2024/04/24, 16:28:14.522, 13901098068056, vstest.console.dll, MulticastDelegateUtilities.SafeInvoke: InternalTestLoggerEvents.SendTestResult: Invoking callback 1/1 for Microsoft.VisualStudio.TestPlatform.CommandLine.Internal.ConsoleLogger., took 0 ms.
TpTrace Verbose: 0 : 10992, 11, 2024/04/24, 16:28:14.522, 13901098068421, vstest.console.dll, ParallelProxyExecutionManager: HandlePartialRunComplete: Total workloads = 1, Total started clients = 1 Total completed clients = 1, Run complete = True, Run canceled: False.
TpTrace Verbose: 0 : 10992, 11, 2024/04/24, 16:28:14.522, 13901098068907, vstest.console.dll, ParallelProxyExecutionManager: HandlePartialRunComplete: All runs completed stopping all managers.
TpTrace Verbose: 0 : 10992, 11, 2024/04/24, 16:28:14.522, 13901098069318, vstest.console.dll, ParallelOperationManager.StopAllManagers: Stopping all managers.
TpTrace Verbose: 0 : 10992, 11, 2024/04/24, 16:28:14.522, 13901098069622, vstest.console.dll, ParallelOperationManager.ClearSlots: Clearing all slots. Slots should accept more work: False
TpTrace Verbose: 0 : 10992, 11, 2024/04/24, 16:28:14.522, 13901098070091, vstest.console.dll, ParallelOperationManager.SetOccupiedSlotCount: Setting slot counts AvailableSlotCount = 1, OccupiedSlotCount = 0.
TpTrace Verbose: 0 : 10992, 11, 2024/04/24, 16:28:14.522, 13901098070696, vstest.console.dll, Occupied slots:

TpTrace Verbose: 0 : 10992, 4, 2024/04/24, 16:28:14.533, 13901098186736, vstest.console.dll, MulticastDelegateUtilities.SafeInvoke: InternalTestLoggerEvents.SendTestRunComplete: Invoking callback 1/2 for Microsoft.TestPlatform.Extensions.BlameDataCollector.BlameLogger., took 0 ms.
TpTrace Verbose: 0 : 10992, 4, 2024/04/24, 16:28:14.540, 13901098253117, vstest.console.dll, MulticastDelegateUtilities.SafeInvoke: InternalTestLoggerEvents.SendTestRunComplete: Invoking callback 2/2 for Microsoft.VisualStudio.TestPlatform.CommandLine.Internal.ConsoleLogger., took 6 ms.
TpTrace Verbose: 0 : 10992, 11, 2024/04/24, 16:28:14.541, 13901098258493, vstest.console.dll, TestRunRequest:TestRunComplete: Starting. IsAborted:False IsCanceled:False.
TpTrace Verbose: 0 : 10992, 11, 2024/04/24, 16:28:14.541, 13901098262724, vstest.console.dll, ParallelOperationManager.DoActionOnAllManagers: Calling an action on all managers.
TpTrace Verbose: 0 : 10992, 11, 2024/04/24, 16:28:14.542, 13901098276063, vstest.console.dll, TestLoggerManager.HandleTestRunComplete: Ignoring as the object is disposed.
TpTrace Verbose: 0 : 10992, 11, 2024/04/24, 16:28:14.543, 13901098278365, vstest.console.dll, MulticastDelegateUtilities.SafeInvoke: TestRun.TestRunComplete: Invoking callback 1/2 for Microsoft.VisualStudio.TestPlatform.CommandLine.TestRunResultAggregator., took 0 ms.
TpTrace Verbose: 0 : 10992, 11, 2024/04/24, 16:28:14.543, 13901098279717, vstest.console.dll, MulticastDelegateUtilities.SafeInvoke: TestRun.TestRunComplete: Invoking callback 2/2 for Microsoft.VisualStudio.TestPlatform.CommandLine.Processors.RunTestsArgumentExecutor+TestRunRequestEventsRegistrar., took 0 ms.
TpTrace Information: 0 : 10992, 11, 2024/04/24, 16:28:14.543, 13901098280815, vstest.console.dll, TestRunRequest:TestRunComplete: Completed.
TpTrace Verbose: 0 : 10992, 11, 2024/04/24, 16:28:14.543, 13901098281217, vstest.console.dll, TestRequestSender.SetOperationComplete: Setting operation complete.
TpTrace Information: 0 : 10992, 11, 2024/04/24, 16:28:14.543, 13901098281514, vstest.console.dll, SocketServer.Stop: Stop server endPoint: 127.0.0.1:60445
TpTrace Verbose: 0 : 10992, 1, 2024/04/24, 16:28:14.543, 13901098281394, vstest.console.dll, TestRunRequest.Dispose: Starting.
TpTrace Information: 0 : 10992, 11, 2024/04/24, 16:28:14.543, 13901098281902, vstest.console.dll, SocketServer.Stop: Cancellation requested. Stopping message loop.
TpTrace Information: 0 : 10992, 1, 2024/04/24, 16:28:14.543, 13901098282560, vstest.console.dll, TestRunRequest.Dispose: Completed.
TpTrace Verbose: 0 : 10992, 11, 2024/04/24, 16:28:14.543, 13901098283436, vstest.console.dll, MulticastDelegateUtilities.SafeInvoke: LengthPrefixCommunicationChannel: MessageReceived: Invoking callback 1/1 for Microsoft.VisualStudio.TestPlatform.CommunicationUtilities.TestRequestSender+<>c__DisplayClass34_0., took 135 ms.
TpTrace Information: 0 : 10992, 1, 2024/04/24, 16:28:14.543, 13901098284083, vstest.console.dll, TestRequestManager.RunTests: run tests completed.
TpTrace Information: 0 : 10992, 11, 2024/04/24, 16:28:14.543, 13901098285184, vstest.console.dll, SocketServer.PrivateStop: Stopping server endPoint: 127.0.0.1:60445 error: 
TpTrace Information: 0 : 10992, 1, 2024/04/24, 16:28:14.544, 13901098287390, vstest.console.dll, RunTestsArgumentProcessor:Execute: Test run is completed.
TpTrace Verbose: 0 : 10992, 11, 2024/04/24, 16:28:14.544, 13901098292321, vstest.console.dll, LengthPrefixCommunicationChannel.Dispose: Dispose reader and writer.
TpTrace Verbose: 0 : 10992, 1, 2024/04/24, 16:28:14.544, 13901098293793, vstest.console.dll, Executor.Execute: Exiting with exit code of 0
TpTrace Information: 0 : 10992, 11, 2024/04/24, 16:28:14.544, 13901098293933, vstest.console.dll, SocketServer.Stop: Raise disconnected event endPoint: 127.0.0.1:60445 error: 
TpTrace Verbose: 0 : 10992, 11, 2024/04/24, 16:28:14.544, 13901098296060, vstest.console.dll, TestRequestSender: OnTestRunAbort: Operation is already complete. Skip error message.
TpTrace Verbose: 0 : 10992, 11, 2024/04/24, 16:28:14.544, 13901098296711, vstest.console.dll, MulticastDelegateUtilities.SafeInvoke: SocketServer: ClientDisconnected: Invoking callback 1/1 for Microsoft.VisualStudio.TestPlatform.CommunicationUtilities.TestRequestSender., took 0 ms.
TpTrace Verbose: 0 : 10992, 11, 2024/04/24, 16:28:14.545, 13901098297373, vstest.console.dll, TcpClientExtensions.MessageLoopAsync: exiting MessageLoopAsync remoteEndPoint: 127.0.0.1:60446 localEndPoint: 127.0.0.1:60445
