TpTrace Verbose: 0 : 6328, 1, 2024/04/27, 21:29:07.204, 16673916596379, vstest.console.dll, Version: 17.9.0-release-24072-02 Current process architecture: X64
TpTrace Verbose: 0 : 6328, 1, 2024/04/27, 21:29:07.207, 16673916621236, vstest.console.dll, Runtime location: C:\Program Files\dotnet\shared\Microsoft.NETCore.App\8.0.3
TpTrace Verbose: 0 : 6328, 1, 2024/04/27, 21:29:07.209, 16673916645427, vstest.console.dll, ArtifactProcessingPostProcessModeProcessorExecutor.Initialize: ArtifactProcessingMode.Collect
TpTrace Verbose: 0 : 6328, 1, 2024/04/27, 21:29:07.209, 16673916647178, vstest.console.dll, TestSessionCorrelationIdProcessorModeProcessorExecutor.Initialize: TestSessionCorrelationId '18932_f076490f-6791-4e6e-88cf-40d32bd3cb4c'
TpTrace Information: 0 : 6328, 1, 2024/04/27, 21:29:07.266, 16673917209870, vstest.console.dll, FilePatternParser: The given file C:\Users\VC\Desktop\training\day13\ShoppingSolution\ShoppingTest\bin\Debug\net8.0\fine-code-coverage\build-output\ShoppingTest.dll is a full path.
TpTrace Verbose: 0 : 6328, 1, 2024/04/27, 21:29:07.269, 16673917245721, vstest.console.dll, TestPluginCache.DiscoverTestExtensions: finding test extensions in assemblies ends with: RuntimeProvider.dll TPluginInfo: Microsoft.VisualStudio.TestPlatform.Common.ExtensionFramework.Utilities.TestRuntimePluginInformation TExtension: Microsoft.VisualStudio.TestPlatform.ObjectModel.Host.ITestRuntimeProvider
TpTrace Verbose: 0 : 6328, 1, 2024/04/27, 21:29:07.270, 16673917248604, vstest.console.dll, TestPluginCache.GetExtensionPaths: Filtered extension paths: 
TpTrace Verbose: 0 : 6328, 1, 2024/04/27, 21:29:07.270, 16673917249833, vstest.console.dll, TestPluginCache.GetExtensionPaths: Added default extension paths: C:\Program Files\dotnet\sdk\8.0.202\Extensions\Microsoft.Diagnostics.NETCore.Client.dll
C:\Program Files\dotnet\sdk\8.0.202\Extensions\Microsoft.TestPlatform.Extensions.BlameDataCollector.dll
C:\Program Files\dotnet\sdk\8.0.202\Extensions\Microsoft.TestPlatform.Extensions.EventLogCollector.dll
C:\Program Files\dotnet\sdk\8.0.202\Extensions\Microsoft.TestPlatform.TestHostRuntimeProvider.dll
C:\Program Files\dotnet\sdk\8.0.202\Extensions\Microsoft.VisualStudio.TestPlatform.Extensions.Html.TestLogger.dll
C:\Program Files\dotnet\sdk\8.0.202\Extensions\Microsoft.VisualStudio.TestPlatform.Extensions.Trx.TestLogger.dll
TpTrace Verbose: 0 : 6328, 1, 2024/04/27, 21:29:07.270, 16673917250169, vstest.console.dll, TestPluginCache.GetExtensionPaths: Added unfilterableExtensionPaths: 
TpTrace Information: 0 : 6328, 1, 2024/04/27, 21:29:07.270, 16673917254943, vstest.console.dll, AssemblyResolver.ctor: Creating AssemblyResolver with searchDirectories C:\Program Files\dotnet\sdk\8.0.202\Extensions,C:\Program Files\dotnet\sdk\8.0.202
TpTrace Verbose: 0 : 6328, 1, 2024/04/27, 21:29:07.271, 16673917266364, vstest.console.dll, TestPluginCache.DiscoverTestExtensions: Discovering the extensions using extension path.
TpTrace Verbose: 0 : 6328, 1, 2024/04/27, 21:29:07.271, 16673917267686, vstest.console.dll, TestPluginCache.GetExtensionPaths: Filtered extension paths: 
TpTrace Verbose: 0 : 6328, 1, 2024/04/27, 21:29:07.271, 16673917268071, vstest.console.dll, TestPluginCache.GetExtensionPaths: Added default extension paths: C:\Program Files\dotnet\sdk\8.0.202\Extensions\Microsoft.Diagnostics.NETCore.Client.dll
C:\Program Files\dotnet\sdk\8.0.202\Extensions\Microsoft.TestPlatform.Extensions.BlameDataCollector.dll
C:\Program Files\dotnet\sdk\8.0.202\Extensions\Microsoft.TestPlatform.Extensions.EventLogCollector.dll
C:\Program Files\dotnet\sdk\8.0.202\Extensions\Microsoft.TestPlatform.TestHostRuntimeProvider.dll
C:\Program Files\dotnet\sdk\8.0.202\Extensions\Microsoft.VisualStudio.TestPlatform.Extensions.Html.TestLogger.dll
C:\Program Files\dotnet\sdk\8.0.202\Extensions\Microsoft.VisualStudio.TestPlatform.Extensions.Trx.TestLogger.dll
TpTrace Verbose: 0 : 6328, 1, 2024/04/27, 21:29:07.272, 16673917268332, vstest.console.dll, TestPluginCache.GetExtensionPaths: Added unfilterableExtensionPaths: 
TpTrace Verbose: 0 : 6328, 1, 2024/04/27, 21:29:07.272, 16673917268785, vstest.console.dll, TestPluginCache.DiscoverTestExtensions: Discovering the extensions using allExtensionPaths: C:\Program Files\dotnet\sdk\8.0.202\Extensions\Microsoft.Diagnostics.NETCore.Client.dll
C:\Program Files\dotnet\sdk\8.0.202\Extensions\Microsoft.TestPlatform.Extensions.BlameDataCollector.dll
C:\Program Files\dotnet\sdk\8.0.202\Extensions\Microsoft.TestPlatform.Extensions.EventLogCollector.dll
C:\Program Files\dotnet\sdk\8.0.202\Extensions\Microsoft.TestPlatform.TestHostRuntimeProvider.dll
C:\Program Files\dotnet\sdk\8.0.202\Extensions\Microsoft.VisualStudio.TestPlatform.Extensions.Html.TestLogger.dll
C:\Program Files\dotnet\sdk\8.0.202\Extensions\Microsoft.VisualStudio.TestPlatform.Extensions.Trx.TestLogger.dll
TpTrace Information: 0 : 6328, 1, 2024/04/27, 21:29:07.272, 16673917270046, vstest.console.dll, AssemblyResolver.AddSearchDirectories: Adding more searchDirectories C:\Program Files\dotnet\sdk\8.0.202\Extensions,C:\Program Files\dotnet\sdk\8.0.202
TpTrace Information: 0 : 6328, 1, 2024/04/27, 21:29:07.272, 16673917270457, vstest.console.dll, AssemblyResolver.AddSearchDirectories: Adding more searchDirectories C:\Program Files\dotnet\sdk\8.0.202\Extensions,C:\Program Files\dotnet\sdk\8.0.202
TpTrace Information: 0 : 6328, 1, 2024/04/27, 21:29:07.272, 16673917270722, vstest.console.dll, AssemblyResolver.AddSearchDirectories: Adding more searchDirectories C:\Program Files\dotnet\sdk\8.0.202\Extensions,C:\Program Files\dotnet\sdk\8.0.202
TpTrace Information: 0 : 6328, 1, 2024/04/27, 21:29:07.272, 16673917270930, vstest.console.dll, AssemblyResolver.AddSearchDirectories: Adding more searchDirectories C:\Program Files\dotnet\sdk\8.0.202\Extensions,C:\Program Files\dotnet\sdk\8.0.202
TpTrace Information: 0 : 6328, 1, 2024/04/27, 21:29:07.272, 16673917271135, vstest.console.dll, AssemblyResolver.AddSearchDirectories: Adding more searchDirectories C:\Program Files\dotnet\sdk\8.0.202\Extensions,C:\Program Files\dotnet\sdk\8.0.202
TpTrace Information: 0 : 6328, 1, 2024/04/27, 21:29:07.272, 16673917271342, vstest.console.dll, AssemblyResolver.AddSearchDirectories: Adding more searchDirectories C:\Program Files\dotnet\sdk\8.0.202\Extensions,C:\Program Files\dotnet\sdk\8.0.202
TpTrace Information: 0 : 6328, 1, 2024/04/27, 21:29:07.272, 16673917274926, vstest.console.dll, AssemblyResolver.OnResolve: Microsoft.Diagnostics.NETCore.Client: Resolving assembly.
TpTrace Information: 0 : 6328, 1, 2024/04/27, 21:29:07.272, 16673917275665, vstest.console.dll, AssemblyResolver.OnResolve: Microsoft.Diagnostics.NETCore.Client: Searching in: 'C:\Program Files\dotnet\sdk\8.0.202\Extensions'.
TpTrace Information: 0 : 6328, 1, 2024/04/27, 21:29:07.278, 16673917331957, vstest.console.dll, AssemblyResolver.OnResolve: Microsoft.Diagnostics.NETCore.Client: Loading assembly 'C:\Program Files\dotnet\sdk\8.0.202\Extensions\Microsoft.Diagnostics.NETCore.Client.dll'.
TpTrace Information: 0 : 6328, 1, 2024/04/27, 21:29:07.278, 16673917338136, vstest.console.dll, AssemblyResolver.OnResolve: Resolved assembly: Microsoft.Diagnostics.NETCore.Client, from path: C:\Program Files\dotnet\sdk\8.0.202\Extensions\Microsoft.Diagnostics.NETCore.Client.dll
TpTrace Verbose: 0 : 6328, 1, 2024/04/27, 21:29:07.282, 16673917373761, vstest.console.dll, MetadataReaderExtensionsHelper: Discovering extensions inside assembly 'Microsoft.Diagnostics.NETCore.Client, Version=0.2.9.2401, Culture=neutral, PublicKeyToken=31bf3856ad364e35' file path 'C:\Program Files\dotnet\sdk\8.0.202\Extensions\Microsoft.Diagnostics.NETCore.Client.dll'
TpTrace Information: 0 : 6328, 1, 2024/04/27, 21:29:07.285, 16673917405059, vstest.console.dll, AssemblyResolver.OnResolve: Microsoft.Bcl.AsyncInterfaces: Resolving assembly.
TpTrace Information: 0 : 6328, 1, 2024/04/27, 21:29:07.285, 16673917405782, vstest.console.dll, AssemblyResolver.OnResolve: Microsoft.Bcl.AsyncInterfaces: Searching in: 'C:\Program Files\dotnet\sdk\8.0.202\Extensions'.
TpTrace Information: 0 : 6328, 1, 2024/04/27, 21:29:07.285, 16673917406466, vstest.console.dll, AssemblyResolver.OnResolve: Microsoft.Bcl.AsyncInterfaces: Assembly path does not exist: 'C:\Program Files\dotnet\sdk\8.0.202\Extensions\Microsoft.Bcl.AsyncInterfaces.dll', returning.
TpTrace Information: 0 : 6328, 1, 2024/04/27, 21:29:07.285, 16673917407318, vstest.console.dll, AssemblyResolver.OnResolve: Microsoft.Bcl.AsyncInterfaces: Assembly path does not exist: 'C:\Program Files\dotnet\sdk\8.0.202\Extensions\Microsoft.Bcl.AsyncInterfaces.exe', returning.
TpTrace Information: 0 : 6328, 1, 2024/04/27, 21:29:07.285, 16673917407653, vstest.console.dll, AssemblyResolver.OnResolve: Microsoft.Bcl.AsyncInterfaces: Searching in: 'C:\Program Files\dotnet\sdk\8.0.202'.
TpTrace Information: 0 : 6328, 1, 2024/04/27, 21:29:07.285, 16673917408067, vstest.console.dll, AssemblyResolver.OnResolve: Microsoft.Bcl.AsyncInterfaces: Assembly path does not exist: 'C:\Program Files\dotnet\sdk\8.0.202\Microsoft.Bcl.AsyncInterfaces.dll', returning.
TpTrace Information: 0 : 6328, 1, 2024/04/27, 21:29:07.286, 16673917408423, vstest.console.dll, AssemblyResolver.OnResolve: Microsoft.Bcl.AsyncInterfaces: Assembly path does not exist: 'C:\Program Files\dotnet\sdk\8.0.202\Microsoft.Bcl.AsyncInterfaces.exe', returning.
TpTrace Information: 0 : 6328, 1, 2024/04/27, 21:29:07.286, 16673917408628, vstest.console.dll, AssemblyResolver.OnResolve: Microsoft.Bcl.AsyncInterfaces: Failed to load assembly.
TpTrace Verbose: 0 : 6328, 1, 2024/04/27, 21:29:07.286, 16673917408896, vstest.console.dll, CurrentDomainAssemblyResolve: Resolving assembly 'Microsoft.Bcl.AsyncInterfaces'.
TpTrace Information: 0 : 6328, 1, 2024/04/27, 21:29:07.286, 16673917409407, vstest.console.dll, AssemblyResolver.OnResolve: Microsoft.Bcl.AsyncInterfaces: Resolving assembly.
TpTrace Information: 0 : 6328, 1, 2024/04/27, 21:29:07.286, 16673917409676, vstest.console.dll, AssemblyResolver.OnResolve: Microsoft.Bcl.AsyncInterfaces: Resolved from cache.
TpTrace Verbose: 0 : 6328, 1, 2024/04/27, 21:29:07.286, 16673917409880, vstest.console.dll, CurrentDomainAssemblyResolve: Resolving assembly 'Microsoft.Bcl.AsyncInterfaces'.
TpTrace Verbose: 0 : 6328, 1, 2024/04/27, 21:29:07.286, 16673917410119, vstest.console.dll, CurrentDomainAssemblyResolve: Failed to resolve assembly 'Microsoft.Bcl.AsyncInterfaces'.
TpTrace Verbose: 0 : 6328, 1, 2024/04/27, 21:29:07.286, 16673917415749, vstest.console.dll, CurrentDomainAssemblyResolve: Failed to resolve assembly 'Microsoft.Bcl.AsyncInterfaces'.
TpTrace Warning: 0 : 6328, 1, 2024/04/27, 21:29:07.295, 16673917499767, vstest.console.dll, TestPluginDiscoverer: Failed to get types from assembly 'Microsoft.Diagnostics.NETCore.Client, Version=0.2.9.2401, Culture=neutral, PublicKeyToken=31bf3856ad364e35'. Error: System.Reflection.ReflectionTypeLoadException: Unable to load one or more of the requested types.
Could not load file or assembly 'Microsoft.Bcl.AsyncInterfaces, Version=6.0.0.0, Culture=neutral, PublicKeyToken=cc7b13ffcd2ddd51'. The system cannot find the file specified.
   at System.Reflection.RuntimeModule.GetTypes(RuntimeModule module)
   at System.Reflection.RuntimeModule.GetTypes()
   at Microsoft.VisualStudio.TestPlatform.Common.ExtensionFramework.TestPluginDiscoverer.GetTestExtensionsFromAssembly[TPluginInfo,TExtension](Assembly assembly, Dictionary`2 pluginInfos, String filePath) in /_/src/Microsoft.TestPlatform.Common/ExtensionFramework/TestPluginDiscoverer.cs:line 158
System.IO.FileNotFoundException: Could not load file or assembly 'Microsoft.Bcl.AsyncInterfaces, Version=6.0.0.0, Culture=neutral, PublicKeyToken=cc7b13ffcd2ddd51'. The system cannot find the file specified.
File name: 'Microsoft.Bcl.AsyncInterfaces, Version=6.0.0.0, Culture=neutral, PublicKeyToken=cc7b13ffcd2ddd51'
 ---> System.IO.FileNotFoundException: Could not load file or assembly 'Microsoft.Bcl.AsyncInterfaces, Culture=neutral, PublicKeyToken=null'. The system cannot find the file specified.
File name: 'Microsoft.Bcl.AsyncInterfaces, Culture=neutral, PublicKeyToken=null'
   at System.Reflection.RuntimeAssembly.InternalLoad(AssemblyName assemblyName, StackCrawlMark& stackMark, AssemblyLoadContext assemblyLoadContext, RuntimeAssembly requestingAssembly, Boolean throwOnFileNotFound)
   at System.Reflection.Assembly.Load(AssemblyName assemblyRef)
   at Microsoft.VisualStudio.TestPlatform.Common.ExtensionFramework.TestPluginCache.CurrentDomainAssemblyResolve(Object sender, AssemblyResolveEventArgs args) in /_/src/Microsoft.TestPlatform.Common/ExtensionFramework/TestPluginCache.cs:line 513
   at System.Runtime.Loader.AssemblyLoadContext.GetFirstResolvedAssemblyFromResolvingEvent(AssemblyName assemblyName)
   at System.Runtime.Loader.AssemblyLoadContext.ResolveUsingEvent(AssemblyName assemblyName)
   at System.Runtime.Loader.AssemblyLoadContext.ResolveUsingResolvingEvent(IntPtr gchManagedAssemblyLoadContext, AssemblyName assemblyName)
TpTrace Warning: 0 : 6328, 1, 2024/04/27, 21:29:07.295, 16673917502739, vstest.console.dll, LoaderExceptions: System.IO.FileNotFoundException: Could not load file or assembly 'Microsoft.Bcl.AsyncInterfaces, Version=6.0.0.0, Culture=neutral, PublicKeyToken=cc7b13ffcd2ddd51'. The system cannot find the file specified.
File name: 'Microsoft.Bcl.AsyncInterfaces, Version=6.0.0.0, Culture=neutral, PublicKeyToken=cc7b13ffcd2ddd51'
 ---> System.IO.FileNotFoundException: Could not load file or assembly 'Microsoft.Bcl.AsyncInterfaces, Culture=neutral, PublicKeyToken=null'. The system cannot find the file specified.
File name: 'Microsoft.Bcl.AsyncInterfaces, Culture=neutral, PublicKeyToken=null'
   at System.Reflection.RuntimeAssembly.InternalLoad(AssemblyName assemblyName, StackCrawlMark& stackMark, AssemblyLoadContext assemblyLoadContext, RuntimeAssembly requestingAssembly, Boolean throwOnFileNotFound)
   at System.Reflection.Assembly.Load(AssemblyName assemblyRef)
   at Microsoft.VisualStudio.TestPlatform.Common.ExtensionFramework.TestPluginCache.CurrentDomainAssemblyResolve(Object sender, AssemblyResolveEventArgs args) in /_/src/Microsoft.TestPlatform.Common/ExtensionFramework/TestPluginCache.cs:line 513
   at System.Runtime.Loader.AssemblyLoadContext.GetFirstResolvedAssemblyFromResolvingEvent(AssemblyName assemblyName)
   at System.Runtime.Loader.AssemblyLoadContext.ResolveUsingEvent(AssemblyName assemblyName)
   at System.Runtime.Loader.AssemblyLoadContext.ResolveUsingResolvingEvent(IntPtr gchManagedAssemblyLoadContext, AssemblyName assemblyName)
TpTrace Information: 0 : 6328, 1, 2024/04/27, 21:29:07.295, 16673917503912, vstest.console.dll, AssemblyResolver.OnResolve: Microsoft.TestPlatform.Extensions.BlameDataCollector: Resolving assembly.
TpTrace Information: 0 : 6328, 1, 2024/04/27, 21:29:07.295, 16673917504232, vstest.console.dll, AssemblyResolver.OnResolve: Microsoft.TestPlatform.Extensions.BlameDataCollector: Searching in: 'C:\Program Files\dotnet\sdk\8.0.202\Extensions'.
TpTrace Information: 0 : 6328, 1, 2024/04/27, 21:29:07.295, 16673917506681, vstest.console.dll, AssemblyResolver.OnResolve: Microsoft.TestPlatform.Extensions.BlameDataCollector: Loading assembly 'C:\Program Files\dotnet\sdk\8.0.202\Extensions\Microsoft.TestPlatform.Extensions.BlameDataCollector.dll'.
TpTrace Information: 0 : 6328, 1, 2024/04/27, 21:29:07.296, 16673917511533, vstest.console.dll, AssemblyResolver.OnResolve: Resolved assembly: Microsoft.TestPlatform.Extensions.BlameDataCollector, from path: C:\Program Files\dotnet\sdk\8.0.202\Extensions\Microsoft.TestPlatform.Extensions.BlameDataCollector.dll
TpTrace Verbose: 0 : 6328, 1, 2024/04/27, 21:29:07.296, 16673917512185, vstest.console.dll, MetadataReaderExtensionsHelper: Discovering extensions inside assembly 'Microsoft.TestPlatform.Extensions.BlameDataCollector, Version=15.0.0.0, Culture=neutral, PublicKeyToken=b03f5f7f11d50a3a' file path 'C:\Program Files\dotnet\sdk\8.0.202\Extensions\Microsoft.TestPlatform.Extensions.BlameDataCollector.dll'
TpTrace Information: 0 : 6328, 1, 2024/04/27, 21:29:07.297, 16673917522500, vstest.console.dll, AssemblyResolver.OnResolve: Microsoft.TestPlatform.Extensions.EventLogCollector: Resolving assembly.
TpTrace Information: 0 : 6328, 1, 2024/04/27, 21:29:07.297, 16673917522983, vstest.console.dll, AssemblyResolver.OnResolve: Microsoft.TestPlatform.Extensions.EventLogCollector: Searching in: 'C:\Program Files\dotnet\sdk\8.0.202\Extensions'.
TpTrace Information: 0 : 6328, 1, 2024/04/27, 21:29:07.297, 16673917525333, vstest.console.dll, AssemblyResolver.OnResolve: Microsoft.TestPlatform.Extensions.EventLogCollector: Loading assembly 'C:\Program Files\dotnet\sdk\8.0.202\Extensions\Microsoft.TestPlatform.Extensions.EventLogCollector.dll'.
TpTrace Information: 0 : 6328, 1, 2024/04/27, 21:29:07.298, 16673917529041, vstest.console.dll, AssemblyResolver.OnResolve: Resolved assembly: Microsoft.TestPlatform.Extensions.EventLogCollector, from path: C:\Program Files\dotnet\sdk\8.0.202\Extensions\Microsoft.TestPlatform.Extensions.EventLogCollector.dll
TpTrace Verbose: 0 : 6328, 1, 2024/04/27, 21:29:07.298, 16673917529509, vstest.console.dll, MetadataReaderExtensionsHelper: Discovering extensions inside assembly 'Microsoft.TestPlatform.Extensions.EventLogCollector, Version=15.0.0.0, Culture=neutral, PublicKeyToken=b03f5f7f11d50a3a' file path 'C:\Program Files\dotnet\sdk\8.0.202\Extensions\Microsoft.TestPlatform.Extensions.EventLogCollector.dll'
TpTrace Information: 0 : 6328, 1, 2024/04/27, 21:29:07.299, 16673917544847, vstest.console.dll, AssemblyResolver.OnResolve: Microsoft.TestPlatform.TestHostRuntimeProvider: Resolving assembly.
TpTrace Information: 0 : 6328, 1, 2024/04/27, 21:29:07.299, 16673917545446, vstest.console.dll, AssemblyResolver.OnResolve: Microsoft.TestPlatform.TestHostRuntimeProvider: Searching in: 'C:\Program Files\dotnet\sdk\8.0.202\Extensions'.
TpTrace Information: 0 : 6328, 1, 2024/04/27, 21:29:07.299, 16673917547284, vstest.console.dll, AssemblyResolver.OnResolve: Microsoft.TestPlatform.TestHostRuntimeProvider: Loading assembly 'C:\Program Files\dotnet\sdk\8.0.202\Extensions\Microsoft.TestPlatform.TestHostRuntimeProvider.dll'.
TpTrace Information: 0 : 6328, 1, 2024/04/27, 21:29:07.300, 16673917552903, vstest.console.dll, AssemblyResolver.OnResolve: Resolved assembly: Microsoft.TestPlatform.TestHostRuntimeProvider, from path: C:\Program Files\dotnet\sdk\8.0.202\Extensions\Microsoft.TestPlatform.TestHostRuntimeProvider.dll
TpTrace Verbose: 0 : 6328, 1, 2024/04/27, 21:29:07.300, 16673917553430, vstest.console.dll, MetadataReaderExtensionsHelper: Discovering extensions inside assembly 'Microsoft.TestPlatform.TestHostRuntimeProvider, Version=15.0.0.0, Culture=neutral, PublicKeyToken=b03f5f7f11d50a3a' file path 'C:\Program Files\dotnet\sdk\8.0.202\Extensions\Microsoft.TestPlatform.TestHostRuntimeProvider.dll'
TpTrace Information: 0 : 6328, 1, 2024/04/27, 21:29:07.301, 16673917563835, vstest.console.dll, GetTestExtensionFromType: Register extension with identifier data 'HostProvider://DefaultTestHost' and type 'Microsoft.VisualStudio.TestPlatform.CrossPlatEngine.Hosting.DefaultTestHostManager, Microsoft.TestPlatform.TestHostRuntimeProvider, Version=15.0.0.0, Culture=neutral, PublicKeyToken=b03f5f7f11d50a3a' inside file 'C:\Program Files\dotnet\sdk\8.0.202\Extensions\Microsoft.TestPlatform.TestHostRuntimeProvider.dll'
TpTrace Information: 0 : 6328, 1, 2024/04/27, 21:29:07.301, 16673917565817, vstest.console.dll, GetTestExtensionFromType: Register extension with identifier data 'HostProvider://DotnetTestHost' and type 'Microsoft.VisualStudio.TestPlatform.CrossPlatEngine.Hosting.DotnetTestHostManager, Microsoft.TestPlatform.TestHostRuntimeProvider, Version=15.0.0.0, Culture=neutral, PublicKeyToken=b03f5f7f11d50a3a' inside file 'C:\Program Files\dotnet\sdk\8.0.202\Extensions\Microsoft.TestPlatform.TestHostRuntimeProvider.dll'
TpTrace Information: 0 : 6328, 1, 2024/04/27, 21:29:07.301, 16673917566454, vstest.console.dll, AssemblyResolver.OnResolve: Microsoft.VisualStudio.TestPlatform.Extensions.Html.TestLogger: Resolving assembly.
TpTrace Information: 0 : 6328, 1, 2024/04/27, 21:29:07.301, 16673917566707, vstest.console.dll, AssemblyResolver.OnResolve: Microsoft.VisualStudio.TestPlatform.Extensions.Html.TestLogger: Searching in: 'C:\Program Files\dotnet\sdk\8.0.202\Extensions'.
TpTrace Information: 0 : 6328, 1, 2024/04/27, 21:29:07.302, 16673917568750, vstest.console.dll, AssemblyResolver.OnResolve: Microsoft.VisualStudio.TestPlatform.Extensions.Html.TestLogger: Loading assembly 'C:\Program Files\dotnet\sdk\8.0.202\Extensions\Microsoft.VisualStudio.TestPlatform.Extensions.Html.TestLogger.dll'.
TpTrace Information: 0 : 6328, 1, 2024/04/27, 21:29:07.302, 16673917573062, vstest.console.dll, AssemblyResolver.OnResolve: Resolved assembly: Microsoft.VisualStudio.TestPlatform.Extensions.Html.TestLogger, from path: C:\Program Files\dotnet\sdk\8.0.202\Extensions\Microsoft.VisualStudio.TestPlatform.Extensions.Html.TestLogger.dll
TpTrace Verbose: 0 : 6328, 1, 2024/04/27, 21:29:07.302, 16673917573627, vstest.console.dll, MetadataReaderExtensionsHelper: Discovering extensions inside assembly 'Microsoft.VisualStudio.TestPlatform.Extensions.Html.TestLogger, Version=15.0.0.0, Culture=neutral, PublicKeyToken=b03f5f7f11d50a3a' file path 'C:\Program Files\dotnet\sdk\8.0.202\Extensions\Microsoft.VisualStudio.TestPlatform.Extensions.Html.TestLogger.dll'
TpTrace Information: 0 : 6328, 1, 2024/04/27, 21:29:07.303, 16673917578829, vstest.console.dll, AssemblyResolver.OnResolve: Microsoft.VisualStudio.TestPlatform.Extensions.Trx.TestLogger: Resolving assembly.
TpTrace Information: 0 : 6328, 1, 2024/04/27, 21:29:07.303, 16673917579291, vstest.console.dll, AssemblyResolver.OnResolve: Microsoft.VisualStudio.TestPlatform.Extensions.Trx.TestLogger: Searching in: 'C:\Program Files\dotnet\sdk\8.0.202\Extensions'.
TpTrace Information: 0 : 6328, 1, 2024/04/27, 21:29:07.303, 16673917581535, vstest.console.dll, AssemblyResolver.OnResolve: Microsoft.VisualStudio.TestPlatform.Extensions.Trx.TestLogger: Loading assembly 'C:\Program Files\dotnet\sdk\8.0.202\Extensions\Microsoft.VisualStudio.TestPlatform.Extensions.Trx.TestLogger.dll'.
TpTrace Information: 0 : 6328, 1, 2024/04/27, 21:29:07.303, 16673917585925, vstest.console.dll, AssemblyResolver.OnResolve: Resolved assembly: Microsoft.VisualStudio.TestPlatform.Extensions.Trx.TestLogger, from path: C:\Program Files\dotnet\sdk\8.0.202\Extensions\Microsoft.VisualStudio.TestPlatform.Extensions.Trx.TestLogger.dll
TpTrace Verbose: 0 : 6328, 1, 2024/04/27, 21:29:07.303, 16673917586485, vstest.console.dll, MetadataReaderExtensionsHelper: Discovering extensions inside assembly 'Microsoft.VisualStudio.TestPlatform.Extensions.Trx.TestLogger, Version=15.0.0.0, Culture=neutral, PublicKeyToken=b03f5f7f11d50a3a' file path 'C:\Program Files\dotnet\sdk\8.0.202\Extensions\Microsoft.VisualStudio.TestPlatform.Extensions.Trx.TestLogger.dll'
TpTrace Verbose: 0 : 6328, 1, 2024/04/27, 21:29:07.304, 16673917593383, vstest.console.dll, TestPluginCache: Discovered the extensions using extension path ''.
TpTrace Verbose: 0 : 6328, 1, 2024/04/27, 21:29:07.304, 16673917594170, vstest.console.dll, TestPluginCache: Discoverers are ''.
TpTrace Verbose: 0 : 6328, 1, 2024/04/27, 21:29:07.304, 16673917594396, vstest.console.dll, TestPluginCache: Executors are ''.
TpTrace Verbose: 0 : 6328, 1, 2024/04/27, 21:29:07.304, 16673917594585, vstest.console.dll, TestPluginCache: Executors2 are ''.
TpTrace Verbose: 0 : 6328, 1, 2024/04/27, 21:29:07.304, 16673917594776, vstest.console.dll, TestPluginCache: Setting providers are ''.
TpTrace Verbose: 0 : 6328, 1, 2024/04/27, 21:29:07.304, 16673917594962, vstest.console.dll, TestPluginCache: Loggers are ''.
TpTrace Verbose: 0 : 6328, 1, 2024/04/27, 21:29:07.304, 16673917596246, vstest.console.dll, TestPluginCache: TestHosts are 'HostProvider://DefaultTestHost,HostProvider://DotnetTestHost'.
TpTrace Verbose: 0 : 6328, 1, 2024/04/27, 21:29:07.304, 16673917596512, vstest.console.dll, TestPluginCache: DataCollectors are ''.
TpTrace Information: 0 : 6328, 1, 2024/04/27, 21:29:07.319, 16673917747756, vstest.console.dll, RunTestsArgumentProcessor:Execute: Test run is starting.
TpTrace Verbose: 0 : 6328, 1, 2024/04/27, 21:29:07.320, 16673917748716, vstest.console.dll, RunTestsArgumentProcessor:Execute: Queuing Test run.
TpTrace Information: 0 : 6328, 1, 2024/04/27, 21:29:07.320, 16673917753786, vstest.console.dll, TestRequestManager.RunTests: run tests started.
TpTrace Information: 0 : 6328, 1, 2024/04/27, 21:29:07.321, 16673917768060, vstest.console.dll, AssemblyMetadataProvider.GetFrameworkName: Determined framework:'.NETCoreApp,Version=v8.0' for source: 'C:\Users\VC\Desktop\training\day13\ShoppingSolution\ShoppingTest\bin\Debug\net8.0\fine-code-coverage\build-output\ShoppingTest.dll'
TpTrace Information: 0 : 6328, 1, 2024/04/27, 21:29:07.322, 16673917769555, vstest.console.dll, Determined framework for all sources: .NETCoreApp,Version=v8.0
TpTrace Verbose: 0 : 6328, 1, 2024/04/27, 21:29:07.322, 16673917772458, vstest.console.dll, TestRequestManager.UpdateRunSettingsIfRequired: Default architecture: X64 IsDefaultTargetArchitecture: True, Current process architecture: X64 OperatingSystem: Windows.
TpTrace Information: 0 : 6328, 1, 2024/04/27, 21:29:07.324, 16673917792075, vstest.console.dll, AssemblyMetadataProvider.GetArchitecture: Determined architecture:AnyCPU info for assembly: C:\Users\VC\Desktop\training\day13\ShoppingSolution\ShoppingTest\bin\Debug\net8.0\fine-code-coverage\build-output\ShoppingTest.dll
TpTrace Information: 0 : 6328, 1, 2024/04/27, 21:29:07.324, 16673917792851, vstest.console.dll, Determined platform for source 'C:\Users\VC\Desktop\training\day13\ShoppingSolution\ShoppingTest\bin\Debug\net8.0\fine-code-coverage\build-output\ShoppingTest.dll' was AnyCPU and it will use the default plaform X64.
TpTrace Information: 0 : 6328, 1, 2024/04/27, 21:29:07.324, 16673917793089, vstest.console.dll, None of the sources provided any runnable platform, using the default platform: X64
TpTrace Information: 0 : 6328, 1, 2024/04/27, 21:29:07.324, 16673917793980, vstest.console.dll, Platform was updated to 'X64'.
TpTrace Information: 0 : 6328, 1, 2024/04/27, 21:29:07.327, 16673917826252, vstest.console.dll, InferRunSettingsHelper.IsTestSettingsEnabled: Unable to navigate to RunSettings/MSTest. Current node: RunSettings
TpTrace Information: 0 : 6328, 1, 2024/04/27, 21:29:07.328, 16673917834936, vstest.console.dll, AssemblyResolver.OnResolve: Microsoft.VisualStudio.TestPlatform.Fakes: Resolving assembly.
TpTrace Information: 0 : 6328, 1, 2024/04/27, 21:29:07.328, 16673917835833, vstest.console.dll, AssemblyResolver.OnResolve: Microsoft.VisualStudio.TestPlatform.Fakes: Searching in: 'C:\Program Files\dotnet\sdk\8.0.202\Extensions'.
TpTrace Information: 0 : 6328, 1, 2024/04/27, 21:29:07.328, 16673917837009, vstest.console.dll, AssemblyResolver.OnResolve: Microsoft.VisualStudio.TestPlatform.Fakes: Assembly path does not exist: 'C:\Program Files\dotnet\sdk\8.0.202\Extensions\Microsoft.VisualStudio.TestPlatform.Fakes.dll', returning.
TpTrace Information: 0 : 6328, 1, 2024/04/27, 21:29:07.328, 16673917837619, vstest.console.dll, AssemblyResolver.OnResolve: Microsoft.VisualStudio.TestPlatform.Fakes: Assembly path does not exist: 'C:\Program Files\dotnet\sdk\8.0.202\Extensions\Microsoft.VisualStudio.TestPlatform.Fakes.exe', returning.
TpTrace Information: 0 : 6328, 1, 2024/04/27, 21:29:07.328, 16673917837937, vstest.console.dll, AssemblyResolver.OnResolve: Microsoft.VisualStudio.TestPlatform.Fakes: Searching in: 'C:\Program Files\dotnet\sdk\8.0.202'.
TpTrace Information: 0 : 6328, 1, 2024/04/27, 21:29:07.329, 16673917838604, vstest.console.dll, AssemblyResolver.OnResolve: Microsoft.VisualStudio.TestPlatform.Fakes: Assembly path does not exist: 'C:\Program Files\dotnet\sdk\8.0.202\Microsoft.VisualStudio.TestPlatform.Fakes.dll', returning.
TpTrace Information: 0 : 6328, 1, 2024/04/27, 21:29:07.329, 16673917839178, vstest.console.dll, AssemblyResolver.OnResolve: Microsoft.VisualStudio.TestPlatform.Fakes: Assembly path does not exist: 'C:\Program Files\dotnet\sdk\8.0.202\Microsoft.VisualStudio.TestPlatform.Fakes.exe', returning.
TpTrace Information: 0 : 6328, 1, 2024/04/27, 21:29:07.329, 16673917839532, vstest.console.dll, AssemblyResolver.OnResolve: Microsoft.VisualStudio.TestPlatform.Fakes: Failed to load assembly.
TpTrace Information: 0 : 6328, 1, 2024/04/27, 21:29:07.329, 16673917843864, vstest.console.dll, Failed to load assembly Microsoft.VisualStudio.TestPlatform.Fakes, Version=17.0.0.0, Culture=neutral. Reason:System.IO.FileNotFoundException: Could not load file or assembly 'Microsoft.VisualStudio.TestPlatform.Fakes, Version=17.0.0.0, Culture=neutral, PublicKeyToken=null'. The system cannot find the file specified.
File name: 'Microsoft.VisualStudio.TestPlatform.Fakes, Version=17.0.0.0, Culture=neutral, PublicKeyToken=null'
   at System.Reflection.RuntimeAssembly.InternalLoad(AssemblyName assemblyName, StackCrawlMark& stackMark, AssemblyLoadContext assemblyLoadContext, RuntimeAssembly requestingAssembly, Boolean throwOnFileNotFound)
   at System.Reflection.Assembly.Load(AssemblyName assemblyRef)
   at Microsoft.VisualStudio.TestPlatform.Common.Utilities.FakesUtilities.LoadTestPlatformAssembly() in /_/src/Microsoft.TestPlatform.Common/Utilities/FakesUtilities.cs:line 272
TpTrace Verbose: 0 : 6328, 1, 2024/04/27, 21:29:07.334, 16673917889257, vstest.console.dll, TestPluginCache.DiscoverTestExtensions: finding test extensions in assemblies ends with: TestLogger.dll TPluginInfo: Microsoft.VisualStudio.TestPlatform.Common.ExtensionFramework.Utilities.TestLoggerPluginInformation TExtension: Microsoft.VisualStudio.TestPlatform.ObjectModel.Client.ITestLogger
TpTrace Verbose: 0 : 6328, 1, 2024/04/27, 21:29:07.334, 16673917890333, vstest.console.dll, TestPluginCache.GetExtensionPaths: Filtered extension paths: 
TpTrace Verbose: 0 : 6328, 1, 2024/04/27, 21:29:07.334, 16673917890626, vstest.console.dll, TestPluginCache.GetExtensionPaths: Added default extension paths: C:\Program Files\dotnet\sdk\8.0.202\Extensions\Microsoft.Diagnostics.NETCore.Client.dll
C:\Program Files\dotnet\sdk\8.0.202\Extensions\Microsoft.TestPlatform.Extensions.BlameDataCollector.dll
C:\Program Files\dotnet\sdk\8.0.202\Extensions\Microsoft.TestPlatform.Extensions.EventLogCollector.dll
C:\Program Files\dotnet\sdk\8.0.202\Extensions\Microsoft.TestPlatform.TestHostRuntimeProvider.dll
C:\Program Files\dotnet\sdk\8.0.202\Extensions\Microsoft.VisualStudio.TestPlatform.Extensions.Html.TestLogger.dll
C:\Program Files\dotnet\sdk\8.0.202\Extensions\Microsoft.VisualStudio.TestPlatform.Extensions.Trx.TestLogger.dll
TpTrace Verbose: 0 : 6328, 1, 2024/04/27, 21:29:07.334, 16673917890863, vstest.console.dll, TestPluginCache.GetExtensionPaths: Added unfilterableExtensionPaths: 
TpTrace Information: 0 : 6328, 1, 2024/04/27, 21:29:07.334, 16673917891957, vstest.console.dll, AssemblyResolver.AddSearchDirectories: Adding more searchDirectories C:\Program Files\dotnet\sdk\8.0.202\Extensions,C:\Program Files\dotnet\sdk\8.0.202
TpTrace Verbose: 0 : 6328, 1, 2024/04/27, 21:29:07.334, 16673917892316, vstest.console.dll, TestPluginCache.DiscoverTestExtensions: Discovering the extensions using extension path.
TpTrace Verbose: 0 : 6328, 1, 2024/04/27, 21:29:07.334, 16673917892576, vstest.console.dll, TestPluginCache.GetExtensionPaths: Filtered extension paths: 
TpTrace Verbose: 0 : 6328, 1, 2024/04/27, 21:29:07.334, 16673917892837, vstest.console.dll, TestPluginCache.GetExtensionPaths: Added default extension paths: C:\Program Files\dotnet\sdk\8.0.202\Extensions\Microsoft.Diagnostics.NETCore.Client.dll
C:\Program Files\dotnet\sdk\8.0.202\Extensions\Microsoft.TestPlatform.Extensions.BlameDataCollector.dll
C:\Program Files\dotnet\sdk\8.0.202\Extensions\Microsoft.TestPlatform.Extensions.EventLogCollector.dll
C:\Program Files\dotnet\sdk\8.0.202\Extensions\Microsoft.TestPlatform.TestHostRuntimeProvider.dll
C:\Program Files\dotnet\sdk\8.0.202\Extensions\Microsoft.VisualStudio.TestPlatform.Extensions.Html.TestLogger.dll
C:\Program Files\dotnet\sdk\8.0.202\Extensions\Microsoft.VisualStudio.TestPlatform.Extensions.Trx.TestLogger.dll
TpTrace Verbose: 0 : 6328, 1, 2024/04/27, 21:29:07.334, 16673917893068, vstest.console.dll, TestPluginCache.GetExtensionPaths: Added unfilterableExtensionPaths: 
TpTrace Verbose: 0 : 6328, 1, 2024/04/27, 21:29:07.334, 16673917893312, vstest.console.dll, TestPluginCache.DiscoverTestExtensions: Discovering the extensions using allExtensionPaths: C:\Program Files\dotnet\sdk\8.0.202\Extensions\Microsoft.Diagnostics.NETCore.Client.dll
C:\Program Files\dotnet\sdk\8.0.202\Extensions\Microsoft.TestPlatform.Extensions.BlameDataCollector.dll
C:\Program Files\dotnet\sdk\8.0.202\Extensions\Microsoft.TestPlatform.Extensions.EventLogCollector.dll
C:\Program Files\dotnet\sdk\8.0.202\Extensions\Microsoft.TestPlatform.TestHostRuntimeProvider.dll
C:\Program Files\dotnet\sdk\8.0.202\Extensions\Microsoft.VisualStudio.TestPlatform.Extensions.Html.TestLogger.dll
C:\Program Files\dotnet\sdk\8.0.202\Extensions\Microsoft.VisualStudio.TestPlatform.Extensions.Trx.TestLogger.dll
TpTrace Information: 0 : 6328, 1, 2024/04/27, 21:29:07.334, 16673917894034, vstest.console.dll, AssemblyResolver.AddSearchDirectories: Adding more searchDirectories C:\Program Files\dotnet\sdk\8.0.202\Extensions,C:\Program Files\dotnet\sdk\8.0.202
TpTrace Information: 0 : 6328, 1, 2024/04/27, 21:29:07.334, 16673917894476, vstest.console.dll, AssemblyResolver.AddSearchDirectories: Adding more searchDirectories C:\Program Files\dotnet\sdk\8.0.202\Extensions,C:\Program Files\dotnet\sdk\8.0.202
TpTrace Information: 0 : 6328, 1, 2024/04/27, 21:29:07.334, 16673917894709, vstest.console.dll, AssemblyResolver.AddSearchDirectories: Adding more searchDirectories C:\Program Files\dotnet\sdk\8.0.202\Extensions,C:\Program Files\dotnet\sdk\8.0.202
TpTrace Information: 0 : 6328, 1, 2024/04/27, 21:29:07.334, 16673917894924, vstest.console.dll, AssemblyResolver.AddSearchDirectories: Adding more searchDirectories C:\Program Files\dotnet\sdk\8.0.202\Extensions,C:\Program Files\dotnet\sdk\8.0.202
TpTrace Information: 0 : 6328, 1, 2024/04/27, 21:29:07.334, 16673917895141, vstest.console.dll, AssemblyResolver.AddSearchDirectories: Adding more searchDirectories C:\Program Files\dotnet\sdk\8.0.202\Extensions,C:\Program Files\dotnet\sdk\8.0.202
TpTrace Information: 0 : 6328, 1, 2024/04/27, 21:29:07.334, 16673917895405, vstest.console.dll, AssemblyResolver.AddSearchDirectories: Adding more searchDirectories C:\Program Files\dotnet\sdk\8.0.202\Extensions,C:\Program Files\dotnet\sdk\8.0.202
TpTrace Verbose: 0 : 6328, 1, 2024/04/27, 21:29:07.334, 16673917896330, vstest.console.dll, MetadataReaderExtensionsHelper: Discovering extensions inside assembly 'Microsoft.Diagnostics.NETCore.Client, Version=0.2.9.2401, Culture=neutral, PublicKeyToken=31bf3856ad364e35' file path 'C:\Program Files\dotnet\sdk\8.0.202\Extensions\Microsoft.Diagnostics.NETCore.Client.dll'
TpTrace Information: 0 : 6328, 1, 2024/04/27, 21:29:07.335, 16673917904185, vstest.console.dll, AssemblyResolver.OnResolve: Microsoft.Bcl.AsyncInterfaces: Resolving assembly.
TpTrace Information: 0 : 6328, 1, 2024/04/27, 21:29:07.335, 16673917904852, vstest.console.dll, AssemblyResolver.OnResolve: Microsoft.Bcl.AsyncInterfaces: Resolved from cache.
TpTrace Verbose: 0 : 6328, 1, 2024/04/27, 21:29:07.335, 16673917905076, vstest.console.dll, CurrentDomainAssemblyResolve: Resolving assembly 'Microsoft.Bcl.AsyncInterfaces'.
TpTrace Information: 0 : 6328, 1, 2024/04/27, 21:29:07.335, 16673917905402, vstest.console.dll, AssemblyResolver.OnResolve: Microsoft.Bcl.AsyncInterfaces: Resolving assembly.
TpTrace Information: 0 : 6328, 1, 2024/04/27, 21:29:07.335, 16673917905647, vstest.console.dll, AssemblyResolver.OnResolve: Microsoft.Bcl.AsyncInterfaces: Resolved from cache.
TpTrace Verbose: 0 : 6328, 1, 2024/04/27, 21:29:07.335, 16673917905842, vstest.console.dll, CurrentDomainAssemblyResolve: Resolving assembly 'Microsoft.Bcl.AsyncInterfaces'.
TpTrace Verbose: 0 : 6328, 1, 2024/04/27, 21:29:07.335, 16673917906049, vstest.console.dll, CurrentDomainAssemblyResolve: Failed to resolve assembly 'Microsoft.Bcl.AsyncInterfaces'.
TpTrace Verbose: 0 : 6328, 1, 2024/04/27, 21:29:07.335, 16673917907279, vstest.console.dll, CurrentDomainAssemblyResolve: Failed to resolve assembly 'Microsoft.Bcl.AsyncInterfaces'.
TpTrace Warning: 0 : 6328, 1, 2024/04/27, 21:29:07.336, 16673917912399, vstest.console.dll, TestPluginDiscoverer: Failed to get types from assembly 'Microsoft.Diagnostics.NETCore.Client, Version=0.2.9.2401, Culture=neutral, PublicKeyToken=31bf3856ad364e35'. Error: System.Reflection.ReflectionTypeLoadException: Unable to load one or more of the requested types.
Could not load file or assembly 'Microsoft.Bcl.AsyncInterfaces, Version=6.0.0.0, Culture=neutral, PublicKeyToken=cc7b13ffcd2ddd51'. The system cannot find the file specified.
   at System.Reflection.RuntimeModule.GetTypes(RuntimeModule module)
   at System.Reflection.RuntimeModule.GetTypes()
   at Microsoft.VisualStudio.TestPlatform.Common.ExtensionFramework.TestPluginDiscoverer.GetTestExtensionsFromAssembly[TPluginInfo,TExtension](Assembly assembly, Dictionary`2 pluginInfos, String filePath) in /_/src/Microsoft.TestPlatform.Common/ExtensionFramework/TestPluginDiscoverer.cs:line 158
System.IO.FileNotFoundException: Could not load file or assembly 'Microsoft.Bcl.AsyncInterfaces, Version=6.0.0.0, Culture=neutral, PublicKeyToken=cc7b13ffcd2ddd51'. The system cannot find the file specified.
File name: 'Microsoft.Bcl.AsyncInterfaces, Version=6.0.0.0, Culture=neutral, PublicKeyToken=cc7b13ffcd2ddd51'
 ---> System.IO.FileNotFoundException: Could not load file or assembly 'Microsoft.Bcl.AsyncInterfaces, Culture=neutral, PublicKeyToken=null'. The system cannot find the file specified.
File name: 'Microsoft.Bcl.AsyncInterfaces, Culture=neutral, PublicKeyToken=null'
   at System.Reflection.RuntimeAssembly.InternalLoad(AssemblyName assemblyName, StackCrawlMark& stackMark, AssemblyLoadContext assemblyLoadContext, RuntimeAssembly requestingAssembly, Boolean throwOnFileNotFound)
   at System.Reflection.Assembly.Load(AssemblyName assemblyRef)
   at Microsoft.VisualStudio.TestPlatform.Common.ExtensionFramework.TestPluginCache.CurrentDomainAssemblyResolve(Object sender, AssemblyResolveEventArgs args) in /_/src/Microsoft.TestPlatform.Common/ExtensionFramework/TestPluginCache.cs:line 513
   at System.Runtime.Loader.AssemblyLoadContext.GetFirstResolvedAssemblyFromResolvingEvent(AssemblyName assemblyName)
   at System.Runtime.Loader.AssemblyLoadContext.ResolveUsingEvent(AssemblyName assemblyName)
   at System.Runtime.Loader.AssemblyLoadContext.ResolveUsingResolvingEvent(IntPtr gchManagedAssemblyLoadContext, AssemblyName assemblyName)
TpTrace Warning: 0 : 6328, 1, 2024/04/27, 21:29:07.336, 16673917914603, vstest.console.dll, LoaderExceptions: System.IO.FileNotFoundException: Could not load file or assembly 'Microsoft.Bcl.AsyncInterfaces, Version=6.0.0.0, Culture=neutral, PublicKeyToken=cc7b13ffcd2ddd51'. The system cannot find the file specified.
File name: 'Microsoft.Bcl.AsyncInterfaces, Version=6.0.0.0, Culture=neutral, PublicKeyToken=cc7b13ffcd2ddd51'
 ---> System.IO.FileNotFoundException: Could not load file or assembly 'Microsoft.Bcl.AsyncInterfaces, Culture=neutral, PublicKeyToken=null'. The system cannot find the file specified.
File name: 'Microsoft.Bcl.AsyncInterfaces, Culture=neutral, PublicKeyToken=null'
   at System.Reflection.RuntimeAssembly.InternalLoad(AssemblyName assemblyName, StackCrawlMark& stackMark, AssemblyLoadContext assemblyLoadContext, RuntimeAssembly requestingAssembly, Boolean throwOnFileNotFound)
   at System.Reflection.Assembly.Load(AssemblyName assemblyRef)
   at Microsoft.VisualStudio.TestPlatform.Common.ExtensionFramework.TestPluginCache.CurrentDomainAssemblyResolve(Object sender, AssemblyResolveEventArgs args) in /_/src/Microsoft.TestPlatform.Common/ExtensionFramework/TestPluginCache.cs:line 513
   at System.Runtime.Loader.AssemblyLoadContext.GetFirstResolvedAssemblyFromResolvingEvent(AssemblyName assemblyName)
   at System.Runtime.Loader.AssemblyLoadContext.ResolveUsingEvent(AssemblyName assemblyName)
   at System.Runtime.Loader.AssemblyLoadContext.ResolveUsingResolvingEvent(IntPtr gchManagedAssemblyLoadContext, AssemblyName assemblyName)
TpTrace Verbose: 0 : 6328, 1, 2024/04/27, 21:29:07.336, 16673917915463, vstest.console.dll, MetadataReaderExtensionsHelper: Discovering extensions inside assembly 'Microsoft.TestPlatform.Extensions.BlameDataCollector, Version=15.0.0.0, Culture=neutral, PublicKeyToken=b03f5f7f11d50a3a' file path 'C:\Program Files\dotnet\sdk\8.0.202\Extensions\Microsoft.TestPlatform.Extensions.BlameDataCollector.dll'
TpTrace Information: 0 : 6328, 1, 2024/04/27, 21:29:07.337, 16673917920730, vstest.console.dll, GetTestExtensionFromType: Register extension with identifier data 'logger://Microsoft/TestPlatform/Extensions/Blame/v1' and type 'Microsoft.TestPlatform.Extensions.BlameDataCollector.BlameLogger, Microsoft.TestPlatform.Extensions.BlameDataCollector, Version=15.0.0.0, Culture=neutral, PublicKeyToken=b03f5f7f11d50a3a' inside file 'C:\Program Files\dotnet\sdk\8.0.202\Extensions\Microsoft.TestPlatform.Extensions.BlameDataCollector.dll'
TpTrace Verbose: 0 : 6328, 1, 2024/04/27, 21:29:07.337, 16673917921700, vstest.console.dll, MetadataReaderExtensionsHelper: Discovering extensions inside assembly 'Microsoft.TestPlatform.Extensions.EventLogCollector, Version=15.0.0.0, Culture=neutral, PublicKeyToken=b03f5f7f11d50a3a' file path 'C:\Program Files\dotnet\sdk\8.0.202\Extensions\Microsoft.TestPlatform.Extensions.EventLogCollector.dll'
TpTrace Verbose: 0 : 6328, 1, 2024/04/27, 21:29:07.337, 16673917925044, vstest.console.dll, MetadataReaderExtensionsHelper: Discovering extensions inside assembly 'Microsoft.TestPlatform.TestHostRuntimeProvider, Version=15.0.0.0, Culture=neutral, PublicKeyToken=b03f5f7f11d50a3a' file path 'C:\Program Files\dotnet\sdk\8.0.202\Extensions\Microsoft.TestPlatform.TestHostRuntimeProvider.dll'
TpTrace Verbose: 0 : 6328, 1, 2024/04/27, 21:29:07.338, 16673917928495, vstest.console.dll, MetadataReaderExtensionsHelper: Discovering extensions inside assembly 'Microsoft.VisualStudio.TestPlatform.Extensions.Html.TestLogger, Version=15.0.0.0, Culture=neutral, PublicKeyToken=b03f5f7f11d50a3a' file path 'C:\Program Files\dotnet\sdk\8.0.202\Extensions\Microsoft.VisualStudio.TestPlatform.Extensions.Html.TestLogger.dll'
TpTrace Information: 0 : 6328, 1, 2024/04/27, 21:29:07.338, 16673917936014, vstest.console.dll, GetTestExtensionFromType: Register extension with identifier data 'logger://Microsoft/TestPlatform/HtmlLogger/v1' and type 'Microsoft.VisualStudio.TestPlatform.Extensions.HtmlLogger.HtmlLogger, Microsoft.VisualStudio.TestPlatform.Extensions.Html.TestLogger, Version=15.0.0.0, Culture=neutral, PublicKeyToken=b03f5f7f11d50a3a' inside file 'C:\Program Files\dotnet\sdk\8.0.202\Extensions\Microsoft.VisualStudio.TestPlatform.Extensions.Html.TestLogger.dll'
TpTrace Verbose: 0 : 6328, 1, 2024/04/27, 21:29:07.338, 16673917936929, vstest.console.dll, MetadataReaderExtensionsHelper: Discovering extensions inside assembly 'Microsoft.VisualStudio.TestPlatform.Extensions.Trx.TestLogger, Version=15.0.0.0, Culture=neutral, PublicKeyToken=b03f5f7f11d50a3a' file path 'C:\Program Files\dotnet\sdk\8.0.202\Extensions\Microsoft.VisualStudio.TestPlatform.Extensions.Trx.TestLogger.dll'
TpTrace Information: 0 : 6328, 1, 2024/04/27, 21:29:07.339, 16673917941156, vstest.console.dll, GetTestExtensionFromType: Register extension with identifier data 'logger://Microsoft/TestPlatform/TrxLogger/v1' and type 'Microsoft.VisualStudio.TestPlatform.Extensions.TrxLogger.TrxLogger, Microsoft.VisualStudio.TestPlatform.Extensions.Trx.TestLogger, Version=15.0.0.0, Culture=neutral, PublicKeyToken=b03f5f7f11d50a3a' inside file 'C:\Program Files\dotnet\sdk\8.0.202\Extensions\Microsoft.VisualStudio.TestPlatform.Extensions.Trx.TestLogger.dll'
TpTrace Verbose: 0 : 6328, 1, 2024/04/27, 21:29:07.339, 16673917942549, vstest.console.dll, TestPluginCache: Discovered the extensions using extension path ''.
TpTrace Verbose: 0 : 6328, 1, 2024/04/27, 21:29:07.339, 16673917943188, vstest.console.dll, TestPluginCache: Discoverers are ''.
TpTrace Verbose: 0 : 6328, 1, 2024/04/27, 21:29:07.339, 16673917943502, vstest.console.dll, TestPluginCache: Executors are ''.
TpTrace Verbose: 0 : 6328, 1, 2024/04/27, 21:29:07.339, 16673917943791, vstest.console.dll, TestPluginCache: Executors2 are ''.
TpTrace Verbose: 0 : 6328, 1, 2024/04/27, 21:29:07.339, 16673917944089, vstest.console.dll, TestPluginCache: Setting providers are ''.
TpTrace Verbose: 0 : 6328, 1, 2024/04/27, 21:29:07.339, 16673917945184, vstest.console.dll, TestPluginCache: Loggers are 'logger://Microsoft/TestPlatform/Extensions/Blame/v1,logger://Microsoft/TestPlatform/HtmlLogger/v1,logger://Microsoft/TestPlatform/TrxLogger/v1'.
TpTrace Verbose: 0 : 6328, 1, 2024/04/27, 21:29:07.339, 16673917945807, vstest.console.dll, TestPluginCache: TestHosts are 'HostProvider://DefaultTestHost,HostProvider://DotnetTestHost'.
TpTrace Verbose: 0 : 6328, 1, 2024/04/27, 21:29:07.339, 16673917946763, vstest.console.dll, TestPluginCache: DataCollectors are ''.
TpTrace Information: 0 : 6328, 1, 2024/04/27, 21:29:07.341, 16673917961688, vstest.console.dll, TestPluginManager.CreateTestExtension: Attempting to load test extension: Microsoft.TestPlatform.Extensions.BlameDataCollector.BlameLogger
TpTrace Verbose: 0 : 6328, 1, 2024/04/27, 21:29:07.352, 16673918071527, vstest.console.dll, TestEngine: Initializing Parallel Execution as MaxCpuCount is set to: 1
TpTrace Information: 0 : 6328, 1, 2024/04/27, 21:29:07.354, 16673918091758, vstest.console.dll, TestPluginManager.CreateTestExtension: Attempting to load test extension: Microsoft.VisualStudio.TestPlatform.CrossPlatEngine.Hosting.DefaultTestHostManager
TpTrace Information: 0 : 6328, 1, 2024/04/27, 21:29:07.355, 16673918102002, vstest.console.dll, TestPluginManager.CreateTestExtension: Attempting to load test extension: Microsoft.VisualStudio.TestPlatform.CrossPlatEngine.Hosting.DotnetTestHostManager
TpTrace Information: 0 : 6328, 1, 2024/04/27, 21:29:07.355, 16673918107123, vstest.console.dll, InferRunSettingsHelper.IsTestSettingsEnabled: Unable to navigate to RunSettings/MSTest. Current node: RunSettings
TpTrace Verbose: 0 : 6328, 1, 2024/04/27, 21:29:07.356, 16673918117218, vstest.console.dll, ParallelOperationManager.ClearSlots: Clearing all slots. Slots should accept more work: True
TpTrace Verbose: 0 : 6328, 1, 2024/04/27, 21:29:07.357, 16673918124799, vstest.console.dll, ParallelOperationManager.SetOccupiedSlotCount: Setting slot counts AvailableSlotCount = 1, OccupiedSlotCount = 0.
TpTrace Verbose: 0 : 6328, 1, 2024/04/27, 21:29:07.358, 16673918129728, vstest.console.dll, Occupied slots:

TpTrace Verbose: 0 : 6328, 1, 2024/04/27, 21:29:07.360, 16673918154774, vstest.console.dll, TestEngine.GetExecutionManager: Chosen execution manager 'Microsoft.VisualStudio.TestPlatform.CrossPlatEngine.Client.Parallel.ParallelProxyExecutionManager, Microsoft.TestPlatform.CrossPlatEngine, Version=15.0.0.0, Culture=neutral, PublicKeyToken=b03f5f7f11d50a3a' ParallelLevel '1'.
TpTrace Verbose: 0 : 6328, 1, 2024/04/27, 21:29:07.360, 16673918156072, vstest.console.dll, TestRunRequest.ExecuteAsync: Creating test run request.
TpTrace Verbose: 0 : 6328, 1, 2024/04/27, 21:29:07.360, 16673918157697, vstest.console.dll, TestRunRequest.ExecuteAsync: Starting.
TpTrace Information: 0 : 6328, 1, 2024/04/27, 21:29:07.361, 16673918167177, vstest.console.dll, TestRunRequest.ExecuteAsync: Starting run with settings:TestRunCriteria:
   KeepAlive=False,FrequencyOfRunStatsChangeEvent=10,RunStatsChangeEventTimeout=00:00:01.5000000,TestCaseFilter=,TestExecutorLauncher=
   Settingsxml=<RunSettings>
  <RunConfiguration>
    <ResultsDirectory>C:\Users\VC\Desktop\training\day13\ShoppingSolution\ShoppingTest\bin\Debug\net8.0\fine-code-coverage\coverage-tool-output</ResultsDirectory>
    <TargetPlatform>X64</TargetPlatform>
    <TargetFrameworkVersion>.NETCoreApp,Version=v8.0</TargetFrameworkVersion>
    <DesignMode>False</DesignMode>
    <CollectSourceInformation>False</CollectSourceInformation>
  </RunConfiguration>
  <LoggerRunSettings>
    <Loggers>
      <Logger friendlyName="blame" enabled="True" />
      <Logger friendlyName="Console" uri="logger://microsoft/TestPlatform/ConsoleLogger/v1" assemblyQualifiedName="Microsoft.VisualStudio.TestPlatform.CommandLine.Internal.ConsoleLogger, vstest.console, Version=15.0.0.0, Culture=neutral, PublicKeyToken=b03f5f7f11d50a3a" codeBase="C:\Program Files\dotnet\sdk\8.0.202\vstest.console.dll" enabled="True" />
    </Loggers>
  </LoggerRunSettings>
  <DataCollectionRunSettings>
    <DataCollectors>
      <DataCollector friendlyName="blame" enabled="True">
        <Configuration>
          <ResultsDirectory>C:\Users\VC\Desktop\training\day13\ShoppingSolution\ShoppingTest\bin\Debug\net8.0\fine-code-coverage\coverage-tool-output</ResultsDirectory>
        </Configuration>
      </DataCollector>
    </DataCollectors>
  </DataCollectionRunSettings>
</RunSettings>

TpTrace Verbose: 0 : 6328, 1, 2024/04/27, 21:29:07.361, 16673918167822, vstest.console.dll, TestRunRequest.ExecuteAsync: Wait for the first run request is over.
TpTrace Verbose: 0 : 6328, 1, 2024/04/27, 21:29:07.362, 16673918170422, vstest.console.dll, MulticastDelegateUtilities.SafeInvoke: TestRun.TestRunStart: Invoking callbacks was skipped because there are no subscribers.
TpTrace Verbose: 0 : 6328, 4, 2024/04/27, 21:29:07.362, 16673918173395, vstest.console.dll, MulticastDelegateUtilities.SafeInvoke: InternalTestLoggerEvents.SendTestRunStart: Invoking callback 1/1 for Microsoft.VisualStudio.TestPlatform.CommandLine.Internal.ConsoleLogger., took 0 ms.
TpTrace Verbose: 0 : 6328, 1, 2024/04/27, 21:29:07.363, 16673918178825, vstest.console.dll, ParallelProxyExecutionManager: Start execution. Total sources: 1
TpTrace Verbose: 0 : 6328, 1, 2024/04/27, 21:29:07.363, 16673918181205, vstest.console.dll, ParallelOperationManager.StartWork: Starting adding 1 workloads.
TpTrace Verbose: 0 : 6328, 1, 2024/04/27, 21:29:07.363, 16673918181700, vstest.console.dll, ParallelOperationManager.ClearSlots: Clearing all slots. Slots should accept more work: True
TpTrace Verbose: 0 : 6328, 1, 2024/04/27, 21:29:07.363, 16673918182169, vstest.console.dll, ParallelOperationManager.SetOccupiedSlotCount: Setting slot counts AvailableSlotCount = 1, OccupiedSlotCount = 0.
TpTrace Verbose: 0 : 6328, 1, 2024/04/27, 21:29:07.363, 16673918182439, vstest.console.dll, Occupied slots:

TpTrace Verbose: 0 : 6328, 1, 2024/04/27, 21:29:07.364, 16673918193087, vstest.console.dll, TestRequestSender is acting as server.
TpTrace Verbose: 0 : 6328, 1, 2024/04/27, 21:29:07.365, 16673918207743, vstest.console.dll, ParallelOperationManager.RunWorkInParallel: Adding 1 workload to slot, remaining workloads 0.
TpTrace Verbose: 0 : 6328, 1, 2024/04/27, 21:29:07.366, 16673918208397, vstest.console.dll, ParallelOperationManager.SetOccupiedSlotCount: Setting slot counts AvailableSlotCount = 0, OccupiedSlotCount = 1.
TpTrace Verbose: 0 : 6328, 1, 2024/04/27, 21:29:07.366, 16673918209219, vstest.console.dll, Occupied slots:
0: C:\Users\VC\Desktop\training\day13\ShoppingSolution\ShoppingTest\bin\Debug\net8.0\fine-code-coverage\build-output\ShoppingTest.dll
TpTrace Verbose: 0 : 6328, 1, 2024/04/27, 21:29:07.366, 16673918217230, vstest.console.dll, ParallelOperationManager.RunWorkInParallel: Started host in slot number 0 for work (source): C:\Users\VC\Desktop\training\day13\ShoppingSolution\ShoppingTest\bin\Debug\net8.0\fine-code-coverage\build-output\ShoppingTest.dll.
TpTrace Verbose: 0 : 6328, 1, 2024/04/27, 21:29:07.367, 16673918226952, vstest.console.dll, ParallelOperationManager.RunWorkInParallel: We started 1 work items, which is the max parallel level. Won't start more work.
TpTrace Verbose: 0 : 6328, 1, 2024/04/27, 21:29:07.367, 16673918227524, vstest.console.dll, ParallelOperationManager.RunWorkInParallel: We started 1 work items in here, returning True.
TpTrace Information: 0 : 6328, 1, 2024/04/27, 21:29:07.367, 16673918227906, vstest.console.dll, TestRunRequest.ExecuteAsync: Started.
TpTrace Verbose: 0 : 6328, 5, 2024/04/27, 21:29:07.368, 16673918228656, vstest.console.dll, ParallelProxyExecutionManager.StartTestRunOnConcurrentManager: Initializing uninitialized client. Started clients: 0
TpTrace Verbose: 0 : 6328, 5, 2024/04/27, 21:29:07.368, 16673918230245, vstest.console.dll, DataCollectionRequestSender.InitializeCommunication : Initialize communication. 
TpTrace Verbose: 0 : 6328, 1, 2024/04/27, 21:29:07.368, 16673918232664, vstest.console.dll, TestRunRequest.WaitForCompletion: Waiting with timeout -1.
TpTrace Information: 0 : 6328, 5, 2024/04/27, 21:29:07.375, 16673918305724, vstest.console.dll, Listening on Endpoint : 127.0.0.1:52684
TpTrace Verbose: 0 : 6328, 5, 2024/04/27, 21:29:07.381, 16673918362245, vstest.console.dll, DotnetDataCollectionLauncher: Adding  --runtimeconfig "C:\Program Files\dotnet\sdk\8.0.202\datacollector.runtimeconfig.json" in args
TpTrace Verbose: 0 : 6328, 5, 2024/04/27, 21:29:07.381, 16673918363389, vstest.console.dll, DotnetDataCollectionLauncher: Adding  --depsfile "C:\Program Files\dotnet\sdk\8.0.202\datacollector.deps.json" in args
TpTrace Verbose: 0 : 6328, 5, 2024/04/27, 21:29:07.382, 16673918368971, vstest.console.dll, DotnetDataCollectionLauncher: Full path of dotnet.exe is C:\Program Files\dotnet\dotnet.exe
TpTrace Information: 0 : 6328, 5, 2024/04/27, 21:29:07.388, 16673918437352, vstest.console.dll, ProxyDataCollectionManager.Initialize: Launched datacollector processId: 3120 port: 52684
TpTrace Information: 0 : 6328, 5, 2024/04/27, 21:29:07.389, 16673918438758, vstest.console.dll, ProxyDataCollectionManager.Initialize: waiting for connection with timeout: 90 seconds
TpTrace Verbose: 0 : 6328, 5, 2024/04/27, 21:29:07.389, 16673918439304, vstest.console.dll, DataCollectionRequestSender.WaitForRequestHandlerConnection : Waiting for connection with timeout: 90000
TpTrace Information: 0 : 6328, 7, 2024/04/27, 21:29:07.572, 16673920275372, vstest.console.dll, Using the buffer size of 16384 bytes
TpTrace Verbose: 0 : 6328, 5, 2024/04/27, 21:29:07.572, 16673920275403, vstest.console.dll, SocketCommunicationManager.WaitForClientConnection took: 183 ms, with 90000 ms timeout, and finished with True.
TpTrace Information: 0 : 6328, 7, 2024/04/27, 21:29:07.572, 16673920277123, vstest.console.dll, Accepted Client request and set the flag
TpTrace Verbose: 0 : 6328, 5, 2024/04/27, 21:29:07.572, 16673920278568, vstest.console.dll, ProxyDataCollectionManager.InvokeDataCollectionServiceAction: Starting.
TpTrace Information: 0 : 6328, 5, 2024/04/27, 21:29:07.573, 16673920279614, vstest.console.dll, ProxyDataCollectionManager.BeforeTestRunStart: Get environment variable and port for datacollector processId: 3120 port: 52684
TpTrace Verbose: 0 : 6328, 5, 2024/04/27, 21:29:07.573, 16673920280894, vstest.console.dll, DataCollectionRequestSender.SendBeforeTestRunStartAndGetResult: Send BeforeTestRunStart message with settingsXml <RunSettings><RunConfiguration><ResultsDirectory>C:\Users\VC\Desktop\training\day13\ShoppingSolution\ShoppingTest\bin\Debug\net8.0\fine-code-coverage\coverage-tool-output</ResultsDirectory><TargetPlatform>X64</TargetPlatform><TargetFrameworkVersion>.NETCoreApp,Version=v8.0</TargetFrameworkVersion><DesignMode>False</DesignMode><CollectSourceInformation>False</CollectSourceInformation><TestAdaptersPaths>C:\Program Files\dotnet\sdk\8.0.202\Extensions</TestAdaptersPaths></RunConfiguration><LoggerRunSettings><Loggers><Logger friendlyName="blame" enabled="True" /><Logger friendlyName="Console" uri="logger://microsoft/TestPlatform/ConsoleLogger/v1" assemblyQualifiedName="Microsoft.VisualStudio.TestPlatform.CommandLine.Internal.ConsoleLogger, vstest.console, Version=15.0.0.0, Culture=neutral, PublicKeyToken=b03f5f7f11d50a3a" codeBase="C:\Program Files\dotnet\sdk\8.0.202\vstest.console.dll" enabled="True" /></Loggers></LoggerRunSettings><DataCollectionRunSettings><DataCollectors><DataCollector friendlyName="blame" enabled="True"><Configuration><ResultsDirectory>C:\Users\VC\Desktop\training\day13\ShoppingSolution\ShoppingTest\bin\Debug\net8.0\fine-code-coverage\coverage-tool-output</ResultsDirectory></Configuration></DataCollector></DataCollectors></DataCollectionRunSettings></RunSettings> and sources System.Collections.Generic.List`1[System.String]: 
TpTrace Verbose: 0 : 6328, 5, 2024/04/27, 21:29:07.613, 16673920685735, vstest.console.dll, DataCollectionRequestSender.SendBeforeTestRunStartAndGetResult: Received message: (DataCollection.SendMessage) -> {"MessageType":"DataCollection.SendMessage","Payload":{"FriendlyName":null,"Uri":null,"TestCaseId":"00000000-0000-0000-0000-000000000000","Message":"Logging DataCollector Diagnostics in file: C:\\Users\\VC\\Desktop\\training\\day13\\ShoppingSolution\\ShoppingTest\\bin\\Debug\\net8.0\\fine-code-coverage\\coverage-tool-output\\diagnostics.datacollector.24-04-27_21-29-07_38118_5.log","Level":0}}
TpTrace Verbose: 0 : 6328, 5, 2024/04/27, 21:29:07.683, 16673921387652, vstest.console.dll, DataCollectionRequestSender.SendBeforeTestRunStartAndGetResult: Received message: (DataCollection.BeforeTestRunStartResult) -> {"MessageType":"DataCollection.BeforeTestRunStartResult","Payload":{"EnvironmentVariables":{},"DataCollectionEventsPort":52688}}
TpTrace Information: 0 : 6328, 5, 2024/04/27, 21:29:07.689, 16673921439222, vstest.console.dll, ProxyDataCollectionManager.BeforeTestRunStart: SendBeforeTestRunStartAndGetResult successful, env variable from datacollector:   and testhost port: 52688
TpTrace Information: 0 : 6328, 5, 2024/04/27, 21:29:07.689, 16673921440451, vstest.console.dll, ProxyDataCollectionManager.InvokeDataCollectionServiceAction: Completed.
TpTrace Verbose: 0 : 6328, 5, 2024/04/27, 21:29:07.689, 16673921440813, vstest.console.dll, ParallelProxyExecutionManager.StartTestRunOnConcurrentManager: Initializing test run. Started clients: 0
TpTrace Verbose: 0 : 6328, 5, 2024/04/27, 21:29:07.689, 16673921441970, vstest.console.dll, ProxyExecutionManager: Test host is always Lazy initialize.
TpTrace Verbose: 0 : 6328, 5, 2024/04/27, 21:29:07.689, 16673921444630, vstest.console.dll, TestRequestSender.InitializeCommunication: initialize communication. 
TpTrace Information: 0 : 6328, 5, 2024/04/27, 21:29:07.690, 16673921451205, vstest.console.dll, SocketServer.Start: Listening on endpoint : 127.0.0.1:52689
TpTrace Verbose: 0 : 6328, 5, 2024/04/27, 21:29:07.691, 16673921459130, vstest.console.dll, DotnetTestHostmanager.GetTestHostProcessStartInfo: Platform environment 'X64' target architecture 'X64' framework '.NETCoreApp,Version=v8.0' OS 'Windows'
TpTrace Verbose: 0 : 6328, 5, 2024/04/27, 21:29:07.691, 16673921461917, vstest.console.dll, DotnetTestHostmanager: Adding  --runtimeconfig "C:\Users\VC\Desktop\training\day13\ShoppingSolution\ShoppingTest\bin\Debug\net8.0\fine-code-coverage\build-output\ShoppingTest.runtimeconfig.json" in args
TpTrace Verbose: 0 : 6328, 5, 2024/04/27, 21:29:07.691, 16673921462761, vstest.console.dll, DotnetTestHostmanager: Adding  --depsfile "C:\Users\VC\Desktop\training\day13\ShoppingSolution\ShoppingTest\bin\Debug\net8.0\fine-code-coverage\build-output\ShoppingTest.deps.json" in args
TpTrace Verbose: 0 : 6328, 5, 2024/04/27, 21:29:07.691, 16673921465700, vstest.console.dll, DotnetTestHostmanager.IsWinOnArm: Current PROCESSOR_ARCHITECTURE from environment variable 'AMD64'
TpTrace Verbose: 0 : 6328, 5, 2024/04/27, 21:29:07.691, 16673921466396, vstest.console.dll, DotnetTestHostmanager.IsWinOnArm: Is Windows on ARM 'False'
TpTrace Verbose: 0 : 6328, 5, 2024/04/27, 21:29:07.691, 16673921467832, vstest.console.dll, DotnetTestHostManager: testhost.exe found at path: C:\Users\VC\Desktop\training\day13\ShoppingSolution\ShoppingTest\bin\Debug\net8.0\fine-code-coverage\build-output\testhost.exe
TpTrace Verbose: 0 : 6328, 5, 2024/04/27, 21:29:07.691, 16673921468183, vstest.console.dll, DotnetTestHostmanager: Full path of host exe is C:\Users\VC\Desktop\training\day13\ShoppingSolution\ShoppingTest\bin\Debug\net8.0\fine-code-coverage\build-output\testhost.exe
TpTrace Verbose: 0 : 6328, 5, 2024/04/27, 21:29:07.692, 16673921469728, vstest.console.dll, DotnetTestHostmanager.LaunchTestHostAsync: Found 'VSTEST_WINAPPHOST_DOTNET_ROOT' in env variables, value 'C:\Program Files\dotnet', forwarding to 'DOTNET_ROOT'
TpTrace Verbose: 0 : 6328, 5, 2024/04/27, 21:29:07.692, 16673921471269, vstest.console.dll, DotnetTestHostManager: Starting process 'C:\Users\VC\Desktop\training\day13\ShoppingSolution\ShoppingTest\bin\Debug\net8.0\fine-code-coverage\build-output\testhost.exe' with command line ' --runtimeconfig "C:\Users\VC\Desktop\training\day13\ShoppingSolution\ShoppingTest\bin\Debug\net8.0\fine-code-coverage\build-output\ShoppingTest.runtimeconfig.json" --depsfile "C:\Users\VC\Desktop\training\day13\ShoppingSolution\ShoppingTest\bin\Debug\net8.0\fine-code-coverage\build-output\ShoppingTest.deps.json" --port 52689 --endpoint 127.0.0.1:052689 --role client --parentprocessid 6328 --diag "C:\Users\VC\Desktop\training\day13\ShoppingSolution\ShoppingTest\bin\Debug\net8.0\fine-code-coverage\coverage-tool-output\diagnostics.host.24-04-27_21-29-07_69061_5.log" --tracelevel 4 --datacollectionport 52688 --telemetryoptedin false'
TpTrace Verbose: 0 : 6328, 5, 2024/04/27, 21:29:07.698, 16673921533412, vstest.console.dll, MulticastDelegateUtilities.SafeInvoke: HostProviderEvents.OnHostLaunched: Invoking callback 1/2 for Microsoft.VisualStudio.TestPlatform.CrossPlatEngine.Client.ProxyExecutionManagerWithDataCollection., took 1 ms.
TpTrace Verbose: 0 : 6328, 5, 2024/04/27, 21:29:07.698, 16673921538417, vstest.console.dll, Test Runtime launched
TpTrace Verbose: 0 : 6328, 5, 2024/04/27, 21:29:07.699, 16673921539436, vstest.console.dll, MulticastDelegateUtilities.SafeInvoke: HostProviderEvents.OnHostLaunched: Invoking callback 2/2 for Microsoft.VisualStudio.TestPlatform.CrossPlatEngine.Client.ProxyOperationManager., took 0 ms.
TpTrace Verbose: 0 : 6328, 5, 2024/04/27, 21:29:07.699, 16673921541104, vstest.console.dll, TestRequestSender.WaitForRequestHandlerConnection: waiting for connection with timeout: 90000.
TpTrace Verbose: 0 : 6328, 7, 2024/04/27, 21:29:07.872, 16673923270983, vstest.console.dll, MulticastDelegateUtilities.SafeInvoke: SocketServer: ClientConnected: Invoking callback 1/1 for Microsoft.VisualStudio.TestPlatform.CommunicationUtilities.TestRequestSender., took 0 ms.
TpTrace Verbose: 0 : 6328, 5, 2024/04/27, 21:29:07.872, 16673923270991, vstest.console.dll, TestRequestSender.WaitForRequestHandlerConnection: waiting took 172 ms, with timeout 90000 ms, and result 0, which is success.
TpTrace Verbose: 0 : 6328, 7, 2024/04/27, 21:29:07.872, 16673923273766, vstest.console.dll, SocketServer.OnClientConnected: Client connected for endPoint: 127.0.0.1:52689, starting MessageLoopAsync:
TpTrace Verbose: 0 : 6328, 13, 2024/04/27, 21:29:07.873, 16673923285680, vstest.console.dll, TcpClientExtensions.MessageLoopAsync: Polling on remoteEndPoint: 127.0.0.1:52690 localEndPoint: 127.0.0.1:52689 after 0 ms
TpTrace Verbose: 0 : 6328, 5, 2024/04/27, 21:29:07.873, 16673923287035, vstest.console.dll, TestRequestSender.CheckVersionWithTestHost: Sending check version message: {"MessageType":"ProtocolVersion","Payload":7}
TpTrace Verbose: 0 : 6328, 13, 2024/04/27, 21:29:07.978, 16673924336077, vstest.console.dll, TcpClientExtensions.MessageLoopAsync: NotifyDataAvailable remoteEndPoint: 127.0.0.1:52690 localEndPoint: 127.0.0.1:52689
TpTrace Verbose: 0 : 6328, 13, 2024/04/27, 21:29:07.979, 16673924340564, vstest.console.dll, TestRequestSender.CheckVersionWithTestHost: onMessageReceived received message: (ProtocolVersion) -> {"MessageType":"ProtocolVersion","Payload":7}
TpTrace Verbose: 0 : 6328, 13, 2024/04/27, 21:29:07.979, 16673924347384, vstest.console.dll, MulticastDelegateUtilities.SafeInvoke: LengthPrefixCommunicationChannel: MessageReceived: Invoking callback 1/1 for Microsoft.VisualStudio.TestPlatform.CommunicationUtilities.TestRequestSender+<>c__DisplayClass29_0., took 0 ms.
TpTrace Verbose: 0 : 6328, 13, 2024/04/27, 21:29:07.979, 16673924348233, vstest.console.dll, TcpClientExtensions.MessageLoopAsync: Polling on remoteEndPoint: 127.0.0.1:52690 localEndPoint: 127.0.0.1:52689 after 106 ms
TpTrace Verbose: 0 : 6328, 5, 2024/04/27, 21:29:07.979, 16673924348528, vstest.console.dll, TestPluginCache.GetExtensionPaths: Filtered extension paths: 
TpTrace Verbose: 0 : 6328, 5, 2024/04/27, 21:29:07.980, 16673924350076, vstest.console.dll, TestPluginCache.GetExtensionPaths: Added default extension paths: C:\Program Files\dotnet\sdk\8.0.202\Extensions\Microsoft.Diagnostics.NETCore.Client.dll
C:\Program Files\dotnet\sdk\8.0.202\Extensions\Microsoft.TestPlatform.Extensions.BlameDataCollector.dll
C:\Program Files\dotnet\sdk\8.0.202\Extensions\Microsoft.TestPlatform.Extensions.EventLogCollector.dll
C:\Program Files\dotnet\sdk\8.0.202\Extensions\Microsoft.TestPlatform.TestHostRuntimeProvider.dll
C:\Program Files\dotnet\sdk\8.0.202\Extensions\Microsoft.VisualStudio.TestPlatform.Extensions.Html.TestLogger.dll
C:\Program Files\dotnet\sdk\8.0.202\Extensions\Microsoft.VisualStudio.TestPlatform.Extensions.Trx.TestLogger.dll
TpTrace Verbose: 0 : 6328, 5, 2024/04/27, 21:29:07.980, 16673924351306, vstest.console.dll, TestPluginCache.GetExtensionPaths: Added unfilterableExtensionPaths: 
TpTrace Verbose: 0 : 6328, 5, 2024/04/27, 21:29:07.983, 16673924380313, vstest.console.dll, TestRequestSender.InitializeExecution: Sending initialize execution with message: {"Version":7,"MessageType":"TestExecution.Initialize","Payload":["C:\\Users\\VC\\Desktop\\training\\day13\\ShoppingSolution\\ShoppingTest\\bin\\Debug\\net8.0\\fine-code-coverage\\build-output\\NUnit3.TestAdapter.dll"]}
TpTrace Verbose: 0 : 6328, 5, 2024/04/27, 21:29:07.983, 16673924382409, vstest.console.dll, ParallelProxyExecutionManager.StartTestRunOnConcurrentManager: Execution starting. Started clients: 1
TpTrace Verbose: 0 : 6328, 5, 2024/04/27, 21:29:07.983, 16673924384328, vstest.console.dll, TestRunRequest:SendTestRunMessage: Starting.
TpTrace Verbose: 0 : 6328, 5, 2024/04/27, 21:29:07.983, 16673924385692, vstest.console.dll, MulticastDelegateUtilities.SafeInvoke: TestRun.LogMessages: Invoking callback 1/1 for Microsoft.VisualStudio.TestPlatform.CommandLine.TestRunResultAggregator., took 0 ms.
TpTrace Information: 0 : 6328, 5, 2024/04/27, 21:29:07.983, 16673924386159, vstest.console.dll, TestRunRequest:SendTestRunMessage: Completed.
TpTrace Verbose: 0 : 6328, 4, 2024/04/27, 21:29:07.983, 16673924388045, vstest.console.dll, MulticastDelegateUtilities.SafeInvoke: InternalTestLoggerEvents.SendTestRunMessage: Invoking callback 1/1 for Microsoft.VisualStudio.TestPlatform.CommandLine.Internal.ConsoleLogger., took 0 ms.
TpTrace Warning: 0 : 6328, 5, 2024/04/27, 21:29:07.984, 16673924389747, vstest.console.dll, InferRunSettingsHelper.MakeRunsettingsCompatible: Removing the following settings: TargetPlatform from RunSettings file. To use those settings please move to latest version of Microsoft.NET.Test.Sdk
TpTrace Verbose: 0 : 6328, 13, 2024/04/27, 21:29:07.985, 16673924406956, vstest.console.dll, TcpClientExtensions.MessageLoopAsync: NotifyDataAvailable remoteEndPoint: 127.0.0.1:52690 localEndPoint: 127.0.0.1:52689
TpTrace Verbose: 0 : 6328, 13, 2024/04/27, 21:29:07.986, 16673924409537, vstest.console.dll, TestRequestSender.OnExecutionMessageReceived: Received message: {"Version":7,"MessageType":"TestSession.Message","Payload":{"MessageLevel":0,"Message":"Logging TestHost Diagnostics in file: C:\\Users\\VC\\Desktop\\training\\day13\\ShoppingSolution\\ShoppingTest\\bin\\Debug\\net8.0\\fine-code-coverage\\coverage-tool-output\\diagnostics.host.24-04-27_21-29-07_69061_5.log"}}
TpTrace Verbose: 0 : 6328, 13, 2024/04/27, 21:29:07.987, 16673924428899, vstest.console.dll, TestRunRequest:SendTestRunMessage: Starting.
TpTrace Verbose: 0 : 6328, 13, 2024/04/27, 21:29:07.988, 16673924430096, vstest.console.dll, MulticastDelegateUtilities.SafeInvoke: TestRun.LogMessages: Invoking callback 1/1 for Microsoft.VisualStudio.TestPlatform.CommandLine.TestRunResultAggregator., took 0 ms.
TpTrace Information: 0 : 6328, 13, 2024/04/27, 21:29:07.988, 16673924430535, vstest.console.dll, TestRunRequest:SendTestRunMessage: Completed.
TpTrace Verbose: 0 : 6328, 13, 2024/04/27, 21:29:07.988, 16673924430901, vstest.console.dll, MulticastDelegateUtilities.SafeInvoke: LengthPrefixCommunicationChannel: MessageReceived: Invoking callback 1/1 for Microsoft.VisualStudio.TestPlatform.CommunicationUtilities.TestRequestSender+<>c__DisplayClass34_0., took 2 ms.
TpTrace Verbose: 0 : 6328, 13, 2024/04/27, 21:29:07.988, 16673924431208, vstest.console.dll, TcpClientExtensions.MessageLoopAsync: Polling on remoteEndPoint: 127.0.0.1:52690 localEndPoint: 127.0.0.1:52689 after 8 ms
TpTrace Verbose: 0 : 6328, 4, 2024/04/27, 21:29:07.988, 16673924431290, vstest.console.dll, MulticastDelegateUtilities.SafeInvoke: InternalTestLoggerEvents.SendTestRunMessage: Invoking callback 1/1 for Microsoft.VisualStudio.TestPlatform.CommandLine.Internal.ConsoleLogger., took 0 ms.
TpTrace Verbose: 0 : 6328, 5, 2024/04/27, 21:29:07.991, 16673924464244, vstest.console.dll, TestRequestSender.StartTestRun: Sending test run with message: {"Version":7,"MessageType":"TestExecution.StartWithSources","Payload":{"AdapterSourceMap":{"_none_":["C:\\Users\\VC\\Desktop\\training\\day13\\ShoppingSolution\\ShoppingTest\\bin\\Debug\\net8.0\\fine-code-coverage\\build-output\\ShoppingTest.dll"]},"RunSettings":"<RunSettings>\r\n  <RunConfiguration>\r\n    <ResultsDirectory>C:\\Users\\VC\\Desktop\\training\\day13\\ShoppingSolution\\ShoppingTest\\bin\\Debug\\net8.0\\fine-code-coverage\\coverage-tool-output</ResultsDirectory>\r\n    <TargetFrameworkVersion>.NETCoreApp,Version=v8.0</TargetFrameworkVersion>\r\n    <DesignMode>False</DesignMode>\r\n    <CollectSourceInformation>False</CollectSourceInformation>\r\n  </RunConfiguration>\r\n  <LoggerRunSettings>\r\n    <Loggers>\r\n      <Logger friendlyName=\"blame\" enabled=\"True\" />\r\n      <Logger friendlyName=\"Console\" uri=\"logger://microsoft/TestPlatform/ConsoleLogger/v1\" assemblyQualifiedName=\"Microsoft.VisualStudio.TestPlatform.CommandLine.Internal.ConsoleLogger, vstest.console, Version=15.0.0.0, Culture=neutral, PublicKeyToken=b03f5f7f11d50a3a\" codeBase=\"C:\\Program Files\\dotnet\\sdk\\8.0.202\\vstest.console.dll\" enabled=\"True\" />\r\n    </Loggers>\r\n  </LoggerRunSettings>\r\n  <DataCollectionRunSettings>\r\n    <DataCollectors>\r\n      <DataCollector friendlyName=\"blame\" enabled=\"True\">\r\n        <Configuration>\r\n          <ResultsDirectory>C:\\Users\\VC\\Desktop\\training\\day13\\ShoppingSolution\\ShoppingTest\\bin\\Debug\\net8.0\\fine-code-coverage\\coverage-tool-output</ResultsDirectory>\r\n        </Configuration>\r\n      </DataCollector>\r\n    </DataCollectors>\r\n  </DataCollectionRunSettings>\r\n</RunSettings>","TestExecutionContext":{"FrequencyOfRunStatsChangeEvent":10,"RunStatsChangeEventTimeout":"00:00:01.5000000","InIsolation":false,"KeepAlive":false,"AreTestCaseLevelEventsRequired":false,"IsDebug":false,"TestCaseFilter":null,"FilterOptions":null},"Package":null}}
TpTrace Verbose: 0 : 6328, 5, 2024/04/27, 21:29:07.991, 16673924466194, vstest.console.dll, ParallelProxyExecutionManager.StartTestRunOnConcurrentManager: Execution started. Started clients: 1
TpTrace Verbose: 0 : 6328, 13, 2024/04/27, 21:29:08.131, 16673925867875, vstest.console.dll, TcpClientExtensions.MessageLoopAsync: NotifyDataAvailable remoteEndPoint: 127.0.0.1:52690 localEndPoint: 127.0.0.1:52689
TpTrace Verbose: 0 : 6328, 13, 2024/04/27, 21:29:08.132, 16673925870543, vstest.console.dll, TestRequestSender.OnExecutionMessageReceived: Received message: {"Version":7,"MessageType":"TestSession.Message","Payload":{"MessageLevel":0,"Message":"NUnit Adapter 4.5.0.0: Test execution started"}}
TpTrace Verbose: 0 : 6328, 13, 2024/04/27, 21:29:08.132, 16673925873453, vstest.console.dll, TestRunRequest:SendTestRunMessage: Starting.
TpTrace Verbose: 0 : 6328, 13, 2024/04/27, 21:29:08.132, 16673925874654, vstest.console.dll, MulticastDelegateUtilities.SafeInvoke: TestRun.LogMessages: Invoking callback 1/1 for Microsoft.VisualStudio.TestPlatform.CommandLine.TestRunResultAggregator., took 0 ms.
TpTrace Information: 0 : 6328, 13, 2024/04/27, 21:29:08.132, 16673925875054, vstest.console.dll, TestRunRequest:SendTestRunMessage: Completed.
TpTrace Verbose: 0 : 6328, 13, 2024/04/27, 21:29:08.132, 16673925875517, vstest.console.dll, MulticastDelegateUtilities.SafeInvoke: LengthPrefixCommunicationChannel: MessageReceived: Invoking callback 1/1 for Microsoft.VisualStudio.TestPlatform.CommunicationUtilities.TestRequestSender+<>c__DisplayClass34_0., took 0 ms.
TpTrace Verbose: 0 : 6328, 4, 2024/04/27, 21:29:08.132, 16673925875635, vstest.console.dll, MulticastDelegateUtilities.SafeInvoke: InternalTestLoggerEvents.SendTestRunMessage: Invoking callback 1/1 for Microsoft.VisualStudio.TestPlatform.CommandLine.Internal.ConsoleLogger., took 0 ms.
TpTrace Verbose: 0 : 6328, 13, 2024/04/27, 21:29:08.132, 16673925875941, vstest.console.dll, TcpClientExtensions.MessageLoopAsync: Polling on remoteEndPoint: 127.0.0.1:52690 localEndPoint: 127.0.0.1:52689 after 144 ms
TpTrace Verbose: 0 : 6328, 13, 2024/04/27, 21:29:08.154, 16673926095182, vstest.console.dll, TcpClientExtensions.MessageLoopAsync: NotifyDataAvailable remoteEndPoint: 127.0.0.1:52690 localEndPoint: 127.0.0.1:52689
TpTrace Verbose: 0 : 6328, 13, 2024/04/27, 21:29:08.154, 16673926098898, vstest.console.dll, TestRequestSender.OnExecutionMessageReceived: Received message: {"Version":7,"MessageType":"TestSession.Message","Payload":{"MessageLevel":0,"Message":"Running all tests in C:\\Users\\VC\\Desktop\\training\\day13\\ShoppingSolution\\ShoppingTest\\bin\\Debug\\net8.0\\fine-code-coverage\\build-output\\ShoppingTest.dll"}}
TpTrace Verbose: 0 : 6328, 13, 2024/04/27, 21:29:08.155, 16673926100050, vstest.console.dll, TestRunRequest:SendTestRunMessage: Starting.
TpTrace Verbose: 0 : 6328, 13, 2024/04/27, 21:29:08.155, 16673926100659, vstest.console.dll, MulticastDelegateUtilities.SafeInvoke: TestRun.LogMessages: Invoking callback 1/1 for Microsoft.VisualStudio.TestPlatform.CommandLine.TestRunResultAggregator., took 0 ms.
TpTrace Information: 0 : 6328, 13, 2024/04/27, 21:29:08.155, 16673926101133, vstest.console.dll, TestRunRequest:SendTestRunMessage: Completed.
TpTrace Verbose: 0 : 6328, 13, 2024/04/27, 21:29:08.155, 16673926101506, vstest.console.dll, MulticastDelegateUtilities.SafeInvoke: LengthPrefixCommunicationChannel: MessageReceived: Invoking callback 1/1 for Microsoft.VisualStudio.TestPlatform.CommunicationUtilities.TestRequestSender+<>c__DisplayClass34_0., took 0 ms.
TpTrace Verbose: 0 : 6328, 13, 2024/04/27, 21:29:08.155, 16673926101872, vstest.console.dll, TcpClientExtensions.MessageLoopAsync: Polling on remoteEndPoint: 127.0.0.1:52690 localEndPoint: 127.0.0.1:52689 after 22 ms
TpTrace Verbose: 0 : 6328, 4, 2024/04/27, 21:29:08.155, 16673926102745, vstest.console.dll, MulticastDelegateUtilities.SafeInvoke: InternalTestLoggerEvents.SendTestRunMessage: Invoking callback 1/1 for Microsoft.VisualStudio.TestPlatform.CommandLine.Internal.ConsoleLogger., took 0 ms.
TpTrace Verbose: 0 : 6328, 13, 2024/04/27, 21:29:08.322, 16673927779483, vstest.console.dll, TcpClientExtensions.MessageLoopAsync: NotifyDataAvailable remoteEndPoint: 127.0.0.1:52690 localEndPoint: 127.0.0.1:52689
TpTrace Verbose: 0 : 6328, 13, 2024/04/27, 21:29:08.323, 16673927781295, vstest.console.dll, TestRequestSender.OnExecutionMessageReceived: Received message: {"Version":7,"MessageType":"TestSession.Message","Payload":{"MessageLevel":0,"Message":"   NUnit3TestExecutor discovered 75 of 75 NUnit test cases using Current Discovery mode, Non-Explicit run"}}
TpTrace Verbose: 0 : 6328, 13, 2024/04/27, 21:29:08.323, 16673927782705, vstest.console.dll, TestRunRequest:SendTestRunMessage: Starting.
TpTrace Verbose: 0 : 6328, 13, 2024/04/27, 21:29:08.323, 16673927783436, vstest.console.dll, MulticastDelegateUtilities.SafeInvoke: TestRun.LogMessages: Invoking callback 1/1 for Microsoft.VisualStudio.TestPlatform.CommandLine.TestRunResultAggregator., took 0 ms.
TpTrace Verbose: 0 : 6328, 4, 2024/04/27, 21:29:08.323, 16673927783560, vstest.console.dll, MulticastDelegateUtilities.SafeInvoke: InternalTestLoggerEvents.SendTestRunMessage: Invoking callback 1/1 for Microsoft.VisualStudio.TestPlatform.CommandLine.Internal.ConsoleLogger., took 0 ms.
TpTrace Information: 0 : 6328, 13, 2024/04/27, 21:29:08.323, 16673927783819, vstest.console.dll, TestRunRequest:SendTestRunMessage: Completed.
TpTrace Verbose: 0 : 6328, 13, 2024/04/27, 21:29:08.323, 16673927784525, vstest.console.dll, MulticastDelegateUtilities.SafeInvoke: LengthPrefixCommunicationChannel: MessageReceived: Invoking callback 1/1 for Microsoft.VisualStudio.TestPlatform.CommunicationUtilities.TestRequestSender+<>c__DisplayClass34_0., took 0 ms.
TpTrace Verbose: 0 : 6328, 13, 2024/04/27, 21:29:08.323, 16673927784826, vstest.console.dll, TcpClientExtensions.MessageLoopAsync: Polling on remoteEndPoint: 127.0.0.1:52690 localEndPoint: 127.0.0.1:52689 after 168 ms
TpTrace Verbose: 0 : 6328, 13, 2024/04/27, 21:29:08.520, 16673929755354, vstest.console.dll, TcpClientExtensions.MessageLoopAsync: NotifyDataAvailable remoteEndPoint: 127.0.0.1:52690 localEndPoint: 127.0.0.1:52689
TpTrace Verbose: 0 : 6328, 13, 2024/04/27, 21:29:08.520, 16673929758902, vstest.console.dll, TestRequestSender.OnExecutionMessageReceived: Received message: {"Version":7,"MessageType":"TestExecution.StatsChange","Payload":{"NewTestResults":[{"TestCase":{"Id":"d14d0282-f963-2d88-b70a-513181c82d7a","FullyQualifiedName":"ShoppingTest.CartBLTest.AddCartSuccess","DisplayName":"AddCartSuccess","ExecutorUri":"executor://NUnit3TestExecutor","Source":"C:\\Users\\VC\\Desktop\\training\\day13\\ShoppingSolution\\ShoppingTest\\bin\\Debug\\net8.0\\fine-code-coverage\\build-output\\ShoppingTest.dll","CodeFilePath":null,"LineNumber":0,"Properties":[{"Key":{"Id":"NUnit.Seed","Label":"Seed","Category":"","Description":"","Attributes":0,"ValueType":"System.String"},"Value":"2038068823"}]},"Attachments":[],"Outcome":1,"ErrorMessage":null,"ErrorStackTrace":null,"DisplayName":"AddCartSuccess","Messages":[],"ComputerName":"DESKTOP-RVR2IQF","Duration":"00:00:00.0668600","StartTime":"2024-04-27T15:59:08.348933+00:00","EndTime":"2024-04-27T15:59:08.4157322+00:00","Properties":[{"Key":{"Id":"NUnit.Seed","Label":"Seed","Category":"","Description":"","Attributes":0,"ValueType":"System.String"},"Value":"2038068823"}]},{"TestCase":{"Id":"14f0e957-8c0b-d0a5-f0d4-e4985de7d311","FullyQualifiedName":"ShoppingTest.CartBLTest.CalculateShippingCharge","DisplayName":"CalculateShippingCharge","ExecutorUri":"executor://NUnit3TestExecutor","Source":"C:\\Users\\VC\\Desktop\\training\\day13\\ShoppingSolution\\ShoppingTest\\bin\\Debug\\net8.0\\fine-code-coverage\\build-output\\ShoppingTest.dll","CodeFilePath":null,"LineNumber":0,"Properties":[{"Key":{"Id":"NUnit.Seed","Label":"Seed","Category":"","Description":"","Attributes":0,"ValueType":"System.String"},"Value":"769451386"}]},"Attachments":[],"Outcome":1,"ErrorMessage":null,"ErrorStackTrace":null,"DisplayName":"CalculateShippingCharge","Messages":[],"ComputerName":"DESKTOP-RVR2IQF","Duration":"00:00:00.0053090","StartTime":"2024-04-27T15:59:08.4224594+00:00","EndTime":"2024-04-27T15:59:08.4277679+00:00","Properties":[{"Key":{"Id":"NUnit.Seed","Label":"Seed","Category":"","Description":"","Attributes":0,"ValueType":"System.String"},"Value":"769451386"}]},{"TestCase":{"Id":"c9855aa5-1c73-5769-0b9c-f2940ff4f47f","FullyQualifiedName":"ShoppingTest.CartBLTest.CalculateShippingChargeSuccess","DisplayName":"CalculateShippingChargeSuccess","ExecutorUri":"executor://NUnit3TestExecutor","Source":"C:\\Users\\VC\\Desktop\\training\\day13\\ShoppingSolution\\ShoppingTest\\bin\\Debug\\net8.0\\fine-code-coverage\\build-output\\ShoppingTest.dll","CodeFilePath":null,"LineNumber":0,"Properties":[{"Key":{"Id":"NUnit.Seed","Label":"Seed","Category":"","Description":"","Attributes":0,"ValueType":"System.String"},"Value":"1839202188"}]},"Attachments":[],"Outcome":1,"ErrorMessage":null,"ErrorStackTrace":null,"DisplayName":"CalculateShippingChargeSuccess","Messages":[],"ComputerName":"DESKTOP-RVR2IQF","Duration":"00:00:00.0003920","StartTime":"2024-04-27T15:59:08.4278072+00:00","EndTime":"2024-04-27T15:59:08.4281992+00:00","Properties":[{"Key":{"Id":"NUnit.Seed","Label":"Seed","Category":"","Description":"","Attributes":0,"ValueType":"System.String"},"Value":"1839202188"}]},{"TestCase":{"Id":"a427a8e8-c5f0-d68c-c16a-21f079266237","FullyQualifiedName":"ShoppingTest.CartBLTest.DeleteCart_Success","DisplayName":"DeleteCart_Success","ExecutorUri":"executor://NUnit3TestExecutor","Source":"C:\\Users\\VC\\Desktop\\training\\day13\\ShoppingSolution\\ShoppingTest\\bin\\Debug\\net8.0\\fine-code-coverage\\build-output\\ShoppingTest.dll","CodeFilePath":null,"LineNumber":0,"Properties":[{"Key":{"Id":"NUnit.Seed","Label":"Seed","Category":"","Description":"","Attributes":0,"ValueType":"System.String"},"Value":"999545558"}]},"Attachments":[],"Outcome":1,"ErrorMessage":null,"ErrorStackTrace":null,"DisplayName":"DeleteCart_Success","Messages":[],"ComputerName":"DESKTOP-RVR2IQF","Duration":"00:00:00.0014620","StartTime":"2024-04-27T15:59:08.4282129+00:00","EndTime":"2024-04-27T15:59:08.4296746+00:00","Properties":[{"Key":{"Id":"NUnit.Seed","Label":"Seed","Category":"","Description":"","Attributes":0,"ValueType":"System.String"},"Value":"999545558"}]},{"TestCase":{"Id":"9cb3d0ed-2965-d1ed-7bb8-b30f356d4456","FullyQualifiedName":"ShoppingTest.CartBLTest.DeleteCartException","DisplayName":"DeleteCartException","ExecutorUri":"executor://NUnit3TestExecutor","Source":"C:\\Users\\VC\\Desktop\\training\\day13\\ShoppingSolution\\ShoppingTest\\bin\\Debug\\net8.0\\fine-code-coverage\\build-output\\ShoppingTest.dll","CodeFilePath":null,"LineNumber":0,"Properties":[{"Key":{"Id":"NUnit.Seed","Label":"Seed","Category":"","Description":"","Attributes":0,"ValueType":"System.String"},"Value":"688968019"}]},"Attachments":[],"Outcome":2,"ErrorMessage":"  Expected: <ShoppingModelLibrary.Exceptions.NoCartWithGivenIdException>\r\n  But was:  null\r\n","ErrorStackTrace":"   at ShoppingTest.CartBLTest.DeleteCartException() in C:\\Users\\VC\\Desktop\\training\\day13\\ShoppingSolution\\ShoppingTest\\CartBLTest.cs:line 231\r\n\n1)    at ShoppingTest.CartBLTest.DeleteCartException() in C:\\Users\\VC\\Desktop\\training\\day13\\ShoppingSolution\\ShoppingTest\\CartBLTest.cs:line 231\r\n\n","DisplayName":"DeleteCartException","Messages":[],"ComputerName":"DESKTOP-RVR2IQF","Duration":"00:00:00.0216190","StartTime":"2024-04-27T15:59:08.4296876+00:00","EndTime":"2024-04-27T15:59:08.4513028+00:00","Properties":[{"Key":{"Id":"NUnit.Seed","Label":"Seed","Category":"","Description":"","Attributes":0,"ValueType":"System.String"},"Value":"688968019"}]},{"TestCase":{"Id":"a10f050b-55d7-6abc-6c61-c1a069c1dadf","FullyQualifiedName":"ShoppingTest.CartBLTest.GetCartByIdException","DisplayName":"GetCartByIdException","ExecutorUri":"executor://NUnit3TestExecutor","Source":"C:\\Users\\VC\\Desktop\\training\\day13\\ShoppingSolution\\ShoppingTest\\bin\\Debug\\net8.0\\fine-code-coverage\\build-output\\ShoppingTest.dll","CodeFilePath":null,"LineNumber":0,"Properties":[{"Key":{"Id":"NUnit.Seed","Label":"Seed","Category":"","Description":"","Attributes":0,"ValueType":"System.String"},"Value":"538256838"}]},"Attachments":[],"Outcome":2,"ErrorMessage":"  Expected: <ShoppingModelLibrary.Exceptions.NoCartWithGivenIdException>\r\n  But was:  null\r\n","ErrorStackTrace":"   at ShoppingTest.CartBLTest.GetCartByIdException() in C:\\Users\\VC\\Desktop\\training\\day13\\ShoppingSolution\\ShoppingTest\\CartBLTest.cs:line 185\r\n\n1)    at ShoppingTest.CartBLTest.GetCartByIdException() in C:\\Users\\VC\\Desktop\\training\\day13\\ShoppingSolution\\ShoppingTest\\CartBLTest.cs:line 185\r\n\n","DisplayName":"GetCartByIdException","Messages":[],"ComputerName":"DESKTOP-RVR2IQF","Duration":"00:00:00.0005620","StartTime":"2024-04-27T15:59:08.4513897+00:00","EndTime":"2024-04-27T15:59:08.4519515+00:00","Properties":[{"Key":{"Id":"NUnit.Seed","Label":"Seed","Category":"","Description":"","Attributes":0,"ValueType":"System.String"},"Value":"538256838"}]},{"TestCase":{"Id":"12913f8b-8643-d07e-9c09-000f29b278bc","FullyQualifiedName":"ShoppingTest.CartBLTest.GetCartByIdSuccess","DisplayName":"GetCartByIdSuccess","ExecutorUri":"executor://NUnit3TestExecutor","Source":"C:\\Users\\VC\\Desktop\\training\\day13\\ShoppingSolution\\ShoppingTest\\bin\\Debug\\net8.0\\fine-code-coverage\\build-output\\ShoppingTest.dll","CodeFilePath":null,"LineNumber":0,"Properties":[{"Key":{"Id":"NUnit.Seed","Label":"Seed","Category":"","Description":"","Attributes":0,"ValueType":"System.String"},"Value":"702830626"}]},"Attachments":[],"Outcome":1,"ErrorMessage":null,"ErrorStackTrace":null,"DisplayName":"GetCartByIdSuccess","Messages":[],"ComputerName":"DESKTOP-RVR2IQF","Duration":"00:00:00.0002190","StartTime":"2024-04-27T15:59:08.4519632+00:00","EndTime":"2024-04-27T15:59:08.4521819+00:00","Properties":[{"Key":{"Id":"NUnit.Seed","Label":"Seed","Category":"","Description":"","Attributes":0,"ValueType":"System.String"},"Value":"702830626"}]},{"TestCase":{"Id":"80479070-d920-e718-538f-b173c3cdad86","FullyQualifiedName":"ShoppingTest.CartBLTest.IsDiscountEligibleSuccess","DisplayName":"IsDiscountEligibleSuccess","ExecutorUri":"executor://NUnit3TestExecutor","Source":"C:\\Users\\VC\\Desktop\\training\\day13\\ShoppingSolution\\ShoppingTest\\bin\\Debug\\net8.0\\fine-code-coverage\\build-output\\ShoppingTest.dll","CodeFilePath":null,"LineNumber":0,"Properties":[{"Key":{"Id":"NUnit.Seed","Label":"Seed","Category":"","Description":"","Attributes":0,"ValueType":"System.String"},"Value":"4001509"}]},"Attachments":[],"Outcome":1,"ErrorMessage":null,"ErrorStackTrace":null,"DisplayName":"IsDiscountEligibleSuccess","Messages":[],"ComputerName":"DESKTOP-RVR2IQF","Duration":"00:00:00.0006430","StartTime":"2024-04-27T15:59:08.4521915+00:00","EndTime":"2024-04-27T15:59:08.4528344+00:00","Properties":[{"Key":{"Id":"NUnit.Seed","Label":"Seed","Category":"","Description":"","Attributes":0,"ValueType":"System.String"},"Value":"4001509"}]},{"TestCase":{"Id":"5eb9a679-45b4-0920-432e-3576880be497","FullyQualifiedName":"ShoppingTest.CartBLTest.UpdateCartException","DisplayName":"UpdateCartException","ExecutorUri":"executor://NUnit3TestExecutor","Source":"C:\\Users\\VC\\Desktop\\training\\day13\\ShoppingSolution\\ShoppingTest\\bin\\Debug\\net8.0\\fine-code-coverage\\build-output\\ShoppingTest.dll","CodeFilePath":null,"LineNumber":0,"Properties":[{"Key":{"Id":"NUnit.Seed","Label":"Seed","Category":"","Description":"","Attributes":0,"ValueType":"System.String"},"Value":"1944101841"}]},"Attachments":[],"Outcome":2,"ErrorMessage":"  Expected: <ShoppingModelLibrary.Exceptions.NoCartWithGivenIdException>\r\n  But was:  null\r\n","ErrorStackTrace":"   at ShoppingTest.CartBLTest.UpdateCartException() in C:\\Users\\VC\\Desktop\\training\\day13\\ShoppingSolution\\ShoppingTest\\CartBLTest.cs:line 138\r\n\n1)    at ShoppingTest.CartBLTest.UpdateCartException() in C:\\Users\\VC\\Desktop\\training\\day13\\ShoppingSolution\\ShoppingTest\\CartBLTest.cs:line 138\r\n\n","DisplayName":"UpdateCartException","Messages":[],"ComputerName":"DESKTOP-RVR2IQF","Duration":"00:00:00.0008220","StartTime":"2024-04-27T15:59:08.4528446+00:00","EndTime":"2024-04-27T15:59:08.4536666+00:00","Properties":[{"Key":{"Id":"NUnit.Seed","Label":"Seed","Category":"","Description":"","Attributes":0,"ValueType":"System.String"},"Value":"1944101841"}]}],"TestRunStatistics":{"ExecutedTests":9,"Stats":{"Passed":6,"Failed":3}},"ActiveTests":[{"Id":"2b5a70cf-d413-8672-1cd7-a339fbebad0c","FullyQualifiedName":"ShoppingTest.CartBLTest.UpdateCartSuccess","DisplayName":"UpdateCartSuccess","ExecutorUri":"executor://NUnit3TestExecutor","Source":"C:\\Users\\VC\\Desktop\\training\\day13\\ShoppingSolution\\ShoppingTest\\bin\\Debug\\net8.0\\fine-code-coverage\\build-output\\ShoppingTest.dll","CodeFilePath":null,"LineNumber":0,"Properties":[{"Key":{"Id":"NUnit.Seed","Label":"Seed","Category":"","Description":"","Attributes":0,"ValueType":"System.String"},"Value":"1082525112"}]}]}}
TpTrace Verbose: 0 : 6328, 13, 2024/04/27, 21:29:08.542, 16673929972421, vstest.console.dll, TestRunRequest:SendTestRunStatsChange: Starting.
TpTrace Verbose: 0 : 6328, 13, 2024/04/27, 21:29:08.542, 16673929974048, vstest.console.dll, InProgress is UpdateCartSuccess
TpTrace Verbose: 0 : 6328, 13, 2024/04/27, 21:29:08.542, 16673929976285, vstest.console.dll, MulticastDelegateUtilities.SafeInvoke: TestRun.RunStatsChanged: Invoking callbacks was skipped because there are no subscribers.
TpTrace Information: 0 : 6328, 13, 2024/04/27, 21:29:08.542, 16673929976708, vstest.console.dll, TestRunRequest:SendTestRunStatsChange: Completed.
TpTrace Verbose: 0 : 6328, 13, 2024/04/27, 21:29:08.542, 16673929977117, vstest.console.dll, MulticastDelegateUtilities.SafeInvoke: LengthPrefixCommunicationChannel: MessageReceived: Invoking callback 1/1 for Microsoft.VisualStudio.TestPlatform.CommunicationUtilities.TestRequestSender+<>c__DisplayClass34_0., took 21 ms.
TpTrace Verbose: 0 : 6328, 13, 2024/04/27, 21:29:08.542, 16673929977703, vstest.console.dll, TcpClientExtensions.MessageLoopAsync: Polling on remoteEndPoint: 127.0.0.1:52690 localEndPoint: 127.0.0.1:52689 after 219 ms
TpTrace Verbose: 0 : 6328, 4, 2024/04/27, 21:29:08.544, 16673929994496, vstest.console.dll, MulticastDelegateUtilities.SafeInvoke: InternalTestLoggerEvents.SendTestResult: Invoking callback 1/1 for Microsoft.VisualStudio.TestPlatform.CommandLine.Internal.ConsoleLogger., took 1 ms.
TpTrace Verbose: 0 : 6328, 4, 2024/04/27, 21:29:08.544, 16673929997290, vstest.console.dll, MulticastDelegateUtilities.SafeInvoke: InternalTestLoggerEvents.SendTestResult: Invoking callback 1/1 for Microsoft.VisualStudio.TestPlatform.CommandLine.Internal.ConsoleLogger., took 0 ms.
TpTrace Verbose: 0 : 6328, 4, 2024/04/27, 21:29:08.544, 16673929998082, vstest.console.dll, MulticastDelegateUtilities.SafeInvoke: InternalTestLoggerEvents.SendTestResult: Invoking callback 1/1 for Microsoft.VisualStudio.TestPlatform.CommandLine.Internal.ConsoleLogger., took 0 ms.
TpTrace Verbose: 0 : 6328, 4, 2024/04/27, 21:29:08.544, 16673929998615, vstest.console.dll, MulticastDelegateUtilities.SafeInvoke: InternalTestLoggerEvents.SendTestResult: Invoking callback 1/1 for Microsoft.VisualStudio.TestPlatform.CommandLine.Internal.ConsoleLogger., took 0 ms.
TpTrace Verbose: 0 : 6328, 4, 2024/04/27, 21:29:08.545, 16673930005616, vstest.console.dll, MulticastDelegateUtilities.SafeInvoke: InternalTestLoggerEvents.SendTestResult: Invoking callback 1/1 for Microsoft.VisualStudio.TestPlatform.CommandLine.Internal.ConsoleLogger., took 0 ms.
TpTrace Verbose: 0 : 6328, 4, 2024/04/27, 21:29:08.545, 16673930008880, vstest.console.dll, MulticastDelegateUtilities.SafeInvoke: InternalTestLoggerEvents.SendTestResult: Invoking callback 1/1 for Microsoft.VisualStudio.TestPlatform.CommandLine.Internal.ConsoleLogger., took 0 ms.
TpTrace Verbose: 0 : 6328, 4, 2024/04/27, 21:29:08.545, 16673930009465, vstest.console.dll, MulticastDelegateUtilities.SafeInvoke: InternalTestLoggerEvents.SendTestResult: Invoking callback 1/1 for Microsoft.VisualStudio.TestPlatform.CommandLine.Internal.ConsoleLogger., took 0 ms.
TpTrace Verbose: 0 : 6328, 4, 2024/04/27, 21:29:08.546, 16673930017596, vstest.console.dll, MulticastDelegateUtilities.SafeInvoke: InternalTestLoggerEvents.SendTestResult: Invoking callback 1/1 for Microsoft.VisualStudio.TestPlatform.CommandLine.Internal.ConsoleLogger., took 0 ms.
TpTrace Verbose: 0 : 6328, 4, 2024/04/27, 21:29:08.546, 16673930019920, vstest.console.dll, MulticastDelegateUtilities.SafeInvoke: InternalTestLoggerEvents.SendTestResult: Invoking callback 1/1 for Microsoft.VisualStudio.TestPlatform.CommandLine.Internal.ConsoleLogger., took 0 ms.
TpTrace Verbose: 0 : 6328, 13, 2024/04/27, 21:29:08.551, 16673930065588, vstest.console.dll, TcpClientExtensions.MessageLoopAsync: NotifyDataAvailable remoteEndPoint: 127.0.0.1:52690 localEndPoint: 127.0.0.1:52689
TpTrace Verbose: 0 : 6328, 13, 2024/04/27, 21:29:08.551, 16673930068476, vstest.console.dll, TestRequestSender.OnExecutionMessageReceived: Received message: {"Version":7,"MessageType":"TestExecution.StatsChange","Payload":{"NewTestResults":[{"TestCase":{"Id":"2b5a70cf-d413-8672-1cd7-a339fbebad0c","FullyQualifiedName":"ShoppingTest.CartBLTest.UpdateCartSuccess","DisplayName":"UpdateCartSuccess","ExecutorUri":"executor://NUnit3TestExecutor","Source":"C:\\Users\\VC\\Desktop\\training\\day13\\ShoppingSolution\\ShoppingTest\\bin\\Debug\\net8.0\\fine-code-coverage\\build-output\\ShoppingTest.dll","CodeFilePath":null,"LineNumber":0,"Properties":[{"Key":{"Id":"NUnit.Seed","Label":"Seed","Category":"","Description":"","Attributes":0,"ValueType":"System.String"},"Value":"1082525112"}]},"Attachments":[],"Outcome":1,"ErrorMessage":null,"ErrorStackTrace":null,"DisplayName":"UpdateCartSuccess","Messages":[],"ComputerName":"DESKTOP-RVR2IQF","Duration":"00:00:00.0002470","StartTime":"2024-04-27T15:59:08.4536773+00:00","EndTime":"2024-04-27T15:59:08.4539244+00:00","Properties":[{"Key":{"Id":"NUnit.Seed","Label":"Seed","Category":"","Description":"","Attributes":0,"ValueType":"System.String"},"Value":"1082525112"}]},{"TestCase":{"Id":"527928a0-0e96-dfe2-7d17-015af92eeddd","FullyQualifiedName":"ShoppingTest.CartBLTest.ValidateMaxQuantityInCartFailure","DisplayName":"ValidateMaxQuantityInCartFailure","ExecutorUri":"executor://NUnit3TestExecutor","Source":"C:\\Users\\VC\\Desktop\\training\\day13\\ShoppingSolution\\ShoppingTest\\bin\\Debug\\net8.0\\fine-code-coverage\\build-output\\ShoppingTest.dll","CodeFilePath":null,"LineNumber":0,"Properties":[{"Key":{"Id":"NUnit.Seed","Label":"Seed","Category":"","Description":"","Attributes":0,"ValueType":"System.String"},"Value":"1983219019"}]},"Attachments":[],"Outcome":1,"ErrorMessage":null,"ErrorStackTrace":null,"DisplayName":"ValidateMaxQuantityInCartFailure","Messages":[],"ComputerName":"DESKTOP-RVR2IQF","Duration":"00:00:00.0001990","StartTime":"2024-04-27T15:59:08.4539341+00:00","EndTime":"2024-04-27T15:59:08.4541328+00:00","Properties":[{"Key":{"Id":"NUnit.Seed","Label":"Seed","Category":"","Description":"","Attributes":0,"ValueType":"System.String"},"Value":"1983219019"}]},{"TestCase":{"Id":"7ec82161-b241-d4bb-979f-cbbc1013d4f2","FullyQualifiedName":"ShoppingTest.CartBLTest.ValidateMaxQuantityInCartSuccess","DisplayName":"ValidateMaxQuantityInCartSuccess","ExecutorUri":"executor://NUnit3TestExecutor","Source":"C:\\Users\\VC\\Desktop\\training\\day13\\ShoppingSolution\\ShoppingTest\\bin\\Debug\\net8.0\\fine-code-coverage\\build-output\\ShoppingTest.dll","CodeFilePath":null,"LineNumber":0,"Properties":[{"Key":{"Id":"NUnit.Seed","Label":"Seed","Category":"","Description":"","Attributes":0,"ValueType":"System.String"},"Value":"1245127141"}]},"Attachments":[],"Outcome":1,"ErrorMessage":null,"ErrorStackTrace":null,"DisplayName":"ValidateMaxQuantityInCartSuccess","Messages":[],"ComputerName":"DESKTOP-RVR2IQF","Duration":"00:00:00.0001870","StartTime":"2024-04-27T15:59:08.4541416+00:00","EndTime":"2024-04-27T15:59:08.4543287+00:00","Properties":[{"Key":{"Id":"NUnit.Seed","Label":"Seed","Category":"","Description":"","Attributes":0,"ValueType":"System.String"},"Value":"1245127141"}]},{"TestCase":{"Id":"bf246b5c-76c4-cd27-5255-25f1d0e31e45","FullyQualifiedName":"ShoppingTest.CartItemBLTest.AddCartItemSuccess","DisplayName":"AddCartItemSuccess","ExecutorUri":"executor://NUnit3TestExecutor","Source":"C:\\Users\\VC\\Desktop\\training\\day13\\ShoppingSolution\\ShoppingTest\\bin\\Debug\\net8.0\\fine-code-coverage\\build-output\\ShoppingTest.dll","CodeFilePath":null,"LineNumber":0,"Properties":[{"Key":{"Id":"NUnit.Seed","Label":"Seed","Category":"","Description":"","Attributes":0,"ValueType":"System.String"},"Value":"945949709"}]},"Attachments":[],"Outcome":1,"ErrorMessage":null,"ErrorStackTrace":null,"DisplayName":"AddCartItemSuccess","Messages":[],"ComputerName":"DESKTOP-RVR2IQF","Duration":"00:00:00.0004350","StartTime":"2024-04-27T15:59:08.4558857+00:00","EndTime":"2024-04-27T15:59:08.4563205+00:00","Properties":[{"Key":{"Id":"NUnit.Seed","Label":"Seed","Category":"","Description":"","Attributes":0,"ValueType":"System.String"},"Value":"945949709"}]},{"TestCase":{"Id":"e629b930-9ddf-054e-a2f7-0a42bc62ccad","FullyQualifiedName":"ShoppingTest.CartItemBLTest.DeleteCartItemException","DisplayName":"DeleteCartItemException","ExecutorUri":"executor://NUnit3TestExecutor","Source":"C:\\Users\\VC\\Desktop\\training\\day13\\ShoppingSolution\\ShoppingTest\\bin\\Debug\\net8.0\\fine-code-coverage\\build-output\\ShoppingTest.dll","CodeFilePath":null,"LineNumber":0,"Properties":[{"Key":{"Id":"NUnit.Seed","Label":"Seed","Category":"","Description":"","Attributes":0,"ValueType":"System.String"},"Value":"1820537601"}]},"Attachments":[],"Outcome":2,"ErrorMessage":"  Expected: <ShoppingModelLibrary.Exceptions.NoCartItemWithGivenIdException>\r\n  But was:  null\r\n","ErrorStackTrace":"   at ShoppingTest.CartItemBLTest.DeleteCartItemException() in C:\\Users\\VC\\Desktop\\training\\day13\\ShoppingSolution\\ShoppingTest\\CartItemBLTest.cs:line 185\r\n\n1)    at ShoppingTest.CartItemBLTest.DeleteCartItemException() in C:\\Users\\VC\\Desktop\\training\\day13\\ShoppingSolution\\ShoppingTest\\CartItemBLTest.cs:line 185\r\n\n","DisplayName":"DeleteCartItemException","Messages":[],"ComputerName":"DESKTOP-RVR2IQF","Duration":"00:00:00.0011190","StartTime":"2024-04-27T15:59:08.4563308+00:00","EndTime":"2024-04-27T15:59:08.4574494+00:00","Properties":[{"Key":{"Id":"NUnit.Seed","Label":"Seed","Category":"","Description":"","Attributes":0,"ValueType":"System.String"},"Value":"1820537601"}]},{"TestCase":{"Id":"fbd45214-2d03-96a1-13bc-25957201e117","FullyQualifiedName":"ShoppingTest.CartItemBLTest.DeleteCartItemSuccess","DisplayName":"DeleteCartItemSuccess","ExecutorUri":"executor://NUnit3TestExecutor","Source":"C:\\Users\\VC\\Desktop\\training\\day13\\ShoppingSolution\\ShoppingTest\\bin\\Debug\\net8.0\\fine-code-coverage\\build-output\\ShoppingTest.dll","CodeFilePath":null,"LineNumber":0,"Properties":[{"Key":{"Id":"NUnit.Seed","Label":"Seed","Category":"","Description":"","Attributes":0,"ValueType":"System.String"},"Value":"505174946"}]},"Attachments":[],"Outcome":1,"ErrorMessage":null,"ErrorStackTrace":null,"DisplayName":"DeleteCartItemSuccess","Messages":[],"ComputerName":"DESKTOP-RVR2IQF","Duration":"00:00:00.0003869","StartTime":"2024-04-27T15:59:08.4574608+00:00","EndTime":"2024-04-27T15:59:08.4578476+00:00","Properties":[{"Key":{"Id":"NUnit.Seed","Label":"Seed","Category":"","Description":"","Attributes":0,"ValueType":"System.String"},"Value":"505174946"}]},{"TestCase":{"Id":"f3904594-e26e-7fce-3ac0-99e7abccfe88","FullyQualifiedName":"ShoppingTest.CartItemBLTest.GetCartItemByIdException","DisplayName":"GetCartItemByIdException","ExecutorUri":"executor://NUnit3TestExecutor","Source":"C:\\Users\\VC\\Desktop\\training\\day13\\ShoppingSolution\\ShoppingTest\\bin\\Debug\\net8.0\\fine-code-coverage\\build-output\\ShoppingTest.dll","CodeFilePath":null,"LineNumber":0,"Properties":[{"Key":{"Id":"NUnit.Seed","Label":"Seed","Category":"","Description":"","Attributes":0,"ValueType":"System.String"},"Value":"516838921"}]},"Attachments":[],"Outcome":2,"ErrorMessage":"  Expected: <ShoppingModelLibrary.Exceptions.NoCartItemWithGivenIdException>\r\n  But was:  null\r\n","ErrorStackTrace":"   at ShoppingTest.CartItemBLTest.GetCartItemByIdException() in C:\\Users\\VC\\Desktop\\training\\day13\\ShoppingSolution\\ShoppingTest\\CartItemBLTest.cs:line 153\r\n\n1)    at ShoppingTest.CartItemBLTest.GetCartItemByIdException() in C:\\Users\\VC\\Desktop\\training\\day13\\ShoppingSolution\\ShoppingTest\\CartItemBLTest.cs:line 153\r\n\n","DisplayName":"GetCartItemByIdException","Messages":[],"ComputerName":"DESKTOP-RVR2IQF","Duration":"00:00:00.0004880","StartTime":"2024-04-27T15:59:08.4578587+00:00","EndTime":"2024-04-27T15:59:08.4583469+00:00","Properties":[{"Key":{"Id":"NUnit.Seed","Label":"Seed","Category":"","Description":"","Attributes":0,"ValueType":"System.String"},"Value":"516838921"}]},{"TestCase":{"Id":"2a82049d-6bbb-9353-64a3-fc3d4558aad0","FullyQualifiedName":"ShoppingTest.CartItemBLTest.GetCartItemByIdSuccess","DisplayName":"GetCartItemByIdSuccess","ExecutorUri":"executor://NUnit3TestExecutor","Source":"C:\\Users\\VC\\Desktop\\training\\day13\\ShoppingSolution\\ShoppingTest\\bin\\Debug\\net8.0\\fine-code-coverage\\build-output\\ShoppingTest.dll","CodeFilePath":null,"LineNumber":0,"Properties":[{"Key":{"Id":"NUnit.Seed","Label":"Seed","Category":"","Description":"","Attributes":0,"ValueType":"System.String"},"Value":"1108592261"}]},"Attachments":[],"Outcome":1,"ErrorMessage":null,"ErrorStackTrace":null,"DisplayName":"GetCartItemByIdSuccess","Messages":[],"ComputerName":"DESKTOP-RVR2IQF","Duration":"00:00:00.0001499","StartTime":"2024-04-27T15:59:08.458363+00:00","EndTime":"2024-04-27T15:59:08.4585125+00:00","Properties":[{"Key":{"Id":"NUnit.Seed","Label":"Seed","Category":"","Description":"","Attributes":0,"ValueType":"System.String"},"Value":"1108592261"}]},{"TestCase":{"Id":"d3f037b4-f066-e515-45f2-b1e50624bf4f","FullyQualifiedName":"ShoppingTest.CartItemBLTest.UpdateCartItem_CartItemDoesNotExist_ExceptionThrown","DisplayName":"UpdateCartItem_CartItemDoesNotExist_ExceptionThrown","ExecutorUri":"executor://NUnit3TestExecutor","Source":"C:\\Users\\VC\\Desktop\\training\\day13\\ShoppingSolution\\ShoppingTest\\bin\\Debug\\net8.0\\fine-code-coverage\\build-output\\ShoppingTest.dll","CodeFilePath":null,"LineNumber":0,"Properties":[{"Key":{"Id":"NUnit.Seed","Label":"Seed","Category":"","Description":"","Attributes":0,"ValueType":"System.String"},"Value":"1704424710"}]},"Attachments":[],"Outcome":2,"ErrorMessage":"  Expected: <ShoppingModelLibrary.Exceptions.NoCartItemWithGivenIdException>\r\n  But was:  null\r\n","ErrorStackTrace":"   at ShoppingTest.CartItemBLTest.UpdateCartItem_CartItemDoesNotExist_ExceptionThrown() in C:\\Users\\VC\\Desktop\\training\\day13\\ShoppingSolution\\ShoppingTest\\CartItemBLTest.cs:line 178\r\n\n1)    at ShoppingTest.CartItemBLTest.UpdateCartItem_CartItemDoesNotExist_ExceptionThrown() in C:\\Users\\VC\\Desktop\\training\\day13\\ShoppingSolution\\ShoppingTest\\CartItemBLTest.cs:line 178\r\n\n","DisplayName":"UpdateCartItem_CartItemDoesNotExist_ExceptionThrown","Messages":[],"ComputerName":"DESKTOP-RVR2IQF","Duration":"00:00:00.0009300","StartTime":"2024-04-27T15:59:08.4585214+00:00","EndTime":"2024-04-27T15:59:08.4594507+00:00","Properties":[{"Key":{"Id":"NUnit.Seed","Label":"Seed","Category":"","Description":"","Attributes":0,"ValueType":"System.String"},"Value":"1704424710"}]}],"TestRunStatistics":{"ExecutedTests":18,"Stats":{"Passed":12,"Failed":6}},"ActiveTests":[{"Id":"22c477e8-c5d2-93cc-de97-266ca72d1786","FullyQualifiedName":"ShoppingTest.CartItemBLTest.UpdateCartItemSuccess","DisplayName":"UpdateCartItemSuccess","ExecutorUri":"executor://NUnit3TestExecutor","Source":"C:\\Users\\VC\\Desktop\\training\\day13\\ShoppingSolution\\ShoppingTest\\bin\\Debug\\net8.0\\fine-code-coverage\\build-output\\ShoppingTest.dll","CodeFilePath":null,"LineNumber":0,"Properties":[{"Key":{"Id":"NUnit.Seed","Label":"Seed","Category":"","Description":"","Attributes":0,"ValueType":"System.String"},"Value":"1863010600"}]}]}}
TpTrace Verbose: 0 : 6328, 13, 2024/04/27, 21:29:08.552, 16673930078021, vstest.console.dll, TestRunRequest:SendTestRunStatsChange: Starting.
TpTrace Verbose: 0 : 6328, 13, 2024/04/27, 21:29:08.552, 16673930078475, vstest.console.dll, InProgress is UpdateCartItemSuccess
TpTrace Verbose: 0 : 6328, 13, 2024/04/27, 21:29:08.552, 16673930079081, vstest.console.dll, MulticastDelegateUtilities.SafeInvoke: TestRun.RunStatsChanged: Invoking callbacks was skipped because there are no subscribers.
TpTrace Information: 0 : 6328, 13, 2024/04/27, 21:29:08.552, 16673930079391, vstest.console.dll, TestRunRequest:SendTestRunStatsChange: Completed.
TpTrace Verbose: 0 : 6328, 4, 2024/04/27, 21:29:08.552, 16673930079489, vstest.console.dll, MulticastDelegateUtilities.SafeInvoke: InternalTestLoggerEvents.SendTestResult: Invoking callback 1/1 for Microsoft.VisualStudio.TestPlatform.CommandLine.Internal.ConsoleLogger., took 0 ms.
TpTrace Verbose: 0 : 6328, 13, 2024/04/27, 21:29:08.553, 16673930080098, vstest.console.dll, MulticastDelegateUtilities.SafeInvoke: LengthPrefixCommunicationChannel: MessageReceived: Invoking callback 1/1 for Microsoft.VisualStudio.TestPlatform.CommunicationUtilities.TestRequestSender+<>c__DisplayClass34_0., took 1 ms.
TpTrace Verbose: 0 : 6328, 4, 2024/04/27, 21:29:08.553, 16673930080618, vstest.console.dll, MulticastDelegateUtilities.SafeInvoke: InternalTestLoggerEvents.SendTestResult: Invoking callback 1/1 for Microsoft.VisualStudio.TestPlatform.CommandLine.Internal.ConsoleLogger., took 0 ms.
TpTrace Verbose: 0 : 6328, 13, 2024/04/27, 21:29:08.553, 16673930081114, vstest.console.dll, TcpClientExtensions.MessageLoopAsync: Polling on remoteEndPoint: 127.0.0.1:52690 localEndPoint: 127.0.0.1:52689 after 10 ms
TpTrace Verbose: 0 : 6328, 4, 2024/04/27, 21:29:08.553, 16673930081152, vstest.console.dll, MulticastDelegateUtilities.SafeInvoke: InternalTestLoggerEvents.SendTestResult: Invoking callback 1/1 for Microsoft.VisualStudio.TestPlatform.CommandLine.Internal.ConsoleLogger., took 0 ms.
TpTrace Verbose: 0 : 6328, 4, 2024/04/27, 21:29:08.553, 16673930081910, vstest.console.dll, MulticastDelegateUtilities.SafeInvoke: InternalTestLoggerEvents.SendTestResult: Invoking callback 1/1 for Microsoft.VisualStudio.TestPlatform.CommandLine.Internal.ConsoleLogger., took 0 ms.
TpTrace Verbose: 0 : 6328, 4, 2024/04/27, 21:29:08.553, 16673930083665, vstest.console.dll, MulticastDelegateUtilities.SafeInvoke: InternalTestLoggerEvents.SendTestResult: Invoking callback 1/1 for Microsoft.VisualStudio.TestPlatform.CommandLine.Internal.ConsoleLogger., took 0 ms.
TpTrace Verbose: 0 : 6328, 4, 2024/04/27, 21:29:08.553, 16673930084497, vstest.console.dll, MulticastDelegateUtilities.SafeInvoke: InternalTestLoggerEvents.SendTestResult: Invoking callback 1/1 for Microsoft.VisualStudio.TestPlatform.CommandLine.Internal.ConsoleLogger., took 0 ms.
TpTrace Verbose: 0 : 6328, 4, 2024/04/27, 21:29:08.553, 16673930087311, vstest.console.dll, MulticastDelegateUtilities.SafeInvoke: InternalTestLoggerEvents.SendTestResult: Invoking callback 1/1 for Microsoft.VisualStudio.TestPlatform.CommandLine.Internal.ConsoleLogger., took 0 ms.
TpTrace Verbose: 0 : 6328, 4, 2024/04/27, 21:29:08.553, 16673930088836, vstest.console.dll, MulticastDelegateUtilities.SafeInvoke: InternalTestLoggerEvents.SendTestResult: Invoking callback 1/1 for Microsoft.VisualStudio.TestPlatform.CommandLine.Internal.ConsoleLogger., took 0 ms.
TpTrace Verbose: 0 : 6328, 4, 2024/04/27, 21:29:08.554, 16673930095490, vstest.console.dll, MulticastDelegateUtilities.SafeInvoke: InternalTestLoggerEvents.SendTestResult: Invoking callback 1/1 for Microsoft.VisualStudio.TestPlatform.CommandLine.Internal.ConsoleLogger., took 0 ms.
TpTrace Verbose: 0 : 6328, 13, 2024/04/27, 21:29:08.568, 16673930238664, vstest.console.dll, TcpClientExtensions.MessageLoopAsync: NotifyDataAvailable remoteEndPoint: 127.0.0.1:52690 localEndPoint: 127.0.0.1:52689
TpTrace Verbose: 0 : 6328, 13, 2024/04/27, 21:29:08.569, 16673930241179, vstest.console.dll, TestRequestSender.OnExecutionMessageReceived: Received message: {"Version":7,"MessageType":"TestExecution.StatsChange","Payload":{"NewTestResults":[{"TestCase":{"Id":"22c477e8-c5d2-93cc-de97-266ca72d1786","FullyQualifiedName":"ShoppingTest.CartItemBLTest.UpdateCartItemSuccess","DisplayName":"UpdateCartItemSuccess","ExecutorUri":"executor://NUnit3TestExecutor","Source":"C:\\Users\\VC\\Desktop\\training\\day13\\ShoppingSolution\\ShoppingTest\\bin\\Debug\\net8.0\\fine-code-coverage\\build-output\\ShoppingTest.dll","CodeFilePath":null,"LineNumber":0,"Properties":[{"Key":{"Id":"NUnit.Seed","Label":"Seed","Category":"","Description":"","Attributes":0,"ValueType":"System.String"},"Value":"1863010600"}]},"Attachments":[],"Outcome":1,"ErrorMessage":null,"ErrorStackTrace":null,"DisplayName":"UpdateCartItemSuccess","Messages":[],"ComputerName":"DESKTOP-RVR2IQF","Duration":"00:00:00.0001730","StartTime":"2024-04-27T15:59:08.4594756+00:00","EndTime":"2024-04-27T15:59:08.4596489+00:00","Properties":[{"Key":{"Id":"NUnit.Seed","Label":"Seed","Category":"","Description":"","Attributes":0,"ValueType":"System.String"},"Value":"1863010600"}]},{"TestCase":{"Id":"66e5df6c-d95b-f564-40be-098ccd34e66c","FullyQualifiedName":"ShoppingTest.CartItemRepoTest.AddFailTest","DisplayName":"AddFailTest","ExecutorUri":"executor://NUnit3TestExecutor","Source":"C:\\Users\\VC\\Desktop\\training\\day13\\ShoppingSolution\\ShoppingTest\\bin\\Debug\\net8.0\\fine-code-coverage\\build-output\\ShoppingTest.dll","CodeFilePath":null,"LineNumber":0,"Properties":[{"Key":{"Id":"NUnit.Seed","Label":"Seed","Category":"","Description":"","Attributes":0,"ValueType":"System.String"},"Value":"207574716"}]},"Attachments":[],"Outcome":2,"ErrorMessage":"  Expected: <ShoppingModelLibrary.Exceptions.ItemPresentException>\r\n  But was:  null\r\n","ErrorStackTrace":"   at ShoppingTest.CartItemRepoTest.AddFailTest() in C:\\Users\\VC\\Desktop\\training\\day13\\ShoppingSolution\\ShoppingTest\\CartItemRepoTest.cs:line 85\r\n\n1)    at ShoppingTest.CartItemRepoTest.AddFailTest() in C:\\Users\\VC\\Desktop\\training\\day13\\ShoppingSolution\\ShoppingTest\\CartItemRepoTest.cs:line 85\r\n\n","DisplayName":"AddFailTest","Messages":[],"ComputerName":"DESKTOP-RVR2IQF","Duration":"00:00:00.0008490","StartTime":"2024-04-27T15:59:08.4597693+00:00","EndTime":"2024-04-27T15:59:08.460618+00:00","Properties":[{"Key":{"Id":"NUnit.Seed","Label":"Seed","Category":"","Description":"","Attributes":0,"ValueType":"System.String"},"Value":"207574716"}]},{"TestCase":{"Id":"33bc1ffd-280a-d3e0-434a-46d1dfe4595a","FullyQualifiedName":"ShoppingTest.CartItemRepoTest.AddSuccessTest","DisplayName":"AddSuccessTest","ExecutorUri":"executor://NUnit3TestExecutor","Source":"C:\\Users\\VC\\Desktop\\training\\day13\\ShoppingSolution\\ShoppingTest\\bin\\Debug\\net8.0\\fine-code-coverage\\build-output\\ShoppingTest.dll","CodeFilePath":null,"LineNumber":0,"Properties":[{"Key":{"Id":"NUnit.Seed","Label":"Seed","Category":"","Description":"","Attributes":0,"ValueType":"System.String"},"Value":"1228615909"}]},"Attachments":[],"Outcome":1,"ErrorMessage":null,"ErrorStackTrace":null,"DisplayName":"AddSuccessTest","Messages":[],"ComputerName":"DESKTOP-RVR2IQF","Duration":"00:00:00.0002050","StartTime":"2024-04-27T15:59:08.4606296+00:00","EndTime":"2024-04-27T15:59:08.4608343+00:00","Properties":[{"Key":{"Id":"NUnit.Seed","Label":"Seed","Category":"","Description":"","Attributes":0,"ValueType":"System.String"},"Value":"1228615909"}]},{"TestCase":{"Id":"bd6c5b41-1ff7-aadc-5d87-1069e4bdcba6","FullyQualifiedName":"ShoppingTest.CartItemRepoTest.DeleteFailTest","DisplayName":"DeleteFailTest","ExecutorUri":"executor://NUnit3TestExecutor","Source":"C:\\Users\\VC\\Desktop\\training\\day13\\ShoppingSolution\\ShoppingTest\\bin\\Debug\\net8.0\\fine-code-coverage\\build-output\\ShoppingTest.dll","CodeFilePath":null,"LineNumber":0,"Properties":[{"Key":{"Id":"NUnit.Seed","Label":"Seed","Category":"","Description":"","Attributes":0,"ValueType":"System.String"},"Value":"1025463776"}]},"Attachments":[],"Outcome":2,"ErrorMessage":"  Expected: null\r\n  But was:  <System.Threading.Tasks.Task`1[ShoppingModelLibrary.CartItem]>\r\n","ErrorStackTrace":"   at ShoppingTest.CartItemRepoTest.DeleteFailTest() in C:\\Users\\VC\\Desktop\\training\\day13\\ShoppingSolution\\ShoppingTest\\CartItemRepoTest.cs:line 243\r\n\n1)    at ShoppingTest.CartItemRepoTest.DeleteFailTest() in C:\\Users\\VC\\Desktop\\training\\day13\\ShoppingSolution\\ShoppingTest\\CartItemRepoTest.cs:line 243\r\n\n","DisplayName":"DeleteFailTest","Messages":[],"ComputerName":"DESKTOP-RVR2IQF","Duration":"00:00:00.0005970","StartTime":"2024-04-27T15:59:08.4608441+00:00","EndTime":"2024-04-27T15:59:08.4614408+00:00","Properties":[{"Key":{"Id":"NUnit.Seed","Label":"Seed","Category":"","Description":"","Attributes":0,"ValueType":"System.String"},"Value":"1025463776"}]},{"TestCase":{"Id":"7ca1fa27-ee62-14f0-c014-d4685e3ee056","FullyQualifiedName":"ShoppingTest.CartItemRepoTest.DeleteSuccessTest","DisplayName":"DeleteSuccessTest","ExecutorUri":"executor://NUnit3TestExecutor","Source":"C:\\Users\\VC\\Desktop\\training\\day13\\ShoppingSolution\\ShoppingTest\\bin\\Debug\\net8.0\\fine-code-coverage\\build-output\\ShoppingTest.dll","CodeFilePath":null,"LineNumber":0,"Properties":[{"Key":{"Id":"NUnit.Seed","Label":"Seed","Category":"","Description":"","Attributes":0,"ValueType":"System.String"},"Value":"1583332466"}]},"Attachments":[],"Outcome":1,"ErrorMessage":null,"ErrorStackTrace":null,"DisplayName":"DeleteSuccessTest","Messages":[],"ComputerName":"DESKTOP-RVR2IQF","Duration":"00:00:00.0001460","StartTime":"2024-04-27T15:59:08.4614522+00:00","EndTime":"2024-04-27T15:59:08.4615985+00:00","Properties":[{"Key":{"Id":"NUnit.Seed","Label":"Seed","Category":"","Description":"","Attributes":0,"ValueType":"System.String"},"Value":"1583332466"}]},{"TestCase":{"Id":"359c1a4a-5ac3-5aa6-175c-ac8e7a0e8a4c","FullyQualifiedName":"ShoppingTest.CartItemRepoTest.GetAllFailTest","DisplayName":"GetAllFailTest","ExecutorUri":"executor://NUnit3TestExecutor","Source":"C:\\Users\\VC\\Desktop\\training\\day13\\ShoppingSolution\\ShoppingTest\\bin\\Debug\\net8.0\\fine-code-coverage\\build-output\\ShoppingTest.dll","CodeFilePath":null,"LineNumber":0,"Properties":[{"Key":{"Id":"NUnit.Seed","Label":"Seed","Category":"","Description":"","Attributes":0,"ValueType":"System.String"},"Value":"1899996344"}]},"Attachments":[],"Outcome":1,"ErrorMessage":null,"ErrorStackTrace":null,"DisplayName":"GetAllFailTest","Messages":[],"ComputerName":"DESKTOP-RVR2IQF","Duration":"00:00:00.0009700","StartTime":"2024-04-27T15:59:08.4616073+00:00","EndTime":"2024-04-27T15:59:08.4625769+00:00","Properties":[{"Key":{"Id":"NUnit.Seed","Label":"Seed","Category":"","Description":"","Attributes":0,"ValueType":"System.String"},"Value":"1899996344"}]},{"TestCase":{"Id":"2d37262f-6f19-adac-5c9f-c0f4c5f03d96","FullyQualifiedName":"ShoppingTest.CartItemRepoTest.GetAllSuccessTest","DisplayName":"GetAllSuccessTest","ExecutorUri":"executor://NUnit3TestExecutor","Source":"C:\\Users\\VC\\Desktop\\training\\day13\\ShoppingSolution\\ShoppingTest\\bin\\Debug\\net8.0\\fine-code-coverage\\build-output\\ShoppingTest.dll","CodeFilePath":null,"LineNumber":0,"Properties":[{"Key":{"Id":"NUnit.Seed","Label":"Seed","Category":"","Description":"","Attributes":0,"ValueType":"System.String"},"Value":"1879634132"}]},"Attachments":[],"Outcome":1,"ErrorMessage":null,"ErrorStackTrace":null,"DisplayName":"GetAllSuccessTest","Messages":[],"ComputerName":"DESKTOP-RVR2IQF","Duration":"00:00:00.0004120","StartTime":"2024-04-27T15:59:08.4625917+00:00","EndTime":"2024-04-27T15:59:08.4630033+00:00","Properties":[{"Key":{"Id":"NUnit.Seed","Label":"Seed","Category":"","Description":"","Attributes":0,"ValueType":"System.String"},"Value":"1879634132"}]},{"TestCase":{"Id":"d1e44f01-c398-96d0-831f-c39b252f4544","FullyQualifiedName":"ShoppingTest.CartItemRepoTest.GetIdFailTest","DisplayName":"GetIdFailTest","ExecutorUri":"executor://NUnit3TestExecutor","Source":"C:\\Users\\VC\\Desktop\\training\\day13\\ShoppingSolution\\ShoppingTest\\bin\\Debug\\net8.0\\fine-code-coverage\\build-output\\ShoppingTest.dll","CodeFilePath":null,"LineNumber":0,"Properties":[{"Key":{"Id":"NUnit.Seed","Label":"Seed","Category":"","Description":"","Attributes":0,"ValueType":"System.String"},"Value":"487017213"}]},"Attachments":[],"Outcome":2,"ErrorMessage":"  Expected: null\r\n  But was:  <System.Threading.Tasks.Task`1[ShoppingModelLibrary.CartItem]>\r\n","ErrorStackTrace":"   at ShoppingTest.CartItemRepoTest.GetIdFailTest() in C:\\Users\\VC\\Desktop\\training\\day13\\ShoppingSolution\\ShoppingTest\\CartItemRepoTest.cs:line 192\r\n\n1)    at ShoppingTest.CartItemRepoTest.GetIdFailTest() in C:\\Users\\VC\\Desktop\\training\\day13\\ShoppingSolution\\ShoppingTest\\CartItemRepoTest.cs:line 192\r\n\n","DisplayName":"GetIdFailTest","Messages":[],"ComputerName":"DESKTOP-RVR2IQF","Duration":"00:00:00.0003959","StartTime":"2024-04-27T15:59:08.4630136+00:00","EndTime":"2024-04-27T15:59:08.4634094+00:00","Properties":[{"Key":{"Id":"NUnit.Seed","Label":"Seed","Category":"","Description":"","Attributes":0,"ValueType":"System.String"},"Value":"487017213"}]},{"TestCase":{"Id":"3696f506-56d7-a77a-0a64-57b90deb0ab2","FullyQualifiedName":"ShoppingTest.CartItemRepoTest.GetIdSuccessTest","DisplayName":"GetIdSuccessTest","ExecutorUri":"executor://NUnit3TestExecutor","Source":"C:\\Users\\VC\\Desktop\\training\\day13\\ShoppingSolution\\ShoppingTest\\bin\\Debug\\net8.0\\fine-code-coverage\\build-output\\ShoppingTest.dll","CodeFilePath":null,"LineNumber":0,"Properties":[{"Key":{"Id":"NUnit.Seed","Label":"Seed","Category":"","Description":"","Attributes":0,"ValueType":"System.String"},"Value":"1815556116"}]},"Attachments":[],"Outcome":1,"ErrorMessage":null,"ErrorStackTrace":null,"DisplayName":"GetIdSuccessTest","Messages":[],"ComputerName":"DESKTOP-RVR2IQF","Duration":"00:00:00.0001340","StartTime":"2024-04-27T15:59:08.4634194+00:00","EndTime":"2024-04-27T15:59:08.4635532+00:00","Properties":[{"Key":{"Id":"NUnit.Seed","Label":"Seed","Category":"","Description":"","Attributes":0,"ValueType":"System.String"},"Value":"1815556116"}]}],"TestRunStatistics":{"ExecutedTests":27,"Stats":{"Passed":18,"Failed":9}},"ActiveTests":[{"Id":"6900fb8d-f0be-f535-004e-15cfc2877e30","FullyQualifiedName":"ShoppingTest.CartItemRepoTest.UpdateFailTest","DisplayName":"UpdateFailTest","ExecutorUri":"executor://NUnit3TestExecutor","Source":"C:\\Users\\VC\\Desktop\\training\\day13\\ShoppingSolution\\ShoppingTest\\bin\\Debug\\net8.0\\fine-code-coverage\\build-output\\ShoppingTest.dll","CodeFilePath":null,"LineNumber":0,"Properties":[{"Key":{"Id":"NUnit.Seed","Label":"Seed","Category":"","Description":"","Attributes":0,"ValueType":"System.String"},"Value":"2013822477"}]}]}}
TpTrace Verbose: 0 : 6328, 13, 2024/04/27, 21:29:08.570, 16673930250433, vstest.console.dll, TestRunRequest:SendTestRunStatsChange: Starting.
TpTrace Verbose: 0 : 6328, 13, 2024/04/27, 21:29:08.570, 16673930251040, vstest.console.dll, InProgress is UpdateFailTest
TpTrace Verbose: 0 : 6328, 13, 2024/04/27, 21:29:08.570, 16673930251718, vstest.console.dll, MulticastDelegateUtilities.SafeInvoke: TestRun.RunStatsChanged: Invoking callbacks was skipped because there are no subscribers.
TpTrace Information: 0 : 6328, 13, 2024/04/27, 21:29:08.570, 16673930252101, vstest.console.dll, TestRunRequest:SendTestRunStatsChange: Completed.
TpTrace Verbose: 0 : 6328, 4, 2024/04/27, 21:29:08.570, 16673930252140, vstest.console.dll, MulticastDelegateUtilities.SafeInvoke: InternalTestLoggerEvents.SendTestResult: Invoking callback 1/1 for Microsoft.VisualStudio.TestPlatform.CommandLine.Internal.ConsoleLogger., took 0 ms.
TpTrace Verbose: 0 : 6328, 13, 2024/04/27, 21:29:08.570, 16673930252534, vstest.console.dll, MulticastDelegateUtilities.SafeInvoke: LengthPrefixCommunicationChannel: MessageReceived: Invoking callback 1/1 for Microsoft.VisualStudio.TestPlatform.CommunicationUtilities.TestRequestSender+<>c__DisplayClass34_0., took 1 ms.
TpTrace Verbose: 0 : 6328, 13, 2024/04/27, 21:29:08.570, 16673930253331, vstest.console.dll, TcpClientExtensions.MessageLoopAsync: Polling on remoteEndPoint: 127.0.0.1:52690 localEndPoint: 127.0.0.1:52689 after 17 ms
TpTrace Verbose: 0 : 6328, 4, 2024/04/27, 21:29:08.570, 16673930254660, vstest.console.dll, MulticastDelegateUtilities.SafeInvoke: InternalTestLoggerEvents.SendTestResult: Invoking callback 1/1 for Microsoft.VisualStudio.TestPlatform.CommandLine.Internal.ConsoleLogger., took 0 ms.
TpTrace Verbose: 0 : 6328, 4, 2024/04/27, 21:29:08.570, 16673930255158, vstest.console.dll, MulticastDelegateUtilities.SafeInvoke: InternalTestLoggerEvents.SendTestResult: Invoking callback 1/1 for Microsoft.VisualStudio.TestPlatform.CommandLine.Internal.ConsoleLogger., took 0 ms.
TpTrace Verbose: 0 : 6328, 4, 2024/04/27, 21:29:08.570, 16673930258091, vstest.console.dll, MulticastDelegateUtilities.SafeInvoke: InternalTestLoggerEvents.SendTestResult: Invoking callback 1/1 for Microsoft.VisualStudio.TestPlatform.CommandLine.Internal.ConsoleLogger., took 0 ms.
TpTrace Verbose: 0 : 6328, 4, 2024/04/27, 21:29:08.570, 16673930259439, vstest.console.dll, MulticastDelegateUtilities.SafeInvoke: InternalTestLoggerEvents.SendTestResult: Invoking callback 1/1 for Microsoft.VisualStudio.TestPlatform.CommandLine.Internal.ConsoleLogger., took 0 ms.
TpTrace Verbose: 0 : 6328, 4, 2024/04/27, 21:29:08.571, 16673930260643, vstest.console.dll, MulticastDelegateUtilities.SafeInvoke: InternalTestLoggerEvents.SendTestResult: Invoking callback 1/1 for Microsoft.VisualStudio.TestPlatform.CommandLine.Internal.ConsoleLogger., took 0 ms.
TpTrace Verbose: 0 : 6328, 4, 2024/04/27, 21:29:08.571, 16673930261041, vstest.console.dll, MulticastDelegateUtilities.SafeInvoke: InternalTestLoggerEvents.SendTestResult: Invoking callback 1/1 for Microsoft.VisualStudio.TestPlatform.CommandLine.Internal.ConsoleLogger., took 0 ms.
TpTrace Verbose: 0 : 6328, 4, 2024/04/27, 21:29:08.571, 16673930264208, vstest.console.dll, MulticastDelegateUtilities.SafeInvoke: InternalTestLoggerEvents.SendTestResult: Invoking callback 1/1 for Microsoft.VisualStudio.TestPlatform.CommandLine.Internal.ConsoleLogger., took 0 ms.
TpTrace Verbose: 0 : 6328, 4, 2024/04/27, 21:29:08.571, 16673930264805, vstest.console.dll, MulticastDelegateUtilities.SafeInvoke: InternalTestLoggerEvents.SendTestResult: Invoking callback 1/1 for Microsoft.VisualStudio.TestPlatform.CommandLine.Internal.ConsoleLogger., took 0 ms.
TpTrace Verbose: 0 : 6328, 13, 2024/04/27, 21:29:08.586, 16673930411237, vstest.console.dll, TcpClientExtensions.MessageLoopAsync: NotifyDataAvailable remoteEndPoint: 127.0.0.1:52690 localEndPoint: 127.0.0.1:52689
TpTrace Verbose: 0 : 6328, 13, 2024/04/27, 21:29:08.586, 16673930414806, vstest.console.dll, TestRequestSender.OnExecutionMessageReceived: Received message: {"Version":7,"MessageType":"TestExecution.StatsChange","Payload":{"NewTestResults":[{"TestCase":{"Id":"6900fb8d-f0be-f535-004e-15cfc2877e30","FullyQualifiedName":"ShoppingTest.CartItemRepoTest.UpdateFailTest","DisplayName":"UpdateFailTest","ExecutorUri":"executor://NUnit3TestExecutor","Source":"C:\\Users\\VC\\Desktop\\training\\day13\\ShoppingSolution\\ShoppingTest\\bin\\Debug\\net8.0\\fine-code-coverage\\build-output\\ShoppingTest.dll","CodeFilePath":null,"LineNumber":0,"Properties":[{"Key":{"Id":"NUnit.Seed","Label":"Seed","Category":"","Description":"","Attributes":0,"ValueType":"System.String"},"Value":"2013822477"}]},"Attachments":[],"Outcome":2,"ErrorMessage":"  Expected: null\r\n  But was:  <System.Threading.Tasks.Task`1[ShoppingModelLibrary.CartItem]>\r\n","ErrorStackTrace":"   at ShoppingTest.CartItemRepoTest.UpdateFailTest() in C:\\Users\\VC\\Desktop\\training\\day13\\ShoppingSolution\\ShoppingTest\\CartItemRepoTest.cs:line 327\r\n\n1)    at ShoppingTest.CartItemRepoTest.UpdateFailTest() in C:\\Users\\VC\\Desktop\\training\\day13\\ShoppingSolution\\ShoppingTest\\CartItemRepoTest.cs:line 327\r\n\n","DisplayName":"UpdateFailTest","Messages":[],"ComputerName":"DESKTOP-RVR2IQF","Duration":"00:00:00.0003950","StartTime":"2024-04-27T15:59:08.4635615+00:00","EndTime":"2024-04-27T15:59:08.4639567+00:00","Properties":[{"Key":{"Id":"NUnit.Seed","Label":"Seed","Category":"","Description":"","Attributes":0,"ValueType":"System.String"},"Value":"2013822477"}]},{"TestCase":{"Id":"bc99c508-feac-f60a-52da-8486f1ae91b7","FullyQualifiedName":"ShoppingTest.CartItemRepoTest.UpdateSuccessTest","DisplayName":"UpdateSuccessTest","ExecutorUri":"executor://NUnit3TestExecutor","Source":"C:\\Users\\VC\\Desktop\\training\\day13\\ShoppingSolution\\ShoppingTest\\bin\\Debug\\net8.0\\fine-code-coverage\\build-output\\ShoppingTest.dll","CodeFilePath":null,"LineNumber":0,"Properties":[{"Key":{"Id":"NUnit.Seed","Label":"Seed","Category":"","Description":"","Attributes":0,"ValueType":"System.String"},"Value":"1992159240"}]},"Attachments":[],"Outcome":1,"ErrorMessage":null,"ErrorStackTrace":null,"DisplayName":"UpdateSuccessTest","Messages":[],"ComputerName":"DESKTOP-RVR2IQF","Duration":"00:00:00.0002300","StartTime":"2024-04-27T15:59:08.4639661+00:00","EndTime":"2024-04-27T15:59:08.4641955+00:00","Properties":[{"Key":{"Id":"NUnit.Seed","Label":"Seed","Category":"","Description":"","Attributes":0,"ValueType":"System.String"},"Value":"1992159240"}]},{"TestCase":{"Id":"44fe8d37-300f-9f0f-fef8-cb16f2d737b7","FullyQualifiedName":"ShoppingTest.CartRepoTest.AddFailTest","DisplayName":"AddFailTest","ExecutorUri":"executor://NUnit3TestExecutor","Source":"C:\\Users\\VC\\Desktop\\training\\day13\\ShoppingSolution\\ShoppingTest\\bin\\Debug\\net8.0\\fine-code-coverage\\build-output\\ShoppingTest.dll","CodeFilePath":null,"LineNumber":0,"Properties":[{"Key":{"Id":"NUnit.Seed","Label":"Seed","Category":"","Description":"","Attributes":0,"ValueType":"System.String"},"Value":"462112326"}]},"Attachments":[],"Outcome":2,"ErrorMessage":"  Expected: <ShoppingModelLibrary.Exceptions.ItemPresentException>\r\n  But was:  null\r\n","ErrorStackTrace":"   at ShoppingTest.CartRepoTest.AddFailTest() in C:\\Users\\VC\\Desktop\\training\\day13\\ShoppingSolution\\ShoppingTest\\CartRepoTest.cs:line 110\r\n\n1)    at ShoppingTest.CartRepoTest.AddFailTest() in C:\\Users\\VC\\Desktop\\training\\day13\\ShoppingSolution\\ShoppingTest\\CartRepoTest.cs:line 110\r\n\n","DisplayName":"AddFailTest","Messages":[],"ComputerName":"DESKTOP-RVR2IQF","Duration":"00:00:00.0006930","StartTime":"2024-04-27T15:59:08.4642882+00:00","EndTime":"2024-04-27T15:59:08.464981+00:00","Properties":[{"Key":{"Id":"NUnit.Seed","Label":"Seed","Category":"","Description":"","Attributes":0,"ValueType":"System.String"},"Value":"462112326"}]},{"TestCase":{"Id":"604d5d1d-0364-2f4a-1357-9ad718fc5d90","FullyQualifiedName":"ShoppingTest.CartRepoTest.AddSuccessTest","DisplayName":"AddSuccessTest","ExecutorUri":"executor://NUnit3TestExecutor","Source":"C:\\Users\\VC\\Desktop\\training\\day13\\ShoppingSolution\\ShoppingTest\\bin\\Debug\\net8.0\\fine-code-coverage\\build-output\\ShoppingTest.dll","CodeFilePath":null,"LineNumber":0,"Properties":[{"Key":{"Id":"NUnit.Seed","Label":"Seed","Category":"","Description":"","Attributes":0,"ValueType":"System.String"},"Value":"689036991"}]},"Attachments":[],"Outcome":1,"ErrorMessage":null,"ErrorStackTrace":null,"DisplayName":"AddSuccessTest","Messages":[],"ComputerName":"DESKTOP-RVR2IQF","Duration":"00:00:00.0002340","StartTime":"2024-04-27T15:59:08.4649915+00:00","EndTime":"2024-04-27T15:59:08.4652256+00:00","Properties":[{"Key":{"Id":"NUnit.Seed","Label":"Seed","Category":"","Description":"","Attributes":0,"ValueType":"System.String"},"Value":"689036991"}]},{"TestCase":{"Id":"2e18f264-8393-2074-689e-46a9cc70a693","FullyQualifiedName":"ShoppingTest.CartRepoTest.DeleteFailTest","DisplayName":"DeleteFailTest","ExecutorUri":"executor://NUnit3TestExecutor","Source":"C:\\Users\\VC\\Desktop\\training\\day13\\ShoppingSolution\\ShoppingTest\\bin\\Debug\\net8.0\\fine-code-coverage\\build-output\\ShoppingTest.dll","CodeFilePath":null,"LineNumber":0,"Properties":[{"Key":{"Id":"NUnit.Seed","Label":"Seed","Category":"","Description":"","Attributes":0,"ValueType":"System.String"},"Value":"1895796879"}]},"Attachments":[],"Outcome":2,"ErrorMessage":"  Expected: null\r\n  But was:  <System.Threading.Tasks.Task`1[ShoppingModelLibrary.Cart]>\r\n","ErrorStackTrace":"   at ShoppingTest.CartRepoTest.DeleteFailTest() in C:\\Users\\VC\\Desktop\\training\\day13\\ShoppingSolution\\ShoppingTest\\CartRepoTest.cs:line 322\r\n\n1)    at ShoppingTest.CartRepoTest.DeleteFailTest() in C:\\Users\\VC\\Desktop\\training\\day13\\ShoppingSolution\\ShoppingTest\\CartRepoTest.cs:line 322\r\n\n","DisplayName":"DeleteFailTest","Messages":[],"ComputerName":"DESKTOP-RVR2IQF","Duration":"00:00:00.0004300","StartTime":"2024-04-27T15:59:08.4652355+00:00","EndTime":"2024-04-27T15:59:08.4656652+00:00","Properties":[{"Key":{"Id":"NUnit.Seed","Label":"Seed","Category":"","Description":"","Attributes":0,"ValueType":"System.String"},"Value":"1895796879"}]},{"TestCase":{"Id":"bc79eebb-3047-528d-ab45-bf8643cfdf10","FullyQualifiedName":"ShoppingTest.CartRepoTest.DeleteSuccessTest","DisplayName":"DeleteSuccessTest","ExecutorUri":"executor://NUnit3TestExecutor","Source":"C:\\Users\\VC\\Desktop\\training\\day13\\ShoppingSolution\\ShoppingTest\\bin\\Debug\\net8.0\\fine-code-coverage\\build-output\\ShoppingTest.dll","CodeFilePath":null,"LineNumber":0,"Properties":[{"Key":{"Id":"NUnit.Seed","Label":"Seed","Category":"","Description":"","Attributes":0,"ValueType":"System.String"},"Value":"921687481"}]},"Attachments":[],"Outcome":1,"ErrorMessage":null,"ErrorStackTrace":null,"DisplayName":"DeleteSuccessTest","Messages":[],"ComputerName":"DESKTOP-RVR2IQF","Duration":"00:00:00.0001720","StartTime":"2024-04-27T15:59:08.4656747+00:00","EndTime":"2024-04-27T15:59:08.4658467+00:00","Properties":[{"Key":{"Id":"NUnit.Seed","Label":"Seed","Category":"","Description":"","Attributes":0,"ValueType":"System.String"},"Value":"921687481"}]},{"TestCase":{"Id":"4c265aa7-40de-4f4c-58e2-b3aea75584c4","FullyQualifiedName":"ShoppingTest.CartRepoTest.GetAllFailTest","DisplayName":"GetAllFailTest","ExecutorUri":"executor://NUnit3TestExecutor","Source":"C:\\Users\\VC\\Desktop\\training\\day13\\ShoppingSolution\\ShoppingTest\\bin\\Debug\\net8.0\\fine-code-coverage\\build-output\\ShoppingTest.dll","CodeFilePath":null,"LineNumber":0,"Properties":[{"Key":{"Id":"NUnit.Seed","Label":"Seed","Category":"","Description":"","Attributes":0,"ValueType":"System.String"},"Value":"529151063"}]},"Attachments":[],"Outcome":1,"ErrorMessage":null,"ErrorStackTrace":null,"DisplayName":"GetAllFailTest","Messages":[],"ComputerName":"DESKTOP-RVR2IQF","Duration":"00:00:00.0001600","StartTime":"2024-04-27T15:59:08.4658612+00:00","EndTime":"2024-04-27T15:59:08.4660208+00:00","Properties":[{"Key":{"Id":"NUnit.Seed","Label":"Seed","Category":"","Description":"","Attributes":0,"ValueType":"System.String"},"Value":"529151063"}]},{"TestCase":{"Id":"c2303801-0a5c-c6d6-336a-928f44408661","FullyQualifiedName":"ShoppingTest.CartRepoTest.GetAllSuccessTest","DisplayName":"GetAllSuccessTest","ExecutorUri":"executor://NUnit3TestExecutor","Source":"C:\\Users\\VC\\Desktop\\training\\day13\\ShoppingSolution\\ShoppingTest\\bin\\Debug\\net8.0\\fine-code-coverage\\build-output\\ShoppingTest.dll","CodeFilePath":null,"LineNumber":0,"Properties":[{"Key":{"Id":"NUnit.Seed","Label":"Seed","Category":"","Description":"","Attributes":0,"ValueType":"System.String"},"Value":"817127307"}]},"Attachments":[],"Outcome":1,"ErrorMessage":null,"ErrorStackTrace":null,"DisplayName":"GetAllSuccessTest","Messages":[],"ComputerName":"DESKTOP-RVR2IQF","Duration":"00:00:00.0003100","StartTime":"2024-04-27T15:59:08.4660297+00:00","EndTime":"2024-04-27T15:59:08.4663392+00:00","Properties":[{"Key":{"Id":"NUnit.Seed","Label":"Seed","Category":"","Description":"","Attributes":0,"ValueType":"System.String"},"Value":"817127307"}]},{"TestCase":{"Id":"5d3fea9a-8b7c-8f33-cfee-96309b0e251f","FullyQualifiedName":"ShoppingTest.CartRepoTest.GetIdFailTest","DisplayName":"GetIdFailTest","ExecutorUri":"executor://NUnit3TestExecutor","Source":"C:\\Users\\VC\\Desktop\\training\\day13\\ShoppingSolution\\ShoppingTest\\bin\\Debug\\net8.0\\fine-code-coverage\\build-output\\ShoppingTest.dll","CodeFilePath":null,"LineNumber":0,"Properties":[{"Key":{"Id":"NUnit.Seed","Label":"Seed","Category":"","Description":"","Attributes":0,"ValueType":"System.String"},"Value":"351533780"}]},"Attachments":[],"Outcome":2,"ErrorMessage":"  Expected: null\r\n  But was:  <System.Threading.Tasks.Task`1[ShoppingModelLibrary.Cart]>\r\n","ErrorStackTrace":"   at ShoppingTest.CartRepoTest.GetIdFailTest() in C:\\Users\\VC\\Desktop\\training\\day13\\ShoppingSolution\\ShoppingTest\\CartRepoTest.cs:line 253\r\n\n1)    at ShoppingTest.CartRepoTest.GetIdFailTest() in C:\\Users\\VC\\Desktop\\training\\day13\\ShoppingSolution\\ShoppingTest\\CartRepoTest.cs:line 253\r\n\n","DisplayName":"GetIdFailTest","Messages":[],"ComputerName":"DESKTOP-RVR2IQF","Duration":"00:00:00.0003910","StartTime":"2024-04-27T15:59:08.4663484+00:00","EndTime":"2024-04-27T15:59:08.4667394+00:00","Properties":[{"Key":{"Id":"NUnit.Seed","Label":"Seed","Category":"","Description":"","Attributes":0,"ValueType":"System.String"},"Value":"351533780"}]}],"TestRunStatistics":{"ExecutedTests":36,"Stats":{"Passed":23,"Failed":13}},"ActiveTests":[{"Id":"6c844e96-b785-f5fe-6c16-0f0242236a91","FullyQualifiedName":"ShoppingTest.CartRepoTest.GetIdSuccessTest","DisplayName":"GetIdSuccessTest","ExecutorUri":"executor://NUnit3TestExecutor","Source":"C:\\Users\\VC\\Desktop\\training\\day13\\ShoppingSolution\\ShoppingTest\\bin\\Debug\\net8.0\\fine-code-coverage\\build-output\\ShoppingTest.dll","CodeFilePath":null,"LineNumber":0,"Properties":[{"Key":{"Id":"NUnit.Seed","Label":"Seed","Category":"","Description":"","Attributes":0,"ValueType":"System.String"},"Value":"698404875"}]}]}}
TpTrace Verbose: 0 : 6328, 13, 2024/04/27, 21:29:08.587, 16673930428751, vstest.console.dll, TestRunRequest:SendTestRunStatsChange: Starting.
TpTrace Verbose: 0 : 6328, 13, 2024/04/27, 21:29:08.587, 16673930429323, vstest.console.dll, InProgress is GetIdSuccessTest
TpTrace Verbose: 0 : 6328, 13, 2024/04/27, 21:29:08.588, 16673930430083, vstest.console.dll, MulticastDelegateUtilities.SafeInvoke: TestRun.RunStatsChanged: Invoking callbacks was skipped because there are no subscribers.
TpTrace Information: 0 : 6328, 13, 2024/04/27, 21:29:08.588, 16673930430392, vstest.console.dll, TestRunRequest:SendTestRunStatsChange: Completed.
TpTrace Verbose: 0 : 6328, 13, 2024/04/27, 21:29:08.588, 16673930430727, vstest.console.dll, MulticastDelegateUtilities.SafeInvoke: LengthPrefixCommunicationChannel: MessageReceived: Invoking callback 1/1 for Microsoft.VisualStudio.TestPlatform.CommunicationUtilities.TestRequestSender+<>c__DisplayClass34_0., took 1 ms.
TpTrace Verbose: 0 : 6328, 13, 2024/04/27, 21:29:08.588, 16673930431473, vstest.console.dll, TcpClientExtensions.MessageLoopAsync: Polling on remoteEndPoint: 127.0.0.1:52690 localEndPoint: 127.0.0.1:52689 after 17 ms
TpTrace Verbose: 0 : 6328, 4, 2024/04/27, 21:29:08.588, 16673930432124, vstest.console.dll, MulticastDelegateUtilities.SafeInvoke: InternalTestLoggerEvents.SendTestResult: Invoking callback 1/1 for Microsoft.VisualStudio.TestPlatform.CommandLine.Internal.ConsoleLogger., took 0 ms.
TpTrace Verbose: 0 : 6328, 4, 2024/04/27, 21:29:08.588, 16673930432616, vstest.console.dll, MulticastDelegateUtilities.SafeInvoke: InternalTestLoggerEvents.SendTestResult: Invoking callback 1/1 for Microsoft.VisualStudio.TestPlatform.CommandLine.Internal.ConsoleLogger., took 0 ms.
TpTrace Verbose: 0 : 6328, 4, 2024/04/27, 21:29:08.588, 16673930434650, vstest.console.dll, MulticastDelegateUtilities.SafeInvoke: InternalTestLoggerEvents.SendTestResult: Invoking callback 1/1 for Microsoft.VisualStudio.TestPlatform.CommandLine.Internal.ConsoleLogger., took 0 ms.
TpTrace Verbose: 0 : 6328, 4, 2024/04/27, 21:29:08.588, 16673930435283, vstest.console.dll, MulticastDelegateUtilities.SafeInvoke: InternalTestLoggerEvents.SendTestResult: Invoking callback 1/1 for Microsoft.VisualStudio.TestPlatform.CommandLine.Internal.ConsoleLogger., took 0 ms.
TpTrace Verbose: 0 : 6328, 4, 2024/04/27, 21:29:08.588, 16673930437057, vstest.console.dll, MulticastDelegateUtilities.SafeInvoke: InternalTestLoggerEvents.SendTestResult: Invoking callback 1/1 for Microsoft.VisualStudio.TestPlatform.CommandLine.Internal.ConsoleLogger., took 0 ms.
TpTrace Verbose: 0 : 6328, 4, 2024/04/27, 21:29:08.588, 16673930437650, vstest.console.dll, MulticastDelegateUtilities.SafeInvoke: InternalTestLoggerEvents.SendTestResult: Invoking callback 1/1 for Microsoft.VisualStudio.TestPlatform.CommandLine.Internal.ConsoleLogger., took 0 ms.
TpTrace Verbose: 0 : 6328, 4, 2024/04/27, 21:29:08.588, 16673930438069, vstest.console.dll, MulticastDelegateUtilities.SafeInvoke: InternalTestLoggerEvents.SendTestResult: Invoking callback 1/1 for Microsoft.VisualStudio.TestPlatform.CommandLine.Internal.ConsoleLogger., took 0 ms.
TpTrace Verbose: 0 : 6328, 4, 2024/04/27, 21:29:08.588, 16673930438460, vstest.console.dll, MulticastDelegateUtilities.SafeInvoke: InternalTestLoggerEvents.SendTestResult: Invoking callback 1/1 for Microsoft.VisualStudio.TestPlatform.CommandLine.Internal.ConsoleLogger., took 0 ms.
TpTrace Verbose: 0 : 6328, 4, 2024/04/27, 21:29:08.589, 16673930440343, vstest.console.dll, MulticastDelegateUtilities.SafeInvoke: InternalTestLoggerEvents.SendTestResult: Invoking callback 1/1 for Microsoft.VisualStudio.TestPlatform.CommandLine.Internal.ConsoleLogger., took 0 ms.
TpTrace Verbose: 0 : 6328, 13, 2024/04/27, 21:29:08.606, 16673930611724, vstest.console.dll, TcpClientExtensions.MessageLoopAsync: NotifyDataAvailable remoteEndPoint: 127.0.0.1:52690 localEndPoint: 127.0.0.1:52689
TpTrace Verbose: 0 : 6328, 13, 2024/04/27, 21:29:08.606, 16673930616271, vstest.console.dll, TestRequestSender.OnExecutionMessageReceived: Received message: {"Version":7,"MessageType":"TestExecution.StatsChange","Payload":{"NewTestResults":[{"TestCase":{"Id":"6c844e96-b785-f5fe-6c16-0f0242236a91","FullyQualifiedName":"ShoppingTest.CartRepoTest.GetIdSuccessTest","DisplayName":"GetIdSuccessTest","ExecutorUri":"executor://NUnit3TestExecutor","Source":"C:\\Users\\VC\\Desktop\\training\\day13\\ShoppingSolution\\ShoppingTest\\bin\\Debug\\net8.0\\fine-code-coverage\\build-output\\ShoppingTest.dll","CodeFilePath":null,"LineNumber":0,"Properties":[{"Key":{"Id":"NUnit.Seed","Label":"Seed","Category":"","Description":"","Attributes":0,"ValueType":"System.String"},"Value":"698404875"}]},"Attachments":[],"Outcome":1,"ErrorMessage":null,"ErrorStackTrace":null,"DisplayName":"GetIdSuccessTest","Messages":[],"ComputerName":"DESKTOP-RVR2IQF","Duration":"00:00:00.0002080","StartTime":"2024-04-27T15:59:08.4667489+00:00","EndTime":"2024-04-27T15:59:08.4669564+00:00","Properties":[{"Key":{"Id":"NUnit.Seed","Label":"Seed","Category":"","Description":"","Attributes":0,"ValueType":"System.String"},"Value":"698404875"}]},{"TestCase":{"Id":"eb3c3033-04d6-da78-b405-47b187a9933c","FullyQualifiedName":"ShoppingTest.CartRepoTest.UpdateFailTest","DisplayName":"UpdateFailTest","ExecutorUri":"executor://NUnit3TestExecutor","Source":"C:\\Users\\VC\\Desktop\\training\\day13\\ShoppingSolution\\ShoppingTest\\bin\\Debug\\net8.0\\fine-code-coverage\\build-output\\ShoppingTest.dll","CodeFilePath":null,"LineNumber":0,"Properties":[{"Key":{"Id":"NUnit.Seed","Label":"Seed","Category":"","Description":"","Attributes":0,"ValueType":"System.String"},"Value":"1440052931"}]},"Attachments":[],"Outcome":2,"ErrorMessage":"  Expected: null\r\n  But was:  <System.Threading.Tasks.Task`1[ShoppingModelLibrary.Cart]>\r\n","ErrorStackTrace":"   at ShoppingTest.CartRepoTest.UpdateFailTest() in C:\\Users\\VC\\Desktop\\training\\day13\\ShoppingSolution\\ShoppingTest\\CartRepoTest.cs:line 443\r\n\n1)    at ShoppingTest.CartRepoTest.UpdateFailTest() in C:\\Users\\VC\\Desktop\\training\\day13\\ShoppingSolution\\ShoppingTest\\CartRepoTest.cs:line 443\r\n\n","DisplayName":"UpdateFailTest","Messages":[],"ComputerName":"DESKTOP-RVR2IQF","Duration":"00:00:00.0005210","StartTime":"2024-04-27T15:59:08.4669653+00:00","EndTime":"2024-04-27T15:59:08.4674866+00:00","Properties":[{"Key":{"Id":"NUnit.Seed","Label":"Seed","Category":"","Description":"","Attributes":0,"ValueType":"System.String"},"Value":"1440052931"}]},{"TestCase":{"Id":"2e4db6ae-53ad-9d89-cfc4-61b363083937","FullyQualifiedName":"ShoppingTest.CartRepoTest.UpdateSuccessTest","DisplayName":"UpdateSuccessTest","ExecutorUri":"executor://NUnit3TestExecutor","Source":"C:\\Users\\VC\\Desktop\\training\\day13\\ShoppingSolution\\ShoppingTest\\bin\\Debug\\net8.0\\fine-code-coverage\\build-output\\ShoppingTest.dll","CodeFilePath":null,"LineNumber":0,"Properties":[{"Key":{"Id":"NUnit.Seed","Label":"Seed","Category":"","Description":"","Attributes":0,"ValueType":"System.String"},"Value":"1720353045"}]},"Attachments":[],"Outcome":1,"ErrorMessage":null,"ErrorStackTrace":null,"DisplayName":"UpdateSuccessTest","Messages":[],"ComputerName":"DESKTOP-RVR2IQF","Duration":"00:00:00.0003120","StartTime":"2024-04-27T15:59:08.4674967+00:00","EndTime":"2024-04-27T15:59:08.4678087+00:00","Properties":[{"Key":{"Id":"NUnit.Seed","Label":"Seed","Category":"","Description":"","Attributes":0,"ValueType":"System.String"},"Value":"1720353045"}]},{"TestCase":{"Id":"b79e5675-ae9b-b40f-68a7-95bf46072945","FullyQualifiedName":"ShoppingTest.CustomerBLTest.AddCustomerFail","DisplayName":"AddCustomerFail","ExecutorUri":"executor://NUnit3TestExecutor","Source":"C:\\Users\\VC\\Desktop\\training\\day13\\ShoppingSolution\\ShoppingTest\\bin\\Debug\\net8.0\\fine-code-coverage\\build-output\\ShoppingTest.dll","CodeFilePath":null,"LineNumber":0,"Properties":[{"Key":{"Id":"NUnit.Seed","Label":"Seed","Category":"","Description":"","Attributes":0,"ValueType":"System.String"},"Value":"867619610"}]},"Attachments":[],"Outcome":2,"ErrorMessage":"  Expected: <ShoppingModelLibrary.Exceptions.ItemPresentException>\r\n  But was:  <System.AggregateException: One or more errors occurred. (Item already present)\r\n ---> ShoppingModelLibrary.Exceptions.ItemPresentException: Item already present\r\n   at ShoppingDALLibrary.AbstractRepository`2.Add(T item) in C:\\Users\\VC\\Desktop\\training\\day13\\ShoppingSolution\\ShoppingDALLibrary\\AbstractRepository.cs:line 11\r\n   --- End of inner exception stack trace ---\r\n   at System.Threading.Tasks.Task.ThrowIfExceptional(Boolean includeTaskCanceledExceptions)\r\n   at System.Threading.Tasks.Task`1.GetResultCore(Boolean waitCompletionNotification)\r\n   at ShoppingBLLibrary.CustomerBL.AddCustomer(Customer customer) in C:\\Users\\VC\\Desktop\\training\\day13\\ShoppingSolution\\ShoppingBLLibrary\\CustomerBL.cs:line 33\r\n   at ShoppingTest.CustomerBLTest.<>c__DisplayClass4_0.<AddCustomerFail>b__0() in C:\\Users\\VC\\Desktop\\training\\day13\\ShoppingSolution\\ShoppingTest\\CustomerBLTest.cs:line 49\r\n   at NUnit.Framework.Assert.Throws(IResolveConstraint expression, TestDelegate code, String message, Object[] args)>\r\n","ErrorStackTrace":"   at ShoppingTest.CustomerBLTest.AddCustomerFail() in C:\\Users\\VC\\Desktop\\training\\day13\\ShoppingSolution\\ShoppingTest\\CustomerBLTest.cs:line 49\r\n\n1)    at ShoppingTest.CustomerBLTest.AddCustomerFail() in C:\\Users\\VC\\Desktop\\training\\day13\\ShoppingSolution\\ShoppingTest\\CustomerBLTest.cs:line 49\r\n\n","DisplayName":"AddCustomerFail","Messages":[],"ComputerName":"DESKTOP-RVR2IQF","Duration":"00:00:00.0020990","StartTime":"2024-04-27T15:59:08.4679029+00:00","EndTime":"2024-04-27T15:59:08.4700008+00:00","Properties":[{"Key":{"Id":"NUnit.Seed","Label":"Seed","Category":"","Description":"","Attributes":0,"ValueType":"System.String"},"Value":"867619610"}]},{"TestCase":{"Id":"4d29bc87-ee2d-c61d-d279-eb1081af589f","FullyQualifiedName":"ShoppingTest.CustomerBLTest.AddCustomerSuccess","DisplayName":"AddCustomerSuccess","ExecutorUri":"executor://NUnit3TestExecutor","Source":"C:\\Users\\VC\\Desktop\\training\\day13\\ShoppingSolution\\ShoppingTest\\bin\\Debug\\net8.0\\fine-code-coverage\\build-output\\ShoppingTest.dll","CodeFilePath":null,"LineNumber":0,"Properties":[{"Key":{"Id":"NUnit.Seed","Label":"Seed","Category":"","Description":"","Attributes":0,"ValueType":"System.String"},"Value":"47653521"}]},"Attachments":[],"Outcome":1,"ErrorMessage":null,"ErrorStackTrace":null,"DisplayName":"AddCustomerSuccess","Messages":[],"ComputerName":"DESKTOP-RVR2IQF","Duration":"00:00:00.0001920","StartTime":"2024-04-27T15:59:08.4700189+00:00","EndTime":"2024-04-27T15:59:08.470211+00:00","Properties":[{"Key":{"Id":"NUnit.Seed","Label":"Seed","Category":"","Description":"","Attributes":0,"ValueType":"System.String"},"Value":"47653521"}]},{"TestCase":{"Id":"4de54c88-d623-e076-a45c-a91615eb8808","FullyQualifiedName":"ShoppingTest.CustomerBLTest.DeleteCustomerException","DisplayName":"DeleteCustomerException","ExecutorUri":"executor://NUnit3TestExecutor","Source":"C:\\Users\\VC\\Desktop\\training\\day13\\ShoppingSolution\\ShoppingTest\\bin\\Debug\\net8.0\\fine-code-coverage\\build-output\\ShoppingTest.dll","CodeFilePath":null,"LineNumber":0,"Properties":[{"Key":{"Id":"NUnit.Seed","Label":"Seed","Category":"","Description":"","Attributes":0,"ValueType":"System.String"},"Value":"1475173844"}]},"Attachments":[],"Outcome":2,"ErrorMessage":"  Expected: <ShoppingModelLibrary.Exceptions.NoCustomerWithGiveIdException>\r\n  But was:  null\r\n","ErrorStackTrace":"   at ShoppingTest.CustomerBLTest.DeleteCustomerException() in C:\\Users\\VC\\Desktop\\training\\day13\\ShoppingSolution\\ShoppingTest\\CustomerBLTest.cs:line 126\r\n\n1)    at ShoppingTest.CustomerBLTest.DeleteCustomerException() in C:\\Users\\VC\\Desktop\\training\\day13\\ShoppingSolution\\ShoppingTest\\CustomerBLTest.cs:line 126\r\n\n","DisplayName":"DeleteCustomerException","Messages":[],"ComputerName":"DESKTOP-RVR2IQF","Duration":"00:00:00.0011080","StartTime":"2024-04-27T15:59:08.4702227+00:00","EndTime":"2024-04-27T15:59:08.4713303+00:00","Properties":[{"Key":{"Id":"NUnit.Seed","Label":"Seed","Category":"","Description":"","Attributes":0,"ValueType":"System.String"},"Value":"1475173844"}]},{"TestCase":{"Id":"a9748ce8-8799-ba64-fcc3-893642a9dc7c","FullyQualifiedName":"ShoppingTest.CustomerBLTest.DeleteCustomerSuccess","DisplayName":"DeleteCustomerSuccess","ExecutorUri":"executor://NUnit3TestExecutor","Source":"C:\\Users\\VC\\Desktop\\training\\day13\\ShoppingSolution\\ShoppingTest\\bin\\Debug\\net8.0\\fine-code-coverage\\build-output\\ShoppingTest.dll","CodeFilePath":null,"LineNumber":0,"Properties":[{"Key":{"Id":"NUnit.Seed","Label":"Seed","Category":"","Description":"","Attributes":0,"ValueType":"System.String"},"Value":"1470864397"}]},"Attachments":[],"Outcome":1,"ErrorMessage":null,"ErrorStackTrace":null,"DisplayName":"DeleteCustomerSuccess","Messages":[],"ComputerName":"DESKTOP-RVR2IQF","Duration":"00:00:00.0001620","StartTime":"2024-04-27T15:59:08.4713436+00:00","EndTime":"2024-04-27T15:59:08.4715055+00:00","Properties":[{"Key":{"Id":"NUnit.Seed","Label":"Seed","Category":"","Description":"","Attributes":0,"ValueType":"System.String"},"Value":"1470864397"}]},{"TestCase":{"Id":"09467fee-4334-3674-47fb-ace8ff0ca5ce","FullyQualifiedName":"ShoppingTest.CustomerBLTest.GetCustomerByIdException","DisplayName":"GetCustomerByIdException","ExecutorUri":"executor://NUnit3TestExecutor","Source":"C:\\Users\\VC\\Desktop\\training\\day13\\ShoppingSolution\\ShoppingTest\\bin\\Debug\\net8.0\\fine-code-coverage\\build-output\\ShoppingTest.dll","CodeFilePath":null,"LineNumber":0,"Properties":[{"Key":{"Id":"NUnit.Seed","Label":"Seed","Category":"","Description":"","Attributes":0,"ValueType":"System.String"},"Value":"612921345"}]},"Attachments":[],"Outcome":2,"ErrorMessage":"  Expected: <ShoppingModelLibrary.Exceptions.NoCustomerWithGiveIdException>\r\n  But was:  <System.AggregateException: One or more errors occurred. (Customer with the given Id is not present)\r\n ---> ShoppingModelLibrary.Exceptions.NoCustomerWithGiveIdException: Customer with the given Id is not present\r\n   at ShoppingDALLibrary.CustomerRepository.GetByKey(Int32 key) in C:\\Users\\VC\\Desktop\\training\\day13\\ShoppingSolution\\ShoppingDALLibrary\\CustomerRepository.cs:line 30\r\n   --- End of inner exception stack trace ---\r\n   at System.Threading.Tasks.Task.ThrowIfExceptional(Boolean includeTaskCanceledExceptions)\r\n   at System.Threading.Tasks.Task`1.GetResultCore(Boolean waitCompletionNotification)\r\n   at ShoppingBLLibrary.CustomerBL.GetCustomerById(Int32 customerId) in C:\\Users\\VC\\Desktop\\training\\day13\\ShoppingSolution\\ShoppingBLLibrary\\CustomerBL.cs:line 65\r\n   at ShoppingTest.CustomerBLTest.<GetCustomerByIdException>b__8_0() in C:\\Users\\VC\\Desktop\\training\\day13\\ShoppingSolution\\ShoppingTest\\CustomerBLTest.cs:line 105\r\n   at NUnit.Framework.Assert.Throws(IResolveConstraint expression, TestDelegate code, String message, Object[] args)>\r\n","ErrorStackTrace":"   at ShoppingTest.CustomerBLTest.GetCustomerByIdException() in C:\\Users\\VC\\Desktop\\training\\day13\\ShoppingSolution\\ShoppingTest\\CustomerBLTest.cs:line 105\r\n\n1)    at ShoppingTest.CustomerBLTest.GetCustomerByIdException() in C:\\Users\\VC\\Desktop\\training\\day13\\ShoppingSolution\\ShoppingTest\\CustomerBLTest.cs:line 105\r\n\n","DisplayName":"GetCustomerByIdException","Messages":[],"ComputerName":"DESKTOP-RVR2IQF","Duration":"00:00:00.0006849","StartTime":"2024-04-27T15:59:08.4715147+00:00","EndTime":"2024-04-27T15:59:08.472199+00:00","Properties":[{"Key":{"Id":"NUnit.Seed","Label":"Seed","Category":"","Description":"","Attributes":0,"ValueType":"System.String"},"Value":"612921345"}]},{"TestCase":{"Id":"9616dc97-378f-c85a-79e4-aae1c6815151","FullyQualifiedName":"ShoppingTest.CustomerBLTest.GetCustomerByIdSuccess","DisplayName":"GetCustomerByIdSuccess","ExecutorUri":"executor://NUnit3TestExecutor","Source":"C:\\Users\\VC\\Desktop\\training\\day13\\ShoppingSolution\\ShoppingTest\\bin\\Debug\\net8.0\\fine-code-coverage\\build-output\\ShoppingTest.dll","CodeFilePath":null,"LineNumber":0,"Properties":[{"Key":{"Id":"NUnit.Seed","Label":"Seed","Category":"","Description":"","Attributes":0,"ValueType":"System.String"},"Value":"1771630917"}]},"Attachments":[],"Outcome":1,"ErrorMessage":null,"ErrorStackTrace":null,"DisplayName":"GetCustomerByIdSuccess","Messages":[],"ComputerName":"DESKTOP-RVR2IQF","Duration":"00:00:00.0001390","StartTime":"2024-04-27T15:59:08.4722092+00:00","EndTime":"2024-04-27T15:59:08.4723483+00:00","Properties":[{"Key":{"Id":"NUnit.Seed","Label":"Seed","Category":"","Description":"","Attributes":0,"ValueType":"System.String"},"Value":"1771630917"}]}],"TestRunStatistics":{"ExecutedTests":45,"Stats":{"Passed":28,"Failed":17}},"ActiveTests":[{"Id":"e17f35d6-d4fa-a5d4-4659-f26c21c769c0","FullyQualifiedName":"ShoppingTest.CustomerBLTest.UpdateCustomerFail","DisplayName":"UpdateCustomerFail","ExecutorUri":"executor://NUnit3TestExecutor","Source":"C:\\Users\\VC\\Desktop\\training\\day13\\ShoppingSolution\\ShoppingTest\\bin\\Debug\\net8.0\\fine-code-coverage\\build-output\\ShoppingTest.dll","CodeFilePath":null,"LineNumber":0,"Properties":[{"Key":{"Id":"NUnit.Seed","Label":"Seed","Category":"","Description":"","Attributes":0,"ValueType":"System.String"},"Value":"1811926154"}]}]}}
TpTrace Verbose: 0 : 6328, 13, 2024/04/27, 21:29:08.607, 16673930628104, vstest.console.dll, TestRunRequest:SendTestRunStatsChange: Starting.
TpTrace Verbose: 0 : 6328, 13, 2024/04/27, 21:29:08.607, 16673930628627, vstest.console.dll, InProgress is UpdateCustomerFail
TpTrace Verbose: 0 : 6328, 13, 2024/04/27, 21:29:08.607, 16673930629163, vstest.console.dll, MulticastDelegateUtilities.SafeInvoke: TestRun.RunStatsChanged: Invoking callbacks was skipped because there are no subscribers.
TpTrace Information: 0 : 6328, 13, 2024/04/27, 21:29:08.607, 16673930629404, vstest.console.dll, TestRunRequest:SendTestRunStatsChange: Completed.
TpTrace Verbose: 0 : 6328, 4, 2024/04/27, 21:29:08.607, 16673930629688, vstest.console.dll, MulticastDelegateUtilities.SafeInvoke: InternalTestLoggerEvents.SendTestResult: Invoking callback 1/1 for Microsoft.VisualStudio.TestPlatform.CommandLine.Internal.ConsoleLogger., took 0 ms.
TpTrace Verbose: 0 : 6328, 13, 2024/04/27, 21:29:08.607, 16673930629758, vstest.console.dll, MulticastDelegateUtilities.SafeInvoke: LengthPrefixCommunicationChannel: MessageReceived: Invoking callback 1/1 for Microsoft.VisualStudio.TestPlatform.CommunicationUtilities.TestRequestSender+<>c__DisplayClass34_0., took 1 ms.
TpTrace Verbose: 0 : 6328, 13, 2024/04/27, 21:29:08.608, 16673930630609, vstest.console.dll, TcpClientExtensions.MessageLoopAsync: Polling on remoteEndPoint: 127.0.0.1:52690 localEndPoint: 127.0.0.1:52689 after 19 ms
TpTrace Verbose: 0 : 6328, 4, 2024/04/27, 21:29:08.608, 16673930632303, vstest.console.dll, MulticastDelegateUtilities.SafeInvoke: InternalTestLoggerEvents.SendTestResult: Invoking callback 1/1 for Microsoft.VisualStudio.TestPlatform.CommandLine.Internal.ConsoleLogger., took 0 ms.
TpTrace Verbose: 0 : 6328, 4, 2024/04/27, 21:29:08.608, 16673930633628, vstest.console.dll, MulticastDelegateUtilities.SafeInvoke: InternalTestLoggerEvents.SendTestResult: Invoking callback 1/1 for Microsoft.VisualStudio.TestPlatform.CommandLine.Internal.ConsoleLogger., took 0 ms.
TpTrace Verbose: 0 : 6328, 4, 2024/04/27, 21:29:08.608, 16673930635907, vstest.console.dll, MulticastDelegateUtilities.SafeInvoke: InternalTestLoggerEvents.SendTestResult: Invoking callback 1/1 for Microsoft.VisualStudio.TestPlatform.CommandLine.Internal.ConsoleLogger., took 0 ms.
TpTrace Verbose: 0 : 6328, 4, 2024/04/27, 21:29:08.608, 16673930636432, vstest.console.dll, MulticastDelegateUtilities.SafeInvoke: InternalTestLoggerEvents.SendTestResult: Invoking callback 1/1 for Microsoft.VisualStudio.TestPlatform.CommandLine.Internal.ConsoleLogger., took 0 ms.
TpTrace Verbose: 0 : 6328, 4, 2024/04/27, 21:29:08.608, 16673930638735, vstest.console.dll, MulticastDelegateUtilities.SafeInvoke: InternalTestLoggerEvents.SendTestResult: Invoking callback 1/1 for Microsoft.VisualStudio.TestPlatform.CommandLine.Internal.ConsoleLogger., took 0 ms.
TpTrace Verbose: 0 : 6328, 4, 2024/04/27, 21:29:08.609, 16673930640308, vstest.console.dll, MulticastDelegateUtilities.SafeInvoke: InternalTestLoggerEvents.SendTestResult: Invoking callback 1/1 for Microsoft.VisualStudio.TestPlatform.CommandLine.Internal.ConsoleLogger., took 0 ms.
TpTrace Verbose: 0 : 6328, 4, 2024/04/27, 21:29:08.609, 16673930645836, vstest.console.dll, MulticastDelegateUtilities.SafeInvoke: InternalTestLoggerEvents.SendTestResult: Invoking callback 1/1 for Microsoft.VisualStudio.TestPlatform.CommandLine.Internal.ConsoleLogger., took 0 ms.
TpTrace Verbose: 0 : 6328, 4, 2024/04/27, 21:29:08.609, 16673930646664, vstest.console.dll, MulticastDelegateUtilities.SafeInvoke: InternalTestLoggerEvents.SendTestResult: Invoking callback 1/1 for Microsoft.VisualStudio.TestPlatform.CommandLine.Internal.ConsoleLogger., took 0 ms.
TpTrace Verbose: 0 : 6328, 13, 2024/04/27, 21:29:08.630, 16673930852122, vstest.console.dll, TcpClientExtensions.MessageLoopAsync: NotifyDataAvailable remoteEndPoint: 127.0.0.1:52690 localEndPoint: 127.0.0.1:52689
TpTrace Verbose: 0 : 6328, 13, 2024/04/27, 21:29:08.630, 16673930856352, vstest.console.dll, TestRequestSender.OnExecutionMessageReceived: Received message: {"Version":7,"MessageType":"TestExecution.StatsChange","Payload":{"NewTestResults":[{"TestCase":{"Id":"e17f35d6-d4fa-a5d4-4659-f26c21c769c0","FullyQualifiedName":"ShoppingTest.CustomerBLTest.UpdateCustomerFail","DisplayName":"UpdateCustomerFail","ExecutorUri":"executor://NUnit3TestExecutor","Source":"C:\\Users\\VC\\Desktop\\training\\day13\\ShoppingSolution\\ShoppingTest\\bin\\Debug\\net8.0\\fine-code-coverage\\build-output\\ShoppingTest.dll","CodeFilePath":null,"LineNumber":0,"Properties":[{"Key":{"Id":"NUnit.Seed","Label":"Seed","Category":"","Description":"","Attributes":0,"ValueType":"System.String"},"Value":"1811926154"}]},"Attachments":[],"Outcome":2,"ErrorMessage":"  Expected: <ShoppingModelLibrary.Exceptions.NoCustomerWithGiveIdException>\r\n  But was:  <System.AggregateException: One or more errors occurred. (One or more errors occurred. (Customer with the given Id is not present))\r\n ---> System.AggregateException: One or more errors occurred. (Customer with the given Id is not present)\r\n ---> ShoppingModelLibrary.Exceptions.NoCustomerWithGiveIdException: Customer with the given Id is not present\r\n   at ShoppingDALLibrary.CustomerRepository.GetByKey(Int32 key) in C:\\Users\\VC\\Desktop\\training\\day13\\ShoppingSolution\\ShoppingDALLibrary\\CustomerRepository.cs:line 30\r\n   --- End of inner exception stack trace ---\r\n   at System.Threading.Tasks.Task.ThrowIfExceptional(Boolean includeTaskCanceledExceptions)\r\n   at System.Threading.Tasks.Task`1.GetResultCore(Boolean waitCompletionNotification)\r\n   at ShoppingDALLibrary.CustomerRepository.Update(Customer item) in C:\\Users\\VC\\Desktop\\training\\day13\\ShoppingSolution\\ShoppingDALLibrary\\CustomerRepository.cs:line 35\r\n   --- End of inner exception stack trace ---\r\n   at System.Threading.Tasks.Task.ThrowIfExceptional(Boolean includeTaskCanceledExceptions)\r\n   at System.Threading.Tasks.Task`1.GetResultCore(Boolean waitCompletionNotification)\r\n   at ShoppingBLLibrary.CustomerBL.UpdateCustomer(Customer customer) in C:\\Users\\VC\\Desktop\\training\\day13\\ShoppingSolution\\ShoppingBLLibrary\\CustomerBL.cs:line 75\r\n   at ShoppingTest.CustomerBLTest.<>c__DisplayClass9_0.<UpdateCustomerFail>b__0() in C:\\Users\\VC\\Desktop\\training\\day13\\ShoppingSolution\\ShoppingTest\\CustomerBLTest.cs:line 117\r\n   at NUnit.Framework.Assert.Throws(IResolveConstraint expression, TestDelegate code, String message, Object[] args)>\r\n","ErrorStackTrace":"   at ShoppingTest.CustomerBLTest.UpdateCustomerFail() in C:\\Users\\VC\\Desktop\\training\\day13\\ShoppingSolution\\ShoppingTest\\CustomerBLTest.cs:line 117\r\n\n1)    at ShoppingTest.CustomerBLTest.UpdateCustomerFail() in C:\\Users\\VC\\Desktop\\training\\day13\\ShoppingSolution\\ShoppingTest\\CustomerBLTest.cs:line 117\r\n\n","DisplayName":"UpdateCustomerFail","Messages":[],"ComputerName":"DESKTOP-RVR2IQF","Duration":"00:00:00.0009290","StartTime":"2024-04-27T15:59:08.4723615+00:00","EndTime":"2024-04-27T15:59:08.4732906+00:00","Properties":[{"Key":{"Id":"NUnit.Seed","Label":"Seed","Category":"","Description":"","Attributes":0,"ValueType":"System.String"},"Value":"1811926154"}]},{"TestCase":{"Id":"aa0a62f1-fd5a-faee-300a-84f6fc7683e9","FullyQualifiedName":"ShoppingTest.CustomerBLTest.UpdateCustomerSuccess","DisplayName":"UpdateCustomerSuccess","ExecutorUri":"executor://NUnit3TestExecutor","Source":"C:\\Users\\VC\\Desktop\\training\\day13\\ShoppingSolution\\ShoppingTest\\bin\\Debug\\net8.0\\fine-code-coverage\\build-output\\ShoppingTest.dll","CodeFilePath":null,"LineNumber":0,"Properties":[{"Key":{"Id":"NUnit.Seed","Label":"Seed","Category":"","Description":"","Attributes":0,"ValueType":"System.String"},"Value":"985148950"}]},"Attachments":[],"Outcome":1,"ErrorMessage":null,"ErrorStackTrace":null,"DisplayName":"UpdateCustomerSuccess","Messages":[],"ComputerName":"DESKTOP-RVR2IQF","Duration":"00:00:00.0001360","StartTime":"2024-04-27T15:59:08.4733012+00:00","EndTime":"2024-04-27T15:59:08.4734371+00:00","Properties":[{"Key":{"Id":"NUnit.Seed","Label":"Seed","Category":"","Description":"","Attributes":0,"ValueType":"System.String"},"Value":"985148950"}]},{"TestCase":{"Id":"e127cdd1-bfa7-7635-c304-8bfa8b2a1777","FullyQualifiedName":"ShoppingTest.CustomerRepoTest.AddFailTest","DisplayName":"AddFailTest","ExecutorUri":"executor://NUnit3TestExecutor","Source":"C:\\Users\\VC\\Desktop\\training\\day13\\ShoppingSolution\\ShoppingTest\\bin\\Debug\\net8.0\\fine-code-coverage\\build-output\\ShoppingTest.dll","CodeFilePath":null,"LineNumber":0,"Properties":[{"Key":{"Id":"NUnit.Seed","Label":"Seed","Category":"","Description":"","Attributes":0,"ValueType":"System.String"},"Value":"1027793646"}]},"Attachments":[],"Outcome":2,"ErrorMessage":"  Expected: <ShoppingModelLibrary.Exceptions.ItemPresentException>\r\n  But was:  null\r\n","ErrorStackTrace":"   at ShoppingTest.CustomerRepoTest.AddFailTest() in C:\\Users\\VC\\Desktop\\training\\day13\\ShoppingSolution\\ShoppingTest\\CustomerRepoTest.cs:line 32\r\n\n1)    at ShoppingTest.CustomerRepoTest.AddFailTest() in C:\\Users\\VC\\Desktop\\training\\day13\\ShoppingSolution\\ShoppingTest\\CustomerRepoTest.cs:line 32\r\n\n","DisplayName":"AddFailTest","Messages":[],"ComputerName":"DESKTOP-RVR2IQF","Duration":"00:00:00.0005320","StartTime":"2024-04-27T15:59:08.473573+00:00","EndTime":"2024-04-27T15:59:08.4741049+00:00","Properties":[{"Key":{"Id":"NUnit.Seed","Label":"Seed","Category":"","Description":"","Attributes":0,"ValueType":"System.String"},"Value":"1027793646"}]},{"TestCase":{"Id":"744bfb2b-6709-d530-c2c6-f96fc0efc51b","FullyQualifiedName":"ShoppingTest.CustomerRepoTest.AddSuccessTest","DisplayName":"AddSuccessTest","ExecutorUri":"executor://NUnit3TestExecutor","Source":"C:\\Users\\VC\\Desktop\\training\\day13\\ShoppingSolution\\ShoppingTest\\bin\\Debug\\net8.0\\fine-code-coverage\\build-output\\ShoppingTest.dll","CodeFilePath":null,"LineNumber":0,"Properties":[{"Key":{"Id":"NUnit.Seed","Label":"Seed","Category":"","Description":"","Attributes":0,"ValueType":"System.String"},"Value":"1878143808"}]},"Attachments":[],"Outcome":1,"ErrorMessage":null,"ErrorStackTrace":null,"DisplayName":"AddSuccessTest","Messages":[],"ComputerName":"DESKTOP-RVR2IQF","Duration":"00:00:00.0001720","StartTime":"2024-04-27T15:59:08.4741161+00:00","EndTime":"2024-04-27T15:59:08.4742882+00:00","Properties":[{"Key":{"Id":"NUnit.Seed","Label":"Seed","Category":"","Description":"","Attributes":0,"ValueType":"System.String"},"Value":"1878143808"}]},{"TestCase":{"Id":"34fa4399-5b9b-4810-5601-6b0e2efd9c66","FullyQualifiedName":"ShoppingTest.CustomerRepoTest.DeleteFailTest","DisplayName":"DeleteFailTest","ExecutorUri":"executor://NUnit3TestExecutor","Source":"C:\\Users\\VC\\Desktop\\training\\day13\\ShoppingSolution\\ShoppingTest\\bin\\Debug\\net8.0\\fine-code-coverage\\build-output\\ShoppingTest.dll","CodeFilePath":null,"LineNumber":0,"Properties":[{"Key":{"Id":"NUnit.Seed","Label":"Seed","Category":"","Description":"","Attributes":0,"ValueType":"System.String"},"Value":"482485226"}]},"Attachments":[],"Outcome":2,"ErrorMessage":"  Expected: <ShoppingModelLibrary.Exceptions.NoCustomerWithGiveIdException>\r\n  But was:  null\r\n","ErrorStackTrace":"   at ShoppingTest.CustomerRepoTest.DeleteFailTest() in C:\\Users\\VC\\Desktop\\training\\day13\\ShoppingSolution\\ShoppingTest\\CustomerRepoTest.cs:line 92\r\n\n1)    at ShoppingTest.CustomerRepoTest.DeleteFailTest() in C:\\Users\\VC\\Desktop\\training\\day13\\ShoppingSolution\\ShoppingTest\\CustomerRepoTest.cs:line 92\r\n\n","DisplayName":"DeleteFailTest","Messages":[],"ComputerName":"DESKTOP-RVR2IQF","Duration":"00:00:00.0004200","StartTime":"2024-04-27T15:59:08.4742999+00:00","EndTime":"2024-04-27T15:59:08.4747198+00:00","Properties":[{"Key":{"Id":"NUnit.Seed","Label":"Seed","Category":"","Description":"","Attributes":0,"ValueType":"System.String"},"Value":"482485226"}]},{"TestCase":{"Id":"97fa7334-2bca-8250-639a-1665effd38cd","FullyQualifiedName":"ShoppingTest.CustomerRepoTest.DeleteSuccessTest","DisplayName":"DeleteSuccessTest","ExecutorUri":"executor://NUnit3TestExecutor","Source":"C:\\Users\\VC\\Desktop\\training\\day13\\ShoppingSolution\\ShoppingTest\\bin\\Debug\\net8.0\\fine-code-coverage\\build-output\\ShoppingTest.dll","CodeFilePath":null,"LineNumber":0,"Properties":[{"Key":{"Id":"NUnit.Seed","Label":"Seed","Category":"","Description":"","Attributes":0,"ValueType":"System.String"},"Value":"760659014"}]},"Attachments":[],"Outcome":1,"ErrorMessage":null,"ErrorStackTrace":null,"DisplayName":"DeleteSuccessTest","Messages":[],"ComputerName":"DESKTOP-RVR2IQF","Duration":"00:00:00.0001020","StartTime":"2024-04-27T15:59:08.4747296+00:00","EndTime":"2024-04-27T15:59:08.4748316+00:00","Properties":[{"Key":{"Id":"NUnit.Seed","Label":"Seed","Category":"","Description":"","Attributes":0,"ValueType":"System.String"},"Value":"760659014"}]},{"TestCase":{"Id":"00573be2-70df-021f-a576-bbc94eedc7e9","FullyQualifiedName":"ShoppingTest.CustomerRepoTest.GetAllFailTest","DisplayName":"GetAllFailTest","ExecutorUri":"executor://NUnit3TestExecutor","Source":"C:\\Users\\VC\\Desktop\\training\\day13\\ShoppingSolution\\ShoppingTest\\bin\\Debug\\net8.0\\fine-code-coverage\\build-output\\ShoppingTest.dll","CodeFilePath":null,"LineNumber":0,"Properties":[{"Key":{"Id":"NUnit.Seed","Label":"Seed","Category":"","Description":"","Attributes":0,"ValueType":"System.String"},"Value":"1582479484"}]},"Attachments":[],"Outcome":1,"ErrorMessage":null,"ErrorStackTrace":null,"DisplayName":"GetAllFailTest","Messages":[],"ComputerName":"DESKTOP-RVR2IQF","Duration":"00:00:00.0001920","StartTime":"2024-04-27T15:59:08.4748399+00:00","EndTime":"2024-04-27T15:59:08.4750318+00:00","Properties":[{"Key":{"Id":"NUnit.Seed","Label":"Seed","Category":"","Description":"","Attributes":0,"ValueType":"System.String"},"Value":"1582479484"}]},{"TestCase":{"Id":"12d23291-8f6a-48bb-47ea-f833030af5a4","FullyQualifiedName":"ShoppingTest.CustomerRepoTest.GetAllSuccessTest","DisplayName":"GetAllSuccessTest","ExecutorUri":"executor://NUnit3TestExecutor","Source":"C:\\Users\\VC\\Desktop\\training\\day13\\ShoppingSolution\\ShoppingTest\\bin\\Debug\\net8.0\\fine-code-coverage\\build-output\\ShoppingTest.dll","CodeFilePath":null,"LineNumber":0,"Properties":[{"Key":{"Id":"NUnit.Seed","Label":"Seed","Category":"","Description":"","Attributes":0,"ValueType":"System.String"},"Value":"1613970691"}]},"Attachments":[],"Outcome":1,"ErrorMessage":null,"ErrorStackTrace":null,"DisplayName":"GetAllSuccessTest","Messages":[],"ComputerName":"DESKTOP-RVR2IQF","Duration":"00:00:00.0001730","StartTime":"2024-04-27T15:59:08.4750407+00:00","EndTime":"2024-04-27T15:59:08.4752133+00:00","Properties":[{"Key":{"Id":"NUnit.Seed","Label":"Seed","Category":"","Description":"","Attributes":0,"ValueType":"System.String"},"Value":"1613970691"}]},{"TestCase":{"Id":"9a570a9e-82ae-c716-582e-4cedf3d37bee","FullyQualifiedName":"ShoppingTest.CustomerRepoTest.GetIdFailTest","DisplayName":"GetIdFailTest","ExecutorUri":"executor://NUnit3TestExecutor","Source":"C:\\Users\\VC\\Desktop\\training\\day13\\ShoppingSolution\\ShoppingTest\\bin\\Debug\\net8.0\\fine-code-coverage\\build-output\\ShoppingTest.dll","CodeFilePath":null,"LineNumber":0,"Properties":[{"Key":{"Id":"NUnit.Seed","Label":"Seed","Category":"","Description":"","Attributes":0,"ValueType":"System.String"},"Value":"500703204"}]},"Attachments":[],"Outcome":2,"ErrorMessage":"  Expected: <ShoppingModelLibrary.Exceptions.NoCustomerWithGiveIdException>\r\n  But was:  null\r\n","ErrorStackTrace":"   at ShoppingTest.CustomerRepoTest.GetIdFailTest() in C:\\Users\\VC\\Desktop\\training\\day13\\ShoppingSolution\\ShoppingTest\\CustomerRepoTest.cs:line 73\r\n\n1)    at ShoppingTest.CustomerRepoTest.GetIdFailTest() in C:\\Users\\VC\\Desktop\\training\\day13\\ShoppingSolution\\ShoppingTest\\CustomerRepoTest.cs:line 73\r\n\n","DisplayName":"GetIdFailTest","Messages":[],"ComputerName":"DESKTOP-RVR2IQF","Duration":"00:00:00.0004520","StartTime":"2024-04-27T15:59:08.475222+00:00","EndTime":"2024-04-27T15:59:08.4756735+00:00","Properties":[{"Key":{"Id":"NUnit.Seed","Label":"Seed","Category":"","Description":"","Attributes":0,"ValueType":"System.String"},"Value":"500703204"}]}],"TestRunStatistics":{"ExecutedTests":54,"Stats":{"Passed":33,"Failed":21}},"ActiveTests":[{"Id":"04d2037a-10dc-7c5e-17d1-71403c9b5da3","FullyQualifiedName":"ShoppingTest.CustomerRepoTest.GetIdSuccessTest","DisplayName":"GetIdSuccessTest","ExecutorUri":"executor://NUnit3TestExecutor","Source":"C:\\Users\\VC\\Desktop\\training\\day13\\ShoppingSolution\\ShoppingTest\\bin\\Debug\\net8.0\\fine-code-coverage\\build-output\\ShoppingTest.dll","CodeFilePath":null,"LineNumber":0,"Properties":[{"Key":{"Id":"NUnit.Seed","Label":"Seed","Category":"","Description":"","Attributes":0,"ValueType":"System.String"},"Value":"1078509843"}]}]}}
TpTrace Verbose: 0 : 6328, 13, 2024/04/27, 21:29:08.632, 16673930870276, vstest.console.dll, TestRunRequest:SendTestRunStatsChange: Starting.
TpTrace Verbose: 0 : 6328, 13, 2024/04/27, 21:29:08.632, 16673930871028, vstest.console.dll, InProgress is GetIdSuccessTest
TpTrace Verbose: 0 : 6328, 13, 2024/04/27, 21:29:08.632, 16673930871720, vstest.console.dll, MulticastDelegateUtilities.SafeInvoke: TestRun.RunStatsChanged: Invoking callbacks was skipped because there are no subscribers.
TpTrace Information: 0 : 6328, 13, 2024/04/27, 21:29:08.632, 16673930872123, vstest.console.dll, TestRunRequest:SendTestRunStatsChange: Completed.
TpTrace Verbose: 0 : 6328, 13, 2024/04/27, 21:29:08.632, 16673930872547, vstest.console.dll, MulticastDelegateUtilities.SafeInvoke: LengthPrefixCommunicationChannel: MessageReceived: Invoking callback 1/1 for Microsoft.VisualStudio.TestPlatform.CommunicationUtilities.TestRequestSender+<>c__DisplayClass34_0., took 1 ms.
TpTrace Verbose: 0 : 6328, 13, 2024/04/27, 21:29:08.632, 16673930872966, vstest.console.dll, TcpClientExtensions.MessageLoopAsync: Polling on remoteEndPoint: 127.0.0.1:52690 localEndPoint: 127.0.0.1:52689 after 24 ms
TpTrace Verbose: 0 : 6328, 4, 2024/04/27, 21:29:08.632, 16673930875460, vstest.console.dll, MulticastDelegateUtilities.SafeInvoke: InternalTestLoggerEvents.SendTestResult: Invoking callback 1/1 for Microsoft.VisualStudio.TestPlatform.CommandLine.Internal.ConsoleLogger., took 0 ms.
TpTrace Verbose: 0 : 6328, 4, 2024/04/27, 21:29:08.632, 16673930876416, vstest.console.dll, MulticastDelegateUtilities.SafeInvoke: InternalTestLoggerEvents.SendTestResult: Invoking callback 1/1 for Microsoft.VisualStudio.TestPlatform.CommandLine.Internal.ConsoleLogger., took 0 ms.
TpTrace Verbose: 0 : 6328, 4, 2024/04/27, 21:29:08.632, 16673930878503, vstest.console.dll, MulticastDelegateUtilities.SafeInvoke: InternalTestLoggerEvents.SendTestResult: Invoking callback 1/1 for Microsoft.VisualStudio.TestPlatform.CommandLine.Internal.ConsoleLogger., took 0 ms.
TpTrace Verbose: 0 : 6328, 4, 2024/04/27, 21:29:08.632, 16673930879675, vstest.console.dll, MulticastDelegateUtilities.SafeInvoke: InternalTestLoggerEvents.SendTestResult: Invoking callback 1/1 for Microsoft.VisualStudio.TestPlatform.CommandLine.Internal.ConsoleLogger., took 0 ms.
TpTrace Verbose: 0 : 6328, 4, 2024/04/27, 21:29:08.633, 16673930884819, vstest.console.dll, MulticastDelegateUtilities.SafeInvoke: InternalTestLoggerEvents.SendTestResult: Invoking callback 1/1 for Microsoft.VisualStudio.TestPlatform.CommandLine.Internal.ConsoleLogger., took 0 ms.
TpTrace Verbose: 0 : 6328, 4, 2024/04/27, 21:29:08.633, 16673930886767, vstest.console.dll, MulticastDelegateUtilities.SafeInvoke: InternalTestLoggerEvents.SendTestResult: Invoking callback 1/1 for Microsoft.VisualStudio.TestPlatform.CommandLine.Internal.ConsoleLogger., took 0 ms.
TpTrace Verbose: 0 : 6328, 4, 2024/04/27, 21:29:08.633, 16673930887729, vstest.console.dll, MulticastDelegateUtilities.SafeInvoke: InternalTestLoggerEvents.SendTestResult: Invoking callback 1/1 for Microsoft.VisualStudio.TestPlatform.CommandLine.Internal.ConsoleLogger., took 0 ms.
TpTrace Verbose: 0 : 6328, 4, 2024/04/27, 21:29:08.633, 16673930888443, vstest.console.dll, MulticastDelegateUtilities.SafeInvoke: InternalTestLoggerEvents.SendTestResult: Invoking callback 1/1 for Microsoft.VisualStudio.TestPlatform.CommandLine.Internal.ConsoleLogger., took 0 ms.
TpTrace Verbose: 0 : 6328, 4, 2024/04/27, 21:29:08.634, 16673930890921, vstest.console.dll, MulticastDelegateUtilities.SafeInvoke: InternalTestLoggerEvents.SendTestResult: Invoking callback 1/1 for Microsoft.VisualStudio.TestPlatform.CommandLine.Internal.ConsoleLogger., took 0 ms.
TpTrace Verbose: 0 : 6328, 13, 2024/04/27, 21:29:08.657, 16673931123125, vstest.console.dll, TcpClientExtensions.MessageLoopAsync: NotifyDataAvailable remoteEndPoint: 127.0.0.1:52690 localEndPoint: 127.0.0.1:52689
TpTrace Verbose: 0 : 6328, 13, 2024/04/27, 21:29:08.657, 16673931126589, vstest.console.dll, TestRequestSender.OnExecutionMessageReceived: Received message: {"Version":7,"MessageType":"TestExecution.StatsChange","Payload":{"NewTestResults":[{"TestCase":{"Id":"04d2037a-10dc-7c5e-17d1-71403c9b5da3","FullyQualifiedName":"ShoppingTest.CustomerRepoTest.GetIdSuccessTest","DisplayName":"GetIdSuccessTest","ExecutorUri":"executor://NUnit3TestExecutor","Source":"C:\\Users\\VC\\Desktop\\training\\day13\\ShoppingSolution\\ShoppingTest\\bin\\Debug\\net8.0\\fine-code-coverage\\build-output\\ShoppingTest.dll","CodeFilePath":null,"LineNumber":0,"Properties":[{"Key":{"Id":"NUnit.Seed","Label":"Seed","Category":"","Description":"","Attributes":0,"ValueType":"System.String"},"Value":"1078509843"}]},"Attachments":[],"Outcome":1,"ErrorMessage":null,"ErrorStackTrace":null,"DisplayName":"GetIdSuccessTest","Messages":[],"ComputerName":"DESKTOP-RVR2IQF","Duration":"00:00:00.0001110","StartTime":"2024-04-27T15:59:08.4756835+00:00","EndTime":"2024-04-27T15:59:08.4757947+00:00","Properties":[{"Key":{"Id":"NUnit.Seed","Label":"Seed","Category":"","Description":"","Attributes":0,"ValueType":"System.String"},"Value":"1078509843"}]},{"TestCase":{"Id":"241dbbff-2873-8295-b8ee-4e14e5ec8cf5","FullyQualifiedName":"ShoppingTest.CustomerRepoTest.UpdateFailTest","DisplayName":"UpdateFailTest","ExecutorUri":"executor://NUnit3TestExecutor","Source":"C:\\Users\\VC\\Desktop\\training\\day13\\ShoppingSolution\\ShoppingTest\\bin\\Debug\\net8.0\\fine-code-coverage\\build-output\\ShoppingTest.dll","CodeFilePath":null,"LineNumber":0,"Properties":[{"Key":{"Id":"NUnit.Seed","Label":"Seed","Category":"","Description":"","Attributes":0,"ValueType":"System.String"},"Value":"697778180"}]},"Attachments":[],"Outcome":2,"ErrorMessage":"  Expected: <ShoppingModelLibrary.Exceptions.NoCustomerWithGiveIdException>\r\n  But was:  null\r\n","ErrorStackTrace":"   at ShoppingTest.CustomerRepoTest.UpdateFailTest() in C:\\Users\\VC\\Desktop\\training\\day13\\ShoppingSolution\\ShoppingTest\\CustomerRepoTest.cs:line 112\r\n\n1)    at ShoppingTest.CustomerRepoTest.UpdateFailTest() in C:\\Users\\VC\\Desktop\\training\\day13\\ShoppingSolution\\ShoppingTest\\CustomerRepoTest.cs:line 112\r\n\n","DisplayName":"UpdateFailTest","Messages":[],"ComputerName":"DESKTOP-RVR2IQF","Duration":"00:00:00.0004890","StartTime":"2024-04-27T15:59:08.4758032+00:00","EndTime":"2024-04-27T15:59:08.4762915+00:00","Properties":[{"Key":{"Id":"NUnit.Seed","Label":"Seed","Category":"","Description":"","Attributes":0,"ValueType":"System.String"},"Value":"697778180"}]},{"TestCase":{"Id":"fbd534ff-8fc5-c3d7-f463-4d7c8b264082","FullyQualifiedName":"ShoppingTest.CustomerRepoTest.UpdateSuccessTest","DisplayName":"UpdateSuccessTest","ExecutorUri":"executor://NUnit3TestExecutor","Source":"C:\\Users\\VC\\Desktop\\training\\day13\\ShoppingSolution\\ShoppingTest\\bin\\Debug\\net8.0\\fine-code-coverage\\build-output\\ShoppingTest.dll","CodeFilePath":null,"LineNumber":0,"Properties":[{"Key":{"Id":"NUnit.Seed","Label":"Seed","Category":"","Description":"","Attributes":0,"ValueType":"System.String"},"Value":"852606569"}]},"Attachments":[],"Outcome":1,"ErrorMessage":null,"ErrorStackTrace":null,"DisplayName":"UpdateSuccessTest","Messages":[],"ComputerName":"DESKTOP-RVR2IQF","Duration":"00:00:00.0001499","StartTime":"2024-04-27T15:59:08.4763025+00:00","EndTime":"2024-04-27T15:59:08.4764525+00:00","Properties":[{"Key":{"Id":"NUnit.Seed","Label":"Seed","Category":"","Description":"","Attributes":0,"ValueType":"System.String"},"Value":"852606569"}]},{"TestCase":{"Id":"28f6ab6a-1bfa-8e48-10c5-e95763173e68","FullyQualifiedName":"ShoppingTest.ProductBLTest.AddProductFail","DisplayName":"AddProductFail","ExecutorUri":"executor://NUnit3TestExecutor","Source":"C:\\Users\\VC\\Desktop\\training\\day13\\ShoppingSolution\\ShoppingTest\\bin\\Debug\\net8.0\\fine-code-coverage\\build-output\\ShoppingTest.dll","CodeFilePath":null,"LineNumber":0,"Properties":[{"Key":{"Id":"NUnit.Seed","Label":"Seed","Category":"","Description":"","Attributes":0,"ValueType":"System.String"},"Value":"1005818019"}]},"Attachments":[],"Outcome":2,"ErrorMessage":"  Expected: <ShoppingModelLibrary.Exceptions.ItemPresentException>\r\n  But was:  <System.AggregateException: One or more errors occurred. (Item already present)\r\n ---> ShoppingModelLibrary.Exceptions.ItemPresentException: Item already present\r\n   at ShoppingDALLibrary.AbstractRepository`2.Add(T item) in C:\\Users\\VC\\Desktop\\training\\day13\\ShoppingSolution\\ShoppingDALLibrary\\AbstractRepository.cs:line 11\r\n   --- End of inner exception stack trace ---\r\n   at System.Threading.Tasks.Task.ThrowIfExceptional(Boolean includeTaskCanceledExceptions)\r\n   at System.Threading.Tasks.Task`1.GetResultCore(Boolean waitCompletionNotification)\r\n   at ShoppingBLLibrary.ProductBL.AddProduct(Product product) in C:\\Users\\VC\\Desktop\\training\\day13\\ShoppingSolution\\ShoppingBLLibrary\\ProductBL.cs:line 33\r\n   at ShoppingTest.ProductBLTest.<>c__DisplayClass4_0.<AddProductFail>b__0() in C:\\Users\\VC\\Desktop\\training\\day13\\ShoppingSolution\\ShoppingTest\\ProductBLTest.cs:line 69\r\n   at NUnit.Framework.Assert.Throws(IResolveConstraint expression, TestDelegate code, String message, Object[] args)>\r\n","ErrorStackTrace":"   at ShoppingTest.ProductBLTest.AddProductFail() in C:\\Users\\VC\\Desktop\\training\\day13\\ShoppingSolution\\ShoppingTest\\ProductBLTest.cs:line 69\r\n\n1)    at ShoppingTest.ProductBLTest.AddProductFail() in C:\\Users\\VC\\Desktop\\training\\day13\\ShoppingSolution\\ShoppingTest\\ProductBLTest.cs:line 69\r\n\n","DisplayName":"AddProductFail","Messages":[],"ComputerName":"DESKTOP-RVR2IQF","Duration":"00:00:00.0008420","StartTime":"2024-04-27T15:59:08.4766037+00:00","EndTime":"2024-04-27T15:59:08.4774457+00:00","Properties":[{"Key":{"Id":"NUnit.Seed","Label":"Seed","Category":"","Description":"","Attributes":0,"ValueType":"System.String"},"Value":"1005818019"}]},{"TestCase":{"Id":"5790a54d-c1c9-6ecf-c32e-8cea87594128","FullyQualifiedName":"ShoppingTest.ProductBLTest.AddProductSuccess","DisplayName":"AddProductSuccess","ExecutorUri":"executor://NUnit3TestExecutor","Source":"C:\\Users\\VC\\Desktop\\training\\day13\\ShoppingSolution\\ShoppingTest\\bin\\Debug\\net8.0\\fine-code-coverage\\build-output\\ShoppingTest.dll","CodeFilePath":null,"LineNumber":0,"Properties":[{"Key":{"Id":"NUnit.Seed","Label":"Seed","Category":"","Description":"","Attributes":0,"ValueType":"System.String"},"Value":"930303876"}]},"Attachments":[],"Outcome":1,"ErrorMessage":null,"ErrorStackTrace":null,"DisplayName":"AddProductSuccess","Messages":[],"ComputerName":"DESKTOP-RVR2IQF","Duration":"00:00:00.0001800","StartTime":"2024-04-27T15:59:08.4774583+00:00","EndTime":"2024-04-27T15:59:08.4776378+00:00","Properties":[{"Key":{"Id":"NUnit.Seed","Label":"Seed","Category":"","Description":"","Attributes":0,"ValueType":"System.String"},"Value":"930303876"}]},{"TestCase":{"Id":"efe3e58e-d02a-b674-0471-23952728d289","FullyQualifiedName":"ShoppingTest.ProductBLTest.DeleteProductException","DisplayName":"DeleteProductException","ExecutorUri":"executor://NUnit3TestExecutor","Source":"C:\\Users\\VC\\Desktop\\training\\day13\\ShoppingSolution\\ShoppingTest\\bin\\Debug\\net8.0\\fine-code-coverage\\build-output\\ShoppingTest.dll","CodeFilePath":null,"LineNumber":0,"Properties":[{"Key":{"Id":"NUnit.Seed","Label":"Seed","Category":"","Description":"","Attributes":0,"ValueType":"System.String"},"Value":"1468118897"}]},"Attachments":[],"Outcome":2,"ErrorMessage":"  Expected: <ShoppingModelLibrary.Exceptions.NoProductWithGivenIdException>\r\n  But was:  null\r\n","ErrorStackTrace":"   at ShoppingTest.ProductBLTest.DeleteProductException() in C:\\Users\\VC\\Desktop\\training\\day13\\ShoppingSolution\\ShoppingTest\\ProductBLTest.cs:line 166\r\n\n1)    at ShoppingTest.ProductBLTest.DeleteProductException() in C:\\Users\\VC\\Desktop\\training\\day13\\ShoppingSolution\\ShoppingTest\\ProductBLTest.cs:line 166\r\n\n","DisplayName":"DeleteProductException","Messages":[],"ComputerName":"DESKTOP-RVR2IQF","Duration":"00:00:00.0008240","StartTime":"2024-04-27T15:59:08.4776471+00:00","EndTime":"2024-04-27T15:59:08.4784705+00:00","Properties":[{"Key":{"Id":"NUnit.Seed","Label":"Seed","Category":"","Description":"","Attributes":0,"ValueType":"System.String"},"Value":"1468118897"}]},{"TestCase":{"Id":"39b9b1ad-7d1c-b545-5961-47517c548047","FullyQualifiedName":"ShoppingTest.ProductBLTest.DeleteProductSuccess","DisplayName":"DeleteProductSuccess","ExecutorUri":"executor://NUnit3TestExecutor","Source":"C:\\Users\\VC\\Desktop\\training\\day13\\ShoppingSolution\\ShoppingTest\\bin\\Debug\\net8.0\\fine-code-coverage\\build-output\\ShoppingTest.dll","CodeFilePath":null,"LineNumber":0,"Properties":[{"Key":{"Id":"NUnit.Seed","Label":"Seed","Category":"","Description":"","Attributes":0,"ValueType":"System.String"},"Value":"26475664"}]},"Attachments":[],"Outcome":1,"ErrorMessage":null,"ErrorStackTrace":null,"DisplayName":"DeleteProductSuccess","Messages":[],"ComputerName":"DESKTOP-RVR2IQF","Duration":"00:00:00.0001430","StartTime":"2024-04-27T15:59:08.4784831+00:00","EndTime":"2024-04-27T15:59:08.4786262+00:00","Properties":[{"Key":{"Id":"NUnit.Seed","Label":"Seed","Category":"","Description":"","Attributes":0,"ValueType":"System.String"},"Value":"26475664"}]},{"TestCase":{"Id":"10236b53-1925-ee3a-d379-ee754c60fefa","FullyQualifiedName":"ShoppingTest.ProductBLTest.GetProductByIdException","DisplayName":"GetProductByIdException","ExecutorUri":"executor://NUnit3TestExecutor","Source":"C:\\Users\\VC\\Desktop\\training\\day13\\ShoppingSolution\\ShoppingTest\\bin\\Debug\\net8.0\\fine-code-coverage\\build-output\\ShoppingTest.dll","CodeFilePath":null,"LineNumber":0,"Properties":[{"Key":{"Id":"NUnit.Seed","Label":"Seed","Category":"","Description":"","Attributes":0,"ValueType":"System.String"},"Value":"1747128821"}]},"Attachments":[],"Outcome":2,"ErrorMessage":"  Expected: <ShoppingModelLibrary.Exceptions.NoProductWithGivenIdException>\r\n  But was:  null\r\n","ErrorStackTrace":"   at ShoppingTest.ProductBLTest.GetProductByIdException() in C:\\Users\\VC\\Desktop\\training\\day13\\ShoppingSolution\\ShoppingTest\\ProductBLTest.cs:line 143\r\n\n1)    at ShoppingTest.ProductBLTest.GetProductByIdException() in C:\\Users\\VC\\Desktop\\training\\day13\\ShoppingSolution\\ShoppingTest\\ProductBLTest.cs:line 143\r\n\n","DisplayName":"GetProductByIdException","Messages":[],"ComputerName":"DESKTOP-RVR2IQF","Duration":"00:00:00.0003490","StartTime":"2024-04-27T15:59:08.4786347+00:00","EndTime":"2024-04-27T15:59:08.4789836+00:00","Properties":[{"Key":{"Id":"NUnit.Seed","Label":"Seed","Category":"","Description":"","Attributes":0,"ValueType":"System.String"},"Value":"1747128821"}]},{"TestCase":{"Id":"a8ec9116-5d1f-c22b-3535-aadf0484796e","FullyQualifiedName":"ShoppingTest.ProductBLTest.GetProductByIdSuccess","DisplayName":"GetProductByIdSuccess","ExecutorUri":"executor://NUnit3TestExecutor","Source":"C:\\Users\\VC\\Desktop\\training\\day13\\ShoppingSolution\\ShoppingTest\\bin\\Debug\\net8.0\\fine-code-coverage\\build-output\\ShoppingTest.dll","CodeFilePath":null,"LineNumber":0,"Properties":[{"Key":{"Id":"NUnit.Seed","Label":"Seed","Category":"","Description":"","Attributes":0,"ValueType":"System.String"},"Value":"1511087282"}]},"Attachments":[],"Outcome":1,"ErrorMessage":null,"ErrorStackTrace":null,"DisplayName":"GetProductByIdSuccess","Messages":[],"ComputerName":"DESKTOP-RVR2IQF","Duration":"00:00:00.0001280","StartTime":"2024-04-27T15:59:08.4789938+00:00","EndTime":"2024-04-27T15:59:08.4791218+00:00","Properties":[{"Key":{"Id":"NUnit.Seed","Label":"Seed","Category":"","Description":"","Attributes":0,"ValueType":"System.String"},"Value":"1511087282"}]}],"TestRunStatistics":{"ExecutedTests":63,"Stats":{"Passed":38,"Failed":25}},"ActiveTests":[{"Id":"b5bfd708-42e7-10d6-004f-1e4e3ff8dd67","FullyQualifiedName":"ShoppingTest.ProductBLTest.UpdateProductException","DisplayName":"UpdateProductException","ExecutorUri":"executor://NUnit3TestExecutor","Source":"C:\\Users\\VC\\Desktop\\training\\day13\\ShoppingSolution\\ShoppingTest\\bin\\Debug\\net8.0\\fine-code-coverage\\build-output\\ShoppingTest.dll","CodeFilePath":null,"LineNumber":0,"Properties":[{"Key":{"Id":"NUnit.Seed","Label":"Seed","Category":"","Description":"","Attributes":0,"ValueType":"System.String"},"Value":"789005698"}]}]}}
TpTrace Verbose: 0 : 6328, 13, 2024/04/27, 21:29:08.658, 16673931137658, vstest.console.dll, TestRunRequest:SendTestRunStatsChange: Starting.
TpTrace Verbose: 0 : 6328, 13, 2024/04/27, 21:29:08.658, 16673931138126, vstest.console.dll, InProgress is UpdateProductException
TpTrace Verbose: 0 : 6328, 13, 2024/04/27, 21:29:08.658, 16673931138596, vstest.console.dll, MulticastDelegateUtilities.SafeInvoke: TestRun.RunStatsChanged: Invoking callbacks was skipped because there are no subscribers.
TpTrace Information: 0 : 6328, 13, 2024/04/27, 21:29:08.658, 16673931138948, vstest.console.dll, TestRunRequest:SendTestRunStatsChange: Completed.
TpTrace Verbose: 0 : 6328, 13, 2024/04/27, 21:29:08.658, 16673931139227, vstest.console.dll, MulticastDelegateUtilities.SafeInvoke: LengthPrefixCommunicationChannel: MessageReceived: Invoking callback 1/1 for Microsoft.VisualStudio.TestPlatform.CommunicationUtilities.TestRequestSender+<>c__DisplayClass34_0., took 1 ms.
TpTrace Verbose: 0 : 6328, 13, 2024/04/27, 21:29:08.658, 16673931139514, vstest.console.dll, TcpClientExtensions.MessageLoopAsync: Polling on remoteEndPoint: 127.0.0.1:52690 localEndPoint: 127.0.0.1:52689 after 26 ms
TpTrace Verbose: 0 : 6328, 4, 2024/04/27, 21:29:08.659, 16673931140715, vstest.console.dll, MulticastDelegateUtilities.SafeInvoke: InternalTestLoggerEvents.SendTestResult: Invoking callback 1/1 for Microsoft.VisualStudio.TestPlatform.CommandLine.Internal.ConsoleLogger., took 0 ms.
TpTrace Verbose: 0 : 6328, 4, 2024/04/27, 21:29:08.659, 16673931143960, vstest.console.dll, MulticastDelegateUtilities.SafeInvoke: InternalTestLoggerEvents.SendTestResult: Invoking callback 1/1 for Microsoft.VisualStudio.TestPlatform.CommandLine.Internal.ConsoleLogger., took 0 ms.
TpTrace Verbose: 0 : 6328, 4, 2024/04/27, 21:29:08.659, 16673931144484, vstest.console.dll, MulticastDelegateUtilities.SafeInvoke: InternalTestLoggerEvents.SendTestResult: Invoking callback 1/1 for Microsoft.VisualStudio.TestPlatform.CommandLine.Internal.ConsoleLogger., took 0 ms.
TpTrace Verbose: 0 : 6328, 4, 2024/04/27, 21:29:08.659, 16673931146139, vstest.console.dll, MulticastDelegateUtilities.SafeInvoke: InternalTestLoggerEvents.SendTestResult: Invoking callback 1/1 for Microsoft.VisualStudio.TestPlatform.CommandLine.Internal.ConsoleLogger., took 0 ms.
TpTrace Verbose: 0 : 6328, 4, 2024/04/27, 21:29:08.659, 16673931146749, vstest.console.dll, MulticastDelegateUtilities.SafeInvoke: InternalTestLoggerEvents.SendTestResult: Invoking callback 1/1 for Microsoft.VisualStudio.TestPlatform.CommandLine.Internal.ConsoleLogger., took 0 ms.
TpTrace Verbose: 0 : 6328, 4, 2024/04/27, 21:29:08.659, 16673931148823, vstest.console.dll, MulticastDelegateUtilities.SafeInvoke: InternalTestLoggerEvents.SendTestResult: Invoking callback 1/1 for Microsoft.VisualStudio.TestPlatform.CommandLine.Internal.ConsoleLogger., took 0 ms.
TpTrace Verbose: 0 : 6328, 4, 2024/04/27, 21:29:08.659, 16673931149280, vstest.console.dll, MulticastDelegateUtilities.SafeInvoke: InternalTestLoggerEvents.SendTestResult: Invoking callback 1/1 for Microsoft.VisualStudio.TestPlatform.CommandLine.Internal.ConsoleLogger., took 0 ms.
TpTrace Verbose: 0 : 6328, 4, 2024/04/27, 21:29:08.660, 16673931152169, vstest.console.dll, MulticastDelegateUtilities.SafeInvoke: InternalTestLoggerEvents.SendTestResult: Invoking callback 1/1 for Microsoft.VisualStudio.TestPlatform.CommandLine.Internal.ConsoleLogger., took 0 ms.
TpTrace Verbose: 0 : 6328, 4, 2024/04/27, 21:29:08.660, 16673931153051, vstest.console.dll, MulticastDelegateUtilities.SafeInvoke: InternalTestLoggerEvents.SendTestResult: Invoking callback 1/1 for Microsoft.VisualStudio.TestPlatform.CommandLine.Internal.ConsoleLogger., took 0 ms.
TpTrace Verbose: 0 : 6328, 13, 2024/04/27, 21:29:08.676, 16673931316045, vstest.console.dll, TcpClientExtensions.MessageLoopAsync: NotifyDataAvailable remoteEndPoint: 127.0.0.1:52690 localEndPoint: 127.0.0.1:52689
TpTrace Verbose: 0 : 6328, 13, 2024/04/27, 21:29:08.676, 16673931320055, vstest.console.dll, TestRequestSender.OnExecutionMessageReceived: Received message: {"Version":7,"MessageType":"TestExecution.StatsChange","Payload":{"NewTestResults":[{"TestCase":{"Id":"b5bfd708-42e7-10d6-004f-1e4e3ff8dd67","FullyQualifiedName":"ShoppingTest.ProductBLTest.UpdateProductException","DisplayName":"UpdateProductException","ExecutorUri":"executor://NUnit3TestExecutor","Source":"C:\\Users\\VC\\Desktop\\training\\day13\\ShoppingSolution\\ShoppingTest\\bin\\Debug\\net8.0\\fine-code-coverage\\build-output\\ShoppingTest.dll","CodeFilePath":null,"LineNumber":0,"Properties":[{"Key":{"Id":"NUnit.Seed","Label":"Seed","Category":"","Description":"","Attributes":0,"ValueType":"System.String"},"Value":"789005698"}]},"Attachments":[],"Outcome":2,"ErrorMessage":"  Expected: <ShoppingModelLibrary.Exceptions.NoProductWithGivenIdException>\r\n  But was:  null\r\n","ErrorStackTrace":"   at ShoppingTest.ProductBLTest.UpdateProductException() in C:\\Users\\VC\\Desktop\\training\\day13\\ShoppingSolution\\ShoppingTest\\ProductBLTest.cs:line 159\r\n\n1)    at ShoppingTest.ProductBLTest.UpdateProductException() in C:\\Users\\VC\\Desktop\\training\\day13\\ShoppingSolution\\ShoppingTest\\ProductBLTest.cs:line 159\r\n\n","DisplayName":"UpdateProductException","Messages":[],"ComputerName":"DESKTOP-RVR2IQF","Duration":"00:00:00.0008550","StartTime":"2024-04-27T15:59:08.4791308+00:00","EndTime":"2024-04-27T15:59:08.4799858+00:00","Properties":[{"Key":{"Id":"NUnit.Seed","Label":"Seed","Category":"","Description":"","Attributes":0,"ValueType":"System.String"},"Value":"789005698"}]},{"TestCase":{"Id":"3bdb8e96-dcc2-4ea0-1f11-e0a9c20bb52a","FullyQualifiedName":"ShoppingTest.ProductBLTest.UpdateProductSuccess","DisplayName":"UpdateProductSuccess","ExecutorUri":"executor://NUnit3TestExecutor","Source":"C:\\Users\\VC\\Desktop\\training\\day13\\ShoppingSolution\\ShoppingTest\\bin\\Debug\\net8.0\\fine-code-coverage\\build-output\\ShoppingTest.dll","CodeFilePath":null,"LineNumber":0,"Properties":[{"Key":{"Id":"NUnit.Seed","Label":"Seed","Category":"","Description":"","Attributes":0,"ValueType":"System.String"},"Value":"234192281"}]},"Attachments":[],"Outcome":1,"ErrorMessage":null,"ErrorStackTrace":null,"DisplayName":"UpdateProductSuccess","Messages":[],"ComputerName":"DESKTOP-RVR2IQF","Duration":"00:00:00.0001440","StartTime":"2024-04-27T15:59:08.4799972+00:00","EndTime":"2024-04-27T15:59:08.4801413+00:00","Properties":[{"Key":{"Id":"NUnit.Seed","Label":"Seed","Category":"","Description":"","Attributes":0,"ValueType":"System.String"},"Value":"234192281"}]},{"TestCase":{"Id":"64ff5afb-2a56-b1cd-2261-b838aaf3c053","FullyQualifiedName":"ShoppingTest.ProductRepoTest.AddFailTest","DisplayName":"AddFailTest","ExecutorUri":"executor://NUnit3TestExecutor","Source":"C:\\Users\\VC\\Desktop\\training\\day13\\ShoppingSolution\\ShoppingTest\\bin\\Debug\\net8.0\\fine-code-coverage\\build-output\\ShoppingTest.dll","CodeFilePath":null,"LineNumber":0,"Properties":[{"Key":{"Id":"NUnit.Seed","Label":"Seed","Category":"","Description":"","Attributes":0,"ValueType":"System.String"},"Value":"154564450"}]},"Attachments":[],"Outcome":2,"ErrorMessage":"  Expected: <ShoppingModelLibrary.Exceptions.ItemPresentException>\r\n  But was:  null\r\n","ErrorStackTrace":"   at ShoppingTest.ProductRepoTest.AddFailTest() in C:\\Users\\VC\\Desktop\\training\\day13\\ShoppingSolution\\ShoppingTest\\ProductRepoTest.cs:line 37\r\n\n1)    at ShoppingTest.ProductRepoTest.AddFailTest() in C:\\Users\\VC\\Desktop\\training\\day13\\ShoppingSolution\\ShoppingTest\\ProductRepoTest.cs:line 37\r\n\n","DisplayName":"AddFailTest","Messages":[],"ComputerName":"DESKTOP-RVR2IQF","Duration":"00:00:00.0005270","StartTime":"2024-04-27T15:59:08.4802323+00:00","EndTime":"2024-04-27T15:59:08.4807589+00:00","Properties":[{"Key":{"Id":"NUnit.Seed","Label":"Seed","Category":"","Description":"","Attributes":0,"ValueType":"System.String"},"Value":"154564450"}]},{"TestCase":{"Id":"b54b0dca-6488-0bd9-3c30-aef7179a3135","FullyQualifiedName":"ShoppingTest.ProductRepoTest.AddSuccessTest","DisplayName":"AddSuccessTest","ExecutorUri":"executor://NUnit3TestExecutor","Source":"C:\\Users\\VC\\Desktop\\training\\day13\\ShoppingSolution\\ShoppingTest\\bin\\Debug\\net8.0\\fine-code-coverage\\build-output\\ShoppingTest.dll","CodeFilePath":null,"LineNumber":0,"Properties":[{"Key":{"Id":"NUnit.Seed","Label":"Seed","Category":"","Description":"","Attributes":0,"ValueType":"System.String"},"Value":"482856536"}]},"Attachments":[],"Outcome":1,"ErrorMessage":null,"ErrorStackTrace":null,"DisplayName":"AddSuccessTest","Messages":[],"ComputerName":"DESKTOP-RVR2IQF","Duration":"00:00:00.0002410","StartTime":"2024-04-27T15:59:08.4807691+00:00","EndTime":"2024-04-27T15:59:08.4810095+00:00","Properties":[{"Key":{"Id":"NUnit.Seed","Label":"Seed","Category":"","Description":"","Attributes":0,"ValueType":"System.String"},"Value":"482856536"}]},{"TestCase":{"Id":"38627c80-00fd-76a1-f58a-b046ccd0fbba","FullyQualifiedName":"ShoppingTest.ProductRepoTest.DeleteFailTest","DisplayName":"DeleteFailTest","ExecutorUri":"executor://NUnit3TestExecutor","Source":"C:\\Users\\VC\\Desktop\\training\\day13\\ShoppingSolution\\ShoppingTest\\bin\\Debug\\net8.0\\fine-code-coverage\\build-output\\ShoppingTest.dll","CodeFilePath":null,"LineNumber":0,"Properties":[{"Key":{"Id":"NUnit.Seed","Label":"Seed","Category":"","Description":"","Attributes":0,"ValueType":"System.String"},"Value":"666813960"}]},"Attachments":[],"Outcome":2,"ErrorMessage":"  Expected: null\r\n  But was:  <System.Threading.Tasks.Task`1[ShoppingModelLibrary.Product]>\r\n","ErrorStackTrace":"   at ShoppingTest.ProductRepoTest.DeleteFailTest() in C:\\Users\\VC\\Desktop\\training\\day13\\ShoppingSolution\\ShoppingTest\\ProductRepoTest.cs:line 99\r\n\n1)    at ShoppingTest.ProductRepoTest.DeleteFailTest() in C:\\Users\\VC\\Desktop\\training\\day13\\ShoppingSolution\\ShoppingTest\\ProductRepoTest.cs:line 99\r\n\n","DisplayName":"DeleteFailTest","Messages":[],"ComputerName":"DESKTOP-RVR2IQF","Duration":"00:00:00.0003160","StartTime":"2024-04-27T15:59:08.4810192+00:00","EndTime":"2024-04-27T15:59:08.4813352+00:00","Properties":[{"Key":{"Id":"NUnit.Seed","Label":"Seed","Category":"","Description":"","Attributes":0,"ValueType":"System.String"},"Value":"666813960"}]},{"TestCase":{"Id":"43c695d9-fd2f-fd0e-7713-34ec77b857b3","FullyQualifiedName":"ShoppingTest.ProductRepoTest.DeleteSuccessTest","DisplayName":"DeleteSuccessTest","ExecutorUri":"executor://NUnit3TestExecutor","Source":"C:\\Users\\VC\\Desktop\\training\\day13\\ShoppingSolution\\ShoppingTest\\bin\\Debug\\net8.0\\fine-code-coverage\\build-output\\ShoppingTest.dll","CodeFilePath":null,"LineNumber":0,"Properties":[{"Key":{"Id":"NUnit.Seed","Label":"Seed","Category":"","Description":"","Attributes":0,"ValueType":"System.String"},"Value":"590717346"}]},"Attachments":[],"Outcome":1,"ErrorMessage":null,"ErrorStackTrace":null,"DisplayName":"DeleteSuccessTest","Messages":[],"ComputerName":"DESKTOP-RVR2IQF","Duration":"00:00:00.0001120","StartTime":"2024-04-27T15:59:08.4813449+00:00","EndTime":"2024-04-27T15:59:08.481457+00:00","Properties":[{"Key":{"Id":"NUnit.Seed","Label":"Seed","Category":"","Description":"","Attributes":0,"ValueType":"System.String"},"Value":"590717346"}]},{"TestCase":{"Id":"9e462e1d-e3ca-1f66-d6d1-df2bf0e3ee14","FullyQualifiedName":"ShoppingTest.ProductRepoTest.GetAllFailTest","DisplayName":"GetAllFailTest","ExecutorUri":"executor://NUnit3TestExecutor","Source":"C:\\Users\\VC\\Desktop\\training\\day13\\ShoppingSolution\\ShoppingTest\\bin\\Debug\\net8.0\\fine-code-coverage\\build-output\\ShoppingTest.dll","CodeFilePath":null,"LineNumber":0,"Properties":[{"Key":{"Id":"NUnit.Seed","Label":"Seed","Category":"","Description":"","Attributes":0,"ValueType":"System.String"},"Value":"624539343"}]},"Attachments":[],"Outcome":1,"ErrorMessage":null,"ErrorStackTrace":null,"DisplayName":"GetAllFailTest","Messages":[],"ComputerName":"DESKTOP-RVR2IQF","Duration":"00:00:00.0002160","StartTime":"2024-04-27T15:59:08.4814654+00:00","EndTime":"2024-04-27T15:59:08.4816812+00:00","Properties":[{"Key":{"Id":"NUnit.Seed","Label":"Seed","Category":"","Description":"","Attributes":0,"ValueType":"System.String"},"Value":"624539343"}]},{"TestCase":{"Id":"71ecd91b-4cc3-a7ba-1286-2f2a761e7a31","FullyQualifiedName":"ShoppingTest.ProductRepoTest.GetAllSuccessTest","DisplayName":"GetAllSuccessTest","ExecutorUri":"executor://NUnit3TestExecutor","Source":"C:\\Users\\VC\\Desktop\\training\\day13\\ShoppingSolution\\ShoppingTest\\bin\\Debug\\net8.0\\fine-code-coverage\\build-output\\ShoppingTest.dll","CodeFilePath":null,"LineNumber":0,"Properties":[{"Key":{"Id":"NUnit.Seed","Label":"Seed","Category":"","Description":"","Attributes":0,"ValueType":"System.String"},"Value":"1197683981"}]},"Attachments":[],"Outcome":1,"ErrorMessage":null,"ErrorStackTrace":null,"DisplayName":"GetAllSuccessTest","Messages":[],"ComputerName":"DESKTOP-RVR2IQF","Duration":"00:00:00.0002170","StartTime":"2024-04-27T15:59:08.4816901+00:00","EndTime":"2024-04-27T15:59:08.4819072+00:00","Properties":[{"Key":{"Id":"NUnit.Seed","Label":"Seed","Category":"","Description":"","Attributes":0,"ValueType":"System.String"},"Value":"1197683981"}]},{"TestCase":{"Id":"ebd08de0-8f29-8cb0-3f02-996802cec9c5","FullyQualifiedName":"ShoppingTest.ProductRepoTest.GetIdFailTest","DisplayName":"GetIdFailTest","ExecutorUri":"executor://NUnit3TestExecutor","Source":"C:\\Users\\VC\\Desktop\\training\\day13\\ShoppingSolution\\ShoppingTest\\bin\\Debug\\net8.0\\fine-code-coverage\\build-output\\ShoppingTest.dll","CodeFilePath":null,"LineNumber":0,"Properties":[{"Key":{"Id":"NUnit.Seed","Label":"Seed","Category":"","Description":"","Attributes":0,"ValueType":"System.String"},"Value":"1434480163"}]},"Attachments":[],"Outcome":2,"ErrorMessage":"  Expected: null\r\n  But was:  <System.Threading.Tasks.Task`1[ShoppingModelLibrary.Product]>\r\n","ErrorStackTrace":"   at ShoppingTest.ProductRepoTest.GetIdFailTest() in C:\\Users\\VC\\Desktop\\training\\day13\\ShoppingSolution\\ShoppingTest\\ProductRepoTest.cs:line 80\r\n\n1)    at ShoppingTest.ProductRepoTest.GetIdFailTest() in C:\\Users\\VC\\Desktop\\training\\day13\\ShoppingSolution\\ShoppingTest\\ProductRepoTest.cs:line 80\r\n\n","DisplayName":"GetIdFailTest","Messages":[],"ComputerName":"DESKTOP-RVR2IQF","Duration":"00:00:00.0003330","StartTime":"2024-04-27T15:59:08.4819166+00:00","EndTime":"2024-04-27T15:59:08.4822493+00:00","Properties":[{"Key":{"Id":"NUnit.Seed","Label":"Seed","Category":"","Description":"","Attributes":0,"ValueType":"System.String"},"Value":"1434480163"}]}],"TestRunStatistics":{"ExecutedTests":72,"Stats":{"Passed":43,"Failed":29}},"ActiveTests":[{"Id":"c4c409d8-02cb-ebfd-8543-3855710d608a","FullyQualifiedName":"ShoppingTest.ProductRepoTest.GetIdSuccessTest","DisplayName":"GetIdSuccessTest","ExecutorUri":"executor://NUnit3TestExecutor","Source":"C:\\Users\\VC\\Desktop\\training\\day13\\ShoppingSolution\\ShoppingTest\\bin\\Debug\\net8.0\\fine-code-coverage\\build-output\\ShoppingTest.dll","CodeFilePath":null,"LineNumber":0,"Properties":[{"Key":{"Id":"NUnit.Seed","Label":"Seed","Category":"","Description":"","Attributes":0,"ValueType":"System.String"},"Value":"756000053"}]}]}}
TpTrace Verbose: 0 : 6328, 13, 2024/04/27, 21:29:08.678, 16673931332431, vstest.console.dll, TestRunRequest:SendTestRunStatsChange: Starting.
TpTrace Verbose: 0 : 6328, 13, 2024/04/27, 21:29:08.678, 16673931332982, vstest.console.dll, InProgress is GetIdSuccessTest
TpTrace Verbose: 0 : 6328, 13, 2024/04/27, 21:29:08.678, 16673931333587, vstest.console.dll, MulticastDelegateUtilities.SafeInvoke: TestRun.RunStatsChanged: Invoking callbacks was skipped because there are no subscribers.
TpTrace Information: 0 : 6328, 13, 2024/04/27, 21:29:08.678, 16673931333953, vstest.console.dll, TestRunRequest:SendTestRunStatsChange: Completed.
TpTrace Verbose: 0 : 6328, 13, 2024/04/27, 21:29:08.678, 16673931334346, vstest.console.dll, MulticastDelegateUtilities.SafeInvoke: LengthPrefixCommunicationChannel: MessageReceived: Invoking callback 1/1 for Microsoft.VisualStudio.TestPlatform.CommunicationUtilities.TestRequestSender+<>c__DisplayClass34_0., took 1 ms.
TpTrace Verbose: 0 : 6328, 13, 2024/04/27, 21:29:08.678, 16673931334681, vstest.console.dll, TcpClientExtensions.MessageLoopAsync: Polling on remoteEndPoint: 127.0.0.1:52690 localEndPoint: 127.0.0.1:52689 after 19 ms
TpTrace Verbose: 0 : 6328, 4, 2024/04/27, 21:29:08.678, 16673931336196, vstest.console.dll, MulticastDelegateUtilities.SafeInvoke: InternalTestLoggerEvents.SendTestResult: Invoking callback 1/1 for Microsoft.VisualStudio.TestPlatform.CommandLine.Internal.ConsoleLogger., took 0 ms.
TpTrace Verbose: 0 : 6328, 4, 2024/04/27, 21:29:08.678, 16673931337088, vstest.console.dll, MulticastDelegateUtilities.SafeInvoke: InternalTestLoggerEvents.SendTestResult: Invoking callback 1/1 for Microsoft.VisualStudio.TestPlatform.CommandLine.Internal.ConsoleLogger., took 0 ms.
TpTrace Verbose: 0 : 6328, 4, 2024/04/27, 21:29:08.679, 16673931340462, vstest.console.dll, MulticastDelegateUtilities.SafeInvoke: InternalTestLoggerEvents.SendTestResult: Invoking callback 1/1 for Microsoft.VisualStudio.TestPlatform.CommandLine.Internal.ConsoleLogger., took 0 ms.
TpTrace Verbose: 0 : 6328, 4, 2024/04/27, 21:29:08.679, 16673931341054, vstest.console.dll, MulticastDelegateUtilities.SafeInvoke: InternalTestLoggerEvents.SendTestResult: Invoking callback 1/1 for Microsoft.VisualStudio.TestPlatform.CommandLine.Internal.ConsoleLogger., took 0 ms.
TpTrace Verbose: 0 : 6328, 4, 2024/04/27, 21:29:08.679, 16673931343286, vstest.console.dll, MulticastDelegateUtilities.SafeInvoke: InternalTestLoggerEvents.SendTestResult: Invoking callback 1/1 for Microsoft.VisualStudio.TestPlatform.CommandLine.Internal.ConsoleLogger., took 0 ms.
TpTrace Verbose: 0 : 6328, 4, 2024/04/27, 21:29:08.679, 16673931343979, vstest.console.dll, MulticastDelegateUtilities.SafeInvoke: InternalTestLoggerEvents.SendTestResult: Invoking callback 1/1 for Microsoft.VisualStudio.TestPlatform.CommandLine.Internal.ConsoleLogger., took 0 ms.
TpTrace Verbose: 0 : 6328, 4, 2024/04/27, 21:29:08.679, 16673931344464, vstest.console.dll, MulticastDelegateUtilities.SafeInvoke: InternalTestLoggerEvents.SendTestResult: Invoking callback 1/1 for Microsoft.VisualStudio.TestPlatform.CommandLine.Internal.ConsoleLogger., took 0 ms.
TpTrace Verbose: 0 : 6328, 4, 2024/04/27, 21:29:08.679, 16673931344880, vstest.console.dll, MulticastDelegateUtilities.SafeInvoke: InternalTestLoggerEvents.SendTestResult: Invoking callback 1/1 for Microsoft.VisualStudio.TestPlatform.CommandLine.Internal.ConsoleLogger., took 0 ms.
TpTrace Verbose: 0 : 6328, 4, 2024/04/27, 21:29:08.679, 16673931346775, vstest.console.dll, MulticastDelegateUtilities.SafeInvoke: InternalTestLoggerEvents.SendTestResult: Invoking callback 1/1 for Microsoft.VisualStudio.TestPlatform.CommandLine.Internal.ConsoleLogger., took 0 ms.
TpTrace Verbose: 0 : 6328, 13, 2024/04/27, 21:29:08.692, 16673931476349, vstest.console.dll, TcpClientExtensions.MessageLoopAsync: NotifyDataAvailable remoteEndPoint: 127.0.0.1:52690 localEndPoint: 127.0.0.1:52689
TpTrace Verbose: 0 : 6328, 13, 2024/04/27, 21:29:08.692, 16673931478353, vstest.console.dll, TestRequestSender.OnExecutionMessageReceived: Received message: {"Version":7,"MessageType":"TestSession.Message","Payload":{"MessageLevel":0,"Message":"NUnit Adapter 4.5.0.0: Test execution complete"}}
TpTrace Verbose: 0 : 6328, 13, 2024/04/27, 21:29:08.692, 16673931479811, vstest.console.dll, TestRunRequest:SendTestRunMessage: Starting.
TpTrace Verbose: 0 : 6328, 13, 2024/04/27, 21:29:08.693, 16673931480474, vstest.console.dll, MulticastDelegateUtilities.SafeInvoke: TestRun.LogMessages: Invoking callback 1/1 for Microsoft.VisualStudio.TestPlatform.CommandLine.TestRunResultAggregator., took 0 ms.
TpTrace Verbose: 0 : 6328, 4, 2024/04/27, 21:29:08.693, 16673931480630, vstest.console.dll, MulticastDelegateUtilities.SafeInvoke: InternalTestLoggerEvents.SendTestRunMessage: Invoking callback 1/1 for Microsoft.VisualStudio.TestPlatform.CommandLine.Internal.ConsoleLogger., took 0 ms.
TpTrace Information: 0 : 6328, 13, 2024/04/27, 21:29:08.693, 16673931480942, vstest.console.dll, TestRunRequest:SendTestRunMessage: Completed.
TpTrace Verbose: 0 : 6328, 13, 2024/04/27, 21:29:08.693, 16673931482156, vstest.console.dll, MulticastDelegateUtilities.SafeInvoke: LengthPrefixCommunicationChannel: MessageReceived: Invoking callback 1/1 for Microsoft.VisualStudio.TestPlatform.CommunicationUtilities.TestRequestSender+<>c__DisplayClass34_0., took 0 ms.
TpTrace Verbose: 0 : 6328, 13, 2024/04/27, 21:29:08.693, 16673931482751, vstest.console.dll, TcpClientExtensions.MessageLoopAsync: Polling on remoteEndPoint: 127.0.0.1:52690 localEndPoint: 127.0.0.1:52689 after 14 ms
TpTrace Verbose: 0 : 6328, 13, 2024/04/27, 21:29:08.703, 16673931589083, vstest.console.dll, TcpClientExtensions.MessageLoopAsync: NotifyDataAvailable remoteEndPoint: 127.0.0.1:52690 localEndPoint: 127.0.0.1:52689
TpTrace Verbose: 0 : 6328, 13, 2024/04/27, 21:29:08.704, 16673931592834, vstest.console.dll, TestRequestSender.OnExecutionMessageReceived: Received message: {"Version":7,"MessageType":"TestExecution.Completed","Payload":{"TestRunCompleteArgs":{"TestRunStatistics":{"ExecutedTests":75,"Stats":{"Passed":45,"Failed":30}},"IsCanceled":false,"IsAborted":false,"Error":null,"AttachmentSets":[],"InvokedDataCollectors":[],"ElapsedTimeInRunningTests":"00:00:00.5946411","Metrics":{},"DiscoveredExtensions":{"TestDiscoverers":["NUnit.VisualStudio.TestAdapter.NUnit3TestDiscoverer, NUnit3.TestAdapter, Version=4.5.0.0, Culture=neutral, PublicKeyToken=4cb40d35494691ac"],"TestExecutors":["executor://NUnit3TestExecutor"],"TestExecutors2":[],"TestSettingsProviders":[]}},"LastRunTests":{"NewTestResults":[{"TestCase":{"Id":"c4c409d8-02cb-ebfd-8543-3855710d608a","FullyQualifiedName":"ShoppingTest.ProductRepoTest.GetIdSuccessTest","DisplayName":"GetIdSuccessTest","ExecutorUri":"executor://NUnit3TestExecutor","Source":"C:\\Users\\VC\\Desktop\\training\\day13\\ShoppingSolution\\ShoppingTest\\bin\\Debug\\net8.0\\fine-code-coverage\\build-output\\ShoppingTest.dll","CodeFilePath":null,"LineNumber":0,"Properties":[{"Key":{"Id":"NUnit.Seed","Label":"Seed","Category":"","Description":"","Attributes":0,"ValueType":"System.String"},"Value":"756000053"}]},"Attachments":[],"Outcome":1,"ErrorMessage":null,"ErrorStackTrace":null,"DisplayName":"GetIdSuccessTest","Messages":[],"ComputerName":"DESKTOP-RVR2IQF","Duration":"00:00:00.0001280","StartTime":"2024-04-27T15:59:08.4822627+00:00","EndTime":"2024-04-27T15:59:08.4823905+00:00","Properties":[{"Key":{"Id":"NUnit.Seed","Label":"Seed","Category":"","Description":"","Attributes":0,"ValueType":"System.String"},"Value":"756000053"}]},{"TestCase":{"Id":"dcdd8a38-fc09-0b68-9bf4-f729153e9f63","FullyQualifiedName":"ShoppingTest.ProductRepoTest.UpdateFailTest","DisplayName":"UpdateFailTest","ExecutorUri":"executor://NUnit3TestExecutor","Source":"C:\\Users\\VC\\Desktop\\training\\day13\\ShoppingSolution\\ShoppingTest\\bin\\Debug\\net8.0\\fine-code-coverage\\build-output\\ShoppingTest.dll","CodeFilePath":null,"LineNumber":0,"Properties":[{"Key":{"Id":"NUnit.Seed","Label":"Seed","Category":"","Description":"","Attributes":0,"ValueType":"System.String"},"Value":"939415142"}]},"Attachments":[],"Outcome":2,"ErrorMessage":"  Expected: null\r\n  But was:  <System.Threading.Tasks.Task`1[ShoppingModelLibrary.Product]>\r\n","ErrorStackTrace":"   at ShoppingTest.ProductRepoTest.UpdateFailTest() in C:\\Users\\VC\\Desktop\\training\\day13\\ShoppingSolution\\ShoppingTest\\ProductRepoTest.cs:line 120\r\n\n1)    at ShoppingTest.ProductRepoTest.UpdateFailTest() in C:\\Users\\VC\\Desktop\\training\\day13\\ShoppingSolution\\ShoppingTest\\ProductRepoTest.cs:line 120\r\n\n","DisplayName":"UpdateFailTest","Messages":[],"ComputerName":"DESKTOP-RVR2IQF","Duration":"00:00:00.0004080","StartTime":"2024-04-27T15:59:08.4823988+00:00","EndTime":"2024-04-27T15:59:08.4828064+00:00","Properties":[{"Key":{"Id":"NUnit.Seed","Label":"Seed","Category":"","Description":"","Attributes":0,"ValueType":"System.String"},"Value":"939415142"}]},{"TestCase":{"Id":"9f1d75b4-c579-bbc7-dc65-1d7d5c2fca44","FullyQualifiedName":"ShoppingTest.ProductRepoTest.UpdateSuccessTest","DisplayName":"UpdateSuccessTest","ExecutorUri":"executor://NUnit3TestExecutor","Source":"C:\\Users\\VC\\Desktop\\training\\day13\\ShoppingSolution\\ShoppingTest\\bin\\Debug\\net8.0\\fine-code-coverage\\build-output\\ShoppingTest.dll","CodeFilePath":null,"LineNumber":0,"Properties":[{"Key":{"Id":"NUnit.Seed","Label":"Seed","Category":"","Description":"","Attributes":0,"ValueType":"System.String"},"Value":"169935417"}]},"Attachments":[],"Outcome":1,"ErrorMessage":null,"ErrorStackTrace":null,"DisplayName":"UpdateSuccessTest","Messages":[],"ComputerName":"DESKTOP-RVR2IQF","Duration":"00:00:00.0002050","StartTime":"2024-04-27T15:59:08.4828157+00:00","EndTime":"2024-04-27T15:59:08.4830201+00:00","Properties":[{"Key":{"Id":"NUnit.Seed","Label":"Seed","Category":"","Description":"","Attributes":0,"ValueType":"System.String"},"Value":"169935417"}]}],"TestRunStatistics":{"ExecutedTests":75,"Stats":{"Passed":45,"Failed":30}},"ActiveTests":[]},"RunAttachments":[],"ExecutorUris":["executor://nunit3testexecutor/"]}}
TpTrace Verbose: 0 : 6328, 13, 2024/04/27, 21:29:08.704, 16673931594614, vstest.console.dll, TestRequestSender.EndSession: Sending end session.
TpTrace Verbose: 0 : 6328, 13, 2024/04/27, 21:29:08.704, 16673931596403, vstest.console.dll, ProxyOperationManager.Close: waiting for test host to exit for 100 ms
TpTrace Verbose: 0 : 6328, 11, 2024/04/27, 21:29:08.737, 16673931921530, vstest.console.dll, TestHostManagerCallbacks.ctor: Experimental forwarding output is disabled.
TpTrace Warning: 0 : 6328, 11, 2024/04/27, 21:29:08.737, 16673931922659, vstest.console.dll, TestHostManagerCallbacks.ErrorReceivedCallback Test host standard error line: 
TpTrace Verbose: 0 : 6328, 11, 2024/04/27, 21:29:08.747, 16673932029974, vstest.console.dll, TestHostProvider.ExitCallBack: Host exited starting callback.
TpTrace Information: 0 : 6328, 11, 2024/04/27, 21:29:08.748, 16673932031406, vstest.console.dll, TestHostManagerCallbacks.ExitCallBack: Testhost processId: 24540 exited with exitcode: 0 error: ''
TpTrace Verbose: 0 : 6328, 11, 2024/04/27, 21:29:08.748, 16673932031748, vstest.console.dll, DotnetTestHostManager.OnHostExited: invoking OnHostExited callback
TpTrace Verbose: 0 : 6328, 11, 2024/04/27, 21:29:08.748, 16673932032257, vstest.console.dll, CrossPlatEngine.TestHostManagerHostExited: calling on client process exit callback.
TpTrace Information: 0 : 6328, 11, 2024/04/27, 21:29:08.748, 16673932032684, vstest.console.dll, TestRequestSender.OnClientProcessExit: Test host process exited. Standard error: 
TpTrace Information: 0 : 6328, 11, 2024/04/27, 21:29:08.748, 16673932032988, vstest.console.dll, SocketServer.Stop: Stop server endPoint: 127.0.0.1:52689
TpTrace Information: 0 : 6328, 11, 2024/04/27, 21:29:08.748, 16673932033218, vstest.console.dll, SocketServer.Stop: Cancellation requested. Stopping message loop.
TpTrace Verbose: 0 : 6328, 11, 2024/04/27, 21:29:08.748, 16673932033997, vstest.console.dll, MulticastDelegateUtilities.SafeInvoke: HostProviderEvents.OnHostExited: Invoking callback 1/1 for Microsoft.VisualStudio.TestPlatform.CrossPlatEngine.Client.ProxyOperationManager., took 0 ms.
TpTrace Information: 0 : 6328, 13, 2024/04/27, 21:29:08.748, 16673932034891, vstest.console.dll, SocketServer.Stop: Stop server endPoint: 127.0.0.1:52689
TpTrace Information: 0 : 6328, 13, 2024/04/27, 21:29:08.748, 16673932038255, vstest.console.dll, SocketServer.Stop: Cancellation requested. Stopping message loop.
TpTrace Information: 0 : 6328, 13, 2024/04/27, 21:29:08.748, 16673932038651, vstest.console.dll, Closing the connection
TpTrace Verbose: 0 : 6328, 13, 2024/04/27, 21:29:08.749, 16673932040436, vstest.console.dll, ProxyDataCollectionManager.InvokeDataCollectionServiceAction: Starting.
TpTrace Information: 0 : 6328, 13, 2024/04/27, 21:29:08.749, 16673932040807, vstest.console.dll, ProxyDataCollectionManager.AfterTestRunEnd: Get attachment set and invoked data collectors processId: 3120 port: 52684
TpTrace Verbose: 0 : 6328, 13, 2024/04/27, 21:29:08.749, 16673932041185, vstest.console.dll, DataCollectionRequestSender.SendAfterTestRunStartAndGetResult: Send AfterTestRunEnd message with isCancelled: False
TpTrace Verbose: 0 : 6328, 13, 2024/04/27, 21:29:08.755, 16673932100797, vstest.console.dll, DataCollectionRequestSender.SendAfterTestRunStartAndGetResult: Received message: (DataCollection.AfterTestRunEndResult) -> {"MessageType":"DataCollection.AfterTestRunEndResult","Payload":{"AttachmentSets":[],"InvokedDataCollectors":[{"Uri":"datacollector://Microsoft/TestPlatform/Extensions/Blame/v1","FriendlyName":"Blame","AssemblyQualifiedName":"Microsoft.TestPlatform.Extensions.BlameDataCollector.BlameCollector, Microsoft.TestPlatform.Extensions.BlameDataCollector, Version=15.0.0.0, Culture=neutral, PublicKeyToken=b03f5f7f11d50a3a","FilePath":"C:\\Program Files\\dotnet\\sdk\\8.0.202\\Extensions\\Microsoft.TestPlatform.Extensions.BlameDataCollector.dll","HasAttachmentProcessor":false}],"Metrics":{}}}
TpTrace Information: 0 : 6328, 13, 2024/04/27, 21:29:08.760, 16673932151197, vstest.console.dll, ProxyDataCollectionManager.InvokeDataCollectionServiceAction: Completed.
TpTrace Warning: 0 : 6328, 10, 2024/04/27, 21:29:08.788, 16673932430824, vstest.console.dll, DataCollectionLauncher.ErrorReceivedCallback datacollector standard error line: 
TpTrace Verbose: 0 : 6328, 13, 2024/04/27, 21:29:08.790, 16673932458889, vstest.console.dll, TestRunRequest:SendTestRunStatsChange: Starting.
TpTrace Verbose: 0 : 6328, 13, 2024/04/27, 21:29:08.790, 16673932460175, vstest.console.dll, MulticastDelegateUtilities.SafeInvoke: TestRun.RunStatsChanged: Invoking callbacks was skipped because there are no subscribers.
TpTrace Information: 0 : 6328, 13, 2024/04/27, 21:29:08.791, 16673932460630, vstest.console.dll, TestRunRequest:SendTestRunStatsChange: Completed.
TpTrace Verbose: 0 : 6328, 4, 2024/04/27, 21:29:08.791, 16673932461824, vstest.console.dll, MulticastDelegateUtilities.SafeInvoke: InternalTestLoggerEvents.SendTestResult: Invoking callback 1/1 for Microsoft.VisualStudio.TestPlatform.CommandLine.Internal.ConsoleLogger., took 0 ms.
TpTrace Verbose: 0 : 6328, 13, 2024/04/27, 21:29:08.791, 16673932463829, vstest.console.dll, ParallelProxyExecutionManager: HandlePartialRunComplete: Total workloads = 1, Total started clients = 1 Total completed clients = 1, Run complete = True, Run canceled: False.
TpTrace Verbose: 0 : 6328, 13, 2024/04/27, 21:29:08.791, 16673932464270, vstest.console.dll, ParallelProxyExecutionManager: HandlePartialRunComplete: All runs completed stopping all managers.
TpTrace Verbose: 0 : 6328, 13, 2024/04/27, 21:29:08.791, 16673932464624, vstest.console.dll, ParallelOperationManager.StopAllManagers: Stopping all managers.
TpTrace Verbose: 0 : 6328, 13, 2024/04/27, 21:29:08.791, 16673932465087, vstest.console.dll, ParallelOperationManager.ClearSlots: Clearing all slots. Slots should accept more work: False
TpTrace Verbose: 0 : 6328, 4, 2024/04/27, 21:29:08.791, 16673932465447, vstest.console.dll, MulticastDelegateUtilities.SafeInvoke: InternalTestLoggerEvents.SendTestResult: Invoking callback 1/1 for Microsoft.VisualStudio.TestPlatform.CommandLine.Internal.ConsoleLogger., took 0 ms.
TpTrace Verbose: 0 : 6328, 13, 2024/04/27, 21:29:08.791, 16673932465606, vstest.console.dll, ParallelOperationManager.SetOccupiedSlotCount: Setting slot counts AvailableSlotCount = 1, OccupiedSlotCount = 0.
TpTrace Verbose: 0 : 6328, 4, 2024/04/27, 21:29:08.791, 16673932467406, vstest.console.dll, MulticastDelegateUtilities.SafeInvoke: InternalTestLoggerEvents.SendTestResult: Invoking callback 1/1 for Microsoft.VisualStudio.TestPlatform.CommandLine.Internal.ConsoleLogger., took 0 ms.
TpTrace Verbose: 0 : 6328, 13, 2024/04/27, 21:29:08.791, 16673932469901, vstest.console.dll, Occupied slots:

TpTrace Information: 0 : 6328, 10, 2024/04/27, 21:29:08.796, 16673932512356, vstest.console.dll, DataCollectionLauncher.ExitCallBack: Data collector exited with exitcode: 0 error: ''
TpTrace Verbose: 0 : 6328, 4, 2024/04/27, 21:29:08.798, 16673932535905, vstest.console.dll, MulticastDelegateUtilities.SafeInvoke: InternalTestLoggerEvents.SendTestRunComplete: Invoking callback 1/2 for Microsoft.TestPlatform.Extensions.BlameDataCollector.BlameLogger., took 0 ms.
TpTrace Verbose: 0 : 6328, 4, 2024/04/27, 21:29:08.803, 16673932586807, vstest.console.dll, MulticastDelegateUtilities.SafeInvoke: InternalTestLoggerEvents.SendTestRunComplete: Invoking callback 2/2 for Microsoft.VisualStudio.TestPlatform.CommandLine.Internal.ConsoleLogger., took 5 ms.
TpTrace Verbose: 0 : 6328, 13, 2024/04/27, 21:29:08.804, 16673932590668, vstest.console.dll, TestRunRequest:TestRunComplete: Starting. IsAborted:False IsCanceled:False.
TpTrace Verbose: 0 : 6328, 13, 2024/04/27, 21:29:08.804, 16673932592464, vstest.console.dll, ParallelOperationManager.DoActionOnAllManagers: Calling an action on all managers.
TpTrace Verbose: 0 : 6328, 13, 2024/04/27, 21:29:08.804, 16673932599944, vstest.console.dll, TestLoggerManager.HandleTestRunComplete: Ignoring as the object is disposed.
TpTrace Verbose: 0 : 6328, 13, 2024/04/27, 21:29:08.805, 16673932601769, vstest.console.dll, MulticastDelegateUtilities.SafeInvoke: TestRun.TestRunComplete: Invoking callback 1/2 for Microsoft.VisualStudio.TestPlatform.CommandLine.TestRunResultAggregator., took 0 ms.
TpTrace Verbose: 0 : 6328, 13, 2024/04/27, 21:29:08.805, 16673932602828, vstest.console.dll, MulticastDelegateUtilities.SafeInvoke: TestRun.TestRunComplete: Invoking callback 2/2 for Microsoft.VisualStudio.TestPlatform.CommandLine.Processors.RunTestsArgumentExecutor+TestRunRequestEventsRegistrar., took 0 ms.
TpTrace Information: 0 : 6328, 13, 2024/04/27, 21:29:08.805, 16673932603785, vstest.console.dll, TestRunRequest:TestRunComplete: Completed.
TpTrace Verbose: 0 : 6328, 13, 2024/04/27, 21:29:08.805, 16673932604121, vstest.console.dll, TestRequestSender.SetOperationComplete: Setting operation complete.
TpTrace Verbose: 0 : 6328, 1, 2024/04/27, 21:29:08.805, 16673932604062, vstest.console.dll, TestRunRequest.Dispose: Starting.
TpTrace Information: 0 : 6328, 13, 2024/04/27, 21:29:08.810, 16673932650674, vstest.console.dll, SocketServer.Stop: Stop server endPoint: 127.0.0.1:52689
TpTrace Information: 0 : 6328, 1, 2024/04/27, 21:29:08.810, 16673932653024, vstest.console.dll, TestRunRequest.Dispose: Completed.
TpTrace Information: 0 : 6328, 13, 2024/04/27, 21:29:08.810, 16673932653791, vstest.console.dll, SocketServer.Stop: Cancellation requested. Stopping message loop.
TpTrace Verbose: 0 : 6328, 13, 2024/04/27, 21:29:08.810, 16673932654364, vstest.console.dll, MulticastDelegateUtilities.SafeInvoke: LengthPrefixCommunicationChannel: MessageReceived: Invoking callback 1/1 for Microsoft.VisualStudio.TestPlatform.CommunicationUtilities.TestRequestSender+<>c__DisplayClass34_0., took 106 ms.
TpTrace Information: 0 : 6328, 1, 2024/04/27, 21:29:08.810, 16673932653900, vstest.console.dll, TestRequestManager.RunTests: run tests completed.
TpTrace Information: 0 : 6328, 13, 2024/04/27, 21:29:08.810, 16673932654983, vstest.console.dll, SocketServer.PrivateStop: Stopping server endPoint: 127.0.0.1:52689 error: 
TpTrace Information: 0 : 6328, 1, 2024/04/27, 21:29:08.810, 16673932656011, vstest.console.dll, RunTestsArgumentProcessor:Execute: Test run is completed.
TpTrace Verbose: 0 : 6328, 1, 2024/04/27, 21:29:08.810, 16673932658569, vstest.console.dll, Executor.Execute: Exiting with exit code of 1
TpTrace Verbose: 0 : 6328, 13, 2024/04/27, 21:29:08.810, 16673932659199, vstest.console.dll, LengthPrefixCommunicationChannel.Dispose: Dispose reader and writer.
TpTrace Information: 0 : 6328, 13, 2024/04/27, 21:29:08.810, 16673932660028, vstest.console.dll, SocketServer.Stop: Raise disconnected event endPoint: 127.0.0.1:52689 error: 
TpTrace Verbose: 0 : 6328, 13, 2024/04/27, 21:29:08.811, 16673932661086, vstest.console.dll, TestRequestSender: OnTestRunAbort: Operation is already complete. Skip error message.
TpTrace Verbose: 0 : 6328, 13, 2024/04/27, 21:29:08.811, 16673932661653, vstest.console.dll, MulticastDelegateUtilities.SafeInvoke: SocketServer: ClientDisconnected: Invoking callback 1/1 for Microsoft.VisualStudio.TestPlatform.CommunicationUtilities.TestRequestSender., took 0 ms.
TpTrace Verbose: 0 : 6328, 13, 2024/04/27, 21:29:08.811, 16673932662078, vstest.console.dll, TcpClientExtensions.MessageLoopAsync: exiting MessageLoopAsync remoteEndPoint: 127.0.0.1:52690 localEndPoint: 127.0.0.1:52689
