TpTrace Verbose: 0 : 28788, 1, 2024/04/23, 12:53:40.915, 13070316410511, vstest.console.dll, Version: 17.9.0-release-24072-02 Current process architecture: X64
TpTrace Verbose: 0 : 28788, 1, 2024/04/23, 12:53:40.920, 13070316461561, vstest.console.dll, Runtime location: C:\Program Files\dotnet\shared\Microsoft.NETCore.App\8.0.3
TpTrace Verbose: 0 : 28788, 1, 2024/04/23, 12:53:40.922, 13070316488448, vstest.console.dll, ArtifactProcessingPostProcessModeProcessorExecutor.Initialize: ArtifactProcessingMode.Collect
TpTrace Verbose: 0 : 28788, 1, 2024/04/23, 12:53:40.923, 13070316490441, vstest.console.dll, TestSessionCorrelationIdProcessorModeProcessorExecutor.Initialize: TestSessionCorrelationId '13088_3132f42d-dd74-42f3-8700-84cd4adf98f4'
TpTrace Information: 0 : 28788, 1, 2024/04/23, 12:53:40.933, 13070316590115, vstest.console.dll, FilePatternParser: The given file C:\Users\VC\Desktop\training\day10\DoctorPatienceSolution\DoctorPatienceBLTest\bin\Debug\net8.0\fine-code-coverage\build-output\DoctorPatienceBLTest.dll is a full path.
TpTrace Verbose: 0 : 28788, 1, 2024/04/23, 12:53:40.939, 13070316650796, vstest.console.dll, TestPluginCache.DiscoverTestExtensions: finding test extensions in assemblies ends with: RuntimeProvider.dll TPluginInfo: Microsoft.VisualStudio.TestPlatform.Common.ExtensionFramework.Utilities.TestRuntimePluginInformation TExtension: Microsoft.VisualStudio.TestPlatform.ObjectModel.Host.ITestRuntimeProvider
TpTrace Verbose: 0 : 28788, 1, 2024/04/23, 12:53:40.939, 13070316655003, vstest.console.dll, TestPluginCache.GetExtensionPaths: Filtered extension paths: 
TpTrace Verbose: 0 : 28788, 1, 2024/04/23, 12:53:40.939, 13070316655854, vstest.console.dll, TestPluginCache.GetExtensionPaths: Added default extension paths: C:\Program Files\dotnet\sdk\8.0.202\Extensions\Microsoft.Diagnostics.NETCore.Client.dll
C:\Program Files\dotnet\sdk\8.0.202\Extensions\Microsoft.TestPlatform.Extensions.BlameDataCollector.dll
C:\Program Files\dotnet\sdk\8.0.202\Extensions\Microsoft.TestPlatform.Extensions.EventLogCollector.dll
C:\Program Files\dotnet\sdk\8.0.202\Extensions\Microsoft.TestPlatform.TestHostRuntimeProvider.dll
C:\Program Files\dotnet\sdk\8.0.202\Extensions\Microsoft.VisualStudio.TestPlatform.Extensions.Html.TestLogger.dll
C:\Program Files\dotnet\sdk\8.0.202\Extensions\Microsoft.VisualStudio.TestPlatform.Extensions.Trx.TestLogger.dll
TpTrace Verbose: 0 : 28788, 1, 2024/04/23, 12:53:40.939, 13070316656197, vstest.console.dll, TestPluginCache.GetExtensionPaths: Added unfilterableExtensionPaths: 
TpTrace Information: 0 : 28788, 1, 2024/04/23, 12:53:40.940, 13070316663136, vstest.console.dll, AssemblyResolver.ctor: Creating AssemblyResolver with searchDirectories C:\Program Files\dotnet\sdk\8.0.202\Extensions,C:\Program Files\dotnet\sdk\8.0.202
TpTrace Verbose: 0 : 28788, 1, 2024/04/23, 12:53:40.942, 13070316681434, vstest.console.dll, TestPluginCache.DiscoverTestExtensions: Discovering the extensions using extension path.
TpTrace Verbose: 0 : 28788, 1, 2024/04/23, 12:53:40.942, 13070316683015, vstest.console.dll, TestPluginCache.GetExtensionPaths: Filtered extension paths: 
TpTrace Verbose: 0 : 28788, 1, 2024/04/23, 12:53:40.942, 13070316683363, vstest.console.dll, TestPluginCache.GetExtensionPaths: Added default extension paths: C:\Program Files\dotnet\sdk\8.0.202\Extensions\Microsoft.Diagnostics.NETCore.Client.dll
C:\Program Files\dotnet\sdk\8.0.202\Extensions\Microsoft.TestPlatform.Extensions.BlameDataCollector.dll
C:\Program Files\dotnet\sdk\8.0.202\Extensions\Microsoft.TestPlatform.Extensions.EventLogCollector.dll
C:\Program Files\dotnet\sdk\8.0.202\Extensions\Microsoft.TestPlatform.TestHostRuntimeProvider.dll
C:\Program Files\dotnet\sdk\8.0.202\Extensions\Microsoft.VisualStudio.TestPlatform.Extensions.Html.TestLogger.dll
C:\Program Files\dotnet\sdk\8.0.202\Extensions\Microsoft.VisualStudio.TestPlatform.Extensions.Trx.TestLogger.dll
TpTrace Verbose: 0 : 28788, 1, 2024/04/23, 12:53:40.942, 13070316683686, vstest.console.dll, TestPluginCache.GetExtensionPaths: Added unfilterableExtensionPaths: 
TpTrace Verbose: 0 : 28788, 1, 2024/04/23, 12:53:40.942, 13070316685480, vstest.console.dll, TestPluginCache.DiscoverTestExtensions: Discovering the extensions using allExtensionPaths: C:\Program Files\dotnet\sdk\8.0.202\Extensions\Microsoft.Diagnostics.NETCore.Client.dll
C:\Program Files\dotnet\sdk\8.0.202\Extensions\Microsoft.TestPlatform.Extensions.BlameDataCollector.dll
C:\Program Files\dotnet\sdk\8.0.202\Extensions\Microsoft.TestPlatform.Extensions.EventLogCollector.dll
C:\Program Files\dotnet\sdk\8.0.202\Extensions\Microsoft.TestPlatform.TestHostRuntimeProvider.dll
C:\Program Files\dotnet\sdk\8.0.202\Extensions\Microsoft.VisualStudio.TestPlatform.Extensions.Html.TestLogger.dll
C:\Program Files\dotnet\sdk\8.0.202\Extensions\Microsoft.VisualStudio.TestPlatform.Extensions.Trx.TestLogger.dll
TpTrace Information: 0 : 28788, 1, 2024/04/23, 12:53:40.942, 13070316686964, vstest.console.dll, AssemblyResolver.AddSearchDirectories: Adding more searchDirectories C:\Program Files\dotnet\sdk\8.0.202\Extensions,C:\Program Files\dotnet\sdk\8.0.202
TpTrace Information: 0 : 28788, 1, 2024/04/23, 12:53:40.942, 13070316688046, vstest.console.dll, AssemblyResolver.AddSearchDirectories: Adding more searchDirectories C:\Program Files\dotnet\sdk\8.0.202\Extensions,C:\Program Files\dotnet\sdk\8.0.202
TpTrace Information: 0 : 28788, 1, 2024/04/23, 12:53:40.942, 13070316688492, vstest.console.dll, AssemblyResolver.AddSearchDirectories: Adding more searchDirectories C:\Program Files\dotnet\sdk\8.0.202\Extensions,C:\Program Files\dotnet\sdk\8.0.202
TpTrace Information: 0 : 28788, 1, 2024/04/23, 12:53:40.942, 13070316689043, vstest.console.dll, AssemblyResolver.AddSearchDirectories: Adding more searchDirectories C:\Program Files\dotnet\sdk\8.0.202\Extensions,C:\Program Files\dotnet\sdk\8.0.202
TpTrace Information: 0 : 28788, 1, 2024/04/23, 12:53:40.942, 13070316689496, vstest.console.dll, AssemblyResolver.AddSearchDirectories: Adding more searchDirectories C:\Program Files\dotnet\sdk\8.0.202\Extensions,C:\Program Files\dotnet\sdk\8.0.202
TpTrace Information: 0 : 28788, 1, 2024/04/23, 12:53:40.943, 13070316690724, vstest.console.dll, AssemblyResolver.AddSearchDirectories: Adding more searchDirectories C:\Program Files\dotnet\sdk\8.0.202\Extensions,C:\Program Files\dotnet\sdk\8.0.202
TpTrace Information: 0 : 28788, 1, 2024/04/23, 12:53:40.944, 13070316700706, vstest.console.dll, AssemblyResolver.OnResolve: Microsoft.Diagnostics.NETCore.Client: Resolving assembly.
TpTrace Information: 0 : 28788, 1, 2024/04/23, 12:53:40.944, 13070316701632, vstest.console.dll, AssemblyResolver.OnResolve: Microsoft.Diagnostics.NETCore.Client: Searching in: 'C:\Program Files\dotnet\sdk\8.0.202\Extensions'.
TpTrace Information: 0 : 28788, 1, 2024/04/23, 12:53:40.951, 13070316771998, vstest.console.dll, AssemblyResolver.OnResolve: Microsoft.Diagnostics.NETCore.Client: Loading assembly 'C:\Program Files\dotnet\sdk\8.0.202\Extensions\Microsoft.Diagnostics.NETCore.Client.dll'.
TpTrace Information: 0 : 28788, 1, 2024/04/23, 12:53:40.951, 13070316779027, vstest.console.dll, AssemblyResolver.OnResolve: Resolved assembly: Microsoft.Diagnostics.NETCore.Client, from path: C:\Program Files\dotnet\sdk\8.0.202\Extensions\Microsoft.Diagnostics.NETCore.Client.dll
TpTrace Verbose: 0 : 28788, 1, 2024/04/23, 12:53:40.955, 13070316817904, vstest.console.dll, MetadataReaderExtensionsHelper: Discovering extensions inside assembly 'Microsoft.Diagnostics.NETCore.Client, Version=0.2.9.2401, Culture=neutral, PublicKeyToken=31bf3856ad364e35' file path 'C:\Program Files\dotnet\sdk\8.0.202\Extensions\Microsoft.Diagnostics.NETCore.Client.dll'
TpTrace Information: 0 : 28788, 1, 2024/04/23, 12:53:40.960, 13070316863331, vstest.console.dll, AssemblyResolver.OnResolve: Microsoft.Bcl.AsyncInterfaces: Resolving assembly.
TpTrace Information: 0 : 28788, 1, 2024/04/23, 12:53:40.960, 13070316864287, vstest.console.dll, AssemblyResolver.OnResolve: Microsoft.Bcl.AsyncInterfaces: Searching in: 'C:\Program Files\dotnet\sdk\8.0.202\Extensions'.
TpTrace Information: 0 : 28788, 1, 2024/04/23, 12:53:40.960, 13070316864961, vstest.console.dll, AssemblyResolver.OnResolve: Microsoft.Bcl.AsyncInterfaces: Assembly path does not exist: 'C:\Program Files\dotnet\sdk\8.0.202\Extensions\Microsoft.Bcl.AsyncInterfaces.dll', returning.
TpTrace Information: 0 : 28788, 1, 2024/04/23, 12:53:40.960, 13070316865714, vstest.console.dll, AssemblyResolver.OnResolve: Microsoft.Bcl.AsyncInterfaces: Assembly path does not exist: 'C:\Program Files\dotnet\sdk\8.0.202\Extensions\Microsoft.Bcl.AsyncInterfaces.exe', returning.
TpTrace Information: 0 : 28788, 1, 2024/04/23, 12:53:40.960, 13070316866016, vstest.console.dll, AssemblyResolver.OnResolve: Microsoft.Bcl.AsyncInterfaces: Searching in: 'C:\Program Files\dotnet\sdk\8.0.202'.
TpTrace Information: 0 : 28788, 1, 2024/04/23, 12:53:40.960, 13070316866431, vstest.console.dll, AssemblyResolver.OnResolve: Microsoft.Bcl.AsyncInterfaces: Assembly path does not exist: 'C:\Program Files\dotnet\sdk\8.0.202\Microsoft.Bcl.AsyncInterfaces.dll', returning.
TpTrace Information: 0 : 28788, 1, 2024/04/23, 12:53:40.960, 13070316867451, vstest.console.dll, AssemblyResolver.OnResolve: Microsoft.Bcl.AsyncInterfaces: Assembly path does not exist: 'C:\Program Files\dotnet\sdk\8.0.202\Microsoft.Bcl.AsyncInterfaces.exe', returning.
TpTrace Information: 0 : 28788, 1, 2024/04/23, 12:53:40.960, 13070316867701, vstest.console.dll, AssemblyResolver.OnResolve: Microsoft.Bcl.AsyncInterfaces: Failed to load assembly.
TpTrace Verbose: 0 : 28788, 1, 2024/04/23, 12:53:40.960, 13070316868543, vstest.console.dll, CurrentDomainAssemblyResolve: Resolving assembly 'Microsoft.Bcl.AsyncInterfaces'.
TpTrace Information: 0 : 28788, 1, 2024/04/23, 12:53:40.960, 13070316869505, vstest.console.dll, AssemblyResolver.OnResolve: Microsoft.Bcl.AsyncInterfaces: Resolving assembly.
TpTrace Information: 0 : 28788, 1, 2024/04/23, 12:53:40.961, 13070316869822, vstest.console.dll, AssemblyResolver.OnResolve: Microsoft.Bcl.AsyncInterfaces: Resolved from cache.
TpTrace Verbose: 0 : 28788, 1, 2024/04/23, 12:53:40.961, 13070316870023, vstest.console.dll, CurrentDomainAssemblyResolve: Resolving assembly 'Microsoft.Bcl.AsyncInterfaces'.
TpTrace Verbose: 0 : 28788, 1, 2024/04/23, 12:53:40.961, 13070316870274, vstest.console.dll, CurrentDomainAssemblyResolve: Failed to resolve assembly 'Microsoft.Bcl.AsyncInterfaces'.
TpTrace Verbose: 0 : 28788, 1, 2024/04/23, 12:53:40.961, 13070316875767, vstest.console.dll, CurrentDomainAssemblyResolve: Failed to resolve assembly 'Microsoft.Bcl.AsyncInterfaces'.
TpTrace Warning: 0 : 28788, 1, 2024/04/23, 12:53:40.971, 13070316973415, vstest.console.dll, TestPluginDiscoverer: Failed to get types from assembly 'Microsoft.Diagnostics.NETCore.Client, Version=0.2.9.2401, Culture=neutral, PublicKeyToken=31bf3856ad364e35'. Error: System.Reflection.ReflectionTypeLoadException: Unable to load one or more of the requested types.
Could not load file or assembly 'Microsoft.Bcl.AsyncInterfaces, Version=6.0.0.0, Culture=neutral, PublicKeyToken=cc7b13ffcd2ddd51'. The system cannot find the file specified.
   at System.Reflection.RuntimeModule.GetTypes(RuntimeModule module)
   at System.Reflection.RuntimeModule.GetTypes()
   at Microsoft.VisualStudio.TestPlatform.Common.ExtensionFramework.TestPluginDiscoverer.GetTestExtensionsFromAssembly[TPluginInfo,TExtension](Assembly assembly, Dictionary`2 pluginInfos, String filePath) in /_/src/Microsoft.TestPlatform.Common/ExtensionFramework/TestPluginDiscoverer.cs:line 158
System.IO.FileNotFoundException: Could not load file or assembly 'Microsoft.Bcl.AsyncInterfaces, Version=6.0.0.0, Culture=neutral, PublicKeyToken=cc7b13ffcd2ddd51'. The system cannot find the file specified.
File name: 'Microsoft.Bcl.AsyncInterfaces, Version=6.0.0.0, Culture=neutral, PublicKeyToken=cc7b13ffcd2ddd51'
 ---> System.IO.FileNotFoundException: Could not load file or assembly 'Microsoft.Bcl.AsyncInterfaces, Culture=neutral, PublicKeyToken=null'. The system cannot find the file specified.
File name: 'Microsoft.Bcl.AsyncInterfaces, Culture=neutral, PublicKeyToken=null'
   at System.Reflection.RuntimeAssembly.InternalLoad(AssemblyName assemblyName, StackCrawlMark& stackMark, AssemblyLoadContext assemblyLoadContext, RuntimeAssembly requestingAssembly, Boolean throwOnFileNotFound)
   at System.Reflection.Assembly.Load(AssemblyName assemblyRef)
   at Microsoft.VisualStudio.TestPlatform.Common.ExtensionFramework.TestPluginCache.CurrentDomainAssemblyResolve(Object sender, AssemblyResolveEventArgs args) in /_/src/Microsoft.TestPlatform.Common/ExtensionFramework/TestPluginCache.cs:line 513
   at System.Runtime.Loader.AssemblyLoadContext.GetFirstResolvedAssemblyFromResolvingEvent(AssemblyName assemblyName)
   at System.Runtime.Loader.AssemblyLoadContext.ResolveUsingEvent(AssemblyName assemblyName)
   at System.Runtime.Loader.AssemblyLoadContext.ResolveUsingResolvingEvent(IntPtr gchManagedAssemblyLoadContext, AssemblyName assemblyName)
TpTrace Warning: 0 : 28788, 1, 2024/04/23, 12:53:40.971, 13070316978310, vstest.console.dll, LoaderExceptions: System.IO.FileNotFoundException: Could not load file or assembly 'Microsoft.Bcl.AsyncInterfaces, Version=6.0.0.0, Culture=neutral, PublicKeyToken=cc7b13ffcd2ddd51'. The system cannot find the file specified.
File name: 'Microsoft.Bcl.AsyncInterfaces, Version=6.0.0.0, Culture=neutral, PublicKeyToken=cc7b13ffcd2ddd51'
 ---> System.IO.FileNotFoundException: Could not load file or assembly 'Microsoft.Bcl.AsyncInterfaces, Culture=neutral, PublicKeyToken=null'. The system cannot find the file specified.
File name: 'Microsoft.Bcl.AsyncInterfaces, Culture=neutral, PublicKeyToken=null'
   at System.Reflection.RuntimeAssembly.InternalLoad(AssemblyName assemblyName, StackCrawlMark& stackMark, AssemblyLoadContext assemblyLoadContext, RuntimeAssembly requestingAssembly, Boolean throwOnFileNotFound)
   at System.Reflection.Assembly.Load(AssemblyName assemblyRef)
   at Microsoft.VisualStudio.TestPlatform.Common.ExtensionFramework.TestPluginCache.CurrentDomainAssemblyResolve(Object sender, AssemblyResolveEventArgs args) in /_/src/Microsoft.TestPlatform.Common/ExtensionFramework/TestPluginCache.cs:line 513
   at System.Runtime.Loader.AssemblyLoadContext.GetFirstResolvedAssemblyFromResolvingEvent(AssemblyName assemblyName)
   at System.Runtime.Loader.AssemblyLoadContext.ResolveUsingEvent(AssemblyName assemblyName)
   at System.Runtime.Loader.AssemblyLoadContext.ResolveUsingResolvingEvent(IntPtr gchManagedAssemblyLoadContext, AssemblyName assemblyName)
TpTrace Information: 0 : 28788, 1, 2024/04/23, 12:53:40.971, 13070316979603, vstest.console.dll, AssemblyResolver.OnResolve: Microsoft.TestPlatform.Extensions.BlameDataCollector: Resolving assembly.
TpTrace Information: 0 : 28788, 1, 2024/04/23, 12:53:40.972, 13070316979931, vstest.console.dll, AssemblyResolver.OnResolve: Microsoft.TestPlatform.Extensions.BlameDataCollector: Searching in: 'C:\Program Files\dotnet\sdk\8.0.202\Extensions'.
TpTrace Information: 0 : 28788, 1, 2024/04/23, 12:53:40.972, 13070316982895, vstest.console.dll, AssemblyResolver.OnResolve: Microsoft.TestPlatform.Extensions.BlameDataCollector: Loading assembly 'C:\Program Files\dotnet\sdk\8.0.202\Extensions\Microsoft.TestPlatform.Extensions.BlameDataCollector.dll'.
TpTrace Information: 0 : 28788, 1, 2024/04/23, 12:53:40.972, 13070316988977, vstest.console.dll, AssemblyResolver.OnResolve: Resolved assembly: Microsoft.TestPlatform.Extensions.BlameDataCollector, from path: C:\Program Files\dotnet\sdk\8.0.202\Extensions\Microsoft.TestPlatform.Extensions.BlameDataCollector.dll
TpTrace Verbose: 0 : 28788, 1, 2024/04/23, 12:53:40.972, 13070316989544, vstest.console.dll, MetadataReaderExtensionsHelper: Discovering extensions inside assembly 'Microsoft.TestPlatform.Extensions.BlameDataCollector, Version=15.0.0.0, Culture=neutral, PublicKeyToken=b03f5f7f11d50a3a' file path 'C:\Program Files\dotnet\sdk\8.0.202\Extensions\Microsoft.TestPlatform.Extensions.BlameDataCollector.dll'
TpTrace Information: 0 : 28788, 1, 2024/04/23, 12:53:40.973, 13070316999278, vstest.console.dll, AssemblyResolver.OnResolve: Microsoft.TestPlatform.Extensions.EventLogCollector: Resolving assembly.
TpTrace Information: 0 : 28788, 1, 2024/04/23, 12:53:40.974, 13070317000203, vstest.console.dll, AssemblyResolver.OnResolve: Microsoft.TestPlatform.Extensions.EventLogCollector: Searching in: 'C:\Program Files\dotnet\sdk\8.0.202\Extensions'.
TpTrace Information: 0 : 28788, 1, 2024/04/23, 12:53:40.974, 13070317002219, vstest.console.dll, AssemblyResolver.OnResolve: Microsoft.TestPlatform.Extensions.EventLogCollector: Loading assembly 'C:\Program Files\dotnet\sdk\8.0.202\Extensions\Microsoft.TestPlatform.Extensions.EventLogCollector.dll'.
TpTrace Information: 0 : 28788, 1, 2024/04/23, 12:53:40.974, 13070317007317, vstest.console.dll, AssemblyResolver.OnResolve: Resolved assembly: Microsoft.TestPlatform.Extensions.EventLogCollector, from path: C:\Program Files\dotnet\sdk\8.0.202\Extensions\Microsoft.TestPlatform.Extensions.EventLogCollector.dll
TpTrace Verbose: 0 : 28788, 1, 2024/04/23, 12:53:40.974, 13070317007799, vstest.console.dll, MetadataReaderExtensionsHelper: Discovering extensions inside assembly 'Microsoft.TestPlatform.Extensions.EventLogCollector, Version=15.0.0.0, Culture=neutral, PublicKeyToken=b03f5f7f11d50a3a' file path 'C:\Program Files\dotnet\sdk\8.0.202\Extensions\Microsoft.TestPlatform.Extensions.EventLogCollector.dll'
TpTrace Information: 0 : 28788, 1, 2024/04/23, 12:53:40.976, 13070317028755, vstest.console.dll, AssemblyResolver.OnResolve: Microsoft.TestPlatform.TestHostRuntimeProvider: Resolving assembly.
TpTrace Information: 0 : 28788, 1, 2024/04/23, 12:53:40.977, 13070317029688, vstest.console.dll, AssemblyResolver.OnResolve: Microsoft.TestPlatform.TestHostRuntimeProvider: Searching in: 'C:\Program Files\dotnet\sdk\8.0.202\Extensions'.
TpTrace Information: 0 : 28788, 1, 2024/04/23, 12:53:40.977, 13070317032581, vstest.console.dll, AssemblyResolver.OnResolve: Microsoft.TestPlatform.TestHostRuntimeProvider: Loading assembly 'C:\Program Files\dotnet\sdk\8.0.202\Extensions\Microsoft.TestPlatform.TestHostRuntimeProvider.dll'.
TpTrace Information: 0 : 28788, 1, 2024/04/23, 12:53:40.977, 13070317039532, vstest.console.dll, AssemblyResolver.OnResolve: Resolved assembly: Microsoft.TestPlatform.TestHostRuntimeProvider, from path: C:\Program Files\dotnet\sdk\8.0.202\Extensions\Microsoft.TestPlatform.TestHostRuntimeProvider.dll
TpTrace Verbose: 0 : 28788, 1, 2024/04/23, 12:53:40.978, 13070317040114, vstest.console.dll, MetadataReaderExtensionsHelper: Discovering extensions inside assembly 'Microsoft.TestPlatform.TestHostRuntimeProvider, Version=15.0.0.0, Culture=neutral, PublicKeyToken=b03f5f7f11d50a3a' file path 'C:\Program Files\dotnet\sdk\8.0.202\Extensions\Microsoft.TestPlatform.TestHostRuntimeProvider.dll'
TpTrace Information: 0 : 28788, 1, 2024/04/23, 12:53:40.979, 13070317051773, vstest.console.dll, GetTestExtensionFromType: Register extension with identifier data 'HostProvider://DefaultTestHost' and type 'Microsoft.VisualStudio.TestPlatform.CrossPlatEngine.Hosting.DefaultTestHostManager, Microsoft.TestPlatform.TestHostRuntimeProvider, Version=15.0.0.0, Culture=neutral, PublicKeyToken=b03f5f7f11d50a3a' inside file 'C:\Program Files\dotnet\sdk\8.0.202\Extensions\Microsoft.TestPlatform.TestHostRuntimeProvider.dll'
TpTrace Information: 0 : 28788, 1, 2024/04/23, 12:53:40.979, 13070317054456, vstest.console.dll, GetTestExtensionFromType: Register extension with identifier data 'HostProvider://DotnetTestHost' and type 'Microsoft.VisualStudio.TestPlatform.CrossPlatEngine.Hosting.DotnetTestHostManager, Microsoft.TestPlatform.TestHostRuntimeProvider, Version=15.0.0.0, Culture=neutral, PublicKeyToken=b03f5f7f11d50a3a' inside file 'C:\Program Files\dotnet\sdk\8.0.202\Extensions\Microsoft.TestPlatform.TestHostRuntimeProvider.dll'
TpTrace Information: 0 : 28788, 1, 2024/04/23, 12:53:40.979, 13070317056076, vstest.console.dll, AssemblyResolver.OnResolve: Microsoft.VisualStudio.TestPlatform.Extensions.Html.TestLogger: Resolving assembly.
TpTrace Information: 0 : 28788, 1, 2024/04/23, 12:53:40.979, 13070317056862, vstest.console.dll, AssemblyResolver.OnResolve: Microsoft.VisualStudio.TestPlatform.Extensions.Html.TestLogger: Searching in: 'C:\Program Files\dotnet\sdk\8.0.202\Extensions'.
TpTrace Information: 0 : 28788, 1, 2024/04/23, 12:53:40.980, 13070317062622, vstest.console.dll, AssemblyResolver.OnResolve: Microsoft.VisualStudio.TestPlatform.Extensions.Html.TestLogger: Loading assembly 'C:\Program Files\dotnet\sdk\8.0.202\Extensions\Microsoft.VisualStudio.TestPlatform.Extensions.Html.TestLogger.dll'.
TpTrace Information: 0 : 28788, 1, 2024/04/23, 12:53:40.981, 13070317071603, vstest.console.dll, AssemblyResolver.OnResolve: Resolved assembly: Microsoft.VisualStudio.TestPlatform.Extensions.Html.TestLogger, from path: C:\Program Files\dotnet\sdk\8.0.202\Extensions\Microsoft.VisualStudio.TestPlatform.Extensions.Html.TestLogger.dll
TpTrace Verbose: 0 : 28788, 1, 2024/04/23, 12:53:40.981, 13070317072550, vstest.console.dll, MetadataReaderExtensionsHelper: Discovering extensions inside assembly 'Microsoft.VisualStudio.TestPlatform.Extensions.Html.TestLogger, Version=15.0.0.0, Culture=neutral, PublicKeyToken=b03f5f7f11d50a3a' file path 'C:\Program Files\dotnet\sdk\8.0.202\Extensions\Microsoft.VisualStudio.TestPlatform.Extensions.Html.TestLogger.dll'
TpTrace Information: 0 : 28788, 1, 2024/04/23, 12:53:40.982, 13070317081638, vstest.console.dll, AssemblyResolver.OnResolve: Microsoft.VisualStudio.TestPlatform.Extensions.Trx.TestLogger: Resolving assembly.
TpTrace Information: 0 : 28788, 1, 2024/04/23, 12:53:40.982, 13070317082197, vstest.console.dll, AssemblyResolver.OnResolve: Microsoft.VisualStudio.TestPlatform.Extensions.Trx.TestLogger: Searching in: 'C:\Program Files\dotnet\sdk\8.0.202\Extensions'.
TpTrace Information: 0 : 28788, 1, 2024/04/23, 12:53:40.982, 13070317085001, vstest.console.dll, AssemblyResolver.OnResolve: Microsoft.VisualStudio.TestPlatform.Extensions.Trx.TestLogger: Loading assembly 'C:\Program Files\dotnet\sdk\8.0.202\Extensions\Microsoft.VisualStudio.TestPlatform.Extensions.Trx.TestLogger.dll'.
TpTrace Information: 0 : 28788, 1, 2024/04/23, 12:53:40.983, 13070317089831, vstest.console.dll, AssemblyResolver.OnResolve: Resolved assembly: Microsoft.VisualStudio.TestPlatform.Extensions.Trx.TestLogger, from path: C:\Program Files\dotnet\sdk\8.0.202\Extensions\Microsoft.VisualStudio.TestPlatform.Extensions.Trx.TestLogger.dll
TpTrace Verbose: 0 : 28788, 1, 2024/04/23, 12:53:40.983, 13070317090365, vstest.console.dll, MetadataReaderExtensionsHelper: Discovering extensions inside assembly 'Microsoft.VisualStudio.TestPlatform.Extensions.Trx.TestLogger, Version=15.0.0.0, Culture=neutral, PublicKeyToken=b03f5f7f11d50a3a' file path 'C:\Program Files\dotnet\sdk\8.0.202\Extensions\Microsoft.VisualStudio.TestPlatform.Extensions.Trx.TestLogger.dll'
TpTrace Verbose: 0 : 28788, 1, 2024/04/23, 12:53:40.983, 13070317098420, vstest.console.dll, TestPluginCache: Discovered the extensions using extension path ''.
TpTrace Verbose: 0 : 28788, 1, 2024/04/23, 12:53:40.983, 13070317099035, vstest.console.dll, TestPluginCache: Discoverers are ''.
TpTrace Verbose: 0 : 28788, 1, 2024/04/23, 12:53:40.983, 13070317099245, vstest.console.dll, TestPluginCache: Executors are ''.
TpTrace Verbose: 0 : 28788, 1, 2024/04/23, 12:53:40.983, 13070317099553, vstest.console.dll, TestPluginCache: Executors2 are ''.
TpTrace Verbose: 0 : 28788, 1, 2024/04/23, 12:53:40.984, 13070317099757, vstest.console.dll, TestPluginCache: Setting providers are ''.
TpTrace Verbose: 0 : 28788, 1, 2024/04/23, 12:53:40.984, 13070317099948, vstest.console.dll, TestPluginCache: Loggers are ''.
TpTrace Verbose: 0 : 28788, 1, 2024/04/23, 12:53:40.984, 13070317101199, vstest.console.dll, TestPluginCache: TestHosts are 'HostProvider://DefaultTestHost,HostProvider://DotnetTestHost'.
TpTrace Verbose: 0 : 28788, 1, 2024/04/23, 12:53:40.984, 13070317101480, vstest.console.dll, TestPluginCache: DataCollectors are ''.
TpTrace Information: 0 : 28788, 1, 2024/04/23, 12:53:40.994, 13070317205669, vstest.console.dll, RunTestsArgumentProcessor:Execute: Test run is starting.
TpTrace Verbose: 0 : 28788, 1, 2024/04/23, 12:53:40.994, 13070317206538, vstest.console.dll, RunTestsArgumentProcessor:Execute: Queuing Test run.
TpTrace Information: 0 : 28788, 1, 2024/04/23, 12:53:40.994, 13070317209232, vstest.console.dll, TestRequestManager.RunTests: run tests started.
TpTrace Information: 0 : 28788, 1, 2024/04/23, 12:53:40.996, 13070317222399, vstest.console.dll, AssemblyMetadataProvider.GetFrameworkName: Determined framework:'.NETCoreApp,Version=v8.0' for source: 'C:\Users\VC\Desktop\training\day10\DoctorPatienceSolution\DoctorPatienceBLTest\bin\Debug\net8.0\fine-code-coverage\build-output\DoctorPatienceBLTest.dll'
TpTrace Information: 0 : 28788, 1, 2024/04/23, 12:53:40.996, 13070317224421, vstest.console.dll, Determined framework for all sources: .NETCoreApp,Version=v8.0
TpTrace Verbose: 0 : 28788, 1, 2024/04/23, 12:53:40.996, 13070317227790, vstest.console.dll, TestRequestManager.UpdateRunSettingsIfRequired: Default architecture: X64 IsDefaultTargetArchitecture: True, Current process architecture: X64 OperatingSystem: Windows.
TpTrace Information: 0 : 28788, 1, 2024/04/23, 12:53:40.998, 13070317242348, vstest.console.dll, AssemblyMetadataProvider.GetArchitecture: Determined architecture:AnyCPU info for assembly: C:\Users\VC\Desktop\training\day10\DoctorPatienceSolution\DoctorPatienceBLTest\bin\Debug\net8.0\fine-code-coverage\build-output\DoctorPatienceBLTest.dll
TpTrace Information: 0 : 28788, 1, 2024/04/23, 12:53:40.998, 13070317242916, vstest.console.dll, Determined platform for source 'C:\Users\VC\Desktop\training\day10\DoctorPatienceSolution\DoctorPatienceBLTest\bin\Debug\net8.0\fine-code-coverage\build-output\DoctorPatienceBLTest.dll' was AnyCPU and it will use the default plaform X64.
TpTrace Information: 0 : 28788, 1, 2024/04/23, 12:53:40.998, 13070317243138, vstest.console.dll, None of the sources provided any runnable platform, using the default platform: X64
TpTrace Information: 0 : 28788, 1, 2024/04/23, 12:53:40.998, 13070317243957, vstest.console.dll, Platform was updated to 'X64'.
TpTrace Information: 0 : 28788, 1, 2024/04/23, 12:53:41.000, 13070317266997, vstest.console.dll, InferRunSettingsHelper.IsTestSettingsEnabled: Unable to navigate to RunSettings/MSTest. Current node: RunSettings
TpTrace Information: 0 : 28788, 1, 2024/04/23, 12:53:41.001, 13070317271508, vstest.console.dll, AssemblyResolver.OnResolve: Microsoft.VisualStudio.TestPlatform.Fakes: Resolving assembly.
TpTrace Information: 0 : 28788, 1, 2024/04/23, 12:53:41.001, 13070317272024, vstest.console.dll, AssemblyResolver.OnResolve: Microsoft.VisualStudio.TestPlatform.Fakes: Searching in: 'C:\Program Files\dotnet\sdk\8.0.202\Extensions'.
TpTrace Information: 0 : 28788, 1, 2024/04/23, 12:53:41.001, 13070317272929, vstest.console.dll, AssemblyResolver.OnResolve: Microsoft.VisualStudio.TestPlatform.Fakes: Assembly path does not exist: 'C:\Program Files\dotnet\sdk\8.0.202\Extensions\Microsoft.VisualStudio.TestPlatform.Fakes.dll', returning.
TpTrace Information: 0 : 28788, 1, 2024/04/23, 12:53:41.001, 13070317273344, vstest.console.dll, AssemblyResolver.OnResolve: Microsoft.VisualStudio.TestPlatform.Fakes: Assembly path does not exist: 'C:\Program Files\dotnet\sdk\8.0.202\Extensions\Microsoft.VisualStudio.TestPlatform.Fakes.exe', returning.
TpTrace Information: 0 : 28788, 1, 2024/04/23, 12:53:41.001, 13070317273565, vstest.console.dll, AssemblyResolver.OnResolve: Microsoft.VisualStudio.TestPlatform.Fakes: Searching in: 'C:\Program Files\dotnet\sdk\8.0.202'.
TpTrace Information: 0 : 28788, 1, 2024/04/23, 12:53:41.001, 13070317273982, vstest.console.dll, AssemblyResolver.OnResolve: Microsoft.VisualStudio.TestPlatform.Fakes: Assembly path does not exist: 'C:\Program Files\dotnet\sdk\8.0.202\Microsoft.VisualStudio.TestPlatform.Fakes.dll', returning.
TpTrace Information: 0 : 28788, 1, 2024/04/23, 12:53:41.001, 13070317274430, vstest.console.dll, AssemblyResolver.OnResolve: Microsoft.VisualStudio.TestPlatform.Fakes: Assembly path does not exist: 'C:\Program Files\dotnet\sdk\8.0.202\Microsoft.VisualStudio.TestPlatform.Fakes.exe', returning.
TpTrace Information: 0 : 28788, 1, 2024/04/23, 12:53:41.001, 13070317274641, vstest.console.dll, AssemblyResolver.OnResolve: Microsoft.VisualStudio.TestPlatform.Fakes: Failed to load assembly.
TpTrace Information: 0 : 28788, 1, 2024/04/23, 12:53:41.001, 13070317276608, vstest.console.dll, Failed to load assembly Microsoft.VisualStudio.TestPlatform.Fakes, Version=17.0.0.0, Culture=neutral. Reason:System.IO.FileNotFoundException: Could not load file or assembly 'Microsoft.VisualStudio.TestPlatform.Fakes, Version=17.0.0.0, Culture=neutral, PublicKeyToken=null'. The system cannot find the file specified.
File name: 'Microsoft.VisualStudio.TestPlatform.Fakes, Version=17.0.0.0, Culture=neutral, PublicKeyToken=null'
   at System.Reflection.RuntimeAssembly.InternalLoad(AssemblyName assemblyName, StackCrawlMark& stackMark, AssemblyLoadContext assemblyLoadContext, RuntimeAssembly requestingAssembly, Boolean throwOnFileNotFound)
   at System.Reflection.Assembly.Load(AssemblyName assemblyRef)
   at Microsoft.VisualStudio.TestPlatform.Common.Utilities.FakesUtilities.LoadTestPlatformAssembly() in /_/src/Microsoft.TestPlatform.Common/Utilities/FakesUtilities.cs:line 272
TpTrace Verbose: 0 : 28788, 1, 2024/04/23, 12:53:41.004, 13070317307201, vstest.console.dll, TestPluginCache.DiscoverTestExtensions: finding test extensions in assemblies ends with: TestLogger.dll TPluginInfo: Microsoft.VisualStudio.TestPlatform.Common.ExtensionFramework.Utilities.TestLoggerPluginInformation TExtension: Microsoft.VisualStudio.TestPlatform.ObjectModel.Client.ITestLogger
TpTrace Verbose: 0 : 28788, 1, 2024/04/23, 12:53:41.004, 13070317308526, vstest.console.dll, TestPluginCache.GetExtensionPaths: Filtered extension paths: 
TpTrace Verbose: 0 : 28788, 1, 2024/04/23, 12:53:41.004, 13070317308853, vstest.console.dll, TestPluginCache.GetExtensionPaths: Added default extension paths: C:\Program Files\dotnet\sdk\8.0.202\Extensions\Microsoft.Diagnostics.NETCore.Client.dll
C:\Program Files\dotnet\sdk\8.0.202\Extensions\Microsoft.TestPlatform.Extensions.BlameDataCollector.dll
C:\Program Files\dotnet\sdk\8.0.202\Extensions\Microsoft.TestPlatform.Extensions.EventLogCollector.dll
C:\Program Files\dotnet\sdk\8.0.202\Extensions\Microsoft.TestPlatform.TestHostRuntimeProvider.dll
C:\Program Files\dotnet\sdk\8.0.202\Extensions\Microsoft.VisualStudio.TestPlatform.Extensions.Html.TestLogger.dll
C:\Program Files\dotnet\sdk\8.0.202\Extensions\Microsoft.VisualStudio.TestPlatform.Extensions.Trx.TestLogger.dll
TpTrace Verbose: 0 : 28788, 1, 2024/04/23, 12:53:41.004, 13070317309107, vstest.console.dll, TestPluginCache.GetExtensionPaths: Added unfilterableExtensionPaths: 
TpTrace Information: 0 : 28788, 1, 2024/04/23, 12:53:41.005, 13070317310333, vstest.console.dll, AssemblyResolver.AddSearchDirectories: Adding more searchDirectories C:\Program Files\dotnet\sdk\8.0.202\Extensions,C:\Program Files\dotnet\sdk\8.0.202
TpTrace Verbose: 0 : 28788, 1, 2024/04/23, 12:53:41.005, 13070317310665, vstest.console.dll, TestPluginCache.DiscoverTestExtensions: Discovering the extensions using extension path.
TpTrace Verbose: 0 : 28788, 1, 2024/04/23, 12:53:41.005, 13070317310916, vstest.console.dll, TestPluginCache.GetExtensionPaths: Filtered extension paths: 
TpTrace Verbose: 0 : 28788, 1, 2024/04/23, 12:53:41.005, 13070317311155, vstest.console.dll, TestPluginCache.GetExtensionPaths: Added default extension paths: C:\Program Files\dotnet\sdk\8.0.202\Extensions\Microsoft.Diagnostics.NETCore.Client.dll
C:\Program Files\dotnet\sdk\8.0.202\Extensions\Microsoft.TestPlatform.Extensions.BlameDataCollector.dll
C:\Program Files\dotnet\sdk\8.0.202\Extensions\Microsoft.TestPlatform.Extensions.EventLogCollector.dll
C:\Program Files\dotnet\sdk\8.0.202\Extensions\Microsoft.TestPlatform.TestHostRuntimeProvider.dll
C:\Program Files\dotnet\sdk\8.0.202\Extensions\Microsoft.VisualStudio.TestPlatform.Extensions.Html.TestLogger.dll
C:\Program Files\dotnet\sdk\8.0.202\Extensions\Microsoft.VisualStudio.TestPlatform.Extensions.Trx.TestLogger.dll
TpTrace Verbose: 0 : 28788, 1, 2024/04/23, 12:53:41.005, 13070317311371, vstest.console.dll, TestPluginCache.GetExtensionPaths: Added unfilterableExtensionPaths: 
TpTrace Verbose: 0 : 28788, 1, 2024/04/23, 12:53:41.005, 13070317311699, vstest.console.dll, TestPluginCache.DiscoverTestExtensions: Discovering the extensions using allExtensionPaths: C:\Program Files\dotnet\sdk\8.0.202\Extensions\Microsoft.Diagnostics.NETCore.Client.dll
C:\Program Files\dotnet\sdk\8.0.202\Extensions\Microsoft.TestPlatform.Extensions.BlameDataCollector.dll
C:\Program Files\dotnet\sdk\8.0.202\Extensions\Microsoft.TestPlatform.Extensions.EventLogCollector.dll
C:\Program Files\dotnet\sdk\8.0.202\Extensions\Microsoft.TestPlatform.TestHostRuntimeProvider.dll
C:\Program Files\dotnet\sdk\8.0.202\Extensions\Microsoft.VisualStudio.TestPlatform.Extensions.Html.TestLogger.dll
C:\Program Files\dotnet\sdk\8.0.202\Extensions\Microsoft.VisualStudio.TestPlatform.Extensions.Trx.TestLogger.dll
TpTrace Information: 0 : 28788, 1, 2024/04/23, 12:53:41.005, 13070317312035, vstest.console.dll, AssemblyResolver.AddSearchDirectories: Adding more searchDirectories C:\Program Files\dotnet\sdk\8.0.202\Extensions,C:\Program Files\dotnet\sdk\8.0.202
TpTrace Information: 0 : 28788, 1, 2024/04/23, 12:53:41.005, 13070317312321, vstest.console.dll, AssemblyResolver.AddSearchDirectories: Adding more searchDirectories C:\Program Files\dotnet\sdk\8.0.202\Extensions,C:\Program Files\dotnet\sdk\8.0.202
TpTrace Information: 0 : 28788, 1, 2024/04/23, 12:53:41.005, 13070317312535, vstest.console.dll, AssemblyResolver.AddSearchDirectories: Adding more searchDirectories C:\Program Files\dotnet\sdk\8.0.202\Extensions,C:\Program Files\dotnet\sdk\8.0.202
TpTrace Information: 0 : 28788, 1, 2024/04/23, 12:53:41.005, 13070317312746, vstest.console.dll, AssemblyResolver.AddSearchDirectories: Adding more searchDirectories C:\Program Files\dotnet\sdk\8.0.202\Extensions,C:\Program Files\dotnet\sdk\8.0.202
TpTrace Information: 0 : 28788, 1, 2024/04/23, 12:53:41.005, 13070317312954, vstest.console.dll, AssemblyResolver.AddSearchDirectories: Adding more searchDirectories C:\Program Files\dotnet\sdk\8.0.202\Extensions,C:\Program Files\dotnet\sdk\8.0.202
TpTrace Information: 0 : 28788, 1, 2024/04/23, 12:53:41.005, 13070317313184, vstest.console.dll, AssemblyResolver.AddSearchDirectories: Adding more searchDirectories C:\Program Files\dotnet\sdk\8.0.202\Extensions,C:\Program Files\dotnet\sdk\8.0.202
TpTrace Verbose: 0 : 28788, 1, 2024/04/23, 12:53:41.005, 13070317314014, vstest.console.dll, MetadataReaderExtensionsHelper: Discovering extensions inside assembly 'Microsoft.Diagnostics.NETCore.Client, Version=0.2.9.2401, Culture=neutral, PublicKeyToken=31bf3856ad364e35' file path 'C:\Program Files\dotnet\sdk\8.0.202\Extensions\Microsoft.Diagnostics.NETCore.Client.dll'
TpTrace Information: 0 : 28788, 1, 2024/04/23, 12:53:41.006, 13070317321882, vstest.console.dll, AssemblyResolver.OnResolve: Microsoft.Bcl.AsyncInterfaces: Resolving assembly.
TpTrace Information: 0 : 28788, 1, 2024/04/23, 12:53:41.006, 13070317322504, vstest.console.dll, AssemblyResolver.OnResolve: Microsoft.Bcl.AsyncInterfaces: Resolved from cache.
TpTrace Verbose: 0 : 28788, 1, 2024/04/23, 12:53:41.006, 13070317322729, vstest.console.dll, CurrentDomainAssemblyResolve: Resolving assembly 'Microsoft.Bcl.AsyncInterfaces'.
TpTrace Information: 0 : 28788, 1, 2024/04/23, 12:53:41.006, 13070317323063, vstest.console.dll, AssemblyResolver.OnResolve: Microsoft.Bcl.AsyncInterfaces: Resolving assembly.
TpTrace Information: 0 : 28788, 1, 2024/04/23, 12:53:41.006, 13070317323318, vstest.console.dll, AssemblyResolver.OnResolve: Microsoft.Bcl.AsyncInterfaces: Resolved from cache.
TpTrace Verbose: 0 : 28788, 1, 2024/04/23, 12:53:41.006, 13070317323514, vstest.console.dll, CurrentDomainAssemblyResolve: Resolving assembly 'Microsoft.Bcl.AsyncInterfaces'.
TpTrace Verbose: 0 : 28788, 1, 2024/04/23, 12:53:41.006, 13070317323709, vstest.console.dll, CurrentDomainAssemblyResolve: Failed to resolve assembly 'Microsoft.Bcl.AsyncInterfaces'.
TpTrace Verbose: 0 : 28788, 1, 2024/04/23, 12:53:41.006, 13070317324746, vstest.console.dll, CurrentDomainAssemblyResolve: Failed to resolve assembly 'Microsoft.Bcl.AsyncInterfaces'.
TpTrace Warning: 0 : 28788, 1, 2024/04/23, 12:53:41.006, 13070317327378, vstest.console.dll, TestPluginDiscoverer: Failed to get types from assembly 'Microsoft.Diagnostics.NETCore.Client, Version=0.2.9.2401, Culture=neutral, PublicKeyToken=31bf3856ad364e35'. Error: System.Reflection.ReflectionTypeLoadException: Unable to load one or more of the requested types.
Could not load file or assembly 'Microsoft.Bcl.AsyncInterfaces, Version=6.0.0.0, Culture=neutral, PublicKeyToken=cc7b13ffcd2ddd51'. The system cannot find the file specified.
   at System.Reflection.RuntimeModule.GetTypes(RuntimeModule module)
   at System.Reflection.RuntimeModule.GetTypes()
   at Microsoft.VisualStudio.TestPlatform.Common.ExtensionFramework.TestPluginDiscoverer.GetTestExtensionsFromAssembly[TPluginInfo,TExtension](Assembly assembly, Dictionary`2 pluginInfos, String filePath) in /_/src/Microsoft.TestPlatform.Common/ExtensionFramework/TestPluginDiscoverer.cs:line 158
System.IO.FileNotFoundException: Could not load file or assembly 'Microsoft.Bcl.AsyncInterfaces, Version=6.0.0.0, Culture=neutral, PublicKeyToken=cc7b13ffcd2ddd51'. The system cannot find the file specified.
File name: 'Microsoft.Bcl.AsyncInterfaces, Version=6.0.0.0, Culture=neutral, PublicKeyToken=cc7b13ffcd2ddd51'
 ---> System.IO.FileNotFoundException: Could not load file or assembly 'Microsoft.Bcl.AsyncInterfaces, Culture=neutral, PublicKeyToken=null'. The system cannot find the file specified.
File name: 'Microsoft.Bcl.AsyncInterfaces, Culture=neutral, PublicKeyToken=null'
   at System.Reflection.RuntimeAssembly.InternalLoad(AssemblyName assemblyName, StackCrawlMark& stackMark, AssemblyLoadContext assemblyLoadContext, RuntimeAssembly requestingAssembly, Boolean throwOnFileNotFound)
   at System.Reflection.Assembly.Load(AssemblyName assemblyRef)
   at Microsoft.VisualStudio.TestPlatform.Common.ExtensionFramework.TestPluginCache.CurrentDomainAssemblyResolve(Object sender, AssemblyResolveEventArgs args) in /_/src/Microsoft.TestPlatform.Common/ExtensionFramework/TestPluginCache.cs:line 513
   at System.Runtime.Loader.AssemblyLoadContext.GetFirstResolvedAssemblyFromResolvingEvent(AssemblyName assemblyName)
   at System.Runtime.Loader.AssemblyLoadContext.ResolveUsingEvent(AssemblyName assemblyName)
   at System.Runtime.Loader.AssemblyLoadContext.ResolveUsingResolvingEvent(IntPtr gchManagedAssemblyLoadContext, AssemblyName assemblyName)
TpTrace Warning: 0 : 28788, 1, 2024/04/23, 12:53:41.006, 13070317328931, vstest.console.dll, LoaderExceptions: System.IO.FileNotFoundException: Could not load file or assembly 'Microsoft.Bcl.AsyncInterfaces, Version=6.0.0.0, Culture=neutral, PublicKeyToken=cc7b13ffcd2ddd51'. The system cannot find the file specified.
File name: 'Microsoft.Bcl.AsyncInterfaces, Version=6.0.0.0, Culture=neutral, PublicKeyToken=cc7b13ffcd2ddd51'
 ---> System.IO.FileNotFoundException: Could not load file or assembly 'Microsoft.Bcl.AsyncInterfaces, Culture=neutral, PublicKeyToken=null'. The system cannot find the file specified.
File name: 'Microsoft.Bcl.AsyncInterfaces, Culture=neutral, PublicKeyToken=null'
   at System.Reflection.RuntimeAssembly.InternalLoad(AssemblyName assemblyName, StackCrawlMark& stackMark, AssemblyLoadContext assemblyLoadContext, RuntimeAssembly requestingAssembly, Boolean throwOnFileNotFound)
   at System.Reflection.Assembly.Load(AssemblyName assemblyRef)
   at Microsoft.VisualStudio.TestPlatform.Common.ExtensionFramework.TestPluginCache.CurrentDomainAssemblyResolve(Object sender, AssemblyResolveEventArgs args) in /_/src/Microsoft.TestPlatform.Common/ExtensionFramework/TestPluginCache.cs:line 513
   at System.Runtime.Loader.AssemblyLoadContext.GetFirstResolvedAssemblyFromResolvingEvent(AssemblyName assemblyName)
   at System.Runtime.Loader.AssemblyLoadContext.ResolveUsingEvent(AssemblyName assemblyName)
   at System.Runtime.Loader.AssemblyLoadContext.ResolveUsingResolvingEvent(IntPtr gchManagedAssemblyLoadContext, AssemblyName assemblyName)
TpTrace Verbose: 0 : 28788, 1, 2024/04/23, 12:53:41.006, 13070317329574, vstest.console.dll, MetadataReaderExtensionsHelper: Discovering extensions inside assembly 'Microsoft.TestPlatform.Extensions.BlameDataCollector, Version=15.0.0.0, Culture=neutral, PublicKeyToken=b03f5f7f11d50a3a' file path 'C:\Program Files\dotnet\sdk\8.0.202\Extensions\Microsoft.TestPlatform.Extensions.BlameDataCollector.dll'
TpTrace Information: 0 : 28788, 1, 2024/04/23, 12:53:41.007, 13070317332981, vstest.console.dll, GetTestExtensionFromType: Register extension with identifier data 'logger://Microsoft/TestPlatform/Extensions/Blame/v1' and type 'Microsoft.TestPlatform.Extensions.BlameDataCollector.BlameLogger, Microsoft.TestPlatform.Extensions.BlameDataCollector, Version=15.0.0.0, Culture=neutral, PublicKeyToken=b03f5f7f11d50a3a' inside file 'C:\Program Files\dotnet\sdk\8.0.202\Extensions\Microsoft.TestPlatform.Extensions.BlameDataCollector.dll'
TpTrace Verbose: 0 : 28788, 1, 2024/04/23, 12:53:41.007, 13070317333545, vstest.console.dll, MetadataReaderExtensionsHelper: Discovering extensions inside assembly 'Microsoft.TestPlatform.Extensions.EventLogCollector, Version=15.0.0.0, Culture=neutral, PublicKeyToken=b03f5f7f11d50a3a' file path 'C:\Program Files\dotnet\sdk\8.0.202\Extensions\Microsoft.TestPlatform.Extensions.EventLogCollector.dll'
TpTrace Verbose: 0 : 28788, 1, 2024/04/23, 12:53:41.007, 13070317336973, vstest.console.dll, MetadataReaderExtensionsHelper: Discovering extensions inside assembly 'Microsoft.TestPlatform.TestHostRuntimeProvider, Version=15.0.0.0, Culture=neutral, PublicKeyToken=b03f5f7f11d50a3a' file path 'C:\Program Files\dotnet\sdk\8.0.202\Extensions\Microsoft.TestPlatform.TestHostRuntimeProvider.dll'
TpTrace Verbose: 0 : 28788, 1, 2024/04/23, 12:53:41.007, 13070317339562, vstest.console.dll, MetadataReaderExtensionsHelper: Discovering extensions inside assembly 'Microsoft.VisualStudio.TestPlatform.Extensions.Html.TestLogger, Version=15.0.0.0, Culture=neutral, PublicKeyToken=b03f5f7f11d50a3a' file path 'C:\Program Files\dotnet\sdk\8.0.202\Extensions\Microsoft.VisualStudio.TestPlatform.Extensions.Html.TestLogger.dll'
TpTrace Information: 0 : 28788, 1, 2024/04/23, 12:53:41.008, 13070317343872, vstest.console.dll, GetTestExtensionFromType: Register extension with identifier data 'logger://Microsoft/TestPlatform/HtmlLogger/v1' and type 'Microsoft.VisualStudio.TestPlatform.Extensions.HtmlLogger.HtmlLogger, Microsoft.VisualStudio.TestPlatform.Extensions.Html.TestLogger, Version=15.0.0.0, Culture=neutral, PublicKeyToken=b03f5f7f11d50a3a' inside file 'C:\Program Files\dotnet\sdk\8.0.202\Extensions\Microsoft.VisualStudio.TestPlatform.Extensions.Html.TestLogger.dll'
TpTrace Verbose: 0 : 28788, 1, 2024/04/23, 12:53:41.008, 13070317344982, vstest.console.dll, MetadataReaderExtensionsHelper: Discovering extensions inside assembly 'Microsoft.VisualStudio.TestPlatform.Extensions.Trx.TestLogger, Version=15.0.0.0, Culture=neutral, PublicKeyToken=b03f5f7f11d50a3a' file path 'C:\Program Files\dotnet\sdk\8.0.202\Extensions\Microsoft.VisualStudio.TestPlatform.Extensions.Trx.TestLogger.dll'
TpTrace Information: 0 : 28788, 1, 2024/04/23, 12:53:41.008, 13070317347402, vstest.console.dll, GetTestExtensionFromType: Register extension with identifier data 'logger://Microsoft/TestPlatform/TrxLogger/v1' and type 'Microsoft.VisualStudio.TestPlatform.Extensions.TrxLogger.TrxLogger, Microsoft.VisualStudio.TestPlatform.Extensions.Trx.TestLogger, Version=15.0.0.0, Culture=neutral, PublicKeyToken=b03f5f7f11d50a3a' inside file 'C:\Program Files\dotnet\sdk\8.0.202\Extensions\Microsoft.VisualStudio.TestPlatform.Extensions.Trx.TestLogger.dll'
TpTrace Verbose: 0 : 28788, 1, 2024/04/23, 12:53:41.008, 13070317347908, vstest.console.dll, TestPluginCache: Discovered the extensions using extension path ''.
TpTrace Verbose: 0 : 28788, 1, 2024/04/23, 12:53:41.008, 13070317348128, vstest.console.dll, TestPluginCache: Discoverers are ''.
TpTrace Verbose: 0 : 28788, 1, 2024/04/23, 12:53:41.008, 13070317348321, vstest.console.dll, TestPluginCache: Executors are ''.
TpTrace Verbose: 0 : 28788, 1, 2024/04/23, 12:53:41.008, 13070317348513, vstest.console.dll, TestPluginCache: Executors2 are ''.
TpTrace Verbose: 0 : 28788, 1, 2024/04/23, 12:53:41.008, 13070317348724, vstest.console.dll, TestPluginCache: Setting providers are ''.
TpTrace Verbose: 0 : 28788, 1, 2024/04/23, 12:53:41.008, 13070317349354, vstest.console.dll, TestPluginCache: Loggers are 'logger://Microsoft/TestPlatform/Extensions/Blame/v1,logger://Microsoft/TestPlatform/HtmlLogger/v1,logger://Microsoft/TestPlatform/TrxLogger/v1'.
TpTrace Verbose: 0 : 28788, 1, 2024/04/23, 12:53:41.009, 13070317349656, vstest.console.dll, TestPluginCache: TestHosts are 'HostProvider://DefaultTestHost,HostProvider://DotnetTestHost'.
TpTrace Verbose: 0 : 28788, 1, 2024/04/23, 12:53:41.009, 13070317349863, vstest.console.dll, TestPluginCache: DataCollectors are ''.
TpTrace Information: 0 : 28788, 1, 2024/04/23, 12:53:41.009, 13070317355599, vstest.console.dll, TestPluginManager.CreateTestExtension: Attempting to load test extension: Microsoft.TestPlatform.Extensions.BlameDataCollector.BlameLogger
TpTrace Verbose: 0 : 28788, 1, 2024/04/23, 12:53:41.015, 13070317413577, vstest.console.dll, TestEngine: Initializing Parallel Execution as MaxCpuCount is set to: 1
TpTrace Information: 0 : 28788, 1, 2024/04/23, 12:53:41.016, 13070317429101, vstest.console.dll, TestPluginManager.CreateTestExtension: Attempting to load test extension: Microsoft.VisualStudio.TestPlatform.CrossPlatEngine.Hosting.DefaultTestHostManager
TpTrace Information: 0 : 28788, 1, 2024/04/23, 12:53:41.018, 13070317441243, vstest.console.dll, TestPluginManager.CreateTestExtension: Attempting to load test extension: Microsoft.VisualStudio.TestPlatform.CrossPlatEngine.Hosting.DotnetTestHostManager
TpTrace Information: 0 : 28788, 1, 2024/04/23, 12:53:41.018, 13070317445167, vstest.console.dll, InferRunSettingsHelper.IsTestSettingsEnabled: Unable to navigate to RunSettings/MSTest. Current node: RunSettings
TpTrace Verbose: 0 : 28788, 1, 2024/04/23, 12:53:41.019, 13070317452999, vstest.console.dll, ParallelOperationManager.ClearSlots: Clearing all slots. Slots should accept more work: True
TpTrace Verbose: 0 : 28788, 1, 2024/04/23, 12:53:41.019, 13070317457007, vstest.console.dll, ParallelOperationManager.SetOccupiedSlotCount: Setting slot counts AvailableSlotCount = 1, OccupiedSlotCount = 0.
TpTrace Verbose: 0 : 28788, 1, 2024/04/23, 12:53:41.019, 13070317459133, vstest.console.dll, Occupied slots:

TpTrace Verbose: 0 : 28788, 1, 2024/04/23, 12:53:41.022, 13070317483756, vstest.console.dll, TestEngine.GetExecutionManager: Chosen execution manager 'Microsoft.VisualStudio.TestPlatform.CrossPlatEngine.Client.Parallel.ParallelProxyExecutionManager, Microsoft.TestPlatform.CrossPlatEngine, Version=15.0.0.0, Culture=neutral, PublicKeyToken=b03f5f7f11d50a3a' ParallelLevel '1'.
TpTrace Verbose: 0 : 28788, 1, 2024/04/23, 12:53:41.022, 13070317485295, vstest.console.dll, TestRunRequest.ExecuteAsync: Creating test run request.
TpTrace Verbose: 0 : 28788, 1, 2024/04/23, 12:53:41.022, 13070317486895, vstest.console.dll, TestRunRequest.ExecuteAsync: Starting.
TpTrace Information: 0 : 28788, 1, 2024/04/23, 12:53:41.023, 13070317496479, vstest.console.dll, TestRunRequest.ExecuteAsync: Starting run with settings:TestRunCriteria:
   KeepAlive=False,FrequencyOfRunStatsChangeEvent=10,RunStatsChangeEventTimeout=00:00:01.5000000,TestCaseFilter=,TestExecutorLauncher=
   Settingsxml=<RunSettings>
  <RunConfiguration>
    <ResultsDirectory>C:\Users\VC\Desktop\training\day10\DoctorPatienceSolution\DoctorPatienceBLTest\bin\Debug\net8.0\fine-code-coverage\coverage-tool-output</ResultsDirectory>
    <TargetPlatform>X64</TargetPlatform>
    <TargetFrameworkVersion>.NETCoreApp,Version=v8.0</TargetFrameworkVersion>
    <DesignMode>False</DesignMode>
    <CollectSourceInformation>False</CollectSourceInformation>
  </RunConfiguration>
  <LoggerRunSettings>
    <Loggers>
      <Logger friendlyName="blame" enabled="True" />
      <Logger friendlyName="Console" uri="logger://microsoft/TestPlatform/ConsoleLogger/v1" assemblyQualifiedName="Microsoft.VisualStudio.TestPlatform.CommandLine.Internal.ConsoleLogger, vstest.console, Version=15.0.0.0, Culture=neutral, PublicKeyToken=b03f5f7f11d50a3a" codeBase="C:\Program Files\dotnet\sdk\8.0.202\vstest.console.dll" enabled="True" />
    </Loggers>
  </LoggerRunSettings>
  <DataCollectionRunSettings>
    <DataCollectors>
      <DataCollector friendlyName="blame" enabled="True">
        <Configuration>
          <ResultsDirectory>C:\Users\VC\Desktop\training\day10\DoctorPatienceSolution\DoctorPatienceBLTest\bin\Debug\net8.0\fine-code-coverage\coverage-tool-output</ResultsDirectory>
        </Configuration>
      </DataCollector>
    </DataCollectors>
  </DataCollectionRunSettings>
</RunSettings>

TpTrace Verbose: 0 : 28788, 1, 2024/04/23, 12:53:41.023, 13070317497153, vstest.console.dll, TestRunRequest.ExecuteAsync: Wait for the first run request is over.
TpTrace Verbose: 0 : 28788, 1, 2024/04/23, 12:53:41.024, 13070317500337, vstest.console.dll, MulticastDelegateUtilities.SafeInvoke: TestRun.TestRunStart: Invoking callbacks was skipped because there are no subscribers.
TpTrace Verbose: 0 : 28788, 4, 2024/04/23, 12:53:41.024, 13070317502980, vstest.console.dll, MulticastDelegateUtilities.SafeInvoke: InternalTestLoggerEvents.SendTestRunStart: Invoking callback 1/1 for Microsoft.VisualStudio.TestPlatform.CommandLine.Internal.ConsoleLogger., took 0 ms.
TpTrace Verbose: 0 : 28788, 1, 2024/04/23, 12:53:41.025, 13070317511860, vstest.console.dll, ParallelProxyExecutionManager: Start execution. Total sources: 1
TpTrace Verbose: 0 : 28788, 1, 2024/04/23, 12:53:41.025, 13070317515384, vstest.console.dll, ParallelOperationManager.StartWork: Starting adding 1 workloads.
TpTrace Verbose: 0 : 28788, 1, 2024/04/23, 12:53:41.025, 13070317516108, vstest.console.dll, ParallelOperationManager.ClearSlots: Clearing all slots. Slots should accept more work: True
TpTrace Verbose: 0 : 28788, 1, 2024/04/23, 12:53:41.025, 13070317516807, vstest.console.dll, ParallelOperationManager.SetOccupiedSlotCount: Setting slot counts AvailableSlotCount = 1, OccupiedSlotCount = 0.
TpTrace Verbose: 0 : 28788, 1, 2024/04/23, 12:53:41.025, 13070317517492, vstest.console.dll, Occupied slots:

TpTrace Verbose: 0 : 28788, 1, 2024/04/23, 12:53:41.027, 13070317532232, vstest.console.dll, TestRequestSender is acting as server.
TpTrace Verbose: 0 : 28788, 1, 2024/04/23, 12:53:41.028, 13070317549566, vstest.console.dll, ParallelOperationManager.RunWorkInParallel: Adding 1 workload to slot, remaining workloads 0.
TpTrace Verbose: 0 : 28788, 1, 2024/04/23, 12:53:41.029, 13070317550587, vstest.console.dll, ParallelOperationManager.SetOccupiedSlotCount: Setting slot counts AvailableSlotCount = 0, OccupiedSlotCount = 1.
TpTrace Verbose: 0 : 28788, 1, 2024/04/23, 12:53:41.029, 13070317552555, vstest.console.dll, Occupied slots:
0: C:\Users\VC\Desktop\training\day10\DoctorPatienceSolution\DoctorPatienceBLTest\bin\Debug\net8.0\fine-code-coverage\build-output\DoctorPatienceBLTest.dll
TpTrace Verbose: 0 : 28788, 1, 2024/04/23, 12:53:41.030, 13070317560446, vstest.console.dll, ParallelOperationManager.RunWorkInParallel: Started host in slot number 0 for work (source): C:\Users\VC\Desktop\training\day10\DoctorPatienceSolution\DoctorPatienceBLTest\bin\Debug\net8.0\fine-code-coverage\build-output\DoctorPatienceBLTest.dll.
TpTrace Verbose: 0 : 28788, 1, 2024/04/23, 12:53:41.031, 13070317571535, vstest.console.dll, ParallelOperationManager.RunWorkInParallel: We started 1 work items, which is the max parallel level. Won't start more work.
TpTrace Verbose: 0 : 28788, 1, 2024/04/23, 12:53:41.031, 13070317572447, vstest.console.dll, ParallelOperationManager.RunWorkInParallel: We started 1 work items in here, returning True.
TpTrace Information: 0 : 28788, 1, 2024/04/23, 12:53:41.031, 13070317572914, vstest.console.dll, TestRunRequest.ExecuteAsync: Started.
TpTrace Verbose: 0 : 28788, 5, 2024/04/23, 12:53:41.031, 13070317573953, vstest.console.dll, ParallelProxyExecutionManager.StartTestRunOnConcurrentManager: Initializing uninitialized client. Started clients: 0
TpTrace Verbose: 0 : 28788, 5, 2024/04/23, 12:53:41.031, 13070317575860, vstest.console.dll, DataCollectionRequestSender.InitializeCommunication : Initialize communication. 
TpTrace Verbose: 0 : 28788, 1, 2024/04/23, 12:53:41.031, 13070317579320, vstest.console.dll, TestRunRequest.WaitForCompletion: Waiting with timeout -1.
TpTrace Information: 0 : 28788, 5, 2024/04/23, 12:53:41.041, 13070317678090, vstest.console.dll, Listening on Endpoint : 127.0.0.1:53774
TpTrace Verbose: 0 : 28788, 5, 2024/04/23, 12:53:41.050, 13070317762812, vstest.console.dll, DotnetDataCollectionLauncher: Adding  --runtimeconfig "C:\Program Files\dotnet\sdk\8.0.202\datacollector.runtimeconfig.json" in args
TpTrace Verbose: 0 : 28788, 5, 2024/04/23, 12:53:41.050, 13070317764168, vstest.console.dll, DotnetDataCollectionLauncher: Adding  --depsfile "C:\Program Files\dotnet\sdk\8.0.202\datacollector.deps.json" in args
TpTrace Verbose: 0 : 28788, 5, 2024/04/23, 12:53:41.051, 13070317771140, vstest.console.dll, DotnetDataCollectionLauncher: Full path of dotnet.exe is C:\Program Files\dotnet\dotnet.exe
TpTrace Information: 0 : 28788, 5, 2024/04/23, 12:53:41.058, 13070317846401, vstest.console.dll, ProxyDataCollectionManager.Initialize: Launched datacollector processId: 28204 port: 53774
TpTrace Information: 0 : 28788, 5, 2024/04/23, 12:53:41.058, 13070317848405, vstest.console.dll, ProxyDataCollectionManager.Initialize: waiting for connection with timeout: 90 seconds
TpTrace Verbose: 0 : 28788, 5, 2024/04/23, 12:53:41.058, 13070317849081, vstest.console.dll, DataCollectionRequestSender.WaitForRequestHandlerConnection : Waiting for connection with timeout: 90000
TpTrace Information: 0 : 28788, 7, 2024/04/23, 12:53:41.263, 13070319895552, vstest.console.dll, Using the buffer size of 16384 bytes
TpTrace Information: 0 : 28788, 7, 2024/04/23, 12:53:41.263, 13070319898553, vstest.console.dll, Accepted Client request and set the flag
TpTrace Verbose: 0 : 28788, 5, 2024/04/23, 12:53:41.263, 13070319897183, vstest.console.dll, SocketCommunicationManager.WaitForClientConnection took: 204 ms, with 90000 ms timeout, and finished with True.
TpTrace Verbose: 0 : 28788, 5, 2024/04/23, 12:53:41.264, 13070319901054, vstest.console.dll, ProxyDataCollectionManager.InvokeDataCollectionServiceAction: Starting.
TpTrace Information: 0 : 28788, 5, 2024/04/23, 12:53:41.264, 13070319902479, vstest.console.dll, ProxyDataCollectionManager.BeforeTestRunStart: Get environment variable and port for datacollector processId: 28204 port: 53774
TpTrace Verbose: 0 : 28788, 5, 2024/04/23, 12:53:41.264, 13070319904601, vstest.console.dll, DataCollectionRequestSender.SendBeforeTestRunStartAndGetResult: Send BeforeTestRunStart message with settingsXml <RunSettings><RunConfiguration><ResultsDirectory>C:\Users\VC\Desktop\training\day10\DoctorPatienceSolution\DoctorPatienceBLTest\bin\Debug\net8.0\fine-code-coverage\coverage-tool-output</ResultsDirectory><TargetPlatform>X64</TargetPlatform><TargetFrameworkVersion>.NETCoreApp,Version=v8.0</TargetFrameworkVersion><DesignMode>False</DesignMode><CollectSourceInformation>False</CollectSourceInformation><TestAdaptersPaths>C:\Program Files\dotnet\sdk\8.0.202\Extensions</TestAdaptersPaths></RunConfiguration><LoggerRunSettings><Loggers><Logger friendlyName="blame" enabled="True" /><Logger friendlyName="Console" uri="logger://microsoft/TestPlatform/ConsoleLogger/v1" assemblyQualifiedName="Microsoft.VisualStudio.TestPlatform.CommandLine.Internal.ConsoleLogger, vstest.console, Version=15.0.0.0, Culture=neutral, PublicKeyToken=b03f5f7f11d50a3a" codeBase="C:\Program Files\dotnet\sdk\8.0.202\vstest.console.dll" enabled="True" /></Loggers></LoggerRunSettings><DataCollectionRunSettings><DataCollectors><DataCollector friendlyName="blame" enabled="True"><Configuration><ResultsDirectory>C:\Users\VC\Desktop\training\day10\DoctorPatienceSolution\DoctorPatienceBLTest\bin\Debug\net8.0\fine-code-coverage\coverage-tool-output</ResultsDirectory></Configuration></DataCollector></DataCollectors></DataCollectionRunSettings></RunSettings> and sources System.Collections.Generic.List`1[System.String]: 
TpTrace Verbose: 0 : 28788, 5, 2024/04/23, 12:53:41.312, 13070320381243, vstest.console.dll, DataCollectionRequestSender.SendBeforeTestRunStartAndGetResult: Received message: (DataCollection.SendMessage) -> {"MessageType":"DataCollection.SendMessage","Payload":{"FriendlyName":null,"Uri":null,"TestCaseId":"00000000-0000-0000-0000-000000000000","Message":"Logging DataCollector Diagnostics in file: C:\\Users\\VC\\Desktop\\training\\day10\\DoctorPatienceSolution\\DoctorPatienceBLTest\\bin\\Debug\\net8.0\\fine-code-coverage\\coverage-tool-output\\diagnostics.datacollector.24-04-23_12-53-41_05006_5.log","Level":0}}
TpTrace Verbose: 0 : 28788, 5, 2024/04/23, 12:53:41.390, 13070321169347, vstest.console.dll, DataCollectionRequestSender.SendBeforeTestRunStartAndGetResult: Received message: (DataCollection.BeforeTestRunStartResult) -> {"MessageType":"DataCollection.BeforeTestRunStartResult","Payload":{"EnvironmentVariables":{},"DataCollectionEventsPort":53776}}
TpTrace Information: 0 : 28788, 5, 2024/04/23, 12:53:41.395, 13070321212519, vstest.console.dll, ProxyDataCollectionManager.BeforeTestRunStart: SendBeforeTestRunStartAndGetResult successful, env variable from datacollector:   and testhost port: 53776
TpTrace Information: 0 : 28788, 5, 2024/04/23, 12:53:41.395, 13070321214020, vstest.console.dll, ProxyDataCollectionManager.InvokeDataCollectionServiceAction: Completed.
TpTrace Verbose: 0 : 28788, 5, 2024/04/23, 12:53:41.395, 13070321214871, vstest.console.dll, ParallelProxyExecutionManager.StartTestRunOnConcurrentManager: Initializing test run. Started clients: 0
TpTrace Verbose: 0 : 28788, 5, 2024/04/23, 12:53:41.395, 13070321215744, vstest.console.dll, ProxyExecutionManager: Test host is always Lazy initialize.
TpTrace Verbose: 0 : 28788, 5, 2024/04/23, 12:53:41.395, 13070321217876, vstest.console.dll, TestRequestSender.InitializeCommunication: initialize communication. 
TpTrace Information: 0 : 28788, 5, 2024/04/23, 12:53:41.396, 13070321224484, vstest.console.dll, SocketServer.Start: Listening on endpoint : 127.0.0.1:53777
TpTrace Verbose: 0 : 28788, 5, 2024/04/23, 12:53:41.397, 13070321233484, vstest.console.dll, DotnetTestHostmanager.GetTestHostProcessStartInfo: Platform environment 'X64' target architecture 'X64' framework '.NETCoreApp,Version=v8.0' OS 'Windows'
TpTrace Verbose: 0 : 28788, 5, 2024/04/23, 12:53:41.397, 13070321236449, vstest.console.dll, DotnetTestHostmanager: Adding  --runtimeconfig "C:\Users\VC\Desktop\training\day10\DoctorPatienceSolution\DoctorPatienceBLTest\bin\Debug\net8.0\fine-code-coverage\build-output\DoctorPatienceBLTest.runtimeconfig.json" in args
TpTrace Verbose: 0 : 28788, 5, 2024/04/23, 12:53:41.397, 13070321237433, vstest.console.dll, DotnetTestHostmanager: Adding  --depsfile "C:\Users\VC\Desktop\training\day10\DoctorPatienceSolution\DoctorPatienceBLTest\bin\Debug\net8.0\fine-code-coverage\build-output\DoctorPatienceBLTest.deps.json" in args
TpTrace Verbose: 0 : 28788, 5, 2024/04/23, 12:53:41.397, 13070321238959, vstest.console.dll, DotnetTestHostmanager.IsWinOnArm: Current PROCESSOR_ARCHITECTURE from environment variable 'AMD64'
TpTrace Verbose: 0 : 28788, 5, 2024/04/23, 12:53:41.397, 13070321239449, vstest.console.dll, DotnetTestHostmanager.IsWinOnArm: Is Windows on ARM 'False'
TpTrace Verbose: 0 : 28788, 5, 2024/04/23, 12:53:41.398, 13070321240313, vstest.console.dll, DotnetTestHostManager: testhost.exe found at path: C:\Users\VC\Desktop\training\day10\DoctorPatienceSolution\DoctorPatienceBLTest\bin\Debug\net8.0\fine-code-coverage\build-output\testhost.exe
TpTrace Verbose: 0 : 28788, 5, 2024/04/23, 12:53:41.398, 13070321240717, vstest.console.dll, DotnetTestHostmanager: Full path of host exe is C:\Users\VC\Desktop\training\day10\DoctorPatienceSolution\DoctorPatienceBLTest\bin\Debug\net8.0\fine-code-coverage\build-output\testhost.exe
TpTrace Verbose: 0 : 28788, 5, 2024/04/23, 12:53:41.398, 13070321241789, vstest.console.dll, DotnetTestHostmanager.LaunchTestHostAsync: Found 'VSTEST_WINAPPHOST_DOTNET_ROOT' in env variables, value 'C:\Program Files\dotnet', forwarding to 'DOTNET_ROOT'
TpTrace Verbose: 0 : 28788, 5, 2024/04/23, 12:53:41.398, 13070321242945, vstest.console.dll, DotnetTestHostManager: Starting process 'C:\Users\VC\Desktop\training\day10\DoctorPatienceSolution\DoctorPatienceBLTest\bin\Debug\net8.0\fine-code-coverage\build-output\testhost.exe' with command line ' --runtimeconfig "C:\Users\VC\Desktop\training\day10\DoctorPatienceSolution\DoctorPatienceBLTest\bin\Debug\net8.0\fine-code-coverage\build-output\DoctorPatienceBLTest.runtimeconfig.json" --depsfile "C:\Users\VC\Desktop\training\day10\DoctorPatienceSolution\DoctorPatienceBLTest\bin\Debug\net8.0\fine-code-coverage\build-output\DoctorPatienceBLTest.deps.json" --port 53777 --endpoint 127.0.0.1:053777 --role client --parentprocessid 28788 --diag "C:\Users\VC\Desktop\training\day10\DoctorPatienceSolution\DoctorPatienceBLTest\bin\Debug\net8.0\fine-code-coverage\coverage-tool-output\diagnostics.host.24-04-23_12-53-41_39701_5.log" --tracelevel 4 --datacollectionport 53776 --telemetryoptedin false'
TpTrace Verbose: 0 : 28788, 5, 2024/04/23, 12:53:41.405, 13070321315193, vstest.console.dll, MulticastDelegateUtilities.SafeInvoke: HostProviderEvents.OnHostLaunched: Invoking callback 1/2 for Microsoft.VisualStudio.TestPlatform.CrossPlatEngine.Client.ProxyExecutionManagerWithDataCollection., took 1 ms.
TpTrace Verbose: 0 : 28788, 5, 2024/04/23, 12:53:41.406, 13070321319955, vstest.console.dll, Test Runtime launched
TpTrace Verbose: 0 : 28788, 5, 2024/04/23, 12:53:41.406, 13070321320905, vstest.console.dll, MulticastDelegateUtilities.SafeInvoke: HostProviderEvents.OnHostLaunched: Invoking callback 2/2 for Microsoft.VisualStudio.TestPlatform.CrossPlatEngine.Client.ProxyOperationManager., took 0 ms.
TpTrace Verbose: 0 : 28788, 5, 2024/04/23, 12:53:41.406, 13070321322985, vstest.console.dll, TestRequestSender.WaitForRequestHandlerConnection: waiting for connection with timeout: 90000.
TpTrace Verbose: 0 : 28788, 5, 2024/04/23, 12:53:41.662, 13070323885753, vstest.console.dll, TestRequestSender.WaitForRequestHandlerConnection: waiting took 256 ms, with timeout 90000 ms, and result 0, which is success.
TpTrace Verbose: 0 : 28788, 7, 2024/04/23, 12:53:41.662, 13070323885791, vstest.console.dll, MulticastDelegateUtilities.SafeInvoke: SocketServer: ClientConnected: Invoking callback 1/1 for Microsoft.VisualStudio.TestPlatform.CommunicationUtilities.TestRequestSender., took 0 ms.
TpTrace Verbose: 0 : 28788, 7, 2024/04/23, 12:53:41.662, 13070323889289, vstest.console.dll, SocketServer.OnClientConnected: Client connected for endPoint: 127.0.0.1:53777, starting MessageLoopAsync:
TpTrace Verbose: 0 : 28788, 7, 2024/04/23, 12:53:41.663, 13070323897212, vstest.console.dll, TcpClientExtensions.MessageLoopAsync: Polling on remoteEndPoint: 127.0.0.1:53778 localEndPoint: 127.0.0.1:53777 after 0 ms
TpTrace Verbose: 0 : 28788, 5, 2024/04/23, 12:53:41.664, 13070323901826, vstest.console.dll, TestRequestSender.CheckVersionWithTestHost: Sending check version message: {"MessageType":"ProtocolVersion","Payload":7}
TpTrace Verbose: 0 : 28788, 7, 2024/04/23, 12:53:41.799, 13070325252996, vstest.console.dll, TcpClientExtensions.MessageLoopAsync: NotifyDataAvailable remoteEndPoint: 127.0.0.1:53778 localEndPoint: 127.0.0.1:53777
TpTrace Verbose: 0 : 28788, 7, 2024/04/23, 12:53:41.799, 13070325256100, vstest.console.dll, TestRequestSender.CheckVersionWithTestHost: onMessageReceived received message: (ProtocolVersion) -> {"MessageType":"ProtocolVersion","Payload":7}
TpTrace Verbose: 0 : 28788, 7, 2024/04/23, 12:53:41.800, 13070325262185, vstest.console.dll, MulticastDelegateUtilities.SafeInvoke: LengthPrefixCommunicationChannel: MessageReceived: Invoking callback 1/1 for Microsoft.VisualStudio.TestPlatform.CommunicationUtilities.TestRequestSender+<>c__DisplayClass29_0., took 0 ms.
TpTrace Verbose: 0 : 28788, 7, 2024/04/23, 12:53:41.800, 13070325263149, vstest.console.dll, TcpClientExtensions.MessageLoopAsync: Polling on remoteEndPoint: 127.0.0.1:53778 localEndPoint: 127.0.0.1:53777 after 136 ms
TpTrace Verbose: 0 : 28788, 5, 2024/04/23, 12:53:41.800, 13070325263369, vstest.console.dll, TestPluginCache.GetExtensionPaths: Filtered extension paths: 
TpTrace Verbose: 0 : 28788, 5, 2024/04/23, 12:53:41.800, 13070325265459, vstest.console.dll, TestPluginCache.GetExtensionPaths: Added default extension paths: C:\Program Files\dotnet\sdk\8.0.202\Extensions\Microsoft.Diagnostics.NETCore.Client.dll
C:\Program Files\dotnet\sdk\8.0.202\Extensions\Microsoft.TestPlatform.Extensions.BlameDataCollector.dll
C:\Program Files\dotnet\sdk\8.0.202\Extensions\Microsoft.TestPlatform.Extensions.EventLogCollector.dll
C:\Program Files\dotnet\sdk\8.0.202\Extensions\Microsoft.TestPlatform.TestHostRuntimeProvider.dll
C:\Program Files\dotnet\sdk\8.0.202\Extensions\Microsoft.VisualStudio.TestPlatform.Extensions.Html.TestLogger.dll
C:\Program Files\dotnet\sdk\8.0.202\Extensions\Microsoft.VisualStudio.TestPlatform.Extensions.Trx.TestLogger.dll
TpTrace Verbose: 0 : 28788, 5, 2024/04/23, 12:53:41.800, 13070325266030, vstest.console.dll, TestPluginCache.GetExtensionPaths: Added unfilterableExtensionPaths: 
TpTrace Verbose: 0 : 28788, 5, 2024/04/23, 12:53:41.804, 13070325300849, vstest.console.dll, TestRequestSender.InitializeExecution: Sending initialize execution with message: {"Version":7,"MessageType":"TestExecution.Initialize","Payload":["C:\\Users\\VC\\Desktop\\training\\day10\\DoctorPatienceSolution\\DoctorPatienceBLTest\\bin\\Debug\\net8.0\\fine-code-coverage\\build-output\\NUnit3.TestAdapter.dll"]}
TpTrace Verbose: 0 : 28788, 5, 2024/04/23, 12:53:41.804, 13070325304446, vstest.console.dll, ParallelProxyExecutionManager.StartTestRunOnConcurrentManager: Execution starting. Started clients: 1
TpTrace Verbose: 0 : 28788, 7, 2024/04/23, 12:53:41.804, 13070325306421, vstest.console.dll, TcpClientExtensions.MessageLoopAsync: NotifyDataAvailable remoteEndPoint: 127.0.0.1:53778 localEndPoint: 127.0.0.1:53777
TpTrace Verbose: 0 : 28788, 5, 2024/04/23, 12:53:41.804, 13070325307598, vstest.console.dll, TestRunRequest:SendTestRunMessage: Starting.
TpTrace Verbose: 0 : 28788, 5, 2024/04/23, 12:53:41.805, 13070325309976, vstest.console.dll, MulticastDelegateUtilities.SafeInvoke: TestRun.LogMessages: Invoking callback 1/1 for Microsoft.VisualStudio.TestPlatform.CommandLine.TestRunResultAggregator., took 0 ms.
TpTrace Information: 0 : 28788, 5, 2024/04/23, 12:53:41.805, 13070325310516, vstest.console.dll, TestRunRequest:SendTestRunMessage: Completed.
TpTrace Verbose: 0 : 28788, 4, 2024/04/23, 12:53:41.805, 13070325312186, vstest.console.dll, MulticastDelegateUtilities.SafeInvoke: InternalTestLoggerEvents.SendTestRunMessage: Invoking callback 1/1 for Microsoft.VisualStudio.TestPlatform.CommandLine.Internal.ConsoleLogger., took 0 ms.
TpTrace Warning: 0 : 28788, 5, 2024/04/23, 12:53:41.805, 13070325315898, vstest.console.dll, InferRunSettingsHelper.MakeRunsettingsCompatible: Removing the following settings: TargetPlatform from RunSettings file. To use those settings please move to latest version of Microsoft.NET.Test.Sdk
TpTrace Verbose: 0 : 28788, 7, 2024/04/23, 12:53:41.806, 13070325325412, vstest.console.dll, TestRequestSender.OnExecutionMessageReceived: Received message: {"Version":7,"MessageType":"TestSession.Message","Payload":{"MessageLevel":0,"Message":"Logging TestHost Diagnostics in file: C:\\Users\\VC\\Desktop\\training\\day10\\DoctorPatienceSolution\\DoctorPatienceBLTest\\bin\\Debug\\net8.0\\fine-code-coverage\\coverage-tool-output\\diagnostics.host.24-04-23_12-53-41_39701_5.log"}}
TpTrace Verbose: 0 : 28788, 7, 2024/04/23, 12:53:41.808, 13070325348593, vstest.console.dll, TestRunRequest:SendTestRunMessage: Starting.
TpTrace Verbose: 0 : 28788, 7, 2024/04/23, 12:53:41.809, 13070325349998, vstest.console.dll, MulticastDelegateUtilities.SafeInvoke: TestRun.LogMessages: Invoking callback 1/1 for Microsoft.VisualStudio.TestPlatform.CommandLine.TestRunResultAggregator., took 0 ms.
TpTrace Verbose: 0 : 28788, 4, 2024/04/23, 12:53:41.809, 13070325350194, vstest.console.dll, MulticastDelegateUtilities.SafeInvoke: InternalTestLoggerEvents.SendTestRunMessage: Invoking callback 1/1 for Microsoft.VisualStudio.TestPlatform.CommandLine.Internal.ConsoleLogger., took 0 ms.
TpTrace Information: 0 : 28788, 7, 2024/04/23, 12:53:41.809, 13070325351156, vstest.console.dll, TestRunRequest:SendTestRunMessage: Completed.
TpTrace Verbose: 0 : 28788, 7, 2024/04/23, 12:53:41.809, 13070325352114, vstest.console.dll, MulticastDelegateUtilities.SafeInvoke: LengthPrefixCommunicationChannel: MessageReceived: Invoking callback 1/1 for Microsoft.VisualStudio.TestPlatform.CommunicationUtilities.TestRequestSender+<>c__DisplayClass34_0., took 2 ms.
TpTrace Verbose: 0 : 28788, 7, 2024/04/23, 12:53:41.809, 13070325352747, vstest.console.dll, TcpClientExtensions.MessageLoopAsync: Polling on remoteEndPoint: 127.0.0.1:53778 localEndPoint: 127.0.0.1:53777 after 8 ms
TpTrace Verbose: 0 : 28788, 5, 2024/04/23, 12:53:41.817, 13070325431316, vstest.console.dll, TestRequestSender.StartTestRun: Sending test run with message: {"Version":7,"MessageType":"TestExecution.StartWithSources","Payload":{"AdapterSourceMap":{"_none_":["C:\\Users\\VC\\Desktop\\training\\day10\\DoctorPatienceSolution\\DoctorPatienceBLTest\\bin\\Debug\\net8.0\\fine-code-coverage\\build-output\\DoctorPatienceBLTest.dll"]},"RunSettings":"<RunSettings>\r\n  <RunConfiguration>\r\n    <ResultsDirectory>C:\\Users\\VC\\Desktop\\training\\day10\\DoctorPatienceSolution\\DoctorPatienceBLTest\\bin\\Debug\\net8.0\\fine-code-coverage\\coverage-tool-output</ResultsDirectory>\r\n    <TargetFrameworkVersion>.NETCoreApp,Version=v8.0</TargetFrameworkVersion>\r\n    <DesignMode>False</DesignMode>\r\n    <CollectSourceInformation>False</CollectSourceInformation>\r\n  </RunConfiguration>\r\n  <LoggerRunSettings>\r\n    <Loggers>\r\n      <Logger friendlyName=\"blame\" enabled=\"True\" />\r\n      <Logger friendlyName=\"Console\" uri=\"logger://microsoft/TestPlatform/ConsoleLogger/v1\" assemblyQualifiedName=\"Microsoft.VisualStudio.TestPlatform.CommandLine.Internal.ConsoleLogger, vstest.console, Version=15.0.0.0, Culture=neutral, PublicKeyToken=b03f5f7f11d50a3a\" codeBase=\"C:\\Program Files\\dotnet\\sdk\\8.0.202\\vstest.console.dll\" enabled=\"True\" />\r\n    </Loggers>\r\n  </LoggerRunSettings>\r\n  <DataCollectionRunSettings>\r\n    <DataCollectors>\r\n      <DataCollector friendlyName=\"blame\" enabled=\"True\">\r\n        <Configuration>\r\n          <ResultsDirectory>C:\\Users\\VC\\Desktop\\training\\day10\\DoctorPatienceSolution\\DoctorPatienceBLTest\\bin\\Debug\\net8.0\\fine-code-coverage\\coverage-tool-output</ResultsDirectory>\r\n        </Configuration>\r\n      </DataCollector>\r\n    </DataCollectors>\r\n  </DataCollectionRunSettings>\r\n</RunSettings>","TestExecutionContext":{"FrequencyOfRunStatsChangeEvent":10,"RunStatsChangeEventTimeout":"00:00:01.5000000","InIsolation":false,"KeepAlive":false,"AreTestCaseLevelEventsRequired":false,"IsDebug":false,"TestCaseFilter":null,"FilterOptions":null},"Package":null}}
TpTrace Verbose: 0 : 28788, 5, 2024/04/23, 12:53:41.817, 13070325433719, vstest.console.dll, ParallelProxyExecutionManager.StartTestRunOnConcurrentManager: Execution started. Started clients: 1
TpTrace Verbose: 0 : 28788, 7, 2024/04/23, 12:53:41.950, 13070326765526, vstest.console.dll, TcpClientExtensions.MessageLoopAsync: NotifyDataAvailable remoteEndPoint: 127.0.0.1:53778 localEndPoint: 127.0.0.1:53777
TpTrace Verbose: 0 : 28788, 7, 2024/04/23, 12:53:41.950, 13070326767613, vstest.console.dll, TestRequestSender.OnExecutionMessageReceived: Received message: {"Version":7,"MessageType":"TestSession.Message","Payload":{"MessageLevel":0,"Message":"NUnit Adapter 4.5.0.0: Test execution started"}}
TpTrace Verbose: 0 : 28788, 7, 2024/04/23, 12:53:41.950, 13070326769383, vstest.console.dll, TestRunRequest:SendTestRunMessage: Starting.
TpTrace Verbose: 0 : 28788, 7, 2024/04/23, 12:53:41.951, 13070326770077, vstest.console.dll, MulticastDelegateUtilities.SafeInvoke: TestRun.LogMessages: Invoking callback 1/1 for Microsoft.VisualStudio.TestPlatform.CommandLine.TestRunResultAggregator., took 0 ms.
TpTrace Information: 0 : 28788, 7, 2024/04/23, 12:53:41.951, 13070326770434, vstest.console.dll, TestRunRequest:SendTestRunMessage: Completed.
TpTrace Verbose: 0 : 28788, 4, 2024/04/23, 12:53:41.951, 13070326770454, vstest.console.dll, MulticastDelegateUtilities.SafeInvoke: InternalTestLoggerEvents.SendTestRunMessage: Invoking callback 1/1 for Microsoft.VisualStudio.TestPlatform.CommandLine.Internal.ConsoleLogger., took 0 ms.
TpTrace Verbose: 0 : 28788, 7, 2024/04/23, 12:53:41.951, 13070326770935, vstest.console.dll, MulticastDelegateUtilities.SafeInvoke: LengthPrefixCommunicationChannel: MessageReceived: Invoking callback 1/1 for Microsoft.VisualStudio.TestPlatform.CommunicationUtilities.TestRequestSender+<>c__DisplayClass34_0., took 0 ms.
TpTrace Verbose: 0 : 28788, 7, 2024/04/23, 12:53:41.951, 13070326772034, vstest.console.dll, TcpClientExtensions.MessageLoopAsync: Polling on remoteEndPoint: 127.0.0.1:53778 localEndPoint: 127.0.0.1:53777 after 141 ms
TpTrace Verbose: 0 : 28788, 7, 2024/04/23, 12:53:41.968, 13070326948156, vstest.console.dll, TcpClientExtensions.MessageLoopAsync: NotifyDataAvailable remoteEndPoint: 127.0.0.1:53778 localEndPoint: 127.0.0.1:53777
TpTrace Verbose: 0 : 28788, 7, 2024/04/23, 12:53:41.969, 13070326949928, vstest.console.dll, TestRequestSender.OnExecutionMessageReceived: Received message: {"Version":7,"MessageType":"TestSession.Message","Payload":{"MessageLevel":0,"Message":"Running all tests in C:\\Users\\VC\\Desktop\\training\\day10\\DoctorPatienceSolution\\DoctorPatienceBLTest\\bin\\Debug\\net8.0\\fine-code-coverage\\build-output\\DoctorPatienceBLTest.dll"}}
TpTrace Verbose: 0 : 28788, 7, 2024/04/23, 12:53:41.969, 13070326951237, vstest.console.dll, TestRunRequest:SendTestRunMessage: Starting.
TpTrace Verbose: 0 : 28788, 7, 2024/04/23, 12:53:41.969, 13070326951756, vstest.console.dll, MulticastDelegateUtilities.SafeInvoke: TestRun.LogMessages: Invoking callback 1/1 for Microsoft.VisualStudio.TestPlatform.CommandLine.TestRunResultAggregator., took 0 ms.
TpTrace Information: 0 : 28788, 7, 2024/04/23, 12:53:41.969, 13070326952024, vstest.console.dll, TestRunRequest:SendTestRunMessage: Completed.
TpTrace Verbose: 0 : 28788, 7, 2024/04/23, 12:53:41.969, 13070326952288, vstest.console.dll, MulticastDelegateUtilities.SafeInvoke: LengthPrefixCommunicationChannel: MessageReceived: Invoking callback 1/1 for Microsoft.VisualStudio.TestPlatform.CommunicationUtilities.TestRequestSender+<>c__DisplayClass34_0., took 0 ms.
TpTrace Verbose: 0 : 28788, 4, 2024/04/23, 12:53:41.969, 13070326952221, vstest.console.dll, MulticastDelegateUtilities.SafeInvoke: InternalTestLoggerEvents.SendTestRunMessage: Invoking callback 1/1 for Microsoft.VisualStudio.TestPlatform.CommandLine.Internal.ConsoleLogger., took 0 ms.
TpTrace Verbose: 0 : 28788, 7, 2024/04/23, 12:53:41.969, 13070326952608, vstest.console.dll, TcpClientExtensions.MessageLoopAsync: Polling on remoteEndPoint: 127.0.0.1:53778 localEndPoint: 127.0.0.1:53777 after 18 ms
TpTrace Verbose: 0 : 28788, 7, 2024/04/23, 12:53:42.073, 13070327992215, vstest.console.dll, TcpClientExtensions.MessageLoopAsync: NotifyDataAvailable remoteEndPoint: 127.0.0.1:53778 localEndPoint: 127.0.0.1:53777
TpTrace Verbose: 0 : 28788, 7, 2024/04/23, 12:53:42.073, 13070327995074, vstest.console.dll, TestRequestSender.OnExecutionMessageReceived: Received message: {"Version":7,"MessageType":"TestSession.Message","Payload":{"MessageLevel":0,"Message":"   NUnit3TestExecutor discovered 23 of 23 NUnit test cases using Current Discovery mode, Non-Explicit run"}}
TpTrace Verbose: 0 : 28788, 7, 2024/04/23, 12:53:42.073, 13070327996927, vstest.console.dll, TestRunRequest:SendTestRunMessage: Starting.
TpTrace Verbose: 0 : 28788, 7, 2024/04/23, 12:53:42.073, 13070327997707, vstest.console.dll, MulticastDelegateUtilities.SafeInvoke: TestRun.LogMessages: Invoking callback 1/1 for Microsoft.VisualStudio.TestPlatform.CommandLine.TestRunResultAggregator., took 0 ms.
TpTrace Verbose: 0 : 28788, 4, 2024/04/23, 12:53:42.073, 13070327997970, vstest.console.dll, MulticastDelegateUtilities.SafeInvoke: InternalTestLoggerEvents.SendTestRunMessage: Invoking callback 1/1 for Microsoft.VisualStudio.TestPlatform.CommandLine.Internal.ConsoleLogger., took 0 ms.
TpTrace Information: 0 : 28788, 7, 2024/04/23, 12:53:42.073, 13070327998235, vstest.console.dll, TestRunRequest:SendTestRunMessage: Completed.
TpTrace Verbose: 0 : 28788, 7, 2024/04/23, 12:53:42.073, 13070327999517, vstest.console.dll, MulticastDelegateUtilities.SafeInvoke: LengthPrefixCommunicationChannel: MessageReceived: Invoking callback 1/1 for Microsoft.VisualStudio.TestPlatform.CommunicationUtilities.TestRequestSender+<>c__DisplayClass34_0., took 0 ms.
TpTrace Verbose: 0 : 28788, 7, 2024/04/23, 12:53:42.074, 13070327999956, vstest.console.dll, TcpClientExtensions.MessageLoopAsync: Polling on remoteEndPoint: 127.0.0.1:53778 localEndPoint: 127.0.0.1:53777 after 104 ms
TpTrace Verbose: 0 : 28788, 7, 2024/04/23, 12:53:42.206, 13070329323284, vstest.console.dll, TcpClientExtensions.MessageLoopAsync: NotifyDataAvailable remoteEndPoint: 127.0.0.1:53778 localEndPoint: 127.0.0.1:53777
TpTrace Verbose: 0 : 28788, 7, 2024/04/23, 12:53:42.206, 13070329327081, vstest.console.dll, TestRequestSender.OnExecutionMessageReceived: Received message: {"Version":7,"MessageType":"TestExecution.StatsChange","Payload":{"NewTestResults":[{"TestCase":{"Id":"805dd414-e8f0-f540-f8d2-608e1cb62bc5","FullyQualifiedName":"DoctorPatienceBLTest.DoctorBLTest.CreateDoctorSuccessTest","DisplayName":"CreateDoctorSuccessTest","ExecutorUri":"executor://NUnit3TestExecutor","Source":"C:\\Users\\VC\\Desktop\\training\\day10\\DoctorPatienceSolution\\DoctorPatienceBLTest\\bin\\Debug\\net8.0\\fine-code-coverage\\build-output\\DoctorPatienceBLTest.dll","CodeFilePath":null,"LineNumber":0,"Properties":[{"Key":{"Id":"NUnit.Seed","Label":"Seed","Category":"","Description":"","Attributes":0,"ValueType":"System.String"},"Value":"223070501"}]},"Attachments":[],"Outcome":1,"ErrorMessage":null,"ErrorStackTrace":null,"DisplayName":"CreateDoctorSuccessTest","Messages":[],"ComputerName":"DESKTOP-RVR2IQF","Duration":"00:00:00.0173530","StartTime":"2024-04-23T11:53:42.0969872+00:00","EndTime":"2024-04-23T11:53:42.1142863+00:00","Properties":[{"Key":{"Id":"NUnit.Seed","Label":"Seed","Category":"","Description":"","Attributes":0,"ValueType":"System.String"},"Value":"223070501"}]},{"TestCase":{"Id":"99ea1b13-c684-b498-1acb-aee506bd8ec4","FullyQualifiedName":"DoctorPatienceBLTest.DoctorBLTest.DeleteDoctorFailTest","DisplayName":"DeleteDoctorFailTest","ExecutorUri":"executor://NUnit3TestExecutor","Source":"C:\\Users\\VC\\Desktop\\training\\day10\\DoctorPatienceSolution\\DoctorPatienceBLTest\\bin\\Debug\\net8.0\\fine-code-coverage\\build-output\\DoctorPatienceBLTest.dll","CodeFilePath":null,"LineNumber":0,"Properties":[{"Key":{"Id":"NUnit.Seed","Label":"Seed","Category":"","Description":"","Attributes":0,"ValueType":"System.String"},"Value":"589851083"}]},"Attachments":[],"Outcome":1,"ErrorMessage":null,"ErrorStackTrace":null,"DisplayName":"DeleteDoctorFailTest","Messages":[],"ComputerName":"DESKTOP-RVR2IQF","Duration":"00:00:00.0054130","StartTime":"2024-04-23T11:53:42.1153034+00:00","EndTime":"2024-04-23T11:53:42.1207156+00:00","Properties":[{"Key":{"Id":"NUnit.Seed","Label":"Seed","Category":"","Description":"","Attributes":0,"ValueType":"System.String"},"Value":"589851083"}]},{"TestCase":{"Id":"e6b4cb50-7d58-ac43-1288-71eb1870e415","FullyQualifiedName":"DoctorPatienceBLTest.DoctorBLTest.DeleteDoctorSuccessTest","DisplayName":"DeleteDoctorSuccessTest","ExecutorUri":"executor://NUnit3TestExecutor","Source":"C:\\Users\\VC\\Desktop\\training\\day10\\DoctorPatienceSolution\\DoctorPatienceBLTest\\bin\\Debug\\net8.0\\fine-code-coverage\\build-output\\DoctorPatienceBLTest.dll","CodeFilePath":null,"LineNumber":0,"Properties":[{"Key":{"Id":"NUnit.Seed","Label":"Seed","Category":"","Description":"","Attributes":0,"ValueType":"System.String"},"Value":"1575683096"}]},"Attachments":[],"Outcome":1,"ErrorMessage":null,"ErrorStackTrace":null,"DisplayName":"DeleteDoctorSuccessTest","Messages":[],"ComputerName":"DESKTOP-RVR2IQF","Duration":"00:00:00.0001960","StartTime":"2024-04-23T11:53:42.1207431+00:00","EndTime":"2024-04-23T11:53:42.1209389+00:00","Properties":[{"Key":{"Id":"NUnit.Seed","Label":"Seed","Category":"","Description":"","Attributes":0,"ValueType":"System.String"},"Value":"1575683096"}]},{"TestCase":{"Id":"bf9c922b-9062-7764-6b9e-e0d8173e513d","FullyQualifiedName":"DoctorPatienceBLTest.DoctorBLTest.GetAllDoctorsFailTest","DisplayName":"GetAllDoctorsFailTest","ExecutorUri":"executor://NUnit3TestExecutor","Source":"C:\\Users\\VC\\Desktop\\training\\day10\\DoctorPatienceSolution\\DoctorPatienceBLTest\\bin\\Debug\\net8.0\\fine-code-coverage\\build-output\\DoctorPatienceBLTest.dll","CodeFilePath":null,"LineNumber":0,"Properties":[{"Key":{"Id":"NUnit.Seed","Label":"Seed","Category":"","Description":"","Attributes":0,"ValueType":"System.String"},"Value":"1399530483"}]},"Attachments":[],"Outcome":1,"ErrorMessage":null,"ErrorStackTrace":null,"DisplayName":"GetAllDoctorsFailTest","Messages":[],"ComputerName":"DESKTOP-RVR2IQF","Duration":"00:00:00.0004140","StartTime":"2024-04-23T11:53:42.1209495+00:00","EndTime":"2024-04-23T11:53:42.1213635+00:00","Properties":[{"Key":{"Id":"NUnit.Seed","Label":"Seed","Category":"","Description":"","Attributes":0,"ValueType":"System.String"},"Value":"1399530483"}]},{"TestCase":{"Id":"2fa2cb94-8ba3-b835-b097-95fb3ef09e2a","FullyQualifiedName":"DoctorPatienceBLTest.DoctorBLTest.GetAllDoctorsSuccessTest","DisplayName":"GetAllDoctorsSuccessTest","ExecutorUri":"executor://NUnit3TestExecutor","Source":"C:\\Users\\VC\\Desktop\\training\\day10\\DoctorPatienceSolution\\DoctorPatienceBLTest\\bin\\Debug\\net8.0\\fine-code-coverage\\build-output\\DoctorPatienceBLTest.dll","CodeFilePath":null,"LineNumber":0,"Properties":[{"Key":{"Id":"NUnit.Seed","Label":"Seed","Category":"","Description":"","Attributes":0,"ValueType":"System.String"},"Value":"1305865176"}]},"Attachments":[],"Outcome":1,"ErrorMessage":null,"ErrorStackTrace":null,"DisplayName":"GetAllDoctorsSuccessTest","Messages":[],"ComputerName":"DESKTOP-RVR2IQF","Duration":"00:00:00.0002910","StartTime":"2024-04-23T11:53:42.1213735+00:00","EndTime":"2024-04-23T11:53:42.1216648+00:00","Properties":[{"Key":{"Id":"NUnit.Seed","Label":"Seed","Category":"","Description":"","Attributes":0,"ValueType":"System.String"},"Value":"1305865176"}]},{"TestCase":{"Id":"5cfec3fe-f25e-fd9c-4aca-2f7090102642","FullyQualifiedName":"DoctorPatienceBLTest.DoctorBLTest.GetDoctorByAvailabilityFailTest","DisplayName":"GetDoctorByAvailabilityFailTest","ExecutorUri":"executor://NUnit3TestExecutor","Source":"C:\\Users\\VC\\Desktop\\training\\day10\\DoctorPatienceSolution\\DoctorPatienceBLTest\\bin\\Debug\\net8.0\\fine-code-coverage\\build-output\\DoctorPatienceBLTest.dll","CodeFilePath":null,"LineNumber":0,"Properties":[{"Key":{"Id":"NUnit.Seed","Label":"Seed","Category":"","Description":"","Attributes":0,"ValueType":"System.String"},"Value":"205138464"}]},"Attachments":[],"Outcome":1,"ErrorMessage":null,"ErrorStackTrace":null,"DisplayName":"GetDoctorByAvailabilityFailTest","Messages":[],"ComputerName":"DESKTOP-RVR2IQF","Duration":"00:00:00.0024760","StartTime":"2024-04-23T11:53:42.1216752+00:00","EndTime":"2024-04-23T11:53:42.1241508+00:00","Properties":[{"Key":{"Id":"NUnit.Seed","Label":"Seed","Category":"","Description":"","Attributes":0,"ValueType":"System.String"},"Value":"205138464"}]},{"TestCase":{"Id":"231e41e0-02ed-0b66-c55f-7d1f91bb8e1c","FullyQualifiedName":"DoctorPatienceBLTest.DoctorBLTest.GetDoctorByAvailabilitySuccessTest","DisplayName":"GetDoctorByAvailabilitySuccessTest","ExecutorUri":"executor://NUnit3TestExecutor","Source":"C:\\Users\\VC\\Desktop\\training\\day10\\DoctorPatienceSolution\\DoctorPatienceBLTest\\bin\\Debug\\net8.0\\fine-code-coverage\\build-output\\DoctorPatienceBLTest.dll","CodeFilePath":null,"LineNumber":0,"Properties":[{"Key":{"Id":"NUnit.Seed","Label":"Seed","Category":"","Description":"","Attributes":0,"ValueType":"System.String"},"Value":"1229008979"}]},"Attachments":[],"Outcome":1,"ErrorMessage":null,"ErrorStackTrace":null,"DisplayName":"GetDoctorByAvailabilitySuccessTest","Messages":[],"ComputerName":"DESKTOP-RVR2IQF","Duration":"00:00:00.0002060","StartTime":"2024-04-23T11:53:42.1241742+00:00","EndTime":"2024-04-23T11:53:42.1243798+00:00","Properties":[{"Key":{"Id":"NUnit.Seed","Label":"Seed","Category":"","Description":"","Attributes":0,"ValueType":"System.String"},"Value":"1229008979"}]},{"TestCase":{"Id":"9b73762a-fbe7-5a27-d064-9b14923ad333","FullyQualifiedName":"DoctorPatienceBLTest.DoctorBLTest.GetDoctorByIdFailTest","DisplayName":"GetDoctorByIdFailTest","ExecutorUri":"executor://NUnit3TestExecutor","Source":"C:\\Users\\VC\\Desktop\\training\\day10\\DoctorPatienceSolution\\DoctorPatienceBLTest\\bin\\Debug\\net8.0\\fine-code-coverage\\build-output\\DoctorPatienceBLTest.dll","CodeFilePath":null,"LineNumber":0,"Properties":[{"Key":{"Id":"NUnit.Seed","Label":"Seed","Category":"","Description":"","Attributes":0,"ValueType":"System.String"},"Value":"1223037845"}]},"Attachments":[],"Outcome":1,"ErrorMessage":null,"ErrorStackTrace":null,"DisplayName":"GetDoctorByIdFailTest","Messages":[],"ComputerName":"DESKTOP-RVR2IQF","Duration":"00:00:00.0003690","StartTime":"2024-04-23T11:53:42.1243878+00:00","EndTime":"2024-04-23T11:53:42.1247563+00:00","Properties":[{"Key":{"Id":"NUnit.Seed","Label":"Seed","Category":"","Description":"","Attributes":0,"ValueType":"System.String"},"Value":"1223037845"}]},{"TestCase":{"Id":"262760ef-7196-38bc-8048-3f2dce518f83","FullyQualifiedName":"DoctorPatienceBLTest.DoctorBLTest.GetDoctorByIdSuccessTest","DisplayName":"GetDoctorByIdSuccessTest","ExecutorUri":"executor://NUnit3TestExecutor","Source":"C:\\Users\\VC\\Desktop\\training\\day10\\DoctorPatienceSolution\\DoctorPatienceBLTest\\bin\\Debug\\net8.0\\fine-code-coverage\\build-output\\DoctorPatienceBLTest.dll","CodeFilePath":null,"LineNumber":0,"Properties":[{"Key":{"Id":"NUnit.Seed","Label":"Seed","Category":"","Description":"","Attributes":0,"ValueType":"System.String"},"Value":"746218934"}]},"Attachments":[],"Outcome":1,"ErrorMessage":null,"ErrorStackTrace":null,"DisplayName":"GetDoctorByIdSuccessTest","Messages":[],"ComputerName":"DESKTOP-RVR2IQF","Duration":"00:00:00.0001390","StartTime":"2024-04-23T11:53:42.1247661+00:00","EndTime":"2024-04-23T11:53:42.1249055+00:00","Properties":[{"Key":{"Id":"NUnit.Seed","Label":"Seed","Category":"","Description":"","Attributes":0,"ValueType":"System.String"},"Value":"746218934"}]}],"TestRunStatistics":{"ExecutedTests":9,"Stats":{"Passed":9}},"ActiveTests":[{"Id":"1f8606eb-b62c-3c5d-bd95-52a3e48e37d7","FullyQualifiedName":"DoctorPatienceBLTest.DoctorBLTest.GetDoctorBySpecializationFailTest","DisplayName":"GetDoctorBySpecializationFailTest","ExecutorUri":"executor://NUnit3TestExecutor","Source":"C:\\Users\\VC\\Desktop\\training\\day10\\DoctorPatienceSolution\\DoctorPatienceBLTest\\bin\\Debug\\net8.0\\fine-code-coverage\\build-output\\DoctorPatienceBLTest.dll","CodeFilePath":null,"LineNumber":0,"Properties":[{"Key":{"Id":"NUnit.Seed","Label":"Seed","Category":"","Description":"","Attributes":0,"ValueType":"System.String"},"Value":"564374591"}]}]}}
TpTrace Verbose: 0 : 28788, 7, 2024/04/23, 12:53:42.231, 13070329570604, vstest.console.dll, TestRunRequest:SendTestRunStatsChange: Starting.
TpTrace Verbose: 0 : 28788, 7, 2024/04/23, 12:53:42.231, 13070329572313, vstest.console.dll, InProgress is GetDoctorBySpecializationFailTest
TpTrace Verbose: 0 : 28788, 7, 2024/04/23, 12:53:42.231, 13070329574374, vstest.console.dll, MulticastDelegateUtilities.SafeInvoke: TestRun.RunStatsChanged: Invoking callbacks was skipped because there are no subscribers.
TpTrace Information: 0 : 28788, 7, 2024/04/23, 12:53:42.231, 13070329574924, vstest.console.dll, TestRunRequest:SendTestRunStatsChange: Completed.
TpTrace Verbose: 0 : 28788, 7, 2024/04/23, 12:53:42.231, 13070329575318, vstest.console.dll, MulticastDelegateUtilities.SafeInvoke: LengthPrefixCommunicationChannel: MessageReceived: Invoking callback 1/1 for Microsoft.VisualStudio.TestPlatform.CommunicationUtilities.TestRequestSender+<>c__DisplayClass34_0., took 24 ms.
TpTrace Verbose: 0 : 28788, 7, 2024/04/23, 12:53:42.231, 13070329575800, vstest.console.dll, TcpClientExtensions.MessageLoopAsync: Polling on remoteEndPoint: 127.0.0.1:53778 localEndPoint: 127.0.0.1:53777 after 157 ms
TpTrace Verbose: 0 : 28788, 4, 2024/04/23, 12:53:42.233, 13070329593261, vstest.console.dll, MulticastDelegateUtilities.SafeInvoke: InternalTestLoggerEvents.SendTestResult: Invoking callback 1/1 for Microsoft.VisualStudio.TestPlatform.CommandLine.Internal.ConsoleLogger., took 1 ms.
TpTrace Verbose: 0 : 28788, 4, 2024/04/23, 12:53:42.233, 13070329596804, vstest.console.dll, MulticastDelegateUtilities.SafeInvoke: InternalTestLoggerEvents.SendTestResult: Invoking callback 1/1 for Microsoft.VisualStudio.TestPlatform.CommandLine.Internal.ConsoleLogger., took 0 ms.
TpTrace Verbose: 0 : 28788, 4, 2024/04/23, 12:53:42.233, 13070329597627, vstest.console.dll, MulticastDelegateUtilities.SafeInvoke: InternalTestLoggerEvents.SendTestResult: Invoking callback 1/1 for Microsoft.VisualStudio.TestPlatform.CommandLine.Internal.ConsoleLogger., took 0 ms.
TpTrace Verbose: 0 : 28788, 4, 2024/04/23, 12:53:42.233, 13070329598141, vstest.console.dll, MulticastDelegateUtilities.SafeInvoke: InternalTestLoggerEvents.SendTestResult: Invoking callback 1/1 for Microsoft.VisualStudio.TestPlatform.CommandLine.Internal.ConsoleLogger., took 0 ms.
TpTrace Verbose: 0 : 28788, 4, 2024/04/23, 12:53:42.233, 13070329598570, vstest.console.dll, MulticastDelegateUtilities.SafeInvoke: InternalTestLoggerEvents.SendTestResult: Invoking callback 1/1 for Microsoft.VisualStudio.TestPlatform.CommandLine.Internal.ConsoleLogger., took 0 ms.
TpTrace Verbose: 0 : 28788, 4, 2024/04/23, 12:53:42.233, 13070329598898, vstest.console.dll, MulticastDelegateUtilities.SafeInvoke: InternalTestLoggerEvents.SendTestResult: Invoking callback 1/1 for Microsoft.VisualStudio.TestPlatform.CommandLine.Internal.ConsoleLogger., took 0 ms.
TpTrace Verbose: 0 : 28788, 4, 2024/04/23, 12:53:42.233, 13070329599250, vstest.console.dll, MulticastDelegateUtilities.SafeInvoke: InternalTestLoggerEvents.SendTestResult: Invoking callback 1/1 for Microsoft.VisualStudio.TestPlatform.CommandLine.Internal.ConsoleLogger., took 0 ms.
TpTrace Verbose: 0 : 28788, 4, 2024/04/23, 12:53:42.234, 13070329599790, vstest.console.dll, MulticastDelegateUtilities.SafeInvoke: InternalTestLoggerEvents.SendTestResult: Invoking callback 1/1 for Microsoft.VisualStudio.TestPlatform.CommandLine.Internal.ConsoleLogger., took 0 ms.
TpTrace Verbose: 0 : 28788, 4, 2024/04/23, 12:53:42.234, 13070329600169, vstest.console.dll, MulticastDelegateUtilities.SafeInvoke: InternalTestLoggerEvents.SendTestResult: Invoking callback 1/1 for Microsoft.VisualStudio.TestPlatform.CommandLine.Internal.ConsoleLogger., took 0 ms.
TpTrace Verbose: 0 : 28788, 7, 2024/04/23, 12:53:42.240, 13070329669120, vstest.console.dll, TcpClientExtensions.MessageLoopAsync: NotifyDataAvailable remoteEndPoint: 127.0.0.1:53778 localEndPoint: 127.0.0.1:53777
TpTrace Verbose: 0 : 28788, 7, 2024/04/23, 12:53:42.241, 13070329672676, vstest.console.dll, TestRequestSender.OnExecutionMessageReceived: Received message: {"Version":7,"MessageType":"TestExecution.StatsChange","Payload":{"NewTestResults":[{"TestCase":{"Id":"1f8606eb-b62c-3c5d-bd95-52a3e48e37d7","FullyQualifiedName":"DoctorPatienceBLTest.DoctorBLTest.GetDoctorBySpecializationFailTest","DisplayName":"GetDoctorBySpecializationFailTest","ExecutorUri":"executor://NUnit3TestExecutor","Source":"C:\\Users\\VC\\Desktop\\training\\day10\\DoctorPatienceSolution\\DoctorPatienceBLTest\\bin\\Debug\\net8.0\\fine-code-coverage\\build-output\\DoctorPatienceBLTest.dll","CodeFilePath":null,"LineNumber":0,"Properties":[{"Key":{"Id":"NUnit.Seed","Label":"Seed","Category":"","Description":"","Attributes":0,"ValueType":"System.String"},"Value":"564374591"}]},"Attachments":[],"Outcome":1,"ErrorMessage":null,"ErrorStackTrace":null,"DisplayName":"GetDoctorBySpecializationFailTest","Messages":[],"ComputerName":"DESKTOP-RVR2IQF","Duration":"00:00:00.0002810","StartTime":"2024-04-23T11:53:42.124913+00:00","EndTime":"2024-04-23T11:53:42.1251937+00:00","Properties":[{"Key":{"Id":"NUnit.Seed","Label":"Seed","Category":"","Description":"","Attributes":0,"ValueType":"System.String"},"Value":"564374591"}]},{"TestCase":{"Id":"65a5980a-233e-7fb6-a500-b4072db6a457","FullyQualifiedName":"DoctorPatienceBLTest.DoctorBLTest.GetDoctorBySpecializationSuccessTest","DisplayName":"GetDoctorBySpecializationSuccessTest","ExecutorUri":"executor://NUnit3TestExecutor","Source":"C:\\Users\\VC\\Desktop\\training\\day10\\DoctorPatienceSolution\\DoctorPatienceBLTest\\bin\\Debug\\net8.0\\fine-code-coverage\\build-output\\DoctorPatienceBLTest.dll","CodeFilePath":null,"LineNumber":0,"Properties":[{"Key":{"Id":"NUnit.Seed","Label":"Seed","Category":"","Description":"","Attributes":0,"ValueType":"System.String"},"Value":"1313625730"}]},"Attachments":[],"Outcome":1,"ErrorMessage":null,"ErrorStackTrace":null,"DisplayName":"GetDoctorBySpecializationSuccessTest","Messages":[],"ComputerName":"DESKTOP-RVR2IQF","Duration":"00:00:00.0001299","StartTime":"2024-04-23T11:53:42.1252021+00:00","EndTime":"2024-04-23T11:53:42.125332+00:00","Properties":[{"Key":{"Id":"NUnit.Seed","Label":"Seed","Category":"","Description":"","Attributes":0,"ValueType":"System.String"},"Value":"1313625730"}]},{"TestCase":{"Id":"f6896c5d-f477-db7e-7d94-902143b88a52","FullyQualifiedName":"DoctorPatienceBLTest.DoctorBLTest.UpdateDoctorFailTest","DisplayName":"UpdateDoctorFailTest","ExecutorUri":"executor://NUnit3TestExecutor","Source":"C:\\Users\\VC\\Desktop\\training\\day10\\DoctorPatienceSolution\\DoctorPatienceBLTest\\bin\\Debug\\net8.0\\fine-code-coverage\\build-output\\DoctorPatienceBLTest.dll","CodeFilePath":null,"LineNumber":0,"Properties":[{"Key":{"Id":"NUnit.Seed","Label":"Seed","Category":"","Description":"","Attributes":0,"ValueType":"System.String"},"Value":"720488327"}]},"Attachments":[],"Outcome":1,"ErrorMessage":null,"ErrorStackTrace":null,"DisplayName":"UpdateDoctorFailTest","Messages":[],"ComputerName":"DESKTOP-RVR2IQF","Duration":"00:00:00.0003550","StartTime":"2024-04-23T11:53:42.12534+00:00","EndTime":"2024-04-23T11:53:42.1256952+00:00","Properties":[{"Key":{"Id":"NUnit.Seed","Label":"Seed","Category":"","Description":"","Attributes":0,"ValueType":"System.String"},"Value":"720488327"}]},{"TestCase":{"Id":"313338ea-71ff-d8ec-3326-bb56226e453e","FullyQualifiedName":"DoctorPatienceBLTest.DoctorBLTest.UpdateDoctorSuccessTest","DisplayName":"UpdateDoctorSuccessTest","ExecutorUri":"executor://NUnit3TestExecutor","Source":"C:\\Users\\VC\\Desktop\\training\\day10\\DoctorPatienceSolution\\DoctorPatienceBLTest\\bin\\Debug\\net8.0\\fine-code-coverage\\build-output\\DoctorPatienceBLTest.dll","CodeFilePath":null,"LineNumber":0,"Properties":[{"Key":{"Id":"NUnit.Seed","Label":"Seed","Category":"","Description":"","Attributes":0,"ValueType":"System.String"},"Value":"544520908"}]},"Attachments":[],"Outcome":1,"ErrorMessage":null,"ErrorStackTrace":null,"DisplayName":"UpdateDoctorSuccessTest","Messages":[],"ComputerName":"DESKTOP-RVR2IQF","Duration":"00:00:00.0001399","StartTime":"2024-04-23T11:53:42.1257042+00:00","EndTime":"2024-04-23T11:53:42.1258446+00:00","Properties":[{"Key":{"Id":"NUnit.Seed","Label":"Seed","Category":"","Description":"","Attributes":0,"ValueType":"System.String"},"Value":"544520908"}]},{"TestCase":{"Id":"3cbaed4b-2e40-8c67-e830-3e77a4a52715","FullyQualifiedName":"DoctorPatienceBLTest.PatientBLTest.CreatePatientFailTest","DisplayName":"CreatePatientFailTest","ExecutorUri":"executor://NUnit3TestExecutor","Source":"C:\\Users\\VC\\Desktop\\training\\day10\\DoctorPatienceSolution\\DoctorPatienceBLTest\\bin\\Debug\\net8.0\\fine-code-coverage\\build-output\\DoctorPatienceBLTest.dll","CodeFilePath":null,"LineNumber":0,"Properties":[{"Key":{"Id":"NUnit.Seed","Label":"Seed","Category":"","Description":"","Attributes":0,"ValueType":"System.String"},"Value":"1444184302"}]},"Attachments":[],"Outcome":2,"ErrorMessage":"  Expected: <DoctorPatientBLLibrary.DuplicatePatientNameException>\r\n  But was:  null\r\n","ErrorStackTrace":"   at DoctorPatienceBLTest.PatientBLTest.CreatePatientFailTest() in C:\\Users\\VC\\Desktop\\training\\day10\\DoctorPatienceSolution\\DoctorPatienceBLTest\\PatientBLTest.cs:line 36\r\n\n1)    at DoctorPatienceBLTest.PatientBLTest.CreatePatientFailTest() in C:\\Users\\VC\\Desktop\\training\\day10\\DoctorPatienceSolution\\DoctorPatienceBLTest\\PatientBLTest.cs:line 36\r\n\n","DisplayName":"CreatePatientFailTest","Messages":[],"ComputerName":"DESKTOP-RVR2IQF","Duration":"00:00:00.0291800","StartTime":"2024-04-23T11:53:42.1274142+00:00","EndTime":"2024-04-23T11:53:42.1565937+00:00","Properties":[{"Key":{"Id":"NUnit.Seed","Label":"Seed","Category":"","Description":"","Attributes":0,"ValueType":"System.String"},"Value":"1444184302"}]},{"TestCase":{"Id":"51567c5e-08dd-7840-5c71-d0a901b641cc","FullyQualifiedName":"DoctorPatienceBLTest.PatientBLTest.CreatePatientSuccessTest","DisplayName":"CreatePatientSuccessTest","ExecutorUri":"executor://NUnit3TestExecutor","Source":"C:\\Users\\VC\\Desktop\\training\\day10\\DoctorPatienceSolution\\DoctorPatienceBLTest\\bin\\Debug\\net8.0\\fine-code-coverage\\build-output\\DoctorPatienceBLTest.dll","CodeFilePath":null,"LineNumber":0,"Properties":[{"Key":{"Id":"NUnit.Seed","Label":"Seed","Category":"","Description":"","Attributes":0,"ValueType":"System.String"},"Value":"449226425"}]},"Attachments":[],"Outcome":1,"ErrorMessage":null,"ErrorStackTrace":null,"DisplayName":"CreatePatientSuccessTest","Messages":[],"ComputerName":"DESKTOP-RVR2IQF","Duration":"00:00:00.0003430","StartTime":"2024-04-23T11:53:42.1567366+00:00","EndTime":"2024-04-23T11:53:42.1570798+00:00","Properties":[{"Key":{"Id":"NUnit.Seed","Label":"Seed","Category":"","Description":"","Attributes":0,"ValueType":"System.String"},"Value":"449226425"}]},{"TestCase":{"Id":"17eedc01-45ed-1358-b773-f3138c8cf9c8","FullyQualifiedName":"DoctorPatienceBLTest.PatientBLTest.DeleteDoctorFailTest","DisplayName":"DeleteDoctorFailTest","ExecutorUri":"executor://NUnit3TestExecutor","Source":"C:\\Users\\VC\\Desktop\\training\\day10\\DoctorPatienceSolution\\DoctorPatienceBLTest\\bin\\Debug\\net8.0\\fine-code-coverage\\build-output\\DoctorPatienceBLTest.dll","CodeFilePath":null,"LineNumber":0,"Properties":[{"Key":{"Id":"NUnit.Seed","Label":"Seed","Category":"","Description":"","Attributes":0,"ValueType":"System.String"},"Value":"645690848"}]},"Attachments":[],"Outcome":1,"ErrorMessage":null,"ErrorStackTrace":null,"DisplayName":"DeleteDoctorFailTest","Messages":[],"ComputerName":"DESKTOP-RVR2IQF","Duration":"00:00:00.0010680","StartTime":"2024-04-23T11:53:42.1571098+00:00","EndTime":"2024-04-23T11:53:42.1581772+00:00","Properties":[{"Key":{"Id":"NUnit.Seed","Label":"Seed","Category":"","Description":"","Attributes":0,"ValueType":"System.String"},"Value":"645690848"}]},{"TestCase":{"Id":"ce0c45d7-a25c-5d56-70f1-8a04a0b5b73d","FullyQualifiedName":"DoctorPatienceBLTest.PatientBLTest.DeletePatientSuccessTest","DisplayName":"DeletePatientSuccessTest","ExecutorUri":"executor://NUnit3TestExecutor","Source":"C:\\Users\\VC\\Desktop\\training\\day10\\DoctorPatienceSolution\\DoctorPatienceBLTest\\bin\\Debug\\net8.0\\fine-code-coverage\\build-output\\DoctorPatienceBLTest.dll","CodeFilePath":null,"LineNumber":0,"Properties":[{"Key":{"Id":"NUnit.Seed","Label":"Seed","Category":"","Description":"","Attributes":0,"ValueType":"System.String"},"Value":"2146642987"}]},"Attachments":[],"Outcome":1,"ErrorMessage":null,"ErrorStackTrace":null,"DisplayName":"DeletePatientSuccessTest","Messages":[],"ComputerName":"DESKTOP-RVR2IQF","Duration":"00:00:00.0001750","StartTime":"2024-04-23T11:53:42.1582051+00:00","EndTime":"2024-04-23T11:53:42.1583803+00:00","Properties":[{"Key":{"Id":"NUnit.Seed","Label":"Seed","Category":"","Description":"","Attributes":0,"ValueType":"System.String"},"Value":"2146642987"}]},{"TestCase":{"Id":"7fecff4f-b4de-8d1f-9d8f-8d529d950e61","FullyQualifiedName":"DoctorPatienceBLTest.PatientBLTest.GetAllPatientsFailTest","DisplayName":"GetAllPatientsFailTest","ExecutorUri":"executor://NUnit3TestExecutor","Source":"C:\\Users\\VC\\Desktop\\training\\day10\\DoctorPatienceSolution\\DoctorPatienceBLTest\\bin\\Debug\\net8.0\\fine-code-coverage\\build-output\\DoctorPatienceBLTest.dll","CodeFilePath":null,"LineNumber":0,"Properties":[{"Key":{"Id":"NUnit.Seed","Label":"Seed","Category":"","Description":"","Attributes":0,"ValueType":"System.String"},"Value":"1589368363"}]},"Attachments":[],"Outcome":1,"ErrorMessage":null,"ErrorStackTrace":null,"DisplayName":"GetAllPatientsFailTest","Messages":[],"ComputerName":"DESKTOP-RVR2IQF","Duration":"00:00:00.0006790","StartTime":"2024-04-23T11:53:42.1583908+00:00","EndTime":"2024-04-23T11:53:42.1590694+00:00","Properties":[{"Key":{"Id":"NUnit.Seed","Label":"Seed","Category":"","Description":"","Attributes":0,"ValueType":"System.String"},"Value":"1589368363"}]}],"TestRunStatistics":{"ExecutedTests":18,"Stats":{"Passed":17,"Failed":1}},"ActiveTests":[{"Id":"ab129444-9d5f-5640-7314-cdb1632f5325","FullyQualifiedName":"DoctorPatienceBLTest.PatientBLTest.GetAllPatientsSuccessTest","DisplayName":"GetAllPatientsSuccessTest","ExecutorUri":"executor://NUnit3TestExecutor","Source":"C:\\Users\\VC\\Desktop\\training\\day10\\DoctorPatienceSolution\\DoctorPatienceBLTest\\bin\\Debug\\net8.0\\fine-code-coverage\\build-output\\DoctorPatienceBLTest.dll","CodeFilePath":null,"LineNumber":0,"Properties":[{"Key":{"Id":"NUnit.Seed","Label":"Seed","Category":"","Description":"","Attributes":0,"ValueType":"System.String"},"Value":"200613113"}]}]}}
TpTrace Verbose: 0 : 28788, 7, 2024/04/23, 12:53:42.243, 13070329697348, vstest.console.dll, TestRunRequest:SendTestRunStatsChange: Starting.
TpTrace Verbose: 0 : 28788, 7, 2024/04/23, 12:53:42.243, 13070329698196, vstest.console.dll, InProgress is GetAllPatientsSuccessTest
TpTrace Verbose: 0 : 28788, 7, 2024/04/23, 12:53:42.243, 13070329698891, vstest.console.dll, MulticastDelegateUtilities.SafeInvoke: TestRun.RunStatsChanged: Invoking callbacks was skipped because there are no subscribers.
TpTrace Information: 0 : 28788, 7, 2024/04/23, 12:53:42.243, 13070329699225, vstest.console.dll, TestRunRequest:SendTestRunStatsChange: Completed.
TpTrace Verbose: 0 : 28788, 4, 2024/04/23, 12:53:42.243, 13070329699475, vstest.console.dll, MulticastDelegateUtilities.SafeInvoke: InternalTestLoggerEvents.SendTestResult: Invoking callback 1/1 for Microsoft.VisualStudio.TestPlatform.CommandLine.Internal.ConsoleLogger., took 0 ms.
TpTrace Verbose: 0 : 28788, 7, 2024/04/23, 12:53:42.243, 13070329699624, vstest.console.dll, MulticastDelegateUtilities.SafeInvoke: LengthPrefixCommunicationChannel: MessageReceived: Invoking callback 1/1 for Microsoft.VisualStudio.TestPlatform.CommunicationUtilities.TestRequestSender+<>c__DisplayClass34_0., took 2 ms.
TpTrace Verbose: 0 : 28788, 4, 2024/04/23, 12:53:42.244, 13070329700189, vstest.console.dll, MulticastDelegateUtilities.SafeInvoke: InternalTestLoggerEvents.SendTestResult: Invoking callback 1/1 for Microsoft.VisualStudio.TestPlatform.CommandLine.Internal.ConsoleLogger., took 0 ms.
TpTrace Verbose: 0 : 28788, 7, 2024/04/23, 12:53:42.244, 13070329700510, vstest.console.dll, TcpClientExtensions.MessageLoopAsync: Polling on remoteEndPoint: 127.0.0.1:53778 localEndPoint: 127.0.0.1:53777 after 12 ms
TpTrace Verbose: 0 : 28788, 4, 2024/04/23, 12:53:42.244, 13070329701009, vstest.console.dll, MulticastDelegateUtilities.SafeInvoke: InternalTestLoggerEvents.SendTestResult: Invoking callback 1/1 for Microsoft.VisualStudio.TestPlatform.CommandLine.Internal.ConsoleLogger., took 0 ms.
TpTrace Verbose: 0 : 28788, 4, 2024/04/23, 12:53:42.244, 13070329703232, vstest.console.dll, MulticastDelegateUtilities.SafeInvoke: InternalTestLoggerEvents.SendTestResult: Invoking callback 1/1 for Microsoft.VisualStudio.TestPlatform.CommandLine.Internal.ConsoleLogger., took 0 ms.
TpTrace Verbose: 0 : 28788, 4, 2024/04/23, 12:53:42.245, 13070329709775, vstest.console.dll, MulticastDelegateUtilities.SafeInvoke: InternalTestLoggerEvents.SendTestResult: Invoking callback 1/1 for Microsoft.VisualStudio.TestPlatform.CommandLine.Internal.ConsoleLogger., took 0 ms.
TpTrace Verbose: 0 : 28788, 4, 2024/04/23, 12:53:42.245, 13070329710944, vstest.console.dll, MulticastDelegateUtilities.SafeInvoke: InternalTestLoggerEvents.SendTestResult: Invoking callback 1/1 for Microsoft.VisualStudio.TestPlatform.CommandLine.Internal.ConsoleLogger., took 0 ms.
TpTrace Verbose: 0 : 28788, 4, 2024/04/23, 12:53:42.245, 13070329712343, vstest.console.dll, MulticastDelegateUtilities.SafeInvoke: InternalTestLoggerEvents.SendTestResult: Invoking callback 1/1 for Microsoft.VisualStudio.TestPlatform.CommandLine.Internal.ConsoleLogger., took 0 ms.
TpTrace Verbose: 0 : 28788, 4, 2024/04/23, 12:53:42.245, 13070329712750, vstest.console.dll, MulticastDelegateUtilities.SafeInvoke: InternalTestLoggerEvents.SendTestResult: Invoking callback 1/1 for Microsoft.VisualStudio.TestPlatform.CommandLine.Internal.ConsoleLogger., took 0 ms.
TpTrace Verbose: 0 : 28788, 4, 2024/04/23, 12:53:42.245, 13070329713124, vstest.console.dll, MulticastDelegateUtilities.SafeInvoke: InternalTestLoggerEvents.SendTestResult: Invoking callback 1/1 for Microsoft.VisualStudio.TestPlatform.CommandLine.Internal.ConsoleLogger., took 0 ms.
TpTrace Verbose: 0 : 28788, 7, 2024/04/23, 12:53:42.265, 13070329918141, vstest.console.dll, TcpClientExtensions.MessageLoopAsync: NotifyDataAvailable remoteEndPoint: 127.0.0.1:53778 localEndPoint: 127.0.0.1:53777
TpTrace Verbose: 0 : 28788, 7, 2024/04/23, 12:53:42.266, 13070329922529, vstest.console.dll, TestRequestSender.OnExecutionMessageReceived: Received message: {"Version":7,"MessageType":"TestSession.Message","Payload":{"MessageLevel":0,"Message":"NUnit Adapter 4.5.0.0: Test execution complete"}}
TpTrace Verbose: 0 : 28788, 7, 2024/04/23, 12:53:42.266, 13070329923744, vstest.console.dll, TestRunRequest:SendTestRunMessage: Starting.
TpTrace Verbose: 0 : 28788, 7, 2024/04/23, 12:53:42.266, 13070329924284, vstest.console.dll, MulticastDelegateUtilities.SafeInvoke: TestRun.LogMessages: Invoking callback 1/1 for Microsoft.VisualStudio.TestPlatform.CommandLine.TestRunResultAggregator., took 0 ms.
TpTrace Information: 0 : 28788, 7, 2024/04/23, 12:53:42.266, 13070329924574, vstest.console.dll, TestRunRequest:SendTestRunMessage: Completed.
TpTrace Verbose: 0 : 28788, 4, 2024/04/23, 12:53:42.266, 13070329924681, vstest.console.dll, MulticastDelegateUtilities.SafeInvoke: InternalTestLoggerEvents.SendTestRunMessage: Invoking callback 1/1 for Microsoft.VisualStudio.TestPlatform.CommandLine.Internal.ConsoleLogger., took 0 ms.
TpTrace Verbose: 0 : 28788, 7, 2024/04/23, 12:53:42.266, 13070329924883, vstest.console.dll, MulticastDelegateUtilities.SafeInvoke: LengthPrefixCommunicationChannel: MessageReceived: Invoking callback 1/1 for Microsoft.VisualStudio.TestPlatform.CommunicationUtilities.TestRequestSender+<>c__DisplayClass34_0., took 0 ms.
TpTrace Verbose: 0 : 28788, 7, 2024/04/23, 12:53:42.266, 13070329926957, vstest.console.dll, TcpClientExtensions.MessageLoopAsync: Polling on remoteEndPoint: 127.0.0.1:53778 localEndPoint: 127.0.0.1:53777 after 22 ms
TpTrace Verbose: 0 : 28788, 7, 2024/04/23, 12:53:42.277, 13070330037459, vstest.console.dll, TcpClientExtensions.MessageLoopAsync: NotifyDataAvailable remoteEndPoint: 127.0.0.1:53778 localEndPoint: 127.0.0.1:53777
TpTrace Verbose: 0 : 28788, 7, 2024/04/23, 12:53:42.278, 13070330042119, vstest.console.dll, TestRequestSender.OnExecutionMessageReceived: Received message: {"Version":7,"MessageType":"TestExecution.Completed","Payload":{"TestRunCompleteArgs":{"TestRunStatistics":{"ExecutedTests":23,"Stats":{"Passed":22,"Failed":1}},"IsCanceled":false,"IsAborted":false,"Error":null,"AttachmentSets":[],"InvokedDataCollectors":[],"ElapsedTimeInRunningTests":"00:00:00.3372881","Metrics":{},"DiscoveredExtensions":{"TestDiscoverers":["NUnit.VisualStudio.TestAdapter.NUnit3TestDiscoverer, NUnit3.TestAdapter, Version=4.5.0.0, Culture=neutral, PublicKeyToken=4cb40d35494691ac"],"TestExecutors":["executor://NUnit3TestExecutor"],"TestExecutors2":[],"TestSettingsProviders":[]}},"LastRunTests":{"NewTestResults":[{"TestCase":{"Id":"ab129444-9d5f-5640-7314-cdb1632f5325","FullyQualifiedName":"DoctorPatienceBLTest.PatientBLTest.GetAllPatientsSuccessTest","DisplayName":"GetAllPatientsSuccessTest","ExecutorUri":"executor://NUnit3TestExecutor","Source":"C:\\Users\\VC\\Desktop\\training\\day10\\DoctorPatienceSolution\\DoctorPatienceBLTest\\bin\\Debug\\net8.0\\fine-code-coverage\\build-output\\DoctorPatienceBLTest.dll","CodeFilePath":null,"LineNumber":0,"Properties":[{"Key":{"Id":"NUnit.Seed","Label":"Seed","Category":"","Description":"","Attributes":0,"ValueType":"System.String"},"Value":"200613113"}]},"Attachments":[],"Outcome":1,"ErrorMessage":null,"ErrorStackTrace":null,"DisplayName":"GetAllPatientsSuccessTest","Messages":[],"ComputerName":"DESKTOP-RVR2IQF","Duration":"00:00:00.0002500","StartTime":"2024-04-23T11:53:42.1590883+00:00","EndTime":"2024-04-23T11:53:42.1593383+00:00","Properties":[{"Key":{"Id":"NUnit.Seed","Label":"Seed","Category":"","Description":"","Attributes":0,"ValueType":"System.String"},"Value":"200613113"}]},{"TestCase":{"Id":"2922f36e-2bc1-092a-2f1e-0732e70daf06","FullyQualifiedName":"DoctorPatienceBLTest.PatientBLTest.GetPatientByIdFailTest","DisplayName":"GetPatientByIdFailTest","ExecutorUri":"executor://NUnit3TestExecutor","Source":"C:\\Users\\VC\\Desktop\\training\\day10\\DoctorPatienceSolution\\DoctorPatienceBLTest\\bin\\Debug\\net8.0\\fine-code-coverage\\build-output\\DoctorPatienceBLTest.dll","CodeFilePath":null,"LineNumber":0,"Properties":[{"Key":{"Id":"NUnit.Seed","Label":"Seed","Category":"","Description":"","Attributes":0,"ValueType":"System.String"},"Value":"796238388"}]},"Attachments":[],"Outcome":1,"ErrorMessage":null,"ErrorStackTrace":null,"DisplayName":"GetPatientByIdFailTest","Messages":[],"ComputerName":"DESKTOP-RVR2IQF","Duration":"00:00:00.0003930","StartTime":"2024-04-23T11:53:42.1593486+00:00","EndTime":"2024-04-23T11:53:42.159741+00:00","Properties":[{"Key":{"Id":"NUnit.Seed","Label":"Seed","Category":"","Description":"","Attributes":0,"ValueType":"System.String"},"Value":"796238388"}]},{"TestCase":{"Id":"2e4178db-2521-e5a8-00b6-e4e6d00a952c","FullyQualifiedName":"DoctorPatienceBLTest.PatientBLTest.GetPatientByIdSuccessTest","DisplayName":"GetPatientByIdSuccessTest","ExecutorUri":"executor://NUnit3TestExecutor","Source":"C:\\Users\\VC\\Desktop\\training\\day10\\DoctorPatienceSolution\\DoctorPatienceBLTest\\bin\\Debug\\net8.0\\fine-code-coverage\\build-output\\DoctorPatienceBLTest.dll","CodeFilePath":null,"LineNumber":0,"Properties":[{"Key":{"Id":"NUnit.Seed","Label":"Seed","Category":"","Description":"","Attributes":0,"ValueType":"System.String"},"Value":"741418152"}]},"Attachments":[],"Outcome":1,"ErrorMessage":null,"ErrorStackTrace":null,"DisplayName":"GetPatientByIdSuccessTest","Messages":[],"ComputerName":"DESKTOP-RVR2IQF","Duration":"00:00:00.0001610","StartTime":"2024-04-23T11:53:42.1597516+00:00","EndTime":"2024-04-23T11:53:42.159912+00:00","Properties":[{"Key":{"Id":"NUnit.Seed","Label":"Seed","Category":"","Description":"","Attributes":0,"ValueType":"System.String"},"Value":"741418152"}]},{"TestCase":{"Id":"83d587b9-37eb-37ba-7ec1-6d4e91b1a429","FullyQualifiedName":"DoctorPatienceBLTest.PatientBLTest.UpdateDoctorFailTest","DisplayName":"UpdateDoctorFailTest","ExecutorUri":"executor://NUnit3TestExecutor","Source":"C:\\Users\\VC\\Desktop\\training\\day10\\DoctorPatienceSolution\\DoctorPatienceBLTest\\bin\\Debug\\net8.0\\fine-code-coverage\\build-output\\DoctorPatienceBLTest.dll","CodeFilePath":null,"LineNumber":0,"Properties":[{"Key":{"Id":"NUnit.Seed","Label":"Seed","Category":"","Description":"","Attributes":0,"ValueType":"System.String"},"Value":"1027541897"}]},"Attachments":[],"Outcome":1,"ErrorMessage":null,"ErrorStackTrace":null,"DisplayName":"UpdateDoctorFailTest","Messages":[],"ComputerName":"DESKTOP-RVR2IQF","Duration":"00:00:00.0003160","StartTime":"2024-04-23T11:53:42.159921+00:00","EndTime":"2024-04-23T11:53:42.160237+00:00","Properties":[{"Key":{"Id":"NUnit.Seed","Label":"Seed","Category":"","Description":"","Attributes":0,"ValueType":"System.String"},"Value":"1027541897"}]},{"TestCase":{"Id":"fc838a9e-5be4-b69c-61ad-e0df4f9df831","FullyQualifiedName":"DoctorPatienceBLTest.PatientBLTest.UpdatePatientSuccessTest","DisplayName":"UpdatePatientSuccessTest","ExecutorUri":"executor://NUnit3TestExecutor","Source":"C:\\Users\\VC\\Desktop\\training\\day10\\DoctorPatienceSolution\\DoctorPatienceBLTest\\bin\\Debug\\net8.0\\fine-code-coverage\\build-output\\DoctorPatienceBLTest.dll","CodeFilePath":null,"LineNumber":0,"Properties":[{"Key":{"Id":"NUnit.Seed","Label":"Seed","Category":"","Description":"","Attributes":0,"ValueType":"System.String"},"Value":"760937283"}]},"Attachments":[],"Outcome":1,"ErrorMessage":null,"ErrorStackTrace":null,"DisplayName":"UpdatePatientSuccessTest","Messages":[],"ComputerName":"DESKTOP-RVR2IQF","Duration":"00:00:00.0001310","StartTime":"2024-04-23T11:53:42.1602461+00:00","EndTime":"2024-04-23T11:53:42.1603773+00:00","Properties":[{"Key":{"Id":"NUnit.Seed","Label":"Seed","Category":"","Description":"","Attributes":0,"ValueType":"System.String"},"Value":"760937283"}]}],"TestRunStatistics":{"ExecutedTests":23,"Stats":{"Passed":22,"Failed":1}},"ActiveTests":[]},"RunAttachments":[],"ExecutorUris":["executor://nunit3testexecutor/"]}}
TpTrace Verbose: 0 : 28788, 7, 2024/04/23, 12:53:42.278, 13070330045038, vstest.console.dll, TestRequestSender.EndSession: Sending end session.
TpTrace Verbose: 0 : 28788, 7, 2024/04/23, 12:53:42.278, 13070330046929, vstest.console.dll, ProxyOperationManager.Close: waiting for test host to exit for 100 ms
TpTrace Verbose: 0 : 28788, 12, 2024/04/23, 12:53:42.323, 13070330494866, vstest.console.dll, TestHostManagerCallbacks.ctor: Experimental forwarding output is disabled.
TpTrace Warning: 0 : 28788, 12, 2024/04/23, 12:53:42.323, 13070330496430, vstest.console.dll, TestHostManagerCallbacks.ErrorReceivedCallback Test host standard error line: 
TpTrace Verbose: 0 : 28788, 12, 2024/04/23, 12:53:42.331, 13070330572810, vstest.console.dll, TestHostProvider.ExitCallBack: Host exited starting callback.
TpTrace Information: 0 : 28788, 12, 2024/04/23, 12:53:42.331, 13070330574260, vstest.console.dll, TestHostManagerCallbacks.ExitCallBack: Testhost processId: 29116 exited with exitcode: 0 error: ''
TpTrace Verbose: 0 : 28788, 12, 2024/04/23, 12:53:42.331, 13070330574579, vstest.console.dll, DotnetTestHostManager.OnHostExited: invoking OnHostExited callback
TpTrace Verbose: 0 : 28788, 12, 2024/04/23, 12:53:42.331, 13070330575024, vstest.console.dll, CrossPlatEngine.TestHostManagerHostExited: calling on client process exit callback.
TpTrace Information: 0 : 28788, 12, 2024/04/23, 12:53:42.331, 13070330575435, vstest.console.dll, TestRequestSender.OnClientProcessExit: Test host process exited. Standard error: 
TpTrace Information: 0 : 28788, 12, 2024/04/23, 12:53:42.331, 13070330575765, vstest.console.dll, SocketServer.Stop: Stop server endPoint: 127.0.0.1:53777
TpTrace Information: 0 : 28788, 12, 2024/04/23, 12:53:42.331, 13070330575993, vstest.console.dll, SocketServer.Stop: Cancellation requested. Stopping message loop.
TpTrace Information: 0 : 28788, 7, 2024/04/23, 12:53:42.331, 13070330576746, vstest.console.dll, SocketServer.Stop: Stop server endPoint: 127.0.0.1:53777
TpTrace Information: 0 : 28788, 7, 2024/04/23, 12:53:42.331, 13070330577973, vstest.console.dll, SocketServer.Stop: Cancellation requested. Stopping message loop.
TpTrace Information: 0 : 28788, 7, 2024/04/23, 12:53:42.331, 13070330578366, vstest.console.dll, Closing the connection
TpTrace Verbose: 0 : 28788, 12, 2024/04/23, 12:53:42.331, 13070330576959, vstest.console.dll, MulticastDelegateUtilities.SafeInvoke: HostProviderEvents.OnHostExited: Invoking callback 1/1 for Microsoft.VisualStudio.TestPlatform.CrossPlatEngine.Client.ProxyOperationManager., took 0 ms.
TpTrace Verbose: 0 : 28788, 7, 2024/04/23, 12:53:42.332, 13070330584362, vstest.console.dll, ProxyDataCollectionManager.InvokeDataCollectionServiceAction: Starting.
TpTrace Information: 0 : 28788, 7, 2024/04/23, 12:53:42.332, 13070330585040, vstest.console.dll, ProxyDataCollectionManager.AfterTestRunEnd: Get attachment set and invoked data collectors processId: 28204 port: 53774
TpTrace Verbose: 0 : 28788, 7, 2024/04/23, 12:53:42.332, 13070330585790, vstest.console.dll, DataCollectionRequestSender.SendAfterTestRunStartAndGetResult: Send AfterTestRunEnd message with isCancelled: False
TpTrace Verbose: 0 : 28788, 7, 2024/04/23, 12:53:42.339, 13070330654188, vstest.console.dll, DataCollectionRequestSender.SendAfterTestRunStartAndGetResult: Received message: (DataCollection.AfterTestRunEndResult) -> {"MessageType":"DataCollection.AfterTestRunEndResult","Payload":{"AttachmentSets":[],"InvokedDataCollectors":[{"Uri":"datacollector://Microsoft/TestPlatform/Extensions/Blame/v1","FriendlyName":"Blame","AssemblyQualifiedName":"Microsoft.TestPlatform.Extensions.BlameDataCollector.BlameCollector, Microsoft.TestPlatform.Extensions.BlameDataCollector, Version=15.0.0.0, Culture=neutral, PublicKeyToken=b03f5f7f11d50a3a","FilePath":"C:\\Program Files\\dotnet\\sdk\\8.0.202\\Extensions\\Microsoft.TestPlatform.Extensions.BlameDataCollector.dll","HasAttachmentProcessor":false}],"Metrics":{}}}
TpTrace Information: 0 : 28788, 7, 2024/04/23, 12:53:42.343, 13070330698957, vstest.console.dll, ProxyDataCollectionManager.InvokeDataCollectionServiceAction: Completed.
TpTrace Warning: 0 : 28788, 10, 2024/04/23, 12:53:42.355, 13070330815008, vstest.console.dll, DataCollectionLauncher.ErrorReceivedCallback datacollector standard error line: 
TpTrace Information: 0 : 28788, 10, 2024/04/23, 12:53:42.361, 13070330874950, vstest.console.dll, DataCollectionLauncher.ExitCallBack: Data collector exited with exitcode: 0 error: ''
TpTrace Verbose: 0 : 28788, 7, 2024/04/23, 12:53:42.374, 13070331009682, vstest.console.dll, TestRunRequest:SendTestRunStatsChange: Starting.
TpTrace Verbose: 0 : 28788, 7, 2024/04/23, 12:53:42.375, 13070331011155, vstest.console.dll, MulticastDelegateUtilities.SafeInvoke: TestRun.RunStatsChanged: Invoking callbacks was skipped because there are no subscribers.
TpTrace Information: 0 : 28788, 7, 2024/04/23, 12:53:42.375, 13070331011599, vstest.console.dll, TestRunRequest:SendTestRunStatsChange: Completed.
TpTrace Verbose: 0 : 28788, 7, 2024/04/23, 12:53:42.375, 13070331015855, vstest.console.dll, ParallelProxyExecutionManager: HandlePartialRunComplete: Total workloads = 1, Total started clients = 1 Total completed clients = 1, Run complete = True, Run canceled: False.
TpTrace Verbose: 0 : 28788, 7, 2024/04/23, 12:53:42.375, 13070331017080, vstest.console.dll, ParallelProxyExecutionManager: HandlePartialRunComplete: All runs completed stopping all managers.
TpTrace Verbose: 0 : 28788, 7, 2024/04/23, 12:53:42.375, 13070331017467, vstest.console.dll, ParallelOperationManager.StopAllManagers: Stopping all managers.
TpTrace Verbose: 0 : 28788, 7, 2024/04/23, 12:53:42.375, 13070331017802, vstest.console.dll, ParallelOperationManager.ClearSlots: Clearing all slots. Slots should accept more work: False
TpTrace Verbose: 0 : 28788, 7, 2024/04/23, 12:53:42.375, 13070331018195, vstest.console.dll, ParallelOperationManager.SetOccupiedSlotCount: Setting slot counts AvailableSlotCount = 1, OccupiedSlotCount = 0.
TpTrace Verbose: 0 : 28788, 7, 2024/04/23, 12:53:42.375, 13070331018567, vstest.console.dll, Occupied slots:

TpTrace Verbose: 0 : 28788, 4, 2024/04/23, 12:53:42.376, 13070331027471, vstest.console.dll, MulticastDelegateUtilities.SafeInvoke: InternalTestLoggerEvents.SendTestResult: Invoking callback 1/1 for Microsoft.VisualStudio.TestPlatform.CommandLine.Internal.ConsoleLogger., took 1 ms.
TpTrace Verbose: 0 : 28788, 4, 2024/04/23, 12:53:42.376, 13070331029189, vstest.console.dll, MulticastDelegateUtilities.SafeInvoke: InternalTestLoggerEvents.SendTestResult: Invoking callback 1/1 for Microsoft.VisualStudio.TestPlatform.CommandLine.Internal.ConsoleLogger., took 0 ms.
TpTrace Verbose: 0 : 28788, 4, 2024/04/23, 12:53:42.377, 13070331029684, vstest.console.dll, MulticastDelegateUtilities.SafeInvoke: InternalTestLoggerEvents.SendTestResult: Invoking callback 1/1 for Microsoft.VisualStudio.TestPlatform.CommandLine.Internal.ConsoleLogger., took 0 ms.
TpTrace Verbose: 0 : 28788, 4, 2024/04/23, 12:53:42.377, 13070331030039, vstest.console.dll, MulticastDelegateUtilities.SafeInvoke: InternalTestLoggerEvents.SendTestResult: Invoking callback 1/1 for Microsoft.VisualStudio.TestPlatform.CommandLine.Internal.ConsoleLogger., took 0 ms.
TpTrace Verbose: 0 : 28788, 4, 2024/04/23, 12:53:42.377, 13070331030480, vstest.console.dll, MulticastDelegateUtilities.SafeInvoke: InternalTestLoggerEvents.SendTestResult: Invoking callback 1/1 for Microsoft.VisualStudio.TestPlatform.CommandLine.Internal.ConsoleLogger., took 0 ms.
TpTrace Verbose: 0 : 28788, 4, 2024/04/23, 12:53:42.381, 13070331078202, vstest.console.dll, MulticastDelegateUtilities.SafeInvoke: InternalTestLoggerEvents.SendTestRunComplete: Invoking callback 1/2 for Microsoft.TestPlatform.Extensions.BlameDataCollector.BlameLogger., took 0 ms.
TpTrace Verbose: 0 : 28788, 4, 2024/04/23, 12:53:42.388, 13070331147435, vstest.console.dll, MulticastDelegateUtilities.SafeInvoke: InternalTestLoggerEvents.SendTestRunComplete: Invoking callback 2/2 for Microsoft.VisualStudio.TestPlatform.CommandLine.Internal.ConsoleLogger., took 6 ms.
TpTrace Verbose: 0 : 28788, 7, 2024/04/23, 12:53:42.389, 13070331151122, vstest.console.dll, TestRunRequest:TestRunComplete: Starting. IsAborted:False IsCanceled:False.
TpTrace Verbose: 0 : 28788, 7, 2024/04/23, 12:53:42.389, 13070331154199, vstest.console.dll, ParallelOperationManager.DoActionOnAllManagers: Calling an action on all managers.
TpTrace Verbose: 0 : 28788, 7, 2024/04/23, 12:53:42.390, 13070331161263, vstest.console.dll, TestLoggerManager.HandleTestRunComplete: Ignoring as the object is disposed.
TpTrace Verbose: 0 : 28788, 7, 2024/04/23, 12:53:42.390, 13070331162989, vstest.console.dll, MulticastDelegateUtilities.SafeInvoke: TestRun.TestRunComplete: Invoking callback 1/2 for Microsoft.VisualStudio.TestPlatform.CommandLine.TestRunResultAggregator., took 0 ms.
TpTrace Verbose: 0 : 28788, 7, 2024/04/23, 12:53:42.390, 13070331163887, vstest.console.dll, MulticastDelegateUtilities.SafeInvoke: TestRun.TestRunComplete: Invoking callback 2/2 for Microsoft.VisualStudio.TestPlatform.CommandLine.Processors.RunTestsArgumentExecutor+TestRunRequestEventsRegistrar., took 0 ms.
TpTrace Information: 0 : 28788, 7, 2024/04/23, 12:53:42.390, 13070331164576, vstest.console.dll, TestRunRequest:TestRunComplete: Completed.
TpTrace Verbose: 0 : 28788, 7, 2024/04/23, 12:53:42.390, 13070331164889, vstest.console.dll, TestRequestSender.SetOperationComplete: Setting operation complete.
TpTrace Information: 0 : 28788, 7, 2024/04/23, 12:53:42.390, 13070331165142, vstest.console.dll, SocketServer.Stop: Stop server endPoint: 127.0.0.1:53777
TpTrace Information: 0 : 28788, 7, 2024/04/23, 12:53:42.390, 13070331165369, vstest.console.dll, SocketServer.Stop: Cancellation requested. Stopping message loop.
TpTrace Verbose: 0 : 28788, 7, 2024/04/23, 12:53:42.390, 13070331165634, vstest.console.dll, MulticastDelegateUtilities.SafeInvoke: LengthPrefixCommunicationChannel: MessageReceived: Invoking callback 1/1 for Microsoft.VisualStudio.TestPlatform.CommunicationUtilities.TestRequestSender+<>c__DisplayClass34_0., took 112 ms.
TpTrace Verbose: 0 : 28788, 1, 2024/04/23, 12:53:42.390, 13070331165719, vstest.console.dll, TestRunRequest.Dispose: Starting.
TpTrace Information: 0 : 28788, 1, 2024/04/23, 12:53:42.390, 13070331166649, vstest.console.dll, TestRunRequest.Dispose: Completed.
TpTrace Information: 0 : 28788, 7, 2024/04/23, 12:53:42.390, 13070331166021, vstest.console.dll, SocketServer.PrivateStop: Stopping server endPoint: 127.0.0.1:53777 error: 
TpTrace Information: 0 : 28788, 1, 2024/04/23, 12:53:42.390, 13070331167122, vstest.console.dll, TestRequestManager.RunTests: run tests completed.
TpTrace Information: 0 : 28788, 1, 2024/04/23, 12:53:42.390, 13070331169489, vstest.console.dll, RunTestsArgumentProcessor:Execute: Test run is completed.
TpTrace Verbose: 0 : 28788, 1, 2024/04/23, 12:53:42.391, 13070331171519, vstest.console.dll, Executor.Execute: Exiting with exit code of 1
TpTrace Verbose: 0 : 28788, 7, 2024/04/23, 12:53:42.391, 13070331172505, vstest.console.dll, LengthPrefixCommunicationChannel.Dispose: Dispose reader and writer.
TpTrace Information: 0 : 28788, 7, 2024/04/23, 12:53:42.391, 13070331173662, vstest.console.dll, SocketServer.Stop: Raise disconnected event endPoint: 127.0.0.1:53777 error: 
TpTrace Verbose: 0 : 28788, 7, 2024/04/23, 12:53:42.391, 13070331174647, vstest.console.dll, TestRequestSender: OnTestRunAbort: Operation is already complete. Skip error message.
TpTrace Verbose: 0 : 28788, 7, 2024/04/23, 12:53:42.391, 13070331175008, vstest.console.dll, MulticastDelegateUtilities.SafeInvoke: SocketServer: ClientDisconnected: Invoking callback 1/1 for Microsoft.VisualStudio.TestPlatform.CommunicationUtilities.TestRequestSender., took 0 ms.
TpTrace Verbose: 0 : 28788, 7, 2024/04/23, 12:53:42.391, 13070331175270, vstest.console.dll, TcpClientExtensions.MessageLoopAsync: exiting MessageLoopAsync remoteEndPoint: 127.0.0.1:53778 localEndPoint: 127.0.0.1:53777
